{"TenantId":"redacted","SourceSystem":"Linux","TimeGenerated":"2022-05-11T18:10:22.093Z","Computer":"UBUNTU5","EventTime":"2022-05-11T18:10:22Z","Facility":"user","HostName":"UBUNTU5","SeverityLevel":"info","SyslogMessage":"\u003cEvent\u003e\u003cSystem\u003e\u003cProvider Name=\"Linux-Sysmon\" Guid=\"{ff032593-a8d3-4f13-b0d6-01fc615a0f97}\"/\u003e\u003cEventID\u003e5\u003c/EventID\u003e\u003cVersion\u003e3\u003c/Version\u003e\u003cLevel\u003e4\u003c/Level\u003e\u003cTask\u003e5\u003c/Task\u003e\u003cOpcode\u003e0\u003c/Opcode\u003e\u003cKeywords\u003e0x8000000000000000\u003c/Keywords\u003e\u003cTimeCreated SystemTime=\"2022-05-11T18:10:22.094017000Z\"/\u003e\u003cEventRecordID\u003e245777\u003c/EventRecordID\u003e\u003cCorrelation/\u003e\u003cExecution ProcessID=\"1590\" ThreadID=\"1590\"/\u003e\u003cChannel\u003eLinux-Sysmon/Operational\u003c/Channel\u003e\u003cComputer\u003eUBUNTU5\u003c/Computer\u003e\u003cSecurity UserId=\"0\"/\u003e\u003c/System\u003e\u003cEventData\u003e\u003cData Name=\"RuleName\"\u003e-\u003c/Data\u003e\u003cData Name=\"UtcTime\"\u003e2022-05-11 18:10:22.100\u003c/Data\u003e\u003cData Name=\"ProcessGuid\"\u003e{94325212-fc0e-627b-e83b-c6fc34560000}\u003c/Data\u003e\u003cData Name=\"ProcessId\"\u003e17801\u003c/Data\u003e\u003cData Name=\"Image\"\u003e/usr/bin/basename\u003c/Data\u003e\u003cData Name=\"User\"\u003etomcat\u003c/Data\u003e\u003c/EventData\u003e\u003c/Event\u003e","HostIP":"192.168.2.5","ProcessName":"sysmon","MG":"00000000-0000-0000-0000-000000000002","Type":"Syslog","_ResourceId":"/subscriptions/redacted/resourcegroups/redacted/providers/microsoft.compute/virtualmachines/ubuntu5"}
{"TenantId":"redacted","SourceSystem":"Linux","TimeGenerated":"2022-05-11T18:10:22.1Z","Computer":"UBUNTU5","EventTime":"2022-05-11T18:10:22Z","Facility":"user","HostName":"UBUNTU5","SeverityLevel":"info","SyslogMessage":"\u003cEvent\u003e\u003cSystem\u003e\u003cProvider Name=\"Linux-Sysmon\" Guid=\"{ff032593-a8d3-4f13-b0d6-01fc615a0f97}\"/\u003e\u003cEventID\u003e1\u003c/EventID\u003e\u003cVersion\u003e5\u003c/Version\u003e\u003cLevel\u003e4\u003c/Level\u003e\u003cTask\u003e1\u003c/Task\u003e\u003cOpcode\u003e0\u003c/Opcode\u003e\u003cKeywords\u003e0x8000000000000000\u003c/Keywords\u003e\u003cTimeCreated SystemTime=\"2022-05-11T18:10:22.098831000Z\"/\u003e\u003cEventRecordID\u003e245778\u003c/EventRecordID\u003e\u003cCorrelation/\u003e\u003cExecution ProcessID=\"1590\" ThreadID=\"1590\"/\u003e\u003cChannel\u003eLinux-Sysmon/Operational\u003c/Channel\u003e\u003cComputer\u003eUBUNTU5\u003c/Computer\u003e\u003cSecurity UserId=\"0\"/\u003e\u003c/System\u003e\u003cEventData\u003e\u003cData Name=\"RuleName\"\u003e-\u003c/Data\u003e\u003cData Name=\"UtcTime\"\u003e2022-05-11 18:10:22.103\u003c/Data\u003e\u003cData Name=\"ProcessGuid\"\u003e{94325212-fc0e-627b-e8c8-4e4deb550000}\u003c/Data\u003e\u003cData Name=\"ProcessId\"\u003e17803\u003c/Data\u003e\u003cData Name=\"Image\"\u003e/usr/bin/dirname\u003c/Data\u003e\u003cData Name=\"FileVersion\"\u003e-\u003c/Data\u003e\u003cData Name=\"Description\"\u003e-\u003c/Data\u003e\u003cData Name=\"Product\"\u003e-\u003c/Data\u003e\u003cData Name=\"Company\"\u003e-\u003c/Data\u003e\u003cData Name=\"OriginalFileName\"\u003e-\u003c/Data\u003e\u003cData Name=\"CommandLine\"\u003edirname /usr/bin/lesspipe\u003c/Data\u003e\u003cData Name=\"CurrentDirectory\"\u003e/\u003c/Data\u003e\u003cData Name=\"User\"\u003etomcat\u003c/Data\u003e\u003cData Name=\"LogonGuid\"\u003e{94325212-0000-0000-e903-000000000000}\u003c/Data\u003e\u003cData Name=\"LogonId\"\u003e1001\u003c/Data\u003e\u003cData Name=\"TerminalSessionId\"\u003e4294967295\u003c/Data\u003e\u003cData Name=\"IntegrityLevel\"\u003eno level\u003c/Data\u003e\u003cData Name=\"Hashes\"\u003e-\u003c/Data\u003e\u003cData Name=\"ParentProcessGuid\"\u003e{00000000-0000-0000-0000-000000000000}\u003c/Data\u003e\u003cData Name=\"ParentProcessId\"\u003e17802\u003c/Data\u003e\u003cData Name=\"ParentImage\"\u003e-\u003c/Data\u003e\u003cData Name=\"ParentCommandLine\"\u003e-\u003c/Data\u003e\u003cData Name=\"ParentUser\"\u003e-\u003c/Data\u003e\u003c/EventData\u003e\u003c/Event\u003e","HostIP":"192.168.2.5","ProcessName":"sysmon","MG":"00000000-0000-0000-0000-000000000002","Type":"Syslog","_ResourceId":"/subscriptions/redacted/resourcegroups/redacted/providers/microsoft.compute/virtualmachines/ubuntu5"}
{"TenantId":"redacted","SourceSystem":"Linux","TimeGenerated":"2022-05-11T18:10:22.103Z","Computer":"UBUNTU5","EventTime":"2022-05-11T18:10:22Z","Facility":"user","HostName":"UBUNTU5","SeverityLevel":"info","SyslogMessage":"\u003cEvent\u003e\u003cSystem\u003e\u003cProvider Name=\"Linux-Sysmon\" Guid=\"{ff032593-a8d3-4f13-b0d6-01fc615a0f97}\"/\u003e\u003cEventID\u003e5\u003c/EventID\u003e\u003cVersion\u003e3\u003c/Version\u003e\u003cLevel\u003e4\u003c/Level\u003e\u003cTask\u003e5\u003c/Task\u003e\u003cOpcode\u003e0\u003c/Opcode\u003e\u003cKeywords\u003e0x8000000000000000\u003c/Keywords\u003e\u003cTimeCreated SystemTime=\"2022-05-11T18:10:22.103047000Z\"/\u003e\u003cEventRecordID\u003e245782\u003c/EventRecordID\u003e\u003cCorrelation/\u003e\u003cExecution ProcessID=\"1590\" ThreadID=\"1590\"/\u003e\u003cChannel\u003eLinux-Sysmon/Operational\u003c/Channel\u003e\u003cComputer\u003eUBUNTU5\u003c/Computer\u003e\u003cSecurity UserId=\"0\"/\u003e\u003c/System\u003e\u003cEventData\u003e\u003cData Name=\"RuleName\"\u003e-\u003c/Data\u003e\u003cData Name=\"UtcTime\"\u003e2022-05-11 18:10:22.109\u003c/Data\u003e\u003cData Name=\"ProcessGuid\"\u003e{94325212-fc0e-627b-0000-000000000000}\u003c/Data\u003e\u003cData Name=\"ProcessId\"\u003e17799\u003c/Data\u003e\u003cData Name=\"Image\"\u003e\u0026lt unknown process\u0026gt \u003c/Data\u003e\u003cData Name=\"User\"\u003etomcat\u003c/Data\u003e\u003c/EventData\u003e\u003c/Event\u003e","HostIP":"192.168.2.5","ProcessName":"sysmon","MG":"00000000-0000-0000-0000-000000000002","Type":"Syslog","_ResourceId":"/subscriptions/redacted/resourcegroups/redacted/providers/microsoft.compute/virtualmachines/ubuntu5"}
{"TenantId":"redacted","SourceSystem":"Linux","TimeGenerated":"2022-05-11T18:10:22.103Z","Computer":"UBUNTU5","EventTime":"2022-05-11T18:10:22Z","Facility":"user","HostName":"UBUNTU5","SeverityLevel":"info","SyslogMessage":"\u003cEvent\u003e\u003cSystem\u003e\u003cProvider Name=\"Linux-Sysmon\" Guid=\"{ff032593-a8d3-4f13-b0d6-01fc615a0f97}\"/\u003e\u003cEventID\u003e5\u003c/EventID\u003e\u003cVersion\u003e3\u003c/Version\u003e\u003cLevel\u003e4\u003c/Level\u003e\u003cTask\u003e5\u003c/Task\u003e\u003cOpcode\u003e0\u003c/Opcode\u003e\u003cKeywords\u003e0x8000000000000000\u003c/Keywords\u003e\u003cTimeCreated SystemTime=\"2022-05-11T18:10:22.102022000Z\"/\u003e\u003cEventRecordID\u003e245779\u003c/EventRecordID\u003e\u003cCorrelation/\u003e\u003cExecution ProcessID=\"1590\" ThreadID=\"1590\"/\u003e\u003cChannel\u003eLinux-Sysmon/Operational\u003c/Channel\u003e\u003cComputer\u003eUBUNTU5\u003c/Computer\u003e\u003cSecurity UserId=\"0\"/\u003e\u003c/System\u003e\u003cEventData\u003e\u003cData Name=\"RuleName\"\u003e-\u003c/Data\u003e\u003cData Name=\"UtcTime\"\u003e2022-05-11 18:10:22.108\u003c/Data\u003e\u003cData Name=\"ProcessGuid\"\u003e{94325212-fc0e-627b-e8c8-4e4deb550000}\u003c/Data\u003e\u003cData Name=\"ProcessId\"\u003e17803\u003c/Data\u003e\u003cData Name=\"Image\"\u003e/usr/bin/dirname\u003c/Data\u003e\u003cData Name=\"User\"\u003etomcat\u003c/Data\u003e\u003c/EventData\u003e\u003c/Event\u003e","HostIP":"192.168.2.5","ProcessName":"sysmon","MG":"00000000-0000-0000-0000-000000000002","Type":"Syslog","_ResourceId":"/subscriptions/redacted/resourcegroups/redacted/providers/microsoft.compute/virtualmachines/ubuntu5"}
{"TenantId":"redacted","SourceSystem":"Linux","TimeGenerated":"2022-05-11T18:10:22.103Z","Computer":"UBUNTU5","EventTime":"2022-05-11T18:10:22Z","Facility":"user","HostName":"UBUNTU5","SeverityLevel":"info","SyslogMessage":"\u003cEvent\u003e\u003cSystem\u003e\u003cProvider Name=\"Linux-Sysmon\" Guid=\"{ff032593-a8d3-4f13-b0d6-01fc615a0f97}\"/\u003e\u003cEventID\u003e5\u003c/EventID\u003e\u003cVersion\u003e3\u003c/Version\u003e\u003cLevel\u003e4\u003c/Level\u003e\u003cTask\u003e5\u003c/Task\u003e\u003cOpcode\u003e0\u003c/Opcode\u003e\u003cKeywords\u003e0x8000000000000000\u003c/Keywords\u003e\u003cTimeCreated SystemTime=\"2022-05-11T18:10:22.102331000Z\"/\u003e\u003cEventRecordID\u003e245781\u003c/EventRecordID\u003e\u003cCorrelation/\u003e\u003cExecution ProcessID=\"1590\" ThreadID=\"1590\"/\u003e\u003cChannel\u003eLinux-Sysmon/Operational\u003c/Channel\u003e\u003cComputer\u003eUBUNTU5\u003c/Computer\u003e\u003cSecurity UserId=\"0\"/\u003e\u003c/System\u003e\u003cEventData\u003e\u003cData Name=\"RuleName\"\u003e-\u003c/Data\u003e\u003cData Name=\"UtcTime\"\u003e2022-05-11 18:10:22.109\u003c/Data\u003e\u003cData Name=\"ProcessGuid\"\u003e{94325212-fc0e-627b-6832-01036f550000}\u003c/Data\u003e\u003cData Name=\"ProcessId\"\u003e17800\u003c/Data\u003e\u003cData Name=\"Image\"\u003e/bin/dash\u003c/Data\u003e\u003cData Name=\"User\"\u003etomcat\u003c/Data\u003e\u003c/EventData\u003e\u003c/Event\u003e","HostIP":"192.168.2.5","ProcessName":"sysmon","MG":"00000000-0000-0000-0000-000000000002","Type":"Syslog","_ResourceId":"/subscriptions/redacted/resourcegroups/redacted/providers/microsoft.compute/virtualmachines/ubuntu5"}
{"TenantId":"redacted","SourceSystem":"Linux","TimeGenerated":"2022-05-11T18:10:22.103Z","Computer":"UBUNTU5","EventTime":"2022-05-11T18:10:22Z","Facility":"user","HostName":"UBUNTU5","SeverityLevel":"info","SyslogMessage":"\u003cEvent\u003e\u003cSystem\u003e\u003cProvider Name=\"Linux-Sysmon\" Guid=\"{ff032593-a8d3-4f13-b0d6-01fc615a0f97}\"/\u003e\u003cEventID\u003e5\u003c/EventID\u003e\u003cVersion\u003e3\u003c/Version\u003e\u003cLevel\u003e4\u003c/Level\u003e\u003cTask\u003e5\u003c/Task\u003e\u003cOpcode\u003e0\u003c/Opcode\u003e\u003cKeywords\u003e0x8000000000000000\u003c/Keywords\u003e\u003cTimeCreated SystemTime=\"2022-05-11T18:10:22.102217000Z\"/\u003e\u003cEventRecordID\u003e245780\u003c/EventRecordID\u003e\u003cCorrelation/\u003e\u003cExecution ProcessID=\"1590\" ThreadID=\"1590\"/\u003e\u003cChannel\u003eLinux-Sysmon/Operational\u003c/Channel\u003e\u003cComputer\u003eUBUNTU5\u003c/Computer\u003e\u003cSecurity UserId=\"0\"/\u003e\u003c/System\u003e\u003cEventData\u003e\u003cData Name=\"RuleName\"\u003e-\u003c/Data\u003e\u003cData Name=\"UtcTime\"\u003e2022-05-11 18:10:22.108\u003c/Data\u003e\u003cData Name=\"ProcessGuid\"\u003e{00000000-0000-0000-0000-000000000000}\u003c/Data\u003e\u003cData Name=\"ProcessId\"\u003e17802\u003c/Data\u003e\u003cData Name=\"Image\"\u003e\u0026lt unknown process\u0026gt \u003c/Data\u003e\u003cData Name=\"User\"\u003etomcat\u003c/Data\u003e\u003c/EventData\u003e\u003c/Event\u003e","HostIP":"192.168.2.5","ProcessName":"sysmon","MG":"00000000-0000-0000-0000-000000000002","Type":"Syslog","_ResourceId":"/subscriptions/redacted/resourcegroups/redacted/providers/microsoft.compute/virtualmachines/ubuntu5"}
{"TenantId":"redacted","SourceSystem":"Linux","TimeGenerated":"2022-05-11T18:10:22.11Z","Computer":"UBUNTU5","EventTime":"2022-05-11T18:10:22Z","Facility":"user","HostName":"UBUNTU5","SeverityLevel":"info","SyslogMessage":"\u003cEvent\u003e\u003cSystem\u003e\u003cProvider Name=\"Linux-Sysmon\" Guid=\"{ff032593-a8d3-4f13-b0d6-01fc615a0f97}\"/\u003e\u003cEventID\u003e5\u003c/EventID\u003e\u003cVersion\u003e3\u003c/Version\u003e\u003cLevel\u003e4\u003c/Level\u003e\u003cTask\u003e5\u003c/Task\u003e\u003cOpcode\u003e0\u003c/Opcode\u003e\u003cKeywords\u003e0x8000000000000000\u003c/Keywords\u003e\u003cTimeCreated SystemTime=\"2022-05-11T18:10:22.111307000Z\"/\u003e\u003cEventRecordID\u003e245784\u003c/EventRecordID\u003e\u003cCorrelation/\u003e\u003cExecution ProcessID=\"1590\" ThreadID=\"1590\"/\u003e\u003cChannel\u003eLinux-Sysmon/Operational\u003c/Channel\u003e\u003cComputer\u003eUBUNTU5\u003c/Computer\u003e\u003cSecurity UserId=\"0\"/\u003e\u003c/System\u003e\u003cEventData\u003e\u003cData Name=\"RuleName\"\u003e-\u003c/Data\u003e\u003cData Name=\"UtcTime\"\u003e2022-05-11 18:10:22.117\u003c/Data\u003e\u003cData Name=\"ProcessGuid\"\u003e{94325212-fc0e-627b-0000-000000000000}\u003c/Data\u003e\u003cData Name=\"ProcessId\"\u003e17804\u003c/Data\u003e\u003cData Name=\"Image\"\u003e\u0026lt unknown process\u0026gt \u003c/Data\u003e\u003cData Name=\"User\"\u003etomcat\u003c/Data\u003e\u003c/EventData\u003e\u003c/Event\u003e","HostIP":"192.168.2.5","ProcessName":"sysmon","MG":"00000000-0000-0000-0000-000000000002","Type":"Syslog","_ResourceId":"/subscriptions/redacted/resourcegroups/redacted/providers/microsoft.compute/virtualmachines/ubuntu5"}
{"TenantId":"redacted","SourceSystem":"Linux","TimeGenerated":"2022-05-11T18:10:22.11Z","Computer":"UBUNTU5","EventTime":"2022-05-11T18:10:22Z","Facility":"user","HostName":"UBUNTU5","SeverityLevel":"info","SyslogMessage":"\u003cEvent\u003e\u003cSystem\u003e\u003cProvider Name=\"Linux-Sysmon\" Guid=\"{ff032593-a8d3-4f13-b0d6-01fc615a0f97}\"/\u003e\u003cEventID\u003e5\u003c/EventID\u003e\u003cVersion\u003e3\u003c/Version\u003e\u003cLevel\u003e4\u003c/Level\u003e\u003cTask\u003e5\u003c/Task\u003e\u003cOpcode\u003e0\u003c/Opcode\u003e\u003cKeywords\u003e0x8000000000000000\u003c/Keywords\u003e\u003cTimeCreated SystemTime=\"2022-05-11T18:10:22.110833000Z\"/\u003e\u003cEventRecordID\u003e245783\u003c/EventRecordID\u003e\u003cCorrelation/\u003e\u003cExecution ProcessID=\"1590\" ThreadID=\"1590\"/\u003e\u003cChannel\u003eLinux-Sysmon/Operational\u003c/Channel\u003e\u003cComputer\u003eUBUNTU5\u003c/Computer\u003e\u003cSecurity UserId=\"0\"/\u003e\u003c/System\u003e\u003cEventData\u003e\u003cData Name=\"RuleName\"\u003e-\u003c/Data\u003e\u003cData Name=\"UtcTime\"\u003e2022-05-11 18:10:22.117\u003c/Data\u003e\u003cData Name=\"ProcessGuid\"\u003e{94325212-fc0e-627b-48a9-eb5a89550000}\u003c/Data\u003e\u003cData Name=\"ProcessId\"\u003e17805\u003c/Data\u003e\u003cData Name=\"Image\"\u003e/usr/bin/dircolors\u003c/Data\u003e\u003cData Name=\"User\"\u003etomcat\u003c/Data\u003e\u003c/EventData\u003e\u003c/Event\u003e","HostIP":"192.168.2.5","ProcessName":"sysmon","MG":"00000000-0000-0000-0000-000000000002","Type":"Syslog","_ResourceId":"/subscriptions/redacted/resourcegroups/redacted/providers/microsoft.compute/virtualmachines/ubuntu5"}
{"TenantId":"redacted","SourceSystem":"Linux","TimeGenerated":"2022-05-11T18:10:22.143Z","Computer":"UBUNTU5","EventTime":"2022-05-11T18:10:22Z","Facility":"user","HostName":"UBUNTU5","SeverityLevel":"info","SyslogMessage":"\u003cEvent\u003e\u003cSystem\u003e\u003cProvider Name=\"Linux-Sysmon\" Guid=\"{ff032593-a8d3-4f13-b0d6-01fc615a0f97}\"/\u003e\u003cEventID\u003e3\u003c/EventID\u003e\u003cVersion\u003e5\u003c/Version\u003e\u003cLevel\u003e4\u003c/Level\u003e\u003cTask\u003e3\u003c/Task\u003e\u003cOpcode\u003e0\u003c/Opcode\u003e\u003cKeywords\u003e0x8000000000000000\u003c/Keywords\u003e\u003cTimeCreated SystemTime=\"2022-05-11T18:10:22.133432000Z\"/\u003e\u003cEventRecordID\u003e245785\u003c/EventRecordID\u003e\u003cCorrelation/\u003e\u003cExecution ProcessID=\"1590\" ThreadID=\"1590\"/\u003e\u003cChannel\u003eLinux-Sysmon/Operational\u003c/Channel\u003e\u003cComputer\u003eUBUNTU5\u003c/Computer\u003e\u003cSecurity UserId=\"0\"/\u003e\u003c/System\u003e\u003cEventData\u003e\u003cData Name=\"RuleName\"\u003e-\u003c/Data\u003e\u003cData Name=\"UtcTime\"\u003e2022-05-11 18:10:22.139\u003c/Data\u003e\u003cData Name=\"ProcessGuid\"\u003e{94325212-fc0e-627b-4804-97a36d550000}\u003c/Data\u003e\u003cData Name=\"ProcessId\"\u003e17806\u003c/Data\u003e\u003cData Name=\"Image\"\u003ebash\u003c/Data\u003e\u003cData Name=\"User\"\u003e-\u003c/Data\u003e\u003cData Name=\"Protocol\"\u003etcp\u003c/Data\u003e\u003cData Name=\"Initiated\"\u003etrue\u003c/Data\u003e\u003cData Name=\"SourceIsIpv6\"\u003efalse\u003c/Data\u003e\u003cData Name=\"SourceIp\"\u003e192.168.2.5\u003c/Data\u003e\u003cData Name=\"SourceHostname\"\u003e-\u003c/Data\u003e\u003cData Name=\"SourcePort\"\u003e39634\u003c/Data\u003e\u003cData Name=\"SourcePortName\"\u003e-\u003c/Data\u003e\u003cData Name=\"DestinationIsIpv6\"\u003efalse\u003c/Data\u003e\u003cData Name=\"DestinationIp\"\u003e192.168.2.6\u003c/Data\u003e\u003cData Name=\"DestinationHostname\"\u003e-\u003c/Data\u003e\u003cData Name=\"DestinationPort\"\u003e443\u003c/Data\u003e\u003cData Name=\"DestinationPortName\"\u003e-\u003c/Data\u003e\u003c/EventData\u003e\u003c/Event\u003e","HostIP":"192.168.2.5","ProcessName":"sysmon","MG":"00000000-0000-0000-0000-000000000002","Type":"Syslog","_ResourceId":"/subscriptions/redacted/resourcegroups/redacted/providers/microsoft.compute/virtualmachines/ubuntu5"}
{"TenantId":"redacted","SourceSystem":"Linux","TimeGenerated":"2022-05-11T18:10:22.143Z","Computer":"UBUNTU5","EventTime":"2022-05-11T18:10:22Z","Facility":"user","HostName":"UBUNTU5","SeverityLevel":"info","SyslogMessage":"\u003cEvent\u003e\u003cSystem\u003e\u003cProvider Name=\"Linux-Sysmon\" Guid=\"{ff032593-a8d3-4f13-b0d6-01fc615a0f97}\"/\u003e\u003cEventID\u003e1\u003c/EventID\u003e\u003cVersion\u003e5\u003c/Version\u003e\u003cLevel\u003e4\u003c/Level\u003e\u003cTask\u003e1\u003c/Task\u003e\u003cOpcode\u003e0\u003c/Opcode\u003e\u003cKeywords\u003e0x8000000000000000\u003c/Keywords\u003e\u003cTimeCreated SystemTime=\"2022-05-11T18:10:22.133735000Z\"/\u003e\u003cEventRecordID\u003e245786\u003c/EventRecordID\u003e\u003cCorrelation/\u003e\u003cExecution ProcessID=\"1590\" ThreadID=\"1590\"/\u003e\u003cChannel\u003eLinux-Sysmon/Operational\u003c/Channel\u003e\u003cComputer\u003eUBUNTU5\u003c/Computer\u003e\u003cSecurity UserId=\"0\"/\u003e\u003c/System\u003e\u003cEventData\u003e\u003cData Name=\"RuleName\"\u003e-\u003c/Data\u003e\u003cData Name=\"UtcTime\"\u003e2022-05-11 18:10:22.138\u003c/Data\u003e\u003cData Name=\"ProcessGuid\"\u003e{94325212-fc0e-627b-3082-85957f550000}\u003c/Data\u003e\u003cData Name=\"ProcessId\"\u003e17807\u003c/Data\u003e\u003cData Name=\"Image\"\u003e/usr/bin/man\u003c/Data\u003e\u003cData Name=\"FileVersion\"\u003e-\u003c/Data\u003e\u003cData Name=\"Description\"\u003e-\u003c/Data\u003e\u003cData Name=\"Product\"\u003e-\u003c/Data\u003e\u003cData Name=\"Company\"\u003e-\u003c/Data\u003e\u003cData Name=\"OriginalFileName\"\u003e-\u003c/Data\u003e\u003cData Name=\"CommandLine\"\u003eman -f bash\u003c/Data\u003e\u003cData Name=\"CurrentDirectory\"\u003e/\u003c/Data\u003e\u003cData Name=\"User\"\u003enobody\u003c/Data\u003e\u003cData Name=\"LogonGuid\"\u003e{94325212-0000-0000-feff-000000000000}\u003c/Data\u003e\u003cData Name=\"LogonId\"\u003e65534\u003c/Data\u003e\u003cData Name=\"TerminalSessionId\"\u003e4294967295\u003c/Data\u003e\u003cData Name=\"IntegrityLevel\"\u003eno level\u003c/Data\u003e\u003cData Name=\"Hashes\"\u003e-\u003c/Data\u003e\u003cData Name=\"ParentProcessGuid\"\u003e{94325212-f5bb-627b-cac7-5e0000000000}\u003c/Data\u003e\u003cData Name=\"ParentProcessId\"\u003e2813\u003c/Data\u003e\u003cData Name=\"ParentImage\"\u003e/opt/microsoft/dependency-agent/bin/microsoft-dependency-agent\u003c/Data\u003e\u003cData Name=\"ParentCommandLine\"\u003e/opt/microsoft/dependency-agent/bin/microsoft-dependency-agent\u003c/Data\u003e\u003cData Name=\"ParentUser\"\u003eroot\u003c/Data\u003e\u003c/EventData\u003e\u003c/Event\u003e","HostIP":"192.168.2.5","ProcessName":"sysmon","MG":"00000000-0000-0000-0000-000000000002","Type":"Syslog","_ResourceId":"/subscriptions/redacted/resourcegroups/redacted/providers/microsoft.compute/virtualmachines/ubuntu5"}
{"TenantId":"redacted","SourceSystem":"Linux","TimeGenerated":"2022-05-11T18:10:22.147Z","Computer":"UBUNTU5","EventTime":"2022-05-11T18:10:22Z","Facility":"user","HostName":"UBUNTU5","SeverityLevel":"info","SyslogMessage":"\u003cEvent\u003e\u003cSystem\u003e\u003cProvider Name=\"Linux-Sysmon\" Guid=\"{ff032593-a8d3-4f13-b0d6-01fc615a0f97}\"/\u003e\u003cEventID\u003e1\u003c/EventID\u003e\u003cVersion\u003e5\u003c/Version\u003e\u003cLevel\u003e4\u003c/Level\u003e\u003cTask\u003e1\u003c/Task\u003e\u003cOpcode\u003e0\u003c/Opcode\u003e\u003cKeywords\u003e0x8000000000000000\u003c/Keywords\u003e\u003cTimeCreated SystemTime=\"2022-05-11T18:10:22.142376000Z\"/\u003e\u003cEventRecordID\u003e245787\u003c/EventRecordID\u003e\u003cCorrelation/\u003e\u003cExecution ProcessID=\"1590\" ThreadID=\"1590\"/\u003e\u003cChannel\u003eLinux-Sysmon/Operational\u003c/Channel\u003e\u003cComputer\u003eUBUNTU5\u003c/Computer\u003e\u003cSecurity UserId=\"0\"/\u003e\u003c/System\u003e\u003cEventData\u003e\u003cData Name=\"RuleName\"\u003e-\u003c/Data\u003e\u003cData Name=\"UtcTime\"\u003e2022-05-11 18:10:22.145\u003c/Data\u003e\u003cData Name=\"ProcessGuid\"\u003e{94325212-fc0e-627b-0088-0173d4550000}\u003c/Data\u003e\u003cData Name=\"ProcessId\"\u003e17808\u003c/Data\u003e\u003cData Name=\"Image\"\u003e/usr/bin/whatis\u003c/Data\u003e\u003cData Name=\"FileVersion\"\u003e-\u003c/Data\u003e\u003cData Name=\"Description\"\u003e-\u003c/Data\u003e\u003cData Name=\"Product\"\u003e-\u003c/Data\u003e\u003cData Name=\"Company\"\u003e-\u003c/Data\u003e\u003cData Name=\"OriginalFileName\"\u003e-\u003c/Data\u003e\u003cData Name=\"CommandLine\"\u003ewhatis bash\u003c/Data\u003e\u003cData Name=\"CurrentDirectory\"\u003e/\u003c/Data\u003e\u003cData Name=\"User\"\u003enobody\u003c/Data\u003e\u003cData Name=\"LogonGuid\"\u003e{94325212-0000-0000-feff-000000000000}\u003c/Data\u003e\u003cData Name=\"LogonId\"\u003e65534\u003c/Data\u003e\u003cData Name=\"TerminalSessionId\"\u003e4294967295\u003c/Data\u003e\u003cData Name=\"IntegrityLevel\"\u003eno level\u003c/Data\u003e\u003cData Name=\"Hashes\"\u003e-\u003c/Data\u003e\u003cData Name=\"ParentProcessGuid\"\u003e{94325212-fc0e-627b-3082-85957f550000}\u003c/Data\u003e\u003cData Name=\"ParentProcessId\"\u003e17807\u003c/Data\u003e\u003cData Name=\"ParentImage\"\u003e/usr/bin/man\u003c/Data\u003e\u003cData Name=\"ParentCommandLine\"\u003eman\u003c/Data\u003e\u003cData Name=\"ParentUser\"\u003enobody\u003c/Data\u003e\u003c/EventData\u003e\u003c/Event\u003e","HostIP":"192.168.2.5","ProcessName":"sysmon","MG":"00000000-0000-0000-0000-000000000002","Type":"Syslog","_ResourceId":"/subscriptions/redacted/resourcegroups/redacted/providers/microsoft.compute/virtualmachines/ubuntu5"}
{"TenantId":"redacted","SourceSystem":"Linux","TimeGenerated":"2022-05-11T18:10:22.163Z","Computer":"UBUNTU5","EventTime":"2022-05-11T18:10:22Z","Facility":"user","HostName":"UBUNTU5","SeverityLevel":"info","SyslogMessage":"\u003cEvent\u003e\u003cSystem\u003e\u003cProvider Name=\"Linux-Sysmon\" Guid=\"{ff032593-a8d3-4f13-b0d6-01fc615a0f97}\"/\u003e\u003cEventID\u003e5\u003c/EventID\u003e\u003cVersion\u003e3\u003c/Version\u003e\u003cLevel\u003e4\u003c/Level\u003e\u003cTask\u003e5\u003c/Task\u003e\u003cOpcode\u003e0\u003c/Opcode\u003e\u003cKeywords\u003e0x8000000000000000\u003c/Keywords\u003e\u003cTimeCreated SystemTime=\"2022-05-11T18:10:22.146622000Z\"/\u003e\u003cEventRecordID\u003e245788\u003c/EventRecordID\u003e\u003cCorrelation/\u003e\u003cExecution ProcessID=\"1590\" ThreadID=\"1590\"/\u003e\u003cChannel\u003eLinux-Sysmon/Operational\u003c/Channel\u003e\u003cComputer\u003eUBUNTU5\u003c/Computer\u003e\u003cSecurity UserId=\"0\"/\u003e\u003c/System\u003e\u003cEventData\u003e\u003cData Name=\"RuleName\"\u003e-\u003c/Data\u003e\u003cData Name=\"UtcTime\"\u003e2022-05-11 18:10:22.152\u003c/Data\u003e\u003cData Name=\"ProcessGuid\"\u003e{94325212-fc0e-627b-0088-0173d4550000}\u003c/Data\u003e\u003cData Name=\"ProcessId\"\u003e17808\u003c/Data\u003e\u003cData Name=\"Image\"\u003e/usr/bin/whatis\u003c/Data\u003e\u003cData Name=\"User\"\u003enobody\u003c/Data\u003e\u003c/EventData\u003e\u003c/Event\u003e","HostIP":"192.168.2.5","ProcessName":"sysmon","MG":"00000000-0000-0000-0000-000000000002","Type":"Syslog","_ResourceId":"/subscriptions/redacted/resourcegroups/redacted/providers/microsoft.compute/virtualmachines/ubuntu5"}
{"TenantId":"redacted","SourceSystem":"Linux","TimeGenerated":"2022-05-11T18:10:22.163Z","Computer":"UBUNTU5","EventTime":"2022-05-11T18:10:22Z","Facility":"user","HostName":"UBUNTU5","SeverityLevel":"info","SyslogMessage":"\u003cEvent\u003e\u003cSystem\u003e\u003cProvider Name=\"Linux-Sysmon\" Guid=\"{ff032593-a8d3-4f13-b0d6-01fc615a0f97}\"/\u003e\u003cEventID\u003e5\u003c/EventID\u003e\u003cVersion\u003e3\u003c/Version\u003e\u003cLevel\u003e4\u003c/Level\u003e\u003cTask\u003e5\u003c/Task\u003e\u003cOpcode\u003e0\u003c/Opcode\u003e\u003cKeywords\u003e0x8000000000000000\u003c/Keywords\u003e\u003cTimeCreated SystemTime=\"2022-05-11T18:10:22.146754000Z\"/\u003e\u003cEventRecordID\u003e245789\u003c/EventRecordID\u003e\u003cCorrelation/\u003e\u003cExecution ProcessID=\"1590\" ThreadID=\"1590\"/\u003e\u003cChannel\u003eLinux-Sysmon/Operational\u003c/Channel\u003e\u003cComputer\u003eUBUNTU5\u003c/Computer\u003e\u003cSecurity UserId=\"0\"/\u003e\u003c/System\u003e\u003cEventData\u003e\u003cData Name=\"RuleName\"\u003e-\u003c/Data\u003e\u003cData Name=\"UtcTime\"\u003e2022-05-11 18:10:22.152\u003c/Data\u003e\u003cData Name=\"ProcessGuid\"\u003e{94325212-fc0e-627b-3082-85957f550000}\u003c/Data\u003e\u003cData Name=\"ProcessId\"\u003e17807\u003c/Data\u003e\u003cData Name=\"Image\"\u003e/usr/bin/man\u003c/Data\u003e\u003cData Name=\"User\"\u003enobody\u003c/Data\u003e\u003c/EventData\u003e\u003c/Event\u003e","HostIP":"192.168.2.5","ProcessName":"sysmon","MG":"00000000-0000-0000-0000-000000000002","Type":"Syslog","_ResourceId":"/subscriptions/redacted/resourcegroups/redacted/providers/microsoft.compute/virtualmachines/ubuntu5"}
{"TenantId":"redacted","SourceSystem":"Linux","TimeGenerated":"2022-05-11T18:10:22.17Z","Computer":"UBUNTU5","EventTime":"2022-05-11T18:10:22Z","Facility":"user","HostName":"UBUNTU5","SeverityLevel":"info","SyslogMessage":"\u003cEvent\u003e\u003cSystem\u003e\u003cProvider Name=\"Linux-Sysmon\" Guid=\"{ff032593-a8d3-4f13-b0d6-01fc615a0f97}\"/\u003e\u003cEventID\u003e1\u003c/EventID\u003e\u003cVersion\u003e5\u003c/Version\u003e\u003cLevel\u003e4\u003c/Level\u003e\u003cTask\u003e1\u003c/Task\u003e\u003cOpcode\u003e0\u003c/Opcode\u003e\u003cKeywords\u003e0x8000000000000000\u003c/Keywords\u003e\u003cTimeCreated SystemTime=\"2022-05-11T18:10:22.154433000Z\"/\u003e\u003cEventRecordID\u003e245791\u003c/EventRecordID\u003e\u003cCorrelation/\u003e\u003cExecution ProcessID=\"1590\" ThreadID=\"1590\"/\u003e\u003cChannel\u003eLinux-Sysmon/Operational\u003c/Channel\u003e\u003cComputer\u003eUBUNTU5\u003c/Computer\u003e\u003cSecurity UserId=\"0\"/\u003e\u003c/System\u003e\u003cEventData\u003e\u003cData Name=\"RuleName\"\u003e-\u003c/Data\u003e\u003cData Name=\"UtcTime\"\u003e2022-05-11 18:10:22.153\u003c/Data\u003e\u003cData Name=\"ProcessGuid\"\u003e{94325212-fc0e-627b-a042-6bccf0550000}\u003c/Data\u003e\u003cData Name=\"ProcessId\"\u003e17809\u003c/Data\u003e\u003cData Name=\"Image\"\u003e/usr/bin/dpkg-query\u003c/Data\u003e\u003cData Name=\"FileVersion\"\u003e-\u003c/Data\u003e\u003cData Name=\"Description\"\u003e-\u003c/Data\u003e\u003cData Name=\"Product\"\u003e-\u003c/Data\u003e\u003cData Name=\"Company\"\u003e-\u003c/Data\u003e\u003cData Name=\"OriginalFileName\"\u003e-\u003c/Data\u003e\u003cData Name=\"CommandLine\"\u003edpkg-query --search -- /bin/bash\u003c/Data\u003e\u003cData Name=\"CurrentDirectory\"\u003e/\u003c/Data\u003e\u003cData Name=\"User\"\u003enobody\u003c/Data\u003e\u003cData Name=\"LogonGuid\"\u003e{94325212-0000-0000-feff-000000000000}\u003c/Data\u003e\u003cData Name=\"LogonId\"\u003e65534\u003c/Data\u003e\u003cData Name=\"TerminalSessionId\"\u003e4294967295\u003c/Data\u003e\u003cData Name=\"IntegrityLevel\"\u003eno level\u003c/Data\u003e\u003cData Name=\"Hashes\"\u003e-\u003c/Data\u003e\u003cData Name=\"ParentProcessGuid\"\u003e{94325212-f5bb-627b-cac7-5e0000000000}\u003c/Data\u003e\u003cData Name=\"ParentProcessId\"\u003e2813\u003c/Data\u003e\u003cData Name=\"ParentImage\"\u003e/opt/microsoft/dependency-agent/bin/microsoft-dependency-agent\u003c/Data\u003e\u003cData Name=\"ParentCommandLine\"\u003e/opt/microsoft/dependency-agent/bin/microsoft-dependency-agent\u003c/Data\u003e\u003cData Name=\"ParentUser\"\u003eroot\u003c/Data\u003e\u003c/EventData\u003e\u003c/Event\u003e","HostIP":"192.168.2.5","ProcessName":"sysmon","MG":"00000000-0000-0000-0000-000000000002","Type":"Syslog","_ResourceId":"/subscriptions/redacted/resourcegroups/redacted/providers/microsoft.compute/virtualmachines/ubuntu5"}
{"TenantId":"redacted","SourceSystem":"Linux","TimeGenerated":"2022-05-11T18:10:22.17Z","Computer":"UBUNTU5","EventTime":"2022-05-11T18:10:22Z","Facility":"user","HostName":"UBUNTU5","SeverityLevel":"info","SyslogMessage":"\u003cEvent\u003e\u003cSystem\u003e\u003cProvider Name=\"Linux-Sysmon\" Guid=\"{ff032593-a8d3-4f13-b0d6-01fc615a0f97}\"/\u003e\u003cEventID\u003e1\u003c/EventID\u003e\u003cVersion\u003e5\u003c/Version\u003e\u003cLevel\u003e4\u003c/Level\u003e\u003cTask\u003e1\u003c/Task\u003e\u003cOpcode\u003e0\u003c/Opcode\u003e\u003cKeywords\u003e0x8000000000000000\u003c/Keywords\u003e\u003cTimeCreated SystemTime=\"2022-05-11T18:10:22.158477000Z\"/\u003e\u003cEventRecordID\u003e245792\u003c/EventRecordID\u003e\u003cCorrelation/\u003e\u003cExecution ProcessID=\"1590\" ThreadID=\"1590\"/\u003e\u003cChannel\u003eLinux-Sysmon/Operational\u003c/Channel\u003e\u003cComputer\u003eUBUNTU5\u003c/Computer\u003e\u003cSecurity UserId=\"0\"/\u003e\u003c/System\u003e\u003cEventData\u003e\u003cData Name=\"RuleName\"\u003e-\u003c/Data\u003e\u003cData Name=\"UtcTime\"\u003e2022-05-11 18:10:22.138\u003c/Data\u003e\u003cData Name=\"ProcessGuid\"\u003e{94325212-fc0e-627b-4874-7730d6550000}\u003c/Data\u003e\u003cData Name=\"ProcessId\"\u003e17806\u003c/Data\u003e\u003cData Name=\"Image\"\u003e/bin/bash\u003c/Data\u003e\u003cData Name=\"FileVersion\"\u003e-\u003c/Data\u003e\u003cData Name=\"Description\"\u003e-\u003c/Data\u003e\u003cData Name=\"Product\"\u003e-\u003c/Data\u003e\u003cData Name=\"Company\"\u003e-\u003c/Data\u003e\u003cData Name=\"OriginalFileName\"\u003e-\u003c/Data\u003e\u003cData Name=\"CommandLine\"\u003ebash -i\u003c/Data\u003e\u003cData Name=\"CurrentDirectory\"\u003e/\u003c/Data\u003e\u003cData Name=\"User\"\u003etomcat\u003c/Data\u003e\u003cData Name=\"LogonGuid\"\u003e{94325212-0000-0000-e903-000000000000}\u003c/Data\u003e\u003cData Name=\"LogonId\"\u003e1001\u003c/Data\u003e\u003cData Name=\"TerminalSessionId\"\u003e4294967295\u003c/Data\u003e\u003cData Name=\"IntegrityLevel\"\u003eno level\u003c/Data\u003e\u003cData Name=\"Hashes\"\u003e-\u003c/Data\u003e\u003cData Name=\"ParentProcessGuid\"\u003e{94325212-fc0e-627b-4804-97a36d550000}\u003c/Data\u003e\u003cData Name=\"ParentProcessId\"\u003e17794\u003c/Data\u003e\u003cData Name=\"ParentImage\"\u003e/bin/bash\u003c/Data\u003e\u003cData Name=\"ParentCommandLine\"\u003ebash\u003c/Data\u003e\u003cData Name=\"ParentUser\"\u003etomcat\u003c/Data\u003e\u003c/EventData\u003e\u003c/Event\u003e","HostIP":"192.168.2.5","ProcessName":"sysmon","MG":"00000000-0000-0000-0000-000000000002","Type":"Syslog","_ResourceId":"/subscriptions/redacted/resourcegroups/redacted/providers/microsoft.compute/virtualmachines/ubuntu5"}
{"TenantId":"redacted","SourceSystem":"Linux","TimeGenerated":"2022-05-11T18:10:22.17Z","Computer":"UBUNTU5","EventTime":"2022-05-11T18:10:22Z","Facility":"user","HostName":"UBUNTU5","SeverityLevel":"info","SyslogMessage":"\u003cEvent\u003e\u003cSystem\u003e\u003cProvider Name=\"Linux-Sysmon\" Guid=\"{ff032593-a8d3-4f13-b0d6-01fc615a0f97}\"/\u003e\u003cEventID\u003e1\u003c/EventID\u003e\u003cVersion\u003e5\u003c/Version\u003e\u003cLevel\u003e4\u003c/Level\u003e\u003cTask\u003e1\u003c/Task\u003e\u003cOpcode\u003e0\u003c/Opcode\u003e\u003cKeywords\u003e0x8000000000000000\u003c/Keywords\u003e\u003cTimeCreated SystemTime=\"2022-05-11T18:10:22.154119000Z\"/\u003e\u003cEventRecordID\u003e245790\u003c/EventRecordID\u003e\u003cCorrelation/\u003e\u003cExecution ProcessID=\"1590\" ThreadID=\"1590\"/\u003e\u003cChannel\u003eLinux-Sysmon/Operational\u003c/Channel\u003e\u003cComputer\u003eUBUNTU5\u003c/Computer\u003e\u003cSecurity UserId=\"0\"/\u003e\u003c/System\u003e\u003cEventData\u003e\u003cData Name=\"RuleName\"\u003e-\u003c/Data\u003e\u003cData Name=\"UtcTime\"\u003e2022-05-11 18:10:22.153\u003c/Data\u003e\u003cData Name=\"ProcessGuid\"\u003e{94325212-fc0e-627b-7041-c87b9d550000}\u003c/Data\u003e\u003cData Name=\"ProcessId\"\u003e17809\u003c/Data\u003e\u003cData Name=\"Image\"\u003e/usr/bin/dpkg\u003c/Data\u003e\u003cData Name=\"FileVersion\"\u003e-\u003c/Data\u003e\u003cData Name=\"Description\"\u003e-\u003c/Data\u003e\u003cData Name=\"Product\"\u003e-\u003c/Data\u003e\u003cData Name=\"Company\"\u003e-\u003c/Data\u003e\u003cData Name=\"OriginalFileName\"\u003e-\u003c/Data\u003e\u003cData Name=\"CommandLine\"\u003e/usr/bin/dpkg -S /bin/bash\u003c/Data\u003e\u003cData Name=\"CurrentDirectory\"\u003e/\u003c/Data\u003e\u003cData Name=\"User\"\u003enobody\u003c/Data\u003e\u003cData Name=\"LogonGuid\"\u003e{94325212-0000-0000-feff-000000000000}\u003c/Data\u003e\u003cData Name=\"LogonId\"\u003e65534\u003c/Data\u003e\u003cData Name=\"TerminalSessionId\"\u003e4294967295\u003c/Data\u003e\u003cData Name=\"IntegrityLevel\"\u003eno level\u003c/Data\u003e\u003cData Name=\"Hashes\"\u003e-\u003c/Data\u003e\u003cData Name=\"ParentProcessGuid\"\u003e{94325212-f5bb-627b-cac7-5e0000000000}\u003c/Data\u003e\u003cData Name=\"ParentProcessId\"\u003e2813\u003c/Data\u003e\u003cData Name=\"ParentImage\"\u003e/opt/microsoft/dependency-agent/bin/microsoft-dependency-agent\u003c/Data\u003e\u003cData Name=\"ParentCommandLine\"\u003e/opt/microsoft/dependency-agent/bin/microsoft-dependency-agent\u003c/Data\u003e\u003cData Name=\"ParentUser\"\u003eroot\u003c/Data\u003e\u003c/EventData\u003e\u003c/Event\u003e","HostIP":"192.168.2.5","ProcessName":"sysmon","MG":"00000000-0000-0000-0000-000000000002","Type":"Syslog","_ResourceId":"/subscriptions/redacted/resourcegroups/redacted/providers/microsoft.compute/virtualmachines/ubuntu5"}
{"TenantId":"redacted","SourceSystem":"Linux","TimeGenerated":"2022-05-11T18:10:22.177Z","Computer":"UBUNTU5","EventTime":"2022-05-11T18:10:22Z","Facility":"user","HostName":"UBUNTU5","SeverityLevel":"info","SyslogMessage":"\u003cEvent\u003e\u003cSystem\u003e\u003cProvider Name=\"Linux-Sysmon\" Guid=\"{ff032593-a8d3-4f13-b0d6-01fc615a0f97}\"/\u003e\u003cEventID\u003e1\u003c/EventID\u003e\u003cVersion\u003e5\u003c/Version\u003e\u003cLevel\u003e4\u003c/Level\u003e\u003cTask\u003e1\u003c/Task\u003e\u003cOpcode\u003e0\u003c/Opcode\u003e\u003cKeywords\u003e0x8000000000000000\u003c/Keywords\u003e\u003cTimeCreated SystemTime=\"2022-05-11T18:10:22.171964000Z\"/\u003e\u003cEventRecordID\u003e245793\u003c/EventRecordID\u003e\u003cCorrelation/\u003e\u003cExecution ProcessID=\"1590\" ThreadID=\"1590\"/\u003e\u003cChannel\u003eLinux-Sysmon/Operational\u003c/Channel\u003e\u003cComputer\u003eUBUNTU5\u003c/Computer\u003e\u003cSecurity UserId=\"0\"/\u003e\u003c/System\u003e\u003cEventData\u003e\u003cData Name=\"RuleName\"\u003e-\u003c/Data\u003e\u003cData Name=\"UtcTime\"\u003e2022-05-11 18:10:22.165\u003c/Data\u003e\u003cData Name=\"ProcessGuid\"\u003e{94325212-fc0e-627b-e070-f71f67550000}\u003c/Data\u003e\u003cData Name=\"ProcessId\"\u003e17811\u003c/Data\u003e\u003cData Name=\"Image\"\u003e/usr/bin/groups\u003c/Data\u003e\u003cData Name=\"FileVersion\"\u003e-\u003c/Data\u003e\u003cData Name=\"Description\"\u003e-\u003c/Data\u003e\u003cData Name=\"Product\"\u003e-\u003c/Data\u003e\u003cData Name=\"Company\"\u003e-\u003c/Data\u003e\u003cData Name=\"OriginalFileName\"\u003e-\u003c/Data\u003e\u003cData Name=\"CommandLine\"\u003egroups\u003c/Data\u003e\u003cData Name=\"CurrentDirectory\"\u003e/\u003c/Data\u003e\u003cData Name=\"User\"\u003etomcat\u003c/Data\u003e\u003cData Name=\"LogonGuid\"\u003e{94325212-0000-0000-e903-000000000000}\u003c/Data\u003e\u003cData Name=\"LogonId\"\u003e1001\u003c/Data\u003e\u003cData Name=\"TerminalSessionId\"\u003e4294967295\u003c/Data\u003e\u003cData Name=\"IntegrityLevel\"\u003eno level\u003c/Data\u003e\u003cData Name=\"Hashes\"\u003e-\u003c/Data\u003e\u003cData Name=\"ParentProcessGuid\"\u003e{00000000-0000-0000-0000-000000000000}\u003c/Data\u003e\u003cData Name=\"ParentProcessId\"\u003e17810\u003c/Data\u003e\u003cData Name=\"ParentImage\"\u003e-\u003c/Data\u003e\u003cData Name=\"ParentCommandLine\"\u003e-\u003c/Data\u003e\u003cData Name=\"ParentUser\"\u003e-\u003c/Data\u003e\u003c/EventData\u003e\u003c/Event\u003e","HostIP":"192.168.2.5","ProcessName":"sysmon","MG":"00000000-0000-0000-0000-000000000002","Type":"Syslog","_ResourceId":"/subscriptions/redacted/resourcegroups/redacted/providers/microsoft.compute/virtualmachines/ubuntu5"}
{"TenantId":"redacted","SourceSystem":"Linux","TimeGenerated":"2022-05-11T18:10:22.183Z","Computer":"UBUNTU5","EventTime":"2022-05-11T18:10:22Z","Facility":"user","HostName":"UBUNTU5","SeverityLevel":"info","SyslogMessage":"\u003cEvent\u003e\u003cSystem\u003e\u003cProvider Name=\"Linux-Sysmon\" Guid=\"{ff032593-a8d3-4f13-b0d6-01fc615a0f97}\"/\u003e\u003cEventID\u003e5\u003c/EventID\u003e\u003cVersion\u003e3\u003c/Version\u003e\u003cLevel\u003e4\u003c/Level\u003e\u003cTask\u003e5\u003c/Task\u003e\u003cOpcode\u003e0\u003c/Opcode\u003e\u003cKeywords\u003e0x8000000000000000\u003c/Keywords\u003e\u003cTimeCreated SystemTime=\"2022-05-11T18:10:22.179215000Z\"/\u003e\u003cEventRecordID\u003e245795\u003c/EventRecordID\u003e\u003cCorrelation/\u003e\u003cExecution ProcessID=\"1590\" ThreadID=\"1590\"/\u003e\u003cChannel\u003eLinux-Sysmon/Operational\u003c/Channel\u003e\u003cComputer\u003eUBUNTU5\u003c/Computer\u003e\u003cSecurity UserId=\"0\"/\u003e\u003c/System\u003e\u003cEventData\u003e\u003cData Name=\"RuleName\"\u003e-\u003c/Data\u003e\u003cData Name=\"UtcTime\"\u003e2022-05-11 18:10:22.185\u003c/Data\u003e\u003cData Name=\"ProcessGuid\"\u003e{94325212-fc0e-627b-0000-000000000000}\u003c/Data\u003e\u003cData Name=\"ProcessId\"\u003e17810\u003c/Data\u003e\u003cData Name=\"Image\"\u003e\u0026lt unknown process\u0026gt \u003c/Data\u003e\u003cData Name=\"User\"\u003etomcat\u003c/Data\u003e\u003c/EventData\u003e\u003c/Event\u003e","HostIP":"192.168.2.5","ProcessName":"sysmon","MG":"00000000-0000-0000-0000-000000000002","Type":"Syslog","_ResourceId":"/subscriptions/redacted/resourcegroups/redacted/providers/microsoft.compute/virtualmachines/ubuntu5"}
{"TenantId":"redacted","SourceSystem":"Linux","TimeGenerated":"2022-05-11T18:10:22.183Z","Computer":"UBUNTU5","EventTime":"2022-05-11T18:10:22Z","Facility":"user","HostName":"UBUNTU5","SeverityLevel":"info","SyslogMessage":"\u003cEvent\u003e\u003cSystem\u003e\u003cProvider Name=\"Linux-Sysmon\" Guid=\"{ff032593-a8d3-4f13-b0d6-01fc615a0f97}\"/\u003e\u003cEventID\u003e5\u003c/EventID\u003e\u003cVersion\u003e3\u003c/Version\u003e\u003cLevel\u003e4\u003c/Level\u003e\u003cTask\u003e5\u003c/Task\u003e\u003cOpcode\u003e0\u003c/Opcode\u003e\u003cKeywords\u003e0x8000000000000000\u003c/Keywords\u003e\u003cTimeCreated SystemTime=\"2022-05-11T18:10:22.178406000Z\"/\u003e\u003cEventRecordID\u003e245794\u003c/EventRecordID\u003e\u003cCorrelation/\u003e\u003cExecution ProcessID=\"1590\" ThreadID=\"1590\"/\u003e\u003cChannel\u003eLinux-Sysmon/Operational\u003c/Channel\u003e\u003cComputer\u003eUBUNTU5\u003c/Computer\u003e\u003cSecurity UserId=\"0\"/\u003e\u003c/System\u003e\u003cEventData\u003e\u003cData Name=\"RuleName\"\u003e-\u003c/Data\u003e\u003cData Name=\"UtcTime\"\u003e2022-05-11 18:10:22.185\u003c/Data\u003e\u003cData Name=\"ProcessGuid\"\u003e{94325212-fc0e-627b-e070-f71f67550000}\u003c/Data\u003e\u003cData Name=\"ProcessId\"\u003e17811\u003c/Data\u003e\u003cData Name=\"Image\"\u003e/usr/bin/groups\u003c/Data\u003e\u003cData Name=\"User\"\u003etomcat\u003c/Data\u003e\u003c/EventData\u003e\u003c/Event\u003e","HostIP":"192.168.2.5","ProcessName":"sysmon","MG":"00000000-0000-0000-0000-000000000002","Type":"Syslog","_ResourceId":"/subscriptions/redacted/resourcegroups/redacted/providers/microsoft.compute/virtualmachines/ubuntu5"}
{"TenantId":"redacted","SourceSystem":"Linux","TimeGenerated":"2022-05-11T18:10:22.19Z","Computer":"UBUNTU5","EventTime":"2022-05-11T18:10:22Z","Facility":"user","HostName":"UBUNTU5","SeverityLevel":"info","SyslogMessage":"\u003cEvent\u003e\u003cSystem\u003e\u003cProvider Name=\"Linux-Sysmon\" Guid=\"{ff032593-a8d3-4f13-b0d6-01fc615a0f97}\"/\u003e\u003cEventID\u003e1\u003c/EventID\u003e\u003cVersion\u003e5\u003c/Version\u003e\u003cLevel\u003e4\u003c/Level\u003e\u003cTask\u003e1\u003c/Task\u003e\u003cOpcode\u003e0\u003c/Opcode\u003e\u003cKeywords\u003e0x8000000000000000\u003c/Keywords\u003e\u003cTimeCreated SystemTime=\"2022-05-11T18:10:22.189372000Z\"/\u003e\u003cEventRecordID\u003e245796\u003c/EventRecordID\u003e\u003cCorrelation/\u003e\u003cExecution ProcessID=\"1590\" ThreadID=\"1590\"/\u003e\u003cChannel\u003eLinux-Sysmon/Operational\u003c/Channel\u003e\u003cComputer\u003eUBUNTU5\u003c/Computer\u003e\u003cSecurity UserId=\"0\"/\u003e\u003c/System\u003e\u003cEventData\u003e\u003cData Name=\"RuleName\"\u003e-\u003c/Data\u003e\u003cData Name=\"UtcTime\"\u003e2022-05-11 18:10:22.187\u003c/Data\u003e\u003cData Name=\"ProcessGuid\"\u003e{94325212-fc0e-627b-6842-292258550000}\u003c/Data\u003e\u003cData Name=\"ProcessId\"\u003e17813\u003c/Data\u003e\u003cData Name=\"Image\"\u003e/bin/dash\u003c/Data\u003e\u003cData Name=\"FileVersion\"\u003e-\u003c/Data\u003e\u003cData Name=\"Description\"\u003e-\u003c/Data\u003e\u003cData Name=\"Product\"\u003e-\u003c/Data\u003e\u003cData Name=\"Company\"\u003e-\u003c/Data\u003e\u003cData Name=\"OriginalFileName\"\u003e-\u003c/Data\u003e\u003cData Name=\"CommandLine\"\u003e/bin/sh /usr/bin/lesspipe\u003c/Data\u003e\u003cData Name=\"CurrentDirectory\"\u003e/\u003c/Data\u003e\u003cData Name=\"User\"\u003etomcat\u003c/Data\u003e\u003cData Name=\"LogonGuid\"\u003e{94325212-0000-0000-e903-000000000000}\u003c/Data\u003e\u003cData Name=\"LogonId\"\u003e1001\u003c/Data\u003e\u003cData Name=\"TerminalSessionId\"\u003e4294967295\u003c/Data\u003e\u003cData Name=\"IntegrityLevel\"\u003eno level\u003c/Data\u003e\u003cData Name=\"Hashes\"\u003e-\u003c/Data\u003e\u003cData Name=\"ParentProcessGuid\"\u003e{00000000-0000-0000-0000-000000000000}\u003c/Data\u003e\u003cData Name=\"ParentProcessId\"\u003e17812\u003c/Data\u003e\u003cData Name=\"ParentImage\"\u003e-\u003c/Data\u003e\u003cData Name=\"ParentCommandLine\"\u003e-\u003c/Data\u003e\u003cData Name=\"ParentUser\"\u003e-\u003c/Data\u003e\u003c/EventData\u003e\u003c/Event\u003e","HostIP":"192.168.2.5","ProcessName":"sysmon","MG":"00000000-0000-0000-0000-000000000002","Type":"Syslog","_ResourceId":"/subscriptions/redacted/resourcegroups/redacted/providers/microsoft.compute/virtualmachines/ubuntu5"}
{"TenantId":"redacted","SourceSystem":"Linux","TimeGenerated":"2022-05-11T18:10:22.193Z","Computer":"UBUNTU5","EventTime":"2022-05-11T18:10:22Z","Facility":"user","HostName":"UBUNTU5","SeverityLevel":"info","SyslogMessage":"\u003cEvent\u003e\u003cSystem\u003e\u003cProvider Name=\"Linux-Sysmon\" Guid=\"{ff032593-a8d3-4f13-b0d6-01fc615a0f97}\"/\u003e\u003cEventID\u003e1\u003c/EventID\u003e\u003cVersion\u003e5\u003c/Version\u003e\u003cLevel\u003e4\u003c/Level\u003e\u003cTask\u003e1\u003c/Task\u003e\u003cOpcode\u003e0\u003c/Opcode\u003e\u003cKeywords\u003e0x8000000000000000\u003c/Keywords\u003e\u003cTimeCreated SystemTime=\"2022-05-11T18:10:22.193674000Z\"/\u003e\u003cEventRecordID\u003e245797\u003c/EventRecordID\u003e\u003cCorrelation/\u003e\u003cExecution ProcessID=\"1590\" ThreadID=\"1590\"/\u003e\u003cChannel\u003eLinux-Sysmon/Operational\u003c/Channel\u003e\u003cComputer\u003eUBUNTU5\u003c/Computer\u003e\u003cSecurity UserId=\"0\"/\u003e\u003c/System\u003e\u003cEventData\u003e\u003cData Name=\"RuleName\"\u003e-\u003c/Data\u003e\u003cData Name=\"UtcTime\"\u003e2022-05-11 18:10:22.197\u003c/Data\u003e\u003cData Name=\"ProcessGuid\"\u003e{94325212-fc0e-627b-e80b-7e2899550000}\u003c/Data\u003e\u003cData Name=\"ProcessId\"\u003e17814\u003c/Data\u003e\u003cData Name=\"Image\"\u003e/usr/bin/basename\u003c/Data\u003e\u003cData Name=\"FileVersion\"\u003e-\u003c/Data\u003e\u003cData Name=\"Description\"\u003e-\u003c/Data\u003e\u003cData Name=\"Product\"\u003e-\u003c/Data\u003e\u003cData Name=\"Company\"\u003e-\u003c/Data\u003e\u003cData Name=\"OriginalFileName\"\u003e-\u003c/Data\u003e\u003cData Name=\"CommandLine\"\u003ebasename /usr/bin/lesspipe\u003c/Data\u003e\u003cData Name=\"CurrentDirectory\"\u003e/\u003c/Data\u003e\u003cData Name=\"User\"\u003etomcat\u003c/Data\u003e\u003cData Name=\"LogonGuid\"\u003e{94325212-0000-0000-e903-000000000000}\u003c/Data\u003e\u003cData Name=\"LogonId\"\u003e1001\u003c/Data\u003e\u003cData Name=\"TerminalSessionId\"\u003e4294967295\u003c/Data\u003e\u003cData Name=\"IntegrityLevel\"\u003eno level\u003c/Data\u003e\u003cData Name=\"Hashes\"\u003e-\u003c/Data\u003e\u003cData Name=\"ParentProcessGuid\"\u003e{94325212-fc0e-627b-6842-292258550000}\u003c/Data\u003e\u003cData Name=\"ParentProcessId\"\u003e17813\u003c/Data\u003e\u003cData Name=\"ParentImage\"\u003e/bin/dash\u003c/Data\u003e\u003cData Name=\"ParentCommandLine\"\u003e/bin/sh\u003c/Data\u003e\u003cData Name=\"ParentUser\"\u003etomcat\u003c/Data\u003e\u003c/EventData\u003e\u003c/Event\u003e","HostIP":"192.168.2.5","ProcessName":"sysmon","MG":"00000000-0000-0000-0000-000000000002","Type":"Syslog","_ResourceId":"/subscriptions/redacted/resourcegroups/redacted/providers/microsoft.compute/virtualmachines/ubuntu5"}
{"TenantId":"redacted","SourceSystem":"Linux","TimeGenerated":"2022-05-11T18:10:22.197Z","Computer":"UBUNTU5","EventTime":"2022-05-11T18:10:22Z","Facility":"user","HostName":"UBUNTU5","SeverityLevel":"info","SyslogMessage":"\u003cEvent\u003e\u003cSystem\u003e\u003cProvider Name=\"Linux-Sysmon\" Guid=\"{ff032593-a8d3-4f13-b0d6-01fc615a0f97}\"/\u003e\u003cEventID\u003e5\u003c/EventID\u003e\u003cVersion\u003e3\u003c/Version\u003e\u003cLevel\u003e4\u003c/Level\u003e\u003cTask\u003e5\u003c/Task\u003e\u003cOpcode\u003e0\u003c/Opcode\u003e\u003cKeywords\u003e0x8000000000000000\u003c/Keywords\u003e\u003cTimeCreated SystemTime=\"2022-05-11T18:10:22.195409000Z\"/\u003e\u003cEventRecordID\u003e245798\u003c/EventRecordID\u003e\u003cCorrelation/\u003e\u003cExecution ProcessID=\"1590\" ThreadID=\"1590\"/\u003e\u003cChannel\u003eLinux-Sysmon/Operational\u003c/Channel\u003e\u003cComputer\u003eUBUNTU5\u003c/Computer\u003e\u003cSecurity UserId=\"0\"/\u003e\u003c/System\u003e\u003cEventData\u003e\u003cData Name=\"RuleName\"\u003e-\u003c/Data\u003e\u003cData Name=\"UtcTime\"\u003e2022-05-11 18:10:22.202\u003c/Data\u003e\u003cData Name=\"ProcessGuid\"\u003e{94325212-fc0e-627b-e80b-7e2899550000}\u003c/Data\u003e\u003cData Name=\"ProcessId\"\u003e17814\u003c/Data\u003e\u003cData Name=\"Image\"\u003e/usr/bin/basename\u003c/Data\u003e\u003cData Name=\"User\"\u003etomcat\u003c/Data\u003e\u003c/EventData\u003e\u003c/Event\u003e","HostIP":"192.168.2.5","ProcessName":"sysmon","MG":"00000000-0000-0000-0000-000000000002","Type":"Syslog","_ResourceId":"/subscriptions/redacted/resourcegroups/redacted/providers/microsoft.compute/virtualmachines/ubuntu5"}
{"TenantId":"redacted","SourceSystem":"Linux","TimeGenerated":"2022-05-11T18:10:22.2Z","Computer":"UBUNTU5","EventTime":"2022-05-11T18:10:22Z","Facility":"user","HostName":"UBUNTU5","SeverityLevel":"info","SyslogMessage":"\u003cEvent\u003e\u003cSystem\u003e\u003cProvider Name=\"Linux-Sysmon\" Guid=\"{ff032593-a8d3-4f13-b0d6-01fc615a0f97}\"/\u003e\u003cEventID\u003e1\u003c/EventID\u003e\u003cVersion\u003e5\u003c/Version\u003e\u003cLevel\u003e4\u003c/Level\u003e\u003cTask\u003e1\u003c/Task\u003e\u003cOpcode\u003e0\u003c/Opcode\u003e\u003cKeywords\u003e0x8000000000000000\u003c/Keywords\u003e\u003cTimeCreated SystemTime=\"2022-05-11T18:10:22.201276000Z\"/\u003e\u003cEventRecordID\u003e245799\u003c/EventRecordID\u003e\u003cCorrelation/\u003e\u003cExecution ProcessID=\"1590\" ThreadID=\"1590\"/\u003e\u003cChannel\u003eLinux-Sysmon/Operational\u003c/Channel\u003e\u003cComputer\u003eUBUNTU5\u003c/Computer\u003e\u003cSecurity UserId=\"0\"/\u003e\u003c/System\u003e\u003cEventData\u003e\u003cData Name=\"RuleName\"\u003e-\u003c/Data\u003e\u003cData Name=\"UtcTime\"\u003e2022-05-11 18:10:22.203\u003c/Data\u003e\u003cData Name=\"ProcessGuid\"\u003e{94325212-fc0e-627b-e8d8-49ab03560000}\u003c/Data\u003e\u003cData Name=\"ProcessId\"\u003e17816\u003c/Data\u003e\u003cData Name=\"Image\"\u003e/usr/bin/dirname\u003c/Data\u003e\u003cData Name=\"FileVersion\"\u003e-\u003c/Data\u003e\u003cData Name=\"Description\"\u003e-\u003c/Data\u003e\u003cData Name=\"Product\"\u003e-\u003c/Data\u003e\u003cData Name=\"Company\"\u003e-\u003c/Data\u003e\u003cData Name=\"OriginalFileName\"\u003e-\u003c/Data\u003e\u003cData Name=\"CommandLine\"\u003edirname /usr/bin/lesspipe\u003c/Data\u003e\u003cData Name=\"CurrentDirectory\"\u003e/\u003c/Data\u003e\u003cData Name=\"User\"\u003etomcat\u003c/Data\u003e\u003cData Name=\"LogonGuid\"\u003e{94325212-0000-0000-e903-000000000000}\u003c/Data\u003e\u003cData Name=\"LogonId\"\u003e1001\u003c/Data\u003e\u003cData Name=\"TerminalSessionId\"\u003e4294967295\u003c/Data\u003e\u003cData Name=\"IntegrityLevel\"\u003eno level\u003c/Data\u003e\u003cData Name=\"Hashes\"\u003e-\u003c/Data\u003e\u003cData Name=\"ParentProcessGuid\"\u003e{00000000-0000-0000-0000-000000000000}\u003c/Data\u003e\u003cData Name=\"ParentProcessId\"\u003e17815\u003c/Data\u003e\u003cData Name=\"ParentImage\"\u003e-\u003c/Data\u003e\u003cData Name=\"ParentCommandLine\"\u003e-\u003c/Data\u003e\u003cData Name=\"ParentUser\"\u003e-\u003c/Data\u003e\u003c/EventData\u003e\u003c/Event\u003e","HostIP":"192.168.2.5","ProcessName":"sysmon","MG":"00000000-0000-0000-0000-000000000002","Type":"Syslog","_ResourceId":"/subscriptions/redacted/resourcegroups/redacted/providers/microsoft.compute/virtualmachines/ubuntu5"}
