{"TenantId":"redacted","SourceSystem":"Linux","TimeGenerated":"2022-05-11T18:10:26.53Z","Computer":"UBUNTU5","EventTime":"2022-05-11T18:10:26Z","Facility":"user","HostName":"UBUNTU5","SeverityLevel":"info","SyslogMessage":"\u003cEvent\u003e\u003cSystem\u003e\u003cProvider Name=\"Linux-Sysmon\" Guid=\"{ff032593-a8d3-4f13-b0d6-01fc615a0f97}\"/\u003e\u003cEventID\u003e1\u003c/EventID\u003e\u003cVersion\u003e5\u003c/Version\u003e\u003cLevel\u003e4\u003c/Level\u003e\u003cTask\u003e1\u003c/Task\u003e\u003cOpcode\u003e0\u003c/Opcode\u003e\u003cKeywords\u003e0x8000000000000000\u003c/Keywords\u003e\u003cTimeCreated SystemTime=\"2022-05-11T18:10:26.528669000Z\"/\u003e\u003cEventRecordID\u003e245824\u003c/EventRecordID\u003e\u003cCorrelation/\u003e\u003cExecution ProcessID=\"1590\" ThreadID=\"1590\"/\u003e\u003cChannel\u003eLinux-Sysmon/Operational\u003c/Channel\u003e\u003cComputer\u003eUBUNTU5\u003c/Computer\u003e\u003cSecurity UserId=\"0\"/\u003e\u003c/System\u003e\u003cEventData\u003e\u003cData Name=\"RuleName\"\u003e-\u003c/Data\u003e\u003cData Name=\"UtcTime\"\u003e2022-05-11 18:10:26.532\u003c/Data\u003e\u003cData Name=\"ProcessGuid\"\u003e{94325212-fc12-627b-501c-cd9674550000}\u003c/Data\u003e\u003cData Name=\"ProcessId\"\u003e17830\u003c/Data\u003e\u003cData Name=\"Image\"\u003e/bin/grep\u003c/Data\u003e\u003cData Name=\"FileVersion\"\u003e-\u003c/Data\u003e\u003cData Name=\"Description\"\u003e-\u003c/Data\u003e\u003cData Name=\"Product\"\u003e-\u003c/Data\u003e\u003cData Name=\"Company\"\u003e-\u003c/Data\u003e\u003cData Name=\"OriginalFileName\"\u003e-\u003c/Data\u003e\u003cData Name=\"CommandLine\"\u003egrep =\u003c/Data\u003e\u003cData Name=\"CurrentDirectory\"\u003e/\u003c/Data\u003e\u003cData Name=\"User\"\u003eomsagent\u003c/Data\u003e\u003cData Name=\"LogonGuid\"\u003e{94325212-0000-0000-e603-000000000000}\u003c/Data\u003e\u003cData Name=\"LogonId\"\u003e998\u003c/Data\u003e\u003cData Name=\"TerminalSessionId\"\u003e4294967295\u003c/Data\u003e\u003cData Name=\"IntegrityLevel\"\u003eno level\u003c/Data\u003e\u003cData Name=\"Hashes\"\u003e-\u003c/Data\u003e\u003cData Name=\"ParentProcessGuid\"\u003e{94325212-fc12-627b-6812-19d1ff550000}\u003c/Data\u003e\u003cData Name=\"ParentProcessId\"\u003e17828\u003c/Data\u003e\u003cData Name=\"ParentImage\"\u003e/bin/dash\u003c/Data\u003e\u003cData Name=\"ParentCommandLine\"\u003esh\u003c/Data\u003e\u003cData Name=\"ParentUser\"\u003eomsagent\u003c/Data\u003e\u003c/EventData\u003e\u003c/Event\u003e","HostIP":"192.168.2.5","ProcessName":"sysmon","MG":"00000000-0000-0000-0000-000000000002","Type":"Syslog","_ResourceId":"/subscriptions/redacted/resourcegroups/redacted/providers/microsoft.compute/virtualmachines/ubuntu5"}
{"TenantId":"redacted","SourceSystem":"Linux","TimeGenerated":"2022-05-11T18:10:26.533Z","Computer":"UBUNTU5","EventTime":"2022-05-11T18:10:26Z","Facility":"user","HostName":"UBUNTU5","SeverityLevel":"info","SyslogMessage":"\u003cEvent\u003e\u003cSystem\u003e\u003cProvider Name=\"Linux-Sysmon\" Guid=\"{ff032593-a8d3-4f13-b0d6-01fc615a0f97}\"/\u003e\u003cEventID\u003e1\u003c/EventID\u003e\u003cVersion\u003e5\u003c/Version\u003e\u003cLevel\u003e4\u003c/Level\u003e\u003cTask\u003e1\u003c/Task\u003e\u003cOpcode\u003e0\u003c/Opcode\u003e\u003cKeywords\u003e0x8000000000000000\u003c/Keywords\u003e\u003cTimeCreated SystemTime=\"2022-05-11T18:10:26.533131000Z\"/\u003e\u003cEventRecordID\u003e245825\u003c/EventRecordID\u003e\u003cCorrelation/\u003e\u003cExecution ProcessID=\"1590\" ThreadID=\"1590\"/\u003e\u003cChannel\u003eLinux-Sysmon/Operational\u003c/Channel\u003e\u003cComputer\u003eUBUNTU5\u003c/Computer\u003e\u003cSecurity UserId=\"0\"/\u003e\u003c/System\u003e\u003cEventData\u003e\u003cData Name=\"RuleName\"\u003e-\u003c/Data\u003e\u003cData Name=\"UtcTime\"\u003e2022-05-11 18:10:26.532\u003c/Data\u003e\u003cData Name=\"ProcessGuid\"\u003e{94325212-fc12-627b-8462-420000000000}\u003c/Data\u003e\u003cData Name=\"ProcessId\"\u003e17829\u003c/Data\u003e\u003cData Name=\"Image\"\u003e/opt/omi/bin/omicli\u003c/Data\u003e\u003cData Name=\"FileVersion\"\u003e-\u003c/Data\u003e\u003cData Name=\"Description\"\u003e-\u003c/Data\u003e\u003cData Name=\"Product\"\u003e-\u003c/Data\u003e\u003cData Name=\"Company\"\u003e-\u003c/Data\u003e\u003cData Name=\"OriginalFileName\"\u003e-\u003c/Data\u003e\u003cData Name=\"CommandLine\"\u003e/opt/omi/bin/omicli wql root/scx SELECT PercentUserTime, PercentPrivilegedTime, UsedMemory, PercentUsedMemory FROM SCX_UnixProcessStatisticalInformation where Handle=\u00272106\u0027\u003c/Data\u003e\u003cData Name=\"CurrentDirectory\"\u003e/\u003c/Data\u003e\u003cData Name=\"User\"\u003eomsagent\u003c/Data\u003e\u003cData Name=\"LogonGuid\"\u003e{94325212-0000-0000-e603-000000000000}\u003c/Data\u003e\u003cData Name=\"LogonId\"\u003e998\u003c/Data\u003e\u003cData Name=\"TerminalSessionId\"\u003e4294967295\u003c/Data\u003e\u003cData Name=\"IntegrityLevel\"\u003eno level\u003c/Data\u003e\u003cData Name=\"Hashes\"\u003e-\u003c/Data\u003e\u003cData Name=\"ParentProcessGuid\"\u003e{94325212-fc12-627b-6812-19d1ff550000}\u003c/Data\u003e\u003cData Name=\"ParentProcessId\"\u003e17828\u003c/Data\u003e\u003cData Name=\"ParentImage\"\u003e/bin/dash\u003c/Data\u003e\u003cData Name=\"ParentCommandLine\"\u003esh\u003c/Data\u003e\u003cData Name=\"ParentUser\"\u003eomsagent\u003c/Data\u003e\u003c/EventData\u003e\u003c/Event\u003e","HostIP":"192.168.2.5","ProcessName":"sysmon","MG":"00000000-0000-0000-0000-000000000002","Type":"Syslog","_ResourceId":"/subscriptions/redacted/resourcegroups/redacted/providers/microsoft.compute/virtualmachines/ubuntu5"}
{"TenantId":"redacted","SourceSystem":"Linux","TimeGenerated":"2022-05-11T18:10:26.553Z","Computer":"UBUNTU5","EventTime":"2022-05-11T18:10:26Z","Facility":"user","HostName":"UBUNTU5","SeverityLevel":"info","SyslogMessage":"\u003cEvent\u003e\u003cSystem\u003e\u003cProvider Name=\"Linux-Sysmon\" Guid=\"{ff032593-a8d3-4f13-b0d6-01fc615a0f97}\"/\u003e\u003cEventID\u003e5\u003c/EventID\u003e\u003cVersion\u003e3\u003c/Version\u003e\u003cLevel\u003e4\u003c/Level\u003e\u003cTask\u003e5\u003c/Task\u003e\u003cOpcode\u003e0\u003c/Opcode\u003e\u003cKeywords\u003e0x8000000000000000\u003c/Keywords\u003e\u003cTimeCreated SystemTime=\"2022-05-11T18:10:26.553281000Z\"/\u003e\u003cEventRecordID\u003e245827\u003c/EventRecordID\u003e\u003cCorrelation/\u003e\u003cExecution ProcessID=\"1590\" ThreadID=\"1590\"/\u003e\u003cChannel\u003eLinux-Sysmon/Operational\u003c/Channel\u003e\u003cComputer\u003eUBUNTU5\u003c/Computer\u003e\u003cSecurity UserId=\"0\"/\u003e\u003c/System\u003e\u003cEventData\u003e\u003cData Name=\"RuleName\"\u003e-\u003c/Data\u003e\u003cData Name=\"UtcTime\"\u003e2022-05-11 18:10:26.559\u003c/Data\u003e\u003cData Name=\"ProcessGuid\"\u003e{94325212-fc12-627b-8462-420000000000}\u003c/Data\u003e\u003cData Name=\"ProcessId\"\u003e17829\u003c/Data\u003e\u003cData Name=\"Image\"\u003e/opt/omi/bin/omicli\u003c/Data\u003e\u003cData Name=\"User\"\u003eomsagent\u003c/Data\u003e\u003c/EventData\u003e\u003c/Event\u003e","HostIP":"192.168.2.5","ProcessName":"sysmon","MG":"00000000-0000-0000-0000-000000000002","Type":"Syslog","_ResourceId":"/subscriptions/redacted/resourcegroups/redacted/providers/microsoft.compute/virtualmachines/ubuntu5"}
{"TenantId":"redacted","SourceSystem":"Linux","TimeGenerated":"2022-05-11T18:10:26.553Z","Computer":"UBUNTU5","EventTime":"2022-05-11T18:10:26Z","Facility":"user","HostName":"UBUNTU5","SeverityLevel":"info","SyslogMessage":"\u003cEvent\u003e\u003cSystem\u003e\u003cProvider Name=\"Linux-Sysmon\" Guid=\"{ff032593-a8d3-4f13-b0d6-01fc615a0f97}\"/\u003e\u003cEventID\u003e5\u003c/EventID\u003e\u003cVersion\u003e3\u003c/Version\u003e\u003cLevel\u003e4\u003c/Level\u003e\u003cTask\u003e5\u003c/Task\u003e\u003cOpcode\u003e0\u003c/Opcode\u003e\u003cKeywords\u003e0x8000000000000000\u003c/Keywords\u003e\u003cTimeCreated SystemTime=\"2022-05-11T18:10:26.552169000Z\"/\u003e\u003cEventRecordID\u003e245826\u003c/EventRecordID\u003e\u003cCorrelation/\u003e\u003cExecution ProcessID=\"1590\" ThreadID=\"1590\"/\u003e\u003cChannel\u003eLinux-Sysmon/Operational\u003c/Channel\u003e\u003cComputer\u003eUBUNTU5\u003c/Computer\u003e\u003cSecurity UserId=\"0\"/\u003e\u003c/System\u003e\u003cEventData\u003e\u003cData Name=\"RuleName\"\u003e-\u003c/Data\u003e\u003cData Name=\"UtcTime\"\u003e2022-05-11 18:10:26.558\u003c/Data\u003e\u003cData Name=\"ProcessGuid\"\u003e{94325212-fc12-627b-8462-420000000000}\u003c/Data\u003e\u003cData Name=\"ProcessId\"\u003e17829\u003c/Data\u003e\u003cData Name=\"Image\"\u003e/opt/omi/bin/omicli\u003c/Data\u003e\u003cData Name=\"User\"\u003eomsagent\u003c/Data\u003e\u003c/EventData\u003e\u003c/Event\u003e","HostIP":"192.168.2.5","ProcessName":"sysmon","MG":"00000000-0000-0000-0000-000000000002","Type":"Syslog","_ResourceId":"/subscriptions/redacted/resourcegroups/redacted/providers/microsoft.compute/virtualmachines/ubuntu5"}
{"TenantId":"redacted","SourceSystem":"Linux","TimeGenerated":"2022-05-11T18:10:26.553Z","Computer":"UBUNTU5","EventTime":"2022-05-11T18:10:26Z","Facility":"user","HostName":"UBUNTU5","SeverityLevel":"info","SyslogMessage":"\u003cEvent\u003e\u003cSystem\u003e\u003cProvider Name=\"Linux-Sysmon\" Guid=\"{ff032593-a8d3-4f13-b0d6-01fc615a0f97}\"/\u003e\u003cEventID\u003e5\u003c/EventID\u003e\u003cVersion\u003e3\u003c/Version\u003e\u003cLevel\u003e4\u003c/Level\u003e\u003cTask\u003e5\u003c/Task\u003e\u003cOpcode\u003e0\u003c/Opcode\u003e\u003cKeywords\u003e0x8000000000000000\u003c/Keywords\u003e\u003cTimeCreated SystemTime=\"2022-05-11T18:10:26.553433000Z\"/\u003e\u003cEventRecordID\u003e245828\u003c/EventRecordID\u003e\u003cCorrelation/\u003e\u003cExecution ProcessID=\"1590\" ThreadID=\"1590\"/\u003e\u003cChannel\u003eLinux-Sysmon/Operational\u003c/Channel\u003e\u003cComputer\u003eUBUNTU5\u003c/Computer\u003e\u003cSecurity UserId=\"0\"/\u003e\u003c/System\u003e\u003cEventData\u003e\u003cData Name=\"RuleName\"\u003e-\u003c/Data\u003e\u003cData Name=\"UtcTime\"\u003e2022-05-11 18:10:26.559\u003c/Data\u003e\u003cData Name=\"ProcessGuid\"\u003e{94325212-fc12-627b-501c-cd9674550000}\u003c/Data\u003e\u003cData Name=\"ProcessId\"\u003e17830\u003c/Data\u003e\u003cData Name=\"Image\"\u003e/bin/grep\u003c/Data\u003e\u003cData Name=\"User\"\u003eomsagent\u003c/Data\u003e\u003c/EventData\u003e\u003c/Event\u003e","HostIP":"192.168.2.5","ProcessName":"sysmon","MG":"00000000-0000-0000-0000-000000000002","Type":"Syslog","_ResourceId":"/subscriptions/redacted/resourcegroups/redacted/providers/microsoft.compute/virtualmachines/ubuntu5"}
{"TenantId":"redacted","SourceSystem":"Linux","TimeGenerated":"2022-05-11T18:10:26.557Z","Computer":"UBUNTU5","EventTime":"2022-05-11T18:10:26Z","Facility":"user","HostName":"UBUNTU5","SeverityLevel":"info","SyslogMessage":"\u003cEvent\u003e\u003cSystem\u003e\u003cProvider Name=\"Linux-Sysmon\" Guid=\"{ff032593-a8d3-4f13-b0d6-01fc615a0f97}\"/\u003e\u003cEventID\u003e5\u003c/EventID\u003e\u003cVersion\u003e3\u003c/Version\u003e\u003cLevel\u003e4\u003c/Level\u003e\u003cTask\u003e5\u003c/Task\u003e\u003cOpcode\u003e0\u003c/Opcode\u003e\u003cKeywords\u003e0x8000000000000000\u003c/Keywords\u003e\u003cTimeCreated SystemTime=\"2022-05-11T18:10:26.554565000Z\"/\u003e\u003cEventRecordID\u003e245829\u003c/EventRecordID\u003e\u003cCorrelation/\u003e\u003cExecution ProcessID=\"1590\" ThreadID=\"1590\"/\u003e\u003cChannel\u003eLinux-Sysmon/Operational\u003c/Channel\u003e\u003cComputer\u003eUBUNTU5\u003c/Computer\u003e\u003cSecurity UserId=\"0\"/\u003e\u003c/System\u003e\u003cEventData\u003e\u003cData Name=\"RuleName\"\u003e-\u003c/Data\u003e\u003cData Name=\"UtcTime\"\u003e2022-05-11 18:10:26.561\u003c/Data\u003e\u003cData Name=\"ProcessGuid\"\u003e{94325212-fc12-627b-6812-19d1ff550000}\u003c/Data\u003e\u003cData Name=\"ProcessId\"\u003e17828\u003c/Data\u003e\u003cData Name=\"Image\"\u003e/bin/dash\u003c/Data\u003e\u003cData Name=\"User\"\u003eomsagent\u003c/Data\u003e\u003c/EventData\u003e\u003c/Event\u003e","HostIP":"192.168.2.5","ProcessName":"sysmon","MG":"00000000-0000-0000-0000-000000000002","Type":"Syslog","_ResourceId":"/subscriptions/redacted/resourcegroups/redacted/providers/microsoft.compute/virtualmachines/ubuntu5"}
{"TenantId":"redacted","SourceSystem":"Linux","TimeGenerated":"2022-05-11T18:10:26.99Z","Computer":"UBUNTU5","EventTime":"2022-05-11T18:10:26Z","Facility":"user","HostName":"UBUNTU5","SeverityLevel":"info","SyslogMessage":"\u003cEvent\u003e\u003cSystem\u003e\u003cProvider Name=\"Linux-Sysmon\" Guid=\"{ff032593-a8d3-4f13-b0d6-01fc615a0f97}\"/\u003e\u003cEventID\u003e5\u003c/EventID\u003e\u003cVersion\u003e3\u003c/Version\u003e\u003cLevel\u003e4\u003c/Level\u003e\u003cTask\u003e5\u003c/Task\u003e\u003cOpcode\u003e0\u003c/Opcode\u003e\u003cKeywords\u003e0x8000000000000000\u003c/Keywords\u003e\u003cTimeCreated SystemTime=\"2022-05-11T18:10:26.990822000Z\"/\u003e\u003cEventRecordID\u003e245830\u003c/EventRecordID\u003e\u003cCorrelation/\u003e\u003cExecution ProcessID=\"1590\" ThreadID=\"1590\"/\u003e\u003cChannel\u003eLinux-Sysmon/Operational\u003c/Channel\u003e\u003cComputer\u003eUBUNTU5\u003c/Computer\u003e\u003cSecurity UserId=\"0\"/\u003e\u003c/System\u003e\u003cEventData\u003e\u003cData Name=\"RuleName\"\u003e-\u003c/Data\u003e\u003cData Name=\"UtcTime\"\u003e2022-05-11 18:10:26.997\u003c/Data\u003e\u003cData Name=\"ProcessGuid\"\u003e{94325212-f5a5-627b-b809-87f375550000}\u003c/Data\u003e\u003cData Name=\"ProcessId\"\u003e1340\u003c/Data\u003e\u003cData Name=\"Image\"\u003ejava\u003c/Data\u003e\u003cData Name=\"User\"\u003etomcat\u003c/Data\u003e\u003c/EventData\u003e\u003c/Event\u003e","HostIP":"192.168.2.5","ProcessName":"sysmon","MG":"00000000-0000-0000-0000-000000000002","Type":"Syslog","_ResourceId":"/subscriptions/redacted/resourcegroups/redacted/providers/microsoft.compute/virtualmachines/ubuntu5"}
{"TenantId":"redacted","SourceSystem":"Linux","TimeGenerated":"2022-05-11T18:10:29.557Z","Computer":"UBUNTU5","EventTime":"2022-05-11T18:10:29Z","Facility":"user","HostName":"UBUNTU5","SeverityLevel":"info","SyslogMessage":"\u003cEvent\u003e\u003cSystem\u003e\u003cProvider Name=\"Linux-Sysmon\" Guid=\"{ff032593-a8d3-4f13-b0d6-01fc615a0f97}\"/\u003e\u003cEventID\u003e5\u003c/EventID\u003e\u003cVersion\u003e3\u003c/Version\u003e\u003cLevel\u003e4\u003c/Level\u003e\u003cTask\u003e5\u003c/Task\u003e\u003cOpcode\u003e0\u003c/Opcode\u003e\u003cKeywords\u003e0x8000000000000000\u003c/Keywords\u003e\u003cTimeCreated SystemTime=\"2022-05-11T18:10:29.556038000Z\"/\u003e\u003cEventRecordID\u003e245831\u003c/EventRecordID\u003e\u003cCorrelation/\u003e\u003cExecution ProcessID=\"1590\" ThreadID=\"1590\"/\u003e\u003cChannel\u003eLinux-Sysmon/Operational\u003c/Channel\u003e\u003cComputer\u003eUBUNTU5\u003c/Computer\u003e\u003cSecurity UserId=\"0\"/\u003e\u003c/System\u003e\u003cEventData\u003e\u003cData Name=\"RuleName\"\u003e-\u003c/Data\u003e\u003cData Name=\"UtcTime\"\u003e2022-05-11 18:10:29.562\u003c/Data\u003e\u003cData Name=\"ProcessGuid\"\u003e{94325212-f5ac-627b-0cfd-f3c993550000}\u003c/Data\u003e\u003cData Name=\"ProcessId\"\u003e2030\u003c/Data\u003e\u003cData Name=\"Image\"\u003eruby\u003c/Data\u003e\u003cData Name=\"User\"\u003eomsagent\u003c/Data\u003e\u003c/EventData\u003e\u003c/Event\u003e","HostIP":"192.168.2.5","ProcessName":"sysmon","MG":"00000000-0000-0000-0000-000000000002","Type":"Syslog","_ResourceId":"/subscriptions/redacted/resourcegroups/redacted/providers/microsoft.compute/virtualmachines/ubuntu5"}
{"TenantId":"redacted","SourceSystem":"Linux","TimeGenerated":"2022-05-11T18:10:33.153Z","Computer":"UBUNTU5","EventTime":"2022-05-11T18:10:33Z","Facility":"user","HostName":"UBUNTU5","SeverityLevel":"info","SyslogMessage":"\u003cEvent\u003e\u003cSystem\u003e\u003cProvider Name=\"Linux-Sysmon\" Guid=\"{ff032593-a8d3-4f13-b0d6-01fc615a0f97}\"/\u003e\u003cEventID\u003e1\u003c/EventID\u003e\u003cVersion\u003e5\u003c/Version\u003e\u003cLevel\u003e4\u003c/Level\u003e\u003cTask\u003e1\u003c/Task\u003e\u003cOpcode\u003e0\u003c/Opcode\u003e\u003cKeywords\u003e0x8000000000000000\u003c/Keywords\u003e\u003cTimeCreated SystemTime=\"2022-05-11T18:10:33.150833000Z\"/\u003e\u003cEventRecordID\u003e245832\u003c/EventRecordID\u003e\u003cCorrelation/\u003e\u003cExecution ProcessID=\"1590\" ThreadID=\"1590\"/\u003e\u003cChannel\u003eLinux-Sysmon/Operational\u003c/Channel\u003e\u003cComputer\u003eUBUNTU5\u003c/Computer\u003e\u003cSecurity UserId=\"0\"/\u003e\u003c/System\u003e\u003cEventData\u003e\u003cData Name=\"RuleName\"\u003e-\u003c/Data\u003e\u003cData Name=\"UtcTime\"\u003e2022-05-11 18:10:33.154\u003c/Data\u003e\u003cData Name=\"ProcessGuid\"\u003e{94325212-fc19-627b-c0a6-c4601c560000}\u003c/Data\u003e\u003cData Name=\"ProcessId\"\u003e17832\u003c/Data\u003e\u003cData Name=\"Image\"\u003e/usr/bin/whoami\u003c/Data\u003e\u003cData Name=\"FileVersion\"\u003e-\u003c/Data\u003e\u003cData Name=\"Description\"\u003e-\u003c/Data\u003e\u003cData Name=\"Product\"\u003e-\u003c/Data\u003e\u003cData Name=\"Company\"\u003e-\u003c/Data\u003e\u003cData Name=\"OriginalFileName\"\u003e-\u003c/Data\u003e\u003cData Name=\"CommandLine\"\u003ewhoami\u003c/Data\u003e\u003cData Name=\"CurrentDirectory\"\u003e/\u003c/Data\u003e\u003cData Name=\"User\"\u003etomcat\u003c/Data\u003e\u003cData Name=\"LogonGuid\"\u003e{94325212-0000-0000-e903-000000000000}\u003c/Data\u003e\u003cData Name=\"LogonId\"\u003e1001\u003c/Data\u003e\u003cData Name=\"TerminalSessionId\"\u003e4294967295\u003c/Data\u003e\u003cData Name=\"IntegrityLevel\"\u003eno level\u003c/Data\u003e\u003cData Name=\"Hashes\"\u003e-\u003c/Data\u003e\u003cData Name=\"ParentProcessGuid\"\u003e{94325212-fc0e-627b-4874-7730d6550000}\u003c/Data\u003e\u003cData Name=\"ParentProcessId\"\u003e17806\u003c/Data\u003e\u003cData Name=\"ParentImage\"\u003e/bin/bash\u003c/Data\u003e\u003cData Name=\"ParentCommandLine\"\u003ebash\u003c/Data\u003e\u003cData Name=\"ParentUser\"\u003etomcat\u003c/Data\u003e\u003c/EventData\u003e\u003c/Event\u003e","HostIP":"192.168.2.5","ProcessName":"sysmon","MG":"00000000-0000-0000-0000-000000000002","Type":"Syslog","_ResourceId":"/subscriptions/redacted/resourcegroups/redacted/providers/microsoft.compute/virtualmachines/ubuntu5"}
{"TenantId":"redacted","SourceSystem":"Linux","TimeGenerated":"2022-05-11T18:10:33.157Z","Computer":"UBUNTU5","EventTime":"2022-05-11T18:10:33Z","Facility":"user","HostName":"UBUNTU5","SeverityLevel":"info","SyslogMessage":"\u003cEvent\u003e\u003cSystem\u003e\u003cProvider Name=\"Linux-Sysmon\" Guid=\"{ff032593-a8d3-4f13-b0d6-01fc615a0f97}\"/\u003e\u003cEventID\u003e5\u003c/EventID\u003e\u003cVersion\u003e3\u003c/Version\u003e\u003cLevel\u003e4\u003c/Level\u003e\u003cTask\u003e5\u003c/Task\u003e\u003cOpcode\u003e0\u003c/Opcode\u003e\u003cKeywords\u003e0x8000000000000000\u003c/Keywords\u003e\u003cTimeCreated SystemTime=\"2022-05-11T18:10:33.156482000Z\"/\u003e\u003cEventRecordID\u003e245833\u003c/EventRecordID\u003e\u003cCorrelation/\u003e\u003cExecution ProcessID=\"1590\" ThreadID=\"1590\"/\u003e\u003cChannel\u003eLinux-Sysmon/Operational\u003c/Channel\u003e\u003cComputer\u003eUBUNTU5\u003c/Computer\u003e\u003cSecurity UserId=\"0\"/\u003e\u003c/System\u003e\u003cEventData\u003e\u003cData Name=\"RuleName\"\u003e-\u003c/Data\u003e\u003cData Name=\"UtcTime\"\u003e2022-05-11 18:10:33.163\u003c/Data\u003e\u003cData Name=\"ProcessGuid\"\u003e{94325212-fc19-627b-c0a6-c4601c560000}\u003c/Data\u003e\u003cData Name=\"ProcessId\"\u003e17832\u003c/Data\u003e\u003cData Name=\"Image\"\u003e/usr/bin/whoami\u003c/Data\u003e\u003cData Name=\"User\"\u003etomcat\u003c/Data\u003e\u003c/EventData\u003e\u003c/Event\u003e","HostIP":"192.168.2.5","ProcessName":"sysmon","MG":"00000000-0000-0000-0000-000000000002","Type":"Syslog","_ResourceId":"/subscriptions/redacted/resourcegroups/redacted/providers/microsoft.compute/virtualmachines/ubuntu5"}
{"TenantId":"redacted","SourceSystem":"Linux","TimeGenerated":"2022-05-11T18:10:33.167Z","Computer":"UBUNTU5","EventTime":"2022-05-11T18:10:33Z","Facility":"user","HostName":"UBUNTU5","SeverityLevel":"info","SyslogMessage":"\u003cEvent\u003e\u003cSystem\u003e\u003cProvider Name=\"Linux-Sysmon\" Guid=\"{ff032593-a8d3-4f13-b0d6-01fc615a0f97}\"/\u003e\u003cEventID\u003e1\u003c/EventID\u003e\u003cVersion\u003e5\u003c/Version\u003e\u003cLevel\u003e4\u003c/Level\u003e\u003cTask\u003e1\u003c/Task\u003e\u003cOpcode\u003e0\u003c/Opcode\u003e\u003cKeywords\u003e0x8000000000000000\u003c/Keywords\u003e\u003cTimeCreated SystemTime=\"2022-05-11T18:10:33.164447000Z\"/\u003e\u003cEventRecordID\u003e245834\u003c/EventRecordID\u003e\u003cCorrelation/\u003e\u003cExecution ProcessID=\"1590\" ThreadID=\"1590\"/\u003e\u003cChannel\u003eLinux-Sysmon/Operational\u003c/Channel\u003e\u003cComputer\u003eUBUNTU5\u003c/Computer\u003e\u003cSecurity UserId=\"0\"/\u003e\u003c/System\u003e\u003cEventData\u003e\u003cData Name=\"RuleName\"\u003e-\u003c/Data\u003e\u003cData Name=\"UtcTime\"\u003e2022-05-11 18:10:33.163\u003c/Data\u003e\u003cData Name=\"ProcessGuid\"\u003e{94325212-fc19-627b-3082-f9e733560000}\u003c/Data\u003e\u003cData Name=\"ProcessId\"\u003e17833\u003c/Data\u003e\u003cData Name=\"Image\"\u003e/usr/bin/man\u003c/Data\u003e\u003cData Name=\"FileVersion\"\u003e-\u003c/Data\u003e\u003cData Name=\"Description\"\u003e-\u003c/Data\u003e\u003cData Name=\"Product\"\u003e-\u003c/Data\u003e\u003cData Name=\"Company\"\u003e-\u003c/Data\u003e\u003cData Name=\"OriginalFileName\"\u003e-\u003c/Data\u003e\u003cData Name=\"CommandLine\"\u003eman -f whoami\u003c/Data\u003e\u003cData Name=\"CurrentDirectory\"\u003e/\u003c/Data\u003e\u003cData Name=\"User\"\u003enobody\u003c/Data\u003e\u003cData Name=\"LogonGuid\"\u003e{94325212-0000-0000-feff-000000000000}\u003c/Data\u003e\u003cData Name=\"LogonId\"\u003e65534\u003c/Data\u003e\u003cData Name=\"TerminalSessionId\"\u003e4294967295\u003c/Data\u003e\u003cData Name=\"IntegrityLevel\"\u003eno level\u003c/Data\u003e\u003cData Name=\"Hashes\"\u003e-\u003c/Data\u003e\u003cData Name=\"ParentProcessGuid\"\u003e{94325212-f5bb-627b-cac7-5e0000000000}\u003c/Data\u003e\u003cData Name=\"ParentProcessId\"\u003e2813\u003c/Data\u003e\u003cData Name=\"ParentImage\"\u003e/opt/microsoft/dependency-agent/bin/microsoft-dependency-agent\u003c/Data\u003e\u003cData Name=\"ParentCommandLine\"\u003e/opt/microsoft/dependency-agent/bin/microsoft-dependency-agent\u003c/Data\u003e\u003cData Name=\"ParentUser\"\u003eroot\u003c/Data\u003e\u003c/EventData\u003e\u003c/Event\u003e","HostIP":"192.168.2.5","ProcessName":"sysmon","MG":"00000000-0000-0000-0000-000000000002","Type":"Syslog","_ResourceId":"/subscriptions/redacted/resourcegroups/redacted/providers/microsoft.compute/virtualmachines/ubuntu5"}
{"TenantId":"redacted","SourceSystem":"Linux","TimeGenerated":"2022-05-11T18:10:33.167Z","Computer":"UBUNTU5","EventTime":"2022-05-11T18:10:33Z","Facility":"user","HostName":"UBUNTU5","SeverityLevel":"info","SyslogMessage":"\u003cEvent\u003e\u003cSystem\u003e\u003cProvider Name=\"Linux-Sysmon\" Guid=\"{ff032593-a8d3-4f13-b0d6-01fc615a0f97}\"/\u003e\u003cEventID\u003e1\u003c/EventID\u003e\u003cVersion\u003e5\u003c/Version\u003e\u003cLevel\u003e4\u003c/Level\u003e\u003cTask\u003e1\u003c/Task\u003e\u003cOpcode\u003e0\u003c/Opcode\u003e\u003cKeywords\u003e0x8000000000000000\u003c/Keywords\u003e\u003cTimeCreated SystemTime=\"2022-05-11T18:10:33.164785000Z\"/\u003e\u003cEventRecordID\u003e245835\u003c/EventRecordID\u003e\u003cCorrelation/\u003e\u003cExecution ProcessID=\"1590\" ThreadID=\"1590\"/\u003e\u003cChannel\u003eLinux-Sysmon/Operational\u003c/Channel\u003e\u003cComputer\u003eUBUNTU5\u003c/Computer\u003e\u003cSecurity UserId=\"0\"/\u003e\u003c/System\u003e\u003cEventData\u003e\u003cData Name=\"RuleName\"\u003e-\u003c/Data\u003e\u003cData Name=\"UtcTime\"\u003e2022-05-11 18:10:33.169\u003c/Data\u003e\u003cData Name=\"ProcessGuid\"\u003e{94325212-fc19-627b-00d8-ca0a80550000}\u003c/Data\u003e\u003cData Name=\"ProcessId\"\u003e17834\u003c/Data\u003e\u003cData Name=\"Image\"\u003e/usr/bin/whatis\u003c/Data\u003e\u003cData Name=\"FileVersion\"\u003e-\u003c/Data\u003e\u003cData Name=\"Description\"\u003e-\u003c/Data\u003e\u003cData Name=\"Product\"\u003e-\u003c/Data\u003e\u003cData Name=\"Company\"\u003e-\u003c/Data\u003e\u003cData Name=\"OriginalFileName\"\u003e-\u003c/Data\u003e\u003cData Name=\"CommandLine\"\u003ewhatis whoami\u003c/Data\u003e\u003cData Name=\"CurrentDirectory\"\u003e/\u003c/Data\u003e\u003cData Name=\"User\"\u003enobody\u003c/Data\u003e\u003cData Name=\"LogonGuid\"\u003e{94325212-0000-0000-feff-000000000000}\u003c/Data\u003e\u003cData Name=\"LogonId\"\u003e65534\u003c/Data\u003e\u003cData Name=\"TerminalSessionId\"\u003e4294967295\u003c/Data\u003e\u003cData Name=\"IntegrityLevel\"\u003eno level\u003c/Data\u003e\u003cData Name=\"Hashes\"\u003e-\u003c/Data\u003e\u003cData Name=\"ParentProcessGuid\"\u003e{94325212-fc19-627b-3082-f9e733560000}\u003c/Data\u003e\u003cData Name=\"ParentProcessId\"\u003e17833\u003c/Data\u003e\u003cData Name=\"ParentImage\"\u003e/usr/bin/man\u003c/Data\u003e\u003cData Name=\"ParentCommandLine\"\u003eman\u003c/Data\u003e\u003cData Name=\"ParentUser\"\u003enobody\u003c/Data\u003e\u003c/EventData\u003e\u003c/Event\u003e","HostIP":"192.168.2.5","ProcessName":"sysmon","MG":"00000000-0000-0000-0000-000000000002","Type":"Syslog","_ResourceId":"/subscriptions/redacted/resourcegroups/redacted/providers/microsoft.compute/virtualmachines/ubuntu5"}
{"TenantId":"redacted","SourceSystem":"Linux","TimeGenerated":"2022-05-11T18:10:33.173Z","Computer":"UBUNTU5","EventTime":"2022-05-11T18:10:33Z","Facility":"user","HostName":"UBUNTU5","SeverityLevel":"info","SyslogMessage":"\u003cEvent\u003e\u003cSystem\u003e\u003cProvider Name=\"Linux-Sysmon\" Guid=\"{ff032593-a8d3-4f13-b0d6-01fc615a0f97}\"/\u003e\u003cEventID\u003e5\u003c/EventID\u003e\u003cVersion\u003e3\u003c/Version\u003e\u003cLevel\u003e4\u003c/Level\u003e\u003cTask\u003e5\u003c/Task\u003e\u003cOpcode\u003e0\u003c/Opcode\u003e\u003cKeywords\u003e0x8000000000000000\u003c/Keywords\u003e\u003cTimeCreated SystemTime=\"2022-05-11T18:10:33.172285000Z\"/\u003e\u003cEventRecordID\u003e245836\u003c/EventRecordID\u003e\u003cCorrelation/\u003e\u003cExecution ProcessID=\"1590\" ThreadID=\"1590\"/\u003e\u003cChannel\u003eLinux-Sysmon/Operational\u003c/Channel\u003e\u003cComputer\u003eUBUNTU5\u003c/Computer\u003e\u003cSecurity UserId=\"0\"/\u003e\u003c/System\u003e\u003cEventData\u003e\u003cData Name=\"RuleName\"\u003e-\u003c/Data\u003e\u003cData Name=\"UtcTime\"\u003e2022-05-11 18:10:33.178\u003c/Data\u003e\u003cData Name=\"ProcessGuid\"\u003e{94325212-fc19-627b-00d8-ca0a80550000}\u003c/Data\u003e\u003cData Name=\"ProcessId\"\u003e17834\u003c/Data\u003e\u003cData Name=\"Image\"\u003e/usr/bin/whatis\u003c/Data\u003e\u003cData Name=\"User\"\u003enobody\u003c/Data\u003e\u003c/EventData\u003e\u003c/Event\u003e","HostIP":"192.168.2.5","ProcessName":"sysmon","MG":"00000000-0000-0000-0000-000000000002","Type":"Syslog","_ResourceId":"/subscriptions/redacted/resourcegroups/redacted/providers/microsoft.compute/virtualmachines/ubuntu5"}
{"TenantId":"redacted","SourceSystem":"Linux","TimeGenerated":"2022-05-11T18:10:33.173Z","Computer":"UBUNTU5","EventTime":"2022-05-11T18:10:33Z","Facility":"user","HostName":"UBUNTU5","SeverityLevel":"info","SyslogMessage":"\u003cEvent\u003e\u003cSystem\u003e\u003cProvider Name=\"Linux-Sysmon\" Guid=\"{ff032593-a8d3-4f13-b0d6-01fc615a0f97}\"/\u003e\u003cEventID\u003e5\u003c/EventID\u003e\u003cVersion\u003e3\u003c/Version\u003e\u003cLevel\u003e4\u003c/Level\u003e\u003cTask\u003e5\u003c/Task\u003e\u003cOpcode\u003e0\u003c/Opcode\u003e\u003cKeywords\u003e0x8000000000000000\u003c/Keywords\u003e\u003cTimeCreated SystemTime=\"2022-05-11T18:10:33.172464000Z\"/\u003e\u003cEventRecordID\u003e245837\u003c/EventRecordID\u003e\u003cCorrelation/\u003e\u003cExecution ProcessID=\"1590\" ThreadID=\"1590\"/\u003e\u003cChannel\u003eLinux-Sysmon/Operational\u003c/Channel\u003e\u003cComputer\u003eUBUNTU5\u003c/Computer\u003e\u003cSecurity UserId=\"0\"/\u003e\u003c/System\u003e\u003cEventData\u003e\u003cData Name=\"RuleName\"\u003e-\u003c/Data\u003e\u003cData Name=\"UtcTime\"\u003e2022-05-11 18:10:33.178\u003c/Data\u003e\u003cData Name=\"ProcessGuid\"\u003e{94325212-fc19-627b-3082-f9e733560000}\u003c/Data\u003e\u003cData Name=\"ProcessId\"\u003e17833\u003c/Data\u003e\u003cData Name=\"Image\"\u003e/usr/bin/man\u003c/Data\u003e\u003cData Name=\"User\"\u003enobody\u003c/Data\u003e\u003c/EventData\u003e\u003c/Event\u003e","HostIP":"192.168.2.5","ProcessName":"sysmon","MG":"00000000-0000-0000-0000-000000000002","Type":"Syslog","_ResourceId":"/subscriptions/redacted/resourcegroups/redacted/providers/microsoft.compute/virtualmachines/ubuntu5"}
{"TenantId":"redacted","SourceSystem":"Linux","TimeGenerated":"2022-05-11T18:10:33.177Z","Computer":"UBUNTU5","EventTime":"2022-05-11T18:10:33Z","Facility":"user","HostName":"UBUNTU5","SeverityLevel":"info","SyslogMessage":"\u003cEvent\u003e\u003cSystem\u003e\u003cProvider Name=\"Linux-Sysmon\" Guid=\"{ff032593-a8d3-4f13-b0d6-01fc615a0f97}\"/\u003e\u003cEventID\u003e1\u003c/EventID\u003e\u003cVersion\u003e5\u003c/Version\u003e\u003cLevel\u003e4\u003c/Level\u003e\u003cTask\u003e1\u003c/Task\u003e\u003cOpcode\u003e0\u003c/Opcode\u003e\u003cKeywords\u003e0x8000000000000000\u003c/Keywords\u003e\u003cTimeCreated SystemTime=\"2022-05-11T18:10:33.176373000Z\"/\u003e\u003cEventRecordID\u003e245838\u003c/EventRecordID\u003e\u003cCorrelation/\u003e\u003cExecution ProcessID=\"1590\" ThreadID=\"1590\"/\u003e\u003cChannel\u003eLinux-Sysmon/Operational\u003c/Channel\u003e\u003cComputer\u003eUBUNTU5\u003c/Computer\u003e\u003cSecurity UserId=\"0\"/\u003e\u003c/System\u003e\u003cEventData\u003e\u003cData Name=\"RuleName\"\u003e-\u003c/Data\u003e\u003cData Name=\"UtcTime\"\u003e2022-05-11 18:10:33.179\u003c/Data\u003e\u003cData Name=\"ProcessGuid\"\u003e{94325212-fc19-627b-7031-b8a185550000}\u003c/Data\u003e\u003cData Name=\"ProcessId\"\u003e17835\u003c/Data\u003e\u003cData Name=\"Image\"\u003e/usr/bin/dpkg\u003c/Data\u003e\u003cData Name=\"FileVersion\"\u003e-\u003c/Data\u003e\u003cData Name=\"Description\"\u003e-\u003c/Data\u003e\u003cData Name=\"Product\"\u003e-\u003c/Data\u003e\u003cData Name=\"Company\"\u003e-\u003c/Data\u003e\u003cData Name=\"OriginalFileName\"\u003e-\u003c/Data\u003e\u003cData Name=\"CommandLine\"\u003e/usr/bin/dpkg -S /usr/bin/whoami\u003c/Data\u003e\u003cData Name=\"CurrentDirectory\"\u003e/\u003c/Data\u003e\u003cData Name=\"User\"\u003enobody\u003c/Data\u003e\u003cData Name=\"LogonGuid\"\u003e{94325212-0000-0000-feff-000000000000}\u003c/Data\u003e\u003cData Name=\"LogonId\"\u003e65534\u003c/Data\u003e\u003cData Name=\"TerminalSessionId\"\u003e4294967295\u003c/Data\u003e\u003cData Name=\"IntegrityLevel\"\u003eno level\u003c/Data\u003e\u003cData Name=\"Hashes\"\u003e-\u003c/Data\u003e\u003cData Name=\"ParentProcessGuid\"\u003e{94325212-f5bb-627b-cac7-5e0000000000}\u003c/Data\u003e\u003cData Name=\"ParentProcessId\"\u003e2813\u003c/Data\u003e\u003cData Name=\"ParentImage\"\u003e/opt/microsoft/dependency-agent/bin/microsoft-dependency-agent\u003c/Data\u003e\u003cData Name=\"ParentCommandLine\"\u003e/opt/microsoft/dependency-agent/bin/microsoft-dependency-agent\u003c/Data\u003e\u003cData Name=\"ParentUser\"\u003eroot\u003c/Data\u003e\u003c/EventData\u003e\u003c/Event\u003e","HostIP":"192.168.2.5","ProcessName":"sysmon","MG":"00000000-0000-0000-0000-000000000002","Type":"Syslog","_ResourceId":"/subscriptions/redacted/resourcegroups/redacted/providers/microsoft.compute/virtualmachines/ubuntu5"}
{"TenantId":"redacted","SourceSystem":"Linux","TimeGenerated":"2022-05-11T18:10:33.18Z","Computer":"UBUNTU5","EventTime":"2022-05-11T18:10:33Z","Facility":"user","HostName":"UBUNTU5","SeverityLevel":"info","SyslogMessage":"\u003cEvent\u003e\u003cSystem\u003e\u003cProvider Name=\"Linux-Sysmon\" Guid=\"{ff032593-a8d3-4f13-b0d6-01fc615a0f97}\"/\u003e\u003cEventID\u003e1\u003c/EventID\u003e\u003cVersion\u003e5\u003c/Version\u003e\u003cLevel\u003e4\u003c/Level\u003e\u003cTask\u003e1\u003c/Task\u003e\u003cOpcode\u003e0\u003c/Opcode\u003e\u003cKeywords\u003e0x8000000000000000\u003c/Keywords\u003e\u003cTimeCreated SystemTime=\"2022-05-11T18:10:33.177998000Z\"/\u003e\u003cEventRecordID\u003e245839\u003c/EventRecordID\u003e\u003cCorrelation/\u003e\u003cExecution ProcessID=\"1590\" ThreadID=\"1590\"/\u003e\u003cChannel\u003eLinux-Sysmon/Operational\u003c/Channel\u003e\u003cComputer\u003eUBUNTU5\u003c/Computer\u003e\u003cSecurity UserId=\"0\"/\u003e\u003c/System\u003e\u003cEventData\u003e\u003cData Name=\"RuleName\"\u003e-\u003c/Data\u003e\u003cData Name=\"UtcTime\"\u003e2022-05-11 18:10:33.179\u003c/Data\u003e\u003cData Name=\"ProcessGuid\"\u003e{94325212-fc19-627b-a042-da2e11560000}\u003c/Data\u003e\u003cData Name=\"ProcessId\"\u003e17835\u003c/Data\u003e\u003cData Name=\"Image\"\u003e/usr/bin/dpkg-query\u003c/Data\u003e\u003cData Name=\"FileVersion\"\u003e-\u003c/Data\u003e\u003cData Name=\"Description\"\u003e-\u003c/Data\u003e\u003cData Name=\"Product\"\u003e-\u003c/Data\u003e\u003cData Name=\"Company\"\u003e-\u003c/Data\u003e\u003cData Name=\"OriginalFileName\"\u003e-\u003c/Data\u003e\u003cData Name=\"CommandLine\"\u003edpkg-query --search -- /usr/bin/whoami\u003c/Data\u003e\u003cData Name=\"CurrentDirectory\"\u003e/\u003c/Data\u003e\u003cData Name=\"User\"\u003enobody\u003c/Data\u003e\u003cData Name=\"LogonGuid\"\u003e{94325212-0000-0000-feff-000000000000}\u003c/Data\u003e\u003cData Name=\"LogonId\"\u003e65534\u003c/Data\u003e\u003cData Name=\"TerminalSessionId\"\u003e4294967295\u003c/Data\u003e\u003cData Name=\"IntegrityLevel\"\u003eno level\u003c/Data\u003e\u003cData Name=\"Hashes\"\u003e-\u003c/Data\u003e\u003cData Name=\"ParentProcessGuid\"\u003e{94325212-f5bb-627b-cac7-5e0000000000}\u003c/Data\u003e\u003cData Name=\"ParentProcessId\"\u003e2813\u003c/Data\u003e\u003cData Name=\"ParentImage\"\u003e/opt/microsoft/dependency-agent/bin/microsoft-dependency-agent\u003c/Data\u003e\u003cData Name=\"ParentCommandLine\"\u003e/opt/microsoft/dependency-agent/bin/microsoft-dependency-agent\u003c/Data\u003e\u003cData Name=\"ParentUser\"\u003eroot\u003c/Data\u003e\u003c/EventData\u003e\u003c/Event\u003e","HostIP":"192.168.2.5","ProcessName":"sysmon","MG":"00000000-0000-0000-0000-000000000002","Type":"Syslog","_ResourceId":"/subscriptions/redacted/resourcegroups/redacted/providers/microsoft.compute/virtualmachines/ubuntu5"}
{"TenantId":"redacted","SourceSystem":"Linux","TimeGenerated":"2022-05-11T18:10:33.247Z","Computer":"UBUNTU5","EventTime":"2022-05-11T18:10:33Z","Facility":"user","HostName":"UBUNTU5","SeverityLevel":"info","SyslogMessage":"\u003cEvent\u003e\u003cSystem\u003e\u003cProvider Name=\"Linux-Sysmon\" Guid=\"{ff032593-a8d3-4f13-b0d6-01fc615a0f97}\"/\u003e\u003cEventID\u003e5\u003c/EventID\u003e\u003cVersion\u003e3\u003c/Version\u003e\u003cLevel\u003e4\u003c/Level\u003e\u003cTask\u003e5\u003c/Task\u003e\u003cOpcode\u003e0\u003c/Opcode\u003e\u003cKeywords\u003e0x8000000000000000\u003c/Keywords\u003e\u003cTimeCreated SystemTime=\"2022-05-11T18:10:33.244751000Z\"/\u003e\u003cEventRecordID\u003e245840\u003c/EventRecordID\u003e\u003cCorrelation/\u003e\u003cExecution ProcessID=\"1590\" ThreadID=\"1590\"/\u003e\u003cChannel\u003eLinux-Sysmon/Operational\u003c/Channel\u003e\u003cComputer\u003eUBUNTU5\u003c/Computer\u003e\u003cSecurity UserId=\"0\"/\u003e\u003c/System\u003e\u003cEventData\u003e\u003cData Name=\"RuleName\"\u003e-\u003c/Data\u003e\u003cData Name=\"UtcTime\"\u003e2022-05-11 18:10:33.251\u003c/Data\u003e\u003cData Name=\"ProcessGuid\"\u003e{94325212-fc19-627b-a042-da2e11560000}\u003c/Data\u003e\u003cData Name=\"ProcessId\"\u003e17835\u003c/Data\u003e\u003cData Name=\"Image\"\u003e/usr/bin/dpkg-query\u003c/Data\u003e\u003cData Name=\"User\"\u003enobody\u003c/Data\u003e\u003c/EventData\u003e\u003c/Event\u003e","HostIP":"192.168.2.5","ProcessName":"sysmon","MG":"00000000-0000-0000-0000-000000000002","Type":"Syslog","_ResourceId":"/subscriptions/redacted/resourcegroups/redacted/providers/microsoft.compute/virtualmachines/ubuntu5"}
{"TenantId":"redacted","SourceSystem":"Linux","TimeGenerated":"2022-05-11T18:10:33.247Z","Computer":"UBUNTU5","EventTime":"2022-05-11T18:10:33Z","Facility":"user","HostName":"UBUNTU5","SeverityLevel":"info","SyslogMessage":"\u003cEvent\u003e\u003cSystem\u003e\u003cProvider Name=\"Linux-Sysmon\" Guid=\"{ff032593-a8d3-4f13-b0d6-01fc615a0f97}\"/\u003e\u003cEventID\u003e1\u003c/EventID\u003e\u003cVersion\u003e5\u003c/Version\u003e\u003cLevel\u003e4\u003c/Level\u003e\u003cTask\u003e1\u003c/Task\u003e\u003cOpcode\u003e0\u003c/Opcode\u003e\u003cKeywords\u003e0x8000000000000000\u003c/Keywords\u003e\u003cTimeCreated SystemTime=\"2022-05-11T18:10:33.246156000Z\"/\u003e\u003cEventRecordID\u003e245841\u003c/EventRecordID\u003e\u003cCorrelation/\u003e\u003cExecution ProcessID=\"1590\" ThreadID=\"1590\"/\u003e\u003cChannel\u003eLinux-Sysmon/Operational\u003c/Channel\u003e\u003cComputer\u003eUBUNTU5\u003c/Computer\u003e\u003cSecurity UserId=\"0\"/\u003e\u003c/System\u003e\u003cEventData\u003e\u003cData Name=\"RuleName\"\u003e-\u003c/Data\u003e\u003cData Name=\"UtcTime\"\u003e2022-05-11 18:10:33.251\u003c/Data\u003e\u003cData Name=\"ProcessGuid\"\u003e{94325212-fc19-627b-7041-6f6881550000}\u003c/Data\u003e\u003cData Name=\"ProcessId\"\u003e17836\u003c/Data\u003e\u003cData Name=\"Image\"\u003e/usr/bin/dpkg\u003c/Data\u003e\u003cData Name=\"FileVersion\"\u003e-\u003c/Data\u003e\u003cData Name=\"Description\"\u003e-\u003c/Data\u003e\u003cData Name=\"Product\"\u003e-\u003c/Data\u003e\u003cData Name=\"Company\"\u003e-\u003c/Data\u003e\u003cData Name=\"OriginalFileName\"\u003e-\u003c/Data\u003e\u003cData Name=\"CommandLine\"\u003e/usr/bin/dpkg -s coreutils\u003c/Data\u003e\u003cData Name=\"CurrentDirectory\"\u003e/\u003c/Data\u003e\u003cData Name=\"User\"\u003enobody\u003c/Data\u003e\u003cData Name=\"LogonGuid\"\u003e{94325212-0000-0000-feff-000000000000}\u003c/Data\u003e\u003cData Name=\"LogonId\"\u003e65534\u003c/Data\u003e\u003cData Name=\"TerminalSessionId\"\u003e4294967295\u003c/Data\u003e\u003cData Name=\"IntegrityLevel\"\u003eno level\u003c/Data\u003e\u003cData Name=\"Hashes\"\u003e-\u003c/Data\u003e\u003cData Name=\"ParentProcessGuid\"\u003e{94325212-f5bb-627b-cac7-5e0000000000}\u003c/Data\u003e\u003cData Name=\"ParentProcessId\"\u003e2813\u003c/Data\u003e\u003cData Name=\"ParentImage\"\u003e/opt/microsoft/dependency-agent/bin/microsoft-dependency-agent\u003c/Data\u003e\u003cData Name=\"ParentCommandLine\"\u003e/opt/microsoft/dependency-agent/bin/microsoft-dependency-agent\u003c/Data\u003e\u003cData Name=\"ParentUser\"\u003eroot\u003c/Data\u003e\u003c/EventData\u003e\u003c/Event\u003e","HostIP":"192.168.2.5","ProcessName":"sysmon","MG":"00000000-0000-0000-0000-000000000002","Type":"Syslog","_ResourceId":"/subscriptions/redacted/resourcegroups/redacted/providers/microsoft.compute/virtualmachines/ubuntu5"}
{"TenantId":"redacted","SourceSystem":"Linux","TimeGenerated":"2022-05-11T18:10:33.253Z","Computer":"UBUNTU5","EventTime":"2022-05-11T18:10:33Z","Facility":"user","HostName":"UBUNTU5","SeverityLevel":"info","SyslogMessage":"\u003cEvent\u003e\u003cSystem\u003e\u003cProvider Name=\"Linux-Sysmon\" Guid=\"{ff032593-a8d3-4f13-b0d6-01fc615a0f97}\"/\u003e\u003cEventID\u003e1\u003c/EventID\u003e\u003cVersion\u003e5\u003c/Version\u003e\u003cLevel\u003e4\u003c/Level\u003e\u003cTask\u003e1\u003c/Task\u003e\u003cOpcode\u003e0\u003c/Opcode\u003e\u003cKeywords\u003e0x8000000000000000\u003c/Keywords\u003e\u003cTimeCreated SystemTime=\"2022-05-11T18:10:33.250194000Z\"/\u003e\u003cEventRecordID\u003e245842\u003c/EventRecordID\u003e\u003cCorrelation/\u003e\u003cExecution ProcessID=\"1590\" ThreadID=\"1590\"/\u003e\u003cChannel\u003eLinux-Sysmon/Operational\u003c/Channel\u003e\u003cComputer\u003eUBUNTU5\u003c/Computer\u003e\u003cSecurity UserId=\"0\"/\u003e\u003c/System\u003e\u003cEventData\u003e\u003cData Name=\"RuleName\"\u003e-\u003c/Data\u003e\u003cData Name=\"UtcTime\"\u003e2022-05-11 18:10:33.251\u003c/Data\u003e\u003cData Name=\"ProcessGuid\"\u003e{94325212-fc19-627b-a0a2-bc5f23560000}\u003c/Data\u003e\u003cData Name=\"ProcessId\"\u003e17836\u003c/Data\u003e\u003cData Name=\"Image\"\u003e/usr/bin/dpkg-query\u003c/Data\u003e\u003cData Name=\"FileVersion\"\u003e-\u003c/Data\u003e\u003cData Name=\"Description\"\u003e-\u003c/Data\u003e\u003cData Name=\"Product\"\u003e-\u003c/Data\u003e\u003cData Name=\"Company\"\u003e-\u003c/Data\u003e\u003cData Name=\"OriginalFileName\"\u003e-\u003c/Data\u003e\u003cData Name=\"CommandLine\"\u003edpkg-query --status -- coreutils\u003c/Data\u003e\u003cData Name=\"CurrentDirectory\"\u003e/\u003c/Data\u003e\u003cData Name=\"User\"\u003enobody\u003c/Data\u003e\u003cData Name=\"LogonGuid\"\u003e{94325212-0000-0000-feff-000000000000}\u003c/Data\u003e\u003cData Name=\"LogonId\"\u003e65534\u003c/Data\u003e\u003cData Name=\"TerminalSessionId\"\u003e4294967295\u003c/Data\u003e\u003cData Name=\"IntegrityLevel\"\u003eno level\u003c/Data\u003e\u003cData Name=\"Hashes\"\u003e-\u003c/Data\u003e\u003cData Name=\"ParentProcessGuid\"\u003e{94325212-f5bb-627b-cac7-5e0000000000}\u003c/Data\u003e\u003cData Name=\"ParentProcessId\"\u003e2813\u003c/Data\u003e\u003cData Name=\"ParentImage\"\u003e/opt/microsoft/dependency-agent/bin/microsoft-dependency-agent\u003c/Data\u003e\u003cData Name=\"ParentCommandLine\"\u003e/opt/microsoft/dependency-agent/bin/microsoft-dependency-agent\u003c/Data\u003e\u003cData Name=\"ParentUser\"\u003eroot\u003c/Data\u003e\u003c/EventData\u003e\u003c/Event\u003e","HostIP":"192.168.2.5","ProcessName":"sysmon","MG":"00000000-0000-0000-0000-000000000002","Type":"Syslog","_ResourceId":"/subscriptions/redacted/resourcegroups/redacted/providers/microsoft.compute/virtualmachines/ubuntu5"}
{"TenantId":"redacted","SourceSystem":"Linux","TimeGenerated":"2022-05-11T18:10:33.27Z","Computer":"UBUNTU5","EventTime":"2022-05-11T18:10:33Z","Facility":"user","HostName":"UBUNTU5","SeverityLevel":"info","SyslogMessage":"\u003cEvent\u003e\u003cSystem\u003e\u003cProvider Name=\"Linux-Sysmon\" Guid=\"{ff032593-a8d3-4f13-b0d6-01fc615a0f97}\"/\u003e\u003cEventID\u003e5\u003c/EventID\u003e\u003cVersion\u003e3\u003c/Version\u003e\u003cLevel\u003e4\u003c/Level\u003e\u003cTask\u003e5\u003c/Task\u003e\u003cOpcode\u003e0\u003c/Opcode\u003e\u003cKeywords\u003e0x8000000000000000\u003c/Keywords\u003e\u003cTimeCreated SystemTime=\"2022-05-11T18:10:33.268316000Z\"/\u003e\u003cEventRecordID\u003e245843\u003c/EventRecordID\u003e\u003cCorrelation/\u003e\u003cExecution ProcessID=\"1590\" ThreadID=\"1590\"/\u003e\u003cChannel\u003eLinux-Sysmon/Operational\u003c/Channel\u003e\u003cComputer\u003eUBUNTU5\u003c/Computer\u003e\u003cSecurity UserId=\"0\"/\u003e\u003c/System\u003e\u003cEventData\u003e\u003cData Name=\"RuleName\"\u003e-\u003c/Data\u003e\u003cData Name=\"UtcTime\"\u003e2022-05-11 18:10:33.274\u003c/Data\u003e\u003cData Name=\"ProcessGuid\"\u003e{94325212-fc19-627b-a0a2-bc5f23560000}\u003c/Data\u003e\u003cData Name=\"ProcessId\"\u003e17836\u003c/Data\u003e\u003cData Name=\"Image\"\u003e/usr/bin/dpkg-query\u003c/Data\u003e\u003cData Name=\"User\"\u003enobody\u003c/Data\u003e\u003c/EventData\u003e\u003c/Event\u003e","HostIP":"192.168.2.5","ProcessName":"sysmon","MG":"00000000-0000-0000-0000-000000000002","Type":"Syslog","_ResourceId":"/subscriptions/redacted/resourcegroups/redacted/providers/microsoft.compute/virtualmachines/ubuntu5"}
{"TenantId":"redacted","SourceSystem":"Linux","TimeGenerated":"2022-05-11T18:10:33.32Z","Computer":"UBUNTU5","EventTime":"2022-05-11T18:10:33Z","Facility":"user","HostName":"UBUNTU5","SeverityLevel":"info","SyslogMessage":"\u003cEvent\u003e\u003cSystem\u003e\u003cProvider Name=\"Linux-Sysmon\" Guid=\"{ff032593-a8d3-4f13-b0d6-01fc615a0f97}\"/\u003e\u003cEventID\u003e5\u003c/EventID\u003e\u003cVersion\u003e3\u003c/Version\u003e\u003cLevel\u003e4\u003c/Level\u003e\u003cTask\u003e5\u003c/Task\u003e\u003cOpcode\u003e0\u003c/Opcode\u003e\u003cKeywords\u003e0x8000000000000000\u003c/Keywords\u003e\u003cTimeCreated SystemTime=\"2022-05-11T18:10:33.320571000Z\"/\u003e\u003cEventRecordID\u003e245844\u003c/EventRecordID\u003e\u003cCorrelation/\u003e\u003cExecution ProcessID=\"1590\" ThreadID=\"1590\"/\u003e\u003cChannel\u003eLinux-Sysmon/Operational\u003c/Channel\u003e\u003cComputer\u003eUBUNTU5\u003c/Computer\u003e\u003cSecurity UserId=\"0\"/\u003e\u003c/System\u003e\u003cEventData\u003e\u003cData Name=\"RuleName\"\u003e-\u003c/Data\u003e\u003cData Name=\"UtcTime\"\u003e2022-05-11 18:10:33.327\u003c/Data\u003e\u003cData Name=\"ProcessGuid\"\u003e{00000000-0000-0000-0000-000000000000}\u003c/Data\u003e\u003cData Name=\"ProcessId\"\u003e17837\u003c/Data\u003e\u003cData Name=\"Image\"\u003e\u0026lt unknown process\u0026gt \u003c/Data\u003e\u003cData Name=\"User\"\u003eroot\u003c/Data\u003e\u003c/EventData\u003e\u003c/Event\u003e","HostIP":"192.168.2.5","ProcessName":"sysmon","MG":"00000000-0000-0000-0000-000000000002","Type":"Syslog","_ResourceId":"/subscriptions/redacted/resourcegroups/redacted/providers/microsoft.compute/virtualmachines/ubuntu5"}
{"TenantId":"redacted","SourceSystem":"Linux","TimeGenerated":"2022-05-11T18:10:33.59Z","Computer":"UBUNTU5","EventTime":"2022-05-11T18:10:33Z","Facility":"user","HostName":"UBUNTU5","SeverityLevel":"info","SyslogMessage":"\u003cEvent\u003e\u003cSystem\u003e\u003cProvider Name=\"Linux-Sysmon\" Guid=\"{ff032593-a8d3-4f13-b0d6-01fc615a0f97}\"/\u003e\u003cEventID\u003e5\u003c/EventID\u003e\u003cVersion\u003e3\u003c/Version\u003e\u003cLevel\u003e4\u003c/Level\u003e\u003cTask\u003e5\u003c/Task\u003e\u003cOpcode\u003e0\u003c/Opcode\u003e\u003cKeywords\u003e0x8000000000000000\u003c/Keywords\u003e\u003cTimeCreated SystemTime=\"2022-05-11T18:10:33.588701000Z\"/\u003e\u003cEventRecordID\u003e245845\u003c/EventRecordID\u003e\u003cCorrelation/\u003e\u003cExecution ProcessID=\"1590\" ThreadID=\"1590\"/\u003e\u003cChannel\u003eLinux-Sysmon/Operational\u003c/Channel\u003e\u003cComputer\u003eUBUNTU5\u003c/Computer\u003e\u003cSecurity UserId=\"0\"/\u003e\u003c/System\u003e\u003cEventData\u003e\u003cData Name=\"RuleName\"\u003e-\u003c/Data\u003e\u003cData Name=\"UtcTime\"\u003e2022-05-11 18:10:33.595\u003c/Data\u003e\u003cData Name=\"ProcessGuid\"\u003e{94325212-fc19-627b-0000-000000000000}\u003c/Data\u003e\u003cData Name=\"ProcessId\"\u003e17838\u003c/Data\u003e\u003cData Name=\"Image\"\u003e\u0026lt unknown process\u0026gt \u003c/Data\u003e\u003cData Name=\"User\"\u003eroot\u003c/Data\u003e\u003c/EventData\u003e\u003c/Event\u003e","HostIP":"192.168.2.5","ProcessName":"sysmon","MG":"00000000-0000-0000-0000-000000000002","Type":"Syslog","_ResourceId":"/subscriptions/redacted/resourcegroups/redacted/providers/microsoft.compute/virtualmachines/ubuntu5"}
