{"TenantId":"redacted","SourceSystem":"Linux","TimeGenerated":"2022-05-11T18:10:22.207Z","Computer":"UBUNTU5","EventTime":"2022-05-11T18:10:22Z","Facility":"user","HostName":"UBUNTU5","SeverityLevel":"info","SyslogMessage":"\u003cEvent\u003e\u003cSystem\u003e\u003cProvider Name=\"Linux-Sysmon\" Guid=\"{ff032593-a8d3-4f13-b0d6-01fc615a0f97}\"/\u003e\u003cEventID\u003e5\u003c/EventID\u003e\u003cVersion\u003e3\u003c/Version\u003e\u003cLevel\u003e4\u003c/Level\u003e\u003cTask\u003e5\u003c/Task\u003e\u003cOpcode\u003e0\u003c/Opcode\u003e\u003cKeywords\u003e0x8000000000000000\u003c/Keywords\u003e\u003cTimeCreated SystemTime=\"2022-05-11T18:10:22.205420000Z\"/\u003e\u003cEventRecordID\u003e245800\u003c/EventRecordID\u003e\u003cCorrelation/\u003e\u003cExecution ProcessID=\"1590\" ThreadID=\"1590\"/\u003e\u003cChannel\u003eLinux-Sysmon/Operational\u003c/Channel\u003e\u003cComputer\u003eUBUNTU5\u003c/Computer\u003e\u003cSecurity UserId=\"0\"/\u003e\u003c/System\u003e\u003cEventData\u003e\u003cData Name=\"RuleName\"\u003e-\u003c/Data\u003e\u003cData Name=\"UtcTime\"\u003e2022-05-11 18:10:22.212\u003c/Data\u003e\u003cData Name=\"ProcessGuid\"\u003e{94325212-fc0e-627b-e8d8-49ab03560000}\u003c/Data\u003e\u003cData Name=\"ProcessId\"\u003e17816\u003c/Data\u003e\u003cData Name=\"Image\"\u003e/usr/bin/dirname\u003c/Data\u003e\u003cData Name=\"User\"\u003etomcat\u003c/Data\u003e\u003c/EventData\u003e\u003c/Event\u003e","HostIP":"192.168.2.5","ProcessName":"sysmon","MG":"00000000-0000-0000-0000-000000000002","Type":"Syslog","_ResourceId":"/subscriptions/redacted/resourcegroups/redacted/providers/microsoft.compute/virtualmachines/ubuntu5"}
{"TenantId":"redacted","SourceSystem":"Linux","TimeGenerated":"2022-05-11T18:10:22.207Z","Computer":"UBUNTU5","EventTime":"2022-05-11T18:10:22Z","Facility":"user","HostName":"UBUNTU5","SeverityLevel":"info","SyslogMessage":"\u003cEvent\u003e\u003cSystem\u003e\u003cProvider Name=\"Linux-Sysmon\" Guid=\"{ff032593-a8d3-4f13-b0d6-01fc615a0f97}\"/\u003e\u003cEventID\u003e5\u003c/EventID\u003e\u003cVersion\u003e3\u003c/Version\u003e\u003cLevel\u003e4\u003c/Level\u003e\u003cTask\u003e5\u003c/Task\u003e\u003cOpcode\u003e0\u003c/Opcode\u003e\u003cKeywords\u003e0x8000000000000000\u003c/Keywords\u003e\u003cTimeCreated SystemTime=\"2022-05-11T18:10:22.206303000Z\"/\u003e\u003cEventRecordID\u003e245801\u003c/EventRecordID\u003e\u003cCorrelation/\u003e\u003cExecution ProcessID=\"1590\" ThreadID=\"1590\"/\u003e\u003cChannel\u003eLinux-Sysmon/Operational\u003c/Channel\u003e\u003cComputer\u003eUBUNTU5\u003c/Computer\u003e\u003cSecurity UserId=\"0\"/\u003e\u003c/System\u003e\u003cEventData\u003e\u003cData Name=\"RuleName\"\u003e-\u003c/Data\u003e\u003cData Name=\"UtcTime\"\u003e2022-05-11 18:10:22.212\u003c/Data\u003e\u003cData Name=\"ProcessGuid\"\u003e{94325212-fc0e-627b-0000-000000000000}\u003c/Data\u003e\u003cData Name=\"ProcessId\"\u003e17815\u003c/Data\u003e\u003cData Name=\"Image\"\u003e\u0026lt unknown process\u0026gt \u003c/Data\u003e\u003cData Name=\"User\"\u003etomcat\u003c/Data\u003e\u003c/EventData\u003e\u003c/Event\u003e","HostIP":"192.168.2.5","ProcessName":"sysmon","MG":"00000000-0000-0000-0000-000000000002","Type":"Syslog","_ResourceId":"/subscriptions/redacted/resourcegroups/redacted/providers/microsoft.compute/virtualmachines/ubuntu5"}
{"TenantId":"redacted","SourceSystem":"Linux","TimeGenerated":"2022-05-11T18:10:22.207Z","Computer":"UBUNTU5","EventTime":"2022-05-11T18:10:22Z","Facility":"user","HostName":"UBUNTU5","SeverityLevel":"info","SyslogMessage":"\u003cEvent\u003e\u003cSystem\u003e\u003cProvider Name=\"Linux-Sysmon\" Guid=\"{ff032593-a8d3-4f13-b0d6-01fc615a0f97}\"/\u003e\u003cEventID\u003e5\u003c/EventID\u003e\u003cVersion\u003e3\u003c/Version\u003e\u003cLevel\u003e4\u003c/Level\u003e\u003cTask\u003e5\u003c/Task\u003e\u003cOpcode\u003e0\u003c/Opcode\u003e\u003cKeywords\u003e0x8000000000000000\u003c/Keywords\u003e\u003cTimeCreated SystemTime=\"2022-05-11T18:10:22.207931000Z\"/\u003e\u003cEventRecordID\u003e245803\u003c/EventRecordID\u003e\u003cCorrelation/\u003e\u003cExecution ProcessID=\"1590\" ThreadID=\"1590\"/\u003e\u003cChannel\u003eLinux-Sysmon/Operational\u003c/Channel\u003e\u003cComputer\u003eUBUNTU5\u003c/Computer\u003e\u003cSecurity UserId=\"0\"/\u003e\u003c/System\u003e\u003cEventData\u003e\u003cData Name=\"RuleName\"\u003e-\u003c/Data\u003e\u003cData Name=\"UtcTime\"\u003e2022-05-11 18:10:22.214\u003c/Data\u003e\u003cData Name=\"ProcessGuid\"\u003e{94325212-fc0e-627b-0000-000000000000}\u003c/Data\u003e\u003cData Name=\"ProcessId\"\u003e17812\u003c/Data\u003e\u003cData Name=\"Image\"\u003e\u0026lt unknown process\u0026gt \u003c/Data\u003e\u003cData Name=\"User\"\u003etomcat\u003c/Data\u003e\u003c/EventData\u003e\u003c/Event\u003e","HostIP":"192.168.2.5","ProcessName":"sysmon","MG":"00000000-0000-0000-0000-000000000002","Type":"Syslog","_ResourceId":"/subscriptions/redacted/resourcegroups/redacted/providers/microsoft.compute/virtualmachines/ubuntu5"}
{"TenantId":"redacted","SourceSystem":"Linux","TimeGenerated":"2022-05-11T18:10:22.207Z","Computer":"UBUNTU5","EventTime":"2022-05-11T18:10:22Z","Facility":"user","HostName":"UBUNTU5","SeverityLevel":"info","SyslogMessage":"\u003cEvent\u003e\u003cSystem\u003e\u003cProvider Name=\"Linux-Sysmon\" Guid=\"{ff032593-a8d3-4f13-b0d6-01fc615a0f97}\"/\u003e\u003cEventID\u003e5\u003c/EventID\u003e\u003cVersion\u003e3\u003c/Version\u003e\u003cLevel\u003e4\u003c/Level\u003e\u003cTask\u003e5\u003c/Task\u003e\u003cOpcode\u003e0\u003c/Opcode\u003e\u003cKeywords\u003e0x8000000000000000\u003c/Keywords\u003e\u003cTimeCreated SystemTime=\"2022-05-11T18:10:22.206820000Z\"/\u003e\u003cEventRecordID\u003e245802\u003c/EventRecordID\u003e\u003cCorrelation/\u003e\u003cExecution ProcessID=\"1590\" ThreadID=\"1590\"/\u003e\u003cChannel\u003eLinux-Sysmon/Operational\u003c/Channel\u003e\u003cComputer\u003eUBUNTU5\u003c/Computer\u003e\u003cSecurity UserId=\"0\"/\u003e\u003c/System\u003e\u003cEventData\u003e\u003cData Name=\"RuleName\"\u003e-\u003c/Data\u003e\u003cData Name=\"UtcTime\"\u003e2022-05-11 18:10:22.213\u003c/Data\u003e\u003cData Name=\"ProcessGuid\"\u003e{94325212-fc0e-627b-6842-292258550000}\u003c/Data\u003e\u003cData Name=\"ProcessId\"\u003e17813\u003c/Data\u003e\u003cData Name=\"Image\"\u003e/bin/dash\u003c/Data\u003e\u003cData Name=\"User\"\u003etomcat\u003c/Data\u003e\u003c/EventData\u003e\u003c/Event\u003e","HostIP":"192.168.2.5","ProcessName":"sysmon","MG":"00000000-0000-0000-0000-000000000002","Type":"Syslog","_ResourceId":"/subscriptions/redacted/resourcegroups/redacted/providers/microsoft.compute/virtualmachines/ubuntu5"}
{"TenantId":"redacted","SourceSystem":"Linux","TimeGenerated":"2022-05-11T18:10:22.217Z","Computer":"UBUNTU5","EventTime":"2022-05-11T18:10:22Z","Facility":"user","HostName":"UBUNTU5","SeverityLevel":"info","SyslogMessage":"\u003cEvent\u003e\u003cSystem\u003e\u003cProvider Name=\"Linux-Sysmon\" Guid=\"{ff032593-a8d3-4f13-b0d6-01fc615a0f97}\"/\u003e\u003cEventID\u003e5\u003c/EventID\u003e\u003cVersion\u003e3\u003c/Version\u003e\u003cLevel\u003e4\u003c/Level\u003e\u003cTask\u003e5\u003c/Task\u003e\u003cOpcode\u003e0\u003c/Opcode\u003e\u003cKeywords\u003e0x8000000000000000\u003c/Keywords\u003e\u003cTimeCreated SystemTime=\"2022-05-11T18:10:22.218100000Z\"/\u003e\u003cEventRecordID\u003e245804\u003c/EventRecordID\u003e\u003cCorrelation/\u003e\u003cExecution ProcessID=\"1590\" ThreadID=\"1590\"/\u003e\u003cChannel\u003eLinux-Sysmon/Operational\u003c/Channel\u003e\u003cComputer\u003eUBUNTU5\u003c/Computer\u003e\u003cSecurity UserId=\"0\"/\u003e\u003c/System\u003e\u003cEventData\u003e\u003cData Name=\"RuleName\"\u003e-\u003c/Data\u003e\u003cData Name=\"UtcTime\"\u003e2022-05-11 18:10:22.224\u003c/Data\u003e\u003cData Name=\"ProcessGuid\"\u003e{94325212-fc0e-627b-4839-1a0e78550000}\u003c/Data\u003e\u003cData Name=\"ProcessId\"\u003e17818\u003c/Data\u003e\u003cData Name=\"Image\"\u003e/usr/bin/dircolors\u003c/Data\u003e\u003cData Name=\"User\"\u003etomcat\u003c/Data\u003e\u003c/EventData\u003e\u003c/Event\u003e","HostIP":"192.168.2.5","ProcessName":"sysmon","MG":"00000000-0000-0000-0000-000000000002","Type":"Syslog","_ResourceId":"/subscriptions/redacted/resourcegroups/redacted/providers/microsoft.compute/virtualmachines/ubuntu5"}
{"TenantId":"redacted","SourceSystem":"Linux","TimeGenerated":"2022-05-11T18:10:22.22Z","Computer":"UBUNTU5","EventTime":"2022-05-11T18:10:22Z","Facility":"user","HostName":"UBUNTU5","SeverityLevel":"info","SyslogMessage":"\u003cEvent\u003e\u003cSystem\u003e\u003cProvider Name=\"Linux-Sysmon\" Guid=\"{ff032593-a8d3-4f13-b0d6-01fc615a0f97}\"/\u003e\u003cEventID\u003e5\u003c/EventID\u003e\u003cVersion\u003e3\u003c/Version\u003e\u003cLevel\u003e4\u003c/Level\u003e\u003cTask\u003e5\u003c/Task\u003e\u003cOpcode\u003e0\u003c/Opcode\u003e\u003cKeywords\u003e0x8000000000000000\u003c/Keywords\u003e\u003cTimeCreated SystemTime=\"2022-05-11T18:10:22.219223000Z\"/\u003e\u003cEventRecordID\u003e245805\u003c/EventRecordID\u003e\u003cCorrelation/\u003e\u003cExecution ProcessID=\"1590\" ThreadID=\"1590\"/\u003e\u003cChannel\u003eLinux-Sysmon/Operational\u003c/Channel\u003e\u003cComputer\u003eUBUNTU5\u003c/Computer\u003e\u003cSecurity UserId=\"0\"/\u003e\u003c/System\u003e\u003cEventData\u003e\u003cData Name=\"RuleName\"\u003e-\u003c/Data\u003e\u003cData Name=\"UtcTime\"\u003e2022-05-11 18:10:22.225\u003c/Data\u003e\u003cData Name=\"ProcessGuid\"\u003e{94325212-fc0e-627b-0000-000000000000}\u003c/Data\u003e\u003cData Name=\"ProcessId\"\u003e17817\u003c/Data\u003e\u003cData Name=\"Image\"\u003e\u0026lt unknown process\u0026gt \u003c/Data\u003e\u003cData Name=\"User\"\u003etomcat\u003c/Data\u003e\u003c/EventData\u003e\u003c/Event\u003e","HostIP":"192.168.2.5","ProcessName":"sysmon","MG":"00000000-0000-0000-0000-000000000002","Type":"Syslog","_ResourceId":"/subscriptions/redacted/resourcegroups/redacted/providers/microsoft.compute/virtualmachines/ubuntu5"}
{"TenantId":"redacted","SourceSystem":"Linux","TimeGenerated":"2022-05-11T18:10:22.233Z","Computer":"UBUNTU5","EventTime":"2022-05-11T18:10:22Z","Facility":"user","HostName":"UBUNTU5","SeverityLevel":"info","SyslogMessage":"\u003cEvent\u003e\u003cSystem\u003e\u003cProvider Name=\"Linux-Sysmon\" Guid=\"{ff032593-a8d3-4f13-b0d6-01fc615a0f97}\"/\u003e\u003cEventID\u003e5\u003c/EventID\u003e\u003cVersion\u003e3\u003c/Version\u003e\u003cLevel\u003e4\u003c/Level\u003e\u003cTask\u003e5\u003c/Task\u003e\u003cOpcode\u003e0\u003c/Opcode\u003e\u003cKeywords\u003e0x8000000000000000\u003c/Keywords\u003e\u003cTimeCreated SystemTime=\"2022-05-11T18:10:22.232040000Z\"/\u003e\u003cEventRecordID\u003e245806\u003c/EventRecordID\u003e\u003cCorrelation/\u003e\u003cExecution ProcessID=\"1590\" ThreadID=\"1590\"/\u003e\u003cChannel\u003eLinux-Sysmon/Operational\u003c/Channel\u003e\u003cComputer\u003eUBUNTU5\u003c/Computer\u003e\u003cSecurity UserId=\"0\"/\u003e\u003c/System\u003e\u003cEventData\u003e\u003cData Name=\"RuleName\"\u003e-\u003c/Data\u003e\u003cData Name=\"UtcTime\"\u003e2022-05-11 18:10:22.238\u003c/Data\u003e\u003cData Name=\"ProcessGuid\"\u003e{94325212-fc0e-627b-a042-6bccf0550000}\u003c/Data\u003e\u003cData Name=\"ProcessId\"\u003e17809\u003c/Data\u003e\u003cData Name=\"Image\"\u003e/usr/bin/dpkg-query\u003c/Data\u003e\u003cData Name=\"User\"\u003enobody\u003c/Data\u003e\u003c/EventData\u003e\u003c/Event\u003e","HostIP":"192.168.2.5","ProcessName":"sysmon","MG":"00000000-0000-0000-0000-000000000002","Type":"Syslog","_ResourceId":"/subscriptions/redacted/resourcegroups/redacted/providers/microsoft.compute/virtualmachines/ubuntu5"}
{"TenantId":"redacted","SourceSystem":"Linux","TimeGenerated":"2022-05-11T18:10:22.987Z","Computer":"UBUNTU5","EventTime":"2022-05-11T18:10:22Z","Facility":"user","HostName":"UBUNTU5","SeverityLevel":"info","SyslogMessage":"\u003cEvent\u003e\u003cSystem\u003e\u003cProvider Name=\"Linux-Sysmon\" Guid=\"{ff032593-a8d3-4f13-b0d6-01fc615a0f97}\"/\u003e\u003cEventID\u003e5\u003c/EventID\u003e\u003cVersion\u003e3\u003c/Version\u003e\u003cLevel\u003e4\u003c/Level\u003e\u003cTask\u003e5\u003c/Task\u003e\u003cOpcode\u003e0\u003c/Opcode\u003e\u003cKeywords\u003e0x8000000000000000\u003c/Keywords\u003e\u003cTimeCreated SystemTime=\"2022-05-11T18:10:22.986858000Z\"/\u003e\u003cEventRecordID\u003e245807\u003c/EventRecordID\u003e\u003cCorrelation/\u003e\u003cExecution ProcessID=\"1590\" ThreadID=\"1590\"/\u003e\u003cChannel\u003eLinux-Sysmon/Operational\u003c/Channel\u003e\u003cComputer\u003eUBUNTU5\u003c/Computer\u003e\u003cSecurity UserId=\"0\"/\u003e\u003c/System\u003e\u003cEventData\u003e\u003cData Name=\"RuleName\"\u003e-\u003c/Data\u003e\u003cData Name=\"UtcTime\"\u003e2022-05-11 18:10:22.993\u003c/Data\u003e\u003cData Name=\"ProcessGuid\"\u003e{94325212-f5ac-627b-0cfd-f3c993550000}\u003c/Data\u003e\u003cData Name=\"ProcessId\"\u003e2030\u003c/Data\u003e\u003cData Name=\"Image\"\u003e/opt/microsoft/omsagent/ruby/bin/ruby\u003c/Data\u003e\u003cData Name=\"User\"\u003eomsagent\u003c/Data\u003e\u003c/EventData\u003e\u003c/Event\u003e","HostIP":"192.168.2.5","ProcessName":"sysmon","MG":"00000000-0000-0000-0000-000000000002","Type":"Syslog","_ResourceId":"/subscriptions/redacted/resourcegroups/redacted/providers/microsoft.compute/virtualmachines/ubuntu5"}
{"TenantId":"redacted","SourceSystem":"Linux","TimeGenerated":"2022-05-11T18:10:23.237Z","Computer":"UBUNTU5","EventTime":"2022-05-11T18:10:23Z","Facility":"user","HostName":"UBUNTU5","SeverityLevel":"info","SyslogMessage":"\u003cEvent\u003e\u003cSystem\u003e\u003cProvider Name=\"Linux-Sysmon\" Guid=\"{ff032593-a8d3-4f13-b0d6-01fc615a0f97}\"/\u003e\u003cEventID\u003e1\u003c/EventID\u003e\u003cVersion\u003e5\u003c/Version\u003e\u003cLevel\u003e4\u003c/Level\u003e\u003cTask\u003e1\u003c/Task\u003e\u003cOpcode\u003e0\u003c/Opcode\u003e\u003cKeywords\u003e0x8000000000000000\u003c/Keywords\u003e\u003cTimeCreated SystemTime=\"2022-05-11T18:10:23.236355000Z\"/\u003e\u003cEventRecordID\u003e245808\u003c/EventRecordID\u003e\u003cCorrelation/\u003e\u003cExecution ProcessID=\"1590\" ThreadID=\"1590\"/\u003e\u003cChannel\u003eLinux-Sysmon/Operational\u003c/Channel\u003e\u003cComputer\u003eUBUNTU5\u003c/Computer\u003e\u003cSecurity UserId=\"0\"/\u003e\u003c/System\u003e\u003cEventData\u003e\u003cData Name=\"RuleName\"\u003e-\u003c/Data\u003e\u003cData Name=\"UtcTime\"\u003e2022-05-11 18:10:23.239\u003c/Data\u003e\u003cData Name=\"ProcessGuid\"\u003e{94325212-fc0f-627b-70a1-c04866550000}\u003c/Data\u003e\u003cData Name=\"ProcessId\"\u003e17819\u003c/Data\u003e\u003cData Name=\"Image\"\u003e/usr/bin/dpkg\u003c/Data\u003e\u003cData Name=\"FileVersion\"\u003e-\u003c/Data\u003e\u003cData Name=\"Description\"\u003e-\u003c/Data\u003e\u003cData Name=\"Product\"\u003e-\u003c/Data\u003e\u003cData Name=\"Company\"\u003e-\u003c/Data\u003e\u003cData Name=\"OriginalFileName\"\u003e-\u003c/Data\u003e\u003cData Name=\"CommandLine\"\u003e/usr/bin/dpkg -s bash\u003c/Data\u003e\u003cData Name=\"CurrentDirectory\"\u003e/\u003c/Data\u003e\u003cData Name=\"User\"\u003enobody\u003c/Data\u003e\u003cData Name=\"LogonGuid\"\u003e{94325212-0000-0000-feff-000000000000}\u003c/Data\u003e\u003cData Name=\"LogonId\"\u003e65534\u003c/Data\u003e\u003cData Name=\"TerminalSessionId\"\u003e4294967295\u003c/Data\u003e\u003cData Name=\"IntegrityLevel\"\u003eno level\u003c/Data\u003e\u003cData Name=\"Hashes\"\u003e-\u003c/Data\u003e\u003cData Name=\"ParentProcessGuid\"\u003e{94325212-f5bb-627b-cac7-5e0000000000}\u003c/Data\u003e\u003cData Name=\"ParentProcessId\"\u003e2813\u003c/Data\u003e\u003cData Name=\"ParentImage\"\u003e/opt/microsoft/dependency-agent/bin/microsoft-dependency-agent\u003c/Data\u003e\u003cData Name=\"ParentCommandLine\"\u003e/opt/microsoft/dependency-agent/bin/microsoft-dependency-agent\u003c/Data\u003e\u003cData Name=\"ParentUser\"\u003eroot\u003c/Data\u003e\u003c/EventData\u003e\u003c/Event\u003e","HostIP":"192.168.2.5","ProcessName":"sysmon","MG":"00000000-0000-0000-0000-000000000002","Type":"Syslog","_ResourceId":"/subscriptions/redacted/resourcegroups/redacted/providers/microsoft.compute/virtualmachines/ubuntu5"}
{"TenantId":"redacted","SourceSystem":"Linux","TimeGenerated":"2022-05-11T18:10:23.24Z","Computer":"UBUNTU5","EventTime":"2022-05-11T18:10:23Z","Facility":"user","HostName":"UBUNTU5","SeverityLevel":"info","SyslogMessage":"\u003cEvent\u003e\u003cSystem\u003e\u003cProvider Name=\"Linux-Sysmon\" Guid=\"{ff032593-a8d3-4f13-b0d6-01fc615a0f97}\"/\u003e\u003cEventID\u003e1\u003c/EventID\u003e\u003cVersion\u003e5\u003c/Version\u003e\u003cLevel\u003e4\u003c/Level\u003e\u003cTask\u003e1\u003c/Task\u003e\u003cOpcode\u003e0\u003c/Opcode\u003e\u003cKeywords\u003e0x8000000000000000\u003c/Keywords\u003e\u003cTimeCreated SystemTime=\"2022-05-11T18:10:23.237731000Z\"/\u003e\u003cEventRecordID\u003e245809\u003c/EventRecordID\u003e\u003cCorrelation/\u003e\u003cExecution ProcessID=\"1590\" ThreadID=\"1590\"/\u003e\u003cChannel\u003eLinux-Sysmon/Operational\u003c/Channel\u003e\u003cComputer\u003eUBUNTU5\u003c/Computer\u003e\u003cSecurity UserId=\"0\"/\u003e\u003c/System\u003e\u003cEventData\u003e\u003cData Name=\"RuleName\"\u003e-\u003c/Data\u003e\u003cData Name=\"UtcTime\"\u003e2022-05-11 18:10:23.239\u003c/Data\u003e\u003cData Name=\"ProcessGuid\"\u003e{94325212-fc0f-627b-a052-61bbb6550000}\u003c/Data\u003e\u003cData Name=\"ProcessId\"\u003e17819\u003c/Data\u003e\u003cData Name=\"Image\"\u003e/usr/bin/dpkg-query\u003c/Data\u003e\u003cData Name=\"FileVersion\"\u003e-\u003c/Data\u003e\u003cData Name=\"Description\"\u003e-\u003c/Data\u003e\u003cData Name=\"Product\"\u003e-\u003c/Data\u003e\u003cData Name=\"Company\"\u003e-\u003c/Data\u003e\u003cData Name=\"OriginalFileName\"\u003e-\u003c/Data\u003e\u003cData Name=\"CommandLine\"\u003edpkg-query --status -- bash\u003c/Data\u003e\u003cData Name=\"CurrentDirectory\"\u003e/\u003c/Data\u003e\u003cData Name=\"User\"\u003enobody\u003c/Data\u003e\u003cData Name=\"LogonGuid\"\u003e{94325212-0000-0000-feff-000000000000}\u003c/Data\u003e\u003cData Name=\"LogonId\"\u003e65534\u003c/Data\u003e\u003cData Name=\"TerminalSessionId\"\u003e4294967295\u003c/Data\u003e\u003cData Name=\"IntegrityLevel\"\u003eno level\u003c/Data\u003e\u003cData Name=\"Hashes\"\u003e-\u003c/Data\u003e\u003cData Name=\"ParentProcessGuid\"\u003e{94325212-f5bb-627b-cac7-5e0000000000}\u003c/Data\u003e\u003cData Name=\"ParentProcessId\"\u003e2813\u003c/Data\u003e\u003cData Name=\"ParentImage\"\u003e/opt/microsoft/dependency-agent/bin/microsoft-dependency-agent\u003c/Data\u003e\u003cData Name=\"ParentCommandLine\"\u003e/opt/microsoft/dependency-agent/bin/microsoft-dependency-agent\u003c/Data\u003e\u003cData Name=\"ParentUser\"\u003eroot\u003c/Data\u003e\u003c/EventData\u003e\u003c/Event\u003e","HostIP":"192.168.2.5","ProcessName":"sysmon","MG":"00000000-0000-0000-0000-000000000002","Type":"Syslog","_ResourceId":"/subscriptions/redacted/resourcegroups/redacted/providers/microsoft.compute/virtualmachines/ubuntu5"}
{"TenantId":"redacted","SourceSystem":"Linux","TimeGenerated":"2022-05-11T18:10:23.257Z","Computer":"UBUNTU5","EventTime":"2022-05-11T18:10:23Z","Facility":"user","HostName":"UBUNTU5","SeverityLevel":"info","SyslogMessage":"\u003cEvent\u003e\u003cSystem\u003e\u003cProvider Name=\"Linux-Sysmon\" Guid=\"{ff032593-a8d3-4f13-b0d6-01fc615a0f97}\"/\u003e\u003cEventID\u003e5\u003c/EventID\u003e\u003cVersion\u003e3\u003c/Version\u003e\u003cLevel\u003e4\u003c/Level\u003e\u003cTask\u003e5\u003c/Task\u003e\u003cOpcode\u003e0\u003c/Opcode\u003e\u003cKeywords\u003e0x8000000000000000\u003c/Keywords\u003e\u003cTimeCreated SystemTime=\"2022-05-11T18:10:23.258358000Z\"/\u003e\u003cEventRecordID\u003e245810\u003c/EventRecordID\u003e\u003cCorrelation/\u003e\u003cExecution ProcessID=\"1590\" ThreadID=\"1590\"/\u003e\u003cChannel\u003eLinux-Sysmon/Operational\u003c/Channel\u003e\u003cComputer\u003eUBUNTU5\u003c/Computer\u003e\u003cSecurity UserId=\"0\"/\u003e\u003c/System\u003e\u003cEventData\u003e\u003cData Name=\"RuleName\"\u003e-\u003c/Data\u003e\u003cData Name=\"UtcTime\"\u003e2022-05-11 18:10:23.264\u003c/Data\u003e\u003cData Name=\"ProcessGuid\"\u003e{94325212-fc0f-627b-a052-61bbb6550000}\u003c/Data\u003e\u003cData Name=\"ProcessId\"\u003e17819\u003c/Data\u003e\u003cData Name=\"Image\"\u003e/usr/bin/dpkg-query\u003c/Data\u003e\u003cData Name=\"User\"\u003enobody\u003c/Data\u003e\u003c/EventData\u003e\u003c/Event\u003e","HostIP":"192.168.2.5","ProcessName":"sysmon","MG":"00000000-0000-0000-0000-000000000002","Type":"Syslog","_ResourceId":"/subscriptions/redacted/resourcegroups/redacted/providers/microsoft.compute/virtualmachines/ubuntu5"}
{"TenantId":"redacted","SourceSystem":"Linux","TimeGenerated":"2022-05-11T18:10:23.32Z","Computer":"UBUNTU5","EventTime":"2022-05-11T18:10:23Z","Facility":"user","HostName":"UBUNTU5","SeverityLevel":"info","SyslogMessage":"\u003cEvent\u003e\u003cSystem\u003e\u003cProvider Name=\"Linux-Sysmon\" Guid=\"{ff032593-a8d3-4f13-b0d6-01fc615a0f97}\"/\u003e\u003cEventID\u003e5\u003c/EventID\u003e\u003cVersion\u003e3\u003c/Version\u003e\u003cLevel\u003e4\u003c/Level\u003e\u003cTask\u003e5\u003c/Task\u003e\u003cOpcode\u003e0\u003c/Opcode\u003e\u003cKeywords\u003e0x8000000000000000\u003c/Keywords\u003e\u003cTimeCreated SystemTime=\"2022-05-11T18:10:23.318771000Z\"/\u003e\u003cEventRecordID\u003e245811\u003c/EventRecordID\u003e\u003cCorrelation/\u003e\u003cExecution ProcessID=\"1590\" ThreadID=\"1590\"/\u003e\u003cChannel\u003eLinux-Sysmon/Operational\u003c/Channel\u003e\u003cComputer\u003eUBUNTU5\u003c/Computer\u003e\u003cSecurity UserId=\"0\"/\u003e\u003c/System\u003e\u003cEventData\u003e\u003cData Name=\"RuleName\"\u003e-\u003c/Data\u003e\u003cData Name=\"UtcTime\"\u003e2022-05-11 18:10:23.325\u003c/Data\u003e\u003cData Name=\"ProcessGuid\"\u003e{94325212-fc0f-627b-0000-000000000000}\u003c/Data\u003e\u003cData Name=\"ProcessId\"\u003e17820\u003c/Data\u003e\u003cData Name=\"Image\"\u003e\u0026lt unknown process\u0026gt \u003c/Data\u003e\u003cData Name=\"User\"\u003eroot\u003c/Data\u003e\u003c/EventData\u003e\u003c/Event\u003e","HostIP":"192.168.2.5","ProcessName":"sysmon","MG":"00000000-0000-0000-0000-000000000002","Type":"Syslog","_ResourceId":"/subscriptions/redacted/resourcegroups/redacted/providers/microsoft.compute/virtualmachines/ubuntu5"}
{"TenantId":"redacted","SourceSystem":"Linux","TimeGenerated":"2022-05-11T18:10:24.01Z","Computer":"UBUNTU5","EventTime":"2022-05-11T18:10:24Z","Facility":"user","HostName":"UBUNTU5","SeverityLevel":"info","SyslogMessage":"\u003cEvent\u003e\u003cSystem\u003e\u003cProvider Name=\"Linux-Sysmon\" Guid=\"{ff032593-a8d3-4f13-b0d6-01fc615a0f97}\"/\u003e\u003cEventID\u003e5\u003c/EventID\u003e\u003cVersion\u003e3\u003c/Version\u003e\u003cLevel\u003e4\u003c/Level\u003e\u003cTask\u003e5\u003c/Task\u003e\u003cOpcode\u003e0\u003c/Opcode\u003e\u003cKeywords\u003e0x8000000000000000\u003c/Keywords\u003e\u003cTimeCreated SystemTime=\"2022-05-11T18:10:24.008828000Z\"/\u003e\u003cEventRecordID\u003e245812\u003c/EventRecordID\u003e\u003cCorrelation/\u003e\u003cExecution ProcessID=\"1590\" ThreadID=\"1590\"/\u003e\u003cChannel\u003eLinux-Sysmon/Operational\u003c/Channel\u003e\u003cComputer\u003eUBUNTU5\u003c/Computer\u003e\u003cSecurity UserId=\"0\"/\u003e\u003c/System\u003e\u003cEventData\u003e\u003cData Name=\"RuleName\"\u003e-\u003c/Data\u003e\u003cData Name=\"UtcTime\"\u003e2022-05-11 18:10:24.012\u003c/Data\u003e\u003cData Name=\"ProcessGuid\"\u003e{94325212-f5ab-627b-b82f-f4ece2550000}\u003c/Data\u003e\u003cData Name=\"ProcessId\"\u003e2001\u003c/Data\u003e\u003cData Name=\"Image\"\u003etelemetryd_v2\u003c/Data\u003e\u003cData Name=\"User\"\u003eroot\u003c/Data\u003e\u003c/EventData\u003e\u003c/Event\u003e","HostIP":"192.168.2.5","ProcessName":"sysmon","MG":"00000000-0000-0000-0000-000000000002","Type":"Syslog","_ResourceId":"/subscriptions/redacted/resourcegroups/redacted/providers/microsoft.compute/virtualmachines/ubuntu5"}
{"TenantId":"redacted","SourceSystem":"Linux","TimeGenerated":"2022-05-11T18:10:24.043Z","Computer":"UBUNTU5","EventTime":"2022-05-11T18:10:24Z","Facility":"user","HostName":"UBUNTU5","SeverityLevel":"info","SyslogMessage":"\u003cEvent\u003e\u003cSystem\u003e\u003cProvider Name=\"Linux-Sysmon\" Guid=\"{ff032593-a8d3-4f13-b0d6-01fc615a0f97}\"/\u003e\u003cEventID\u003e3\u003c/EventID\u003e\u003cVersion\u003e5\u003c/Version\u003e\u003cLevel\u003e4\u003c/Level\u003e\u003cTask\u003e3\u003c/Task\u003e\u003cOpcode\u003e0\u003c/Opcode\u003e\u003cKeywords\u003e0x8000000000000000\u003c/Keywords\u003e\u003cTimeCreated SystemTime=\"2022-05-11T18:10:24.042915000Z\"/\u003e\u003cEventRecordID\u003e245813\u003c/EventRecordID\u003e\u003cCorrelation/\u003e\u003cExecution ProcessID=\"1590\" ThreadID=\"1590\"/\u003e\u003cChannel\u003eLinux-Sysmon/Operational\u003c/Channel\u003e\u003cComputer\u003eUBUNTU5\u003c/Computer\u003e\u003cSecurity UserId=\"0\"/\u003e\u003c/System\u003e\u003cEventData\u003e\u003cData Name=\"RuleName\"\u003e-\u003c/Data\u003e\u003cData Name=\"UtcTime\"\u003e2022-05-11 18:10:24.049\u003c/Data\u003e\u003cData Name=\"ProcessGuid\"\u003e{94325212-f5ab-627b-b82f-f4ece2550000}\u003c/Data\u003e\u003cData Name=\"ProcessId\"\u003e2001\u003c/Data\u003e\u003cData Name=\"Image\"\u003e/opt/microsoft/mdatp/sbin/telemetryd_v2\u003c/Data\u003e\u003cData Name=\"User\"\u003eroot\u003c/Data\u003e\u003cData Name=\"Protocol\"\u003etcp\u003c/Data\u003e\u003cData Name=\"Initiated\"\u003etrue\u003c/Data\u003e\u003cData Name=\"SourceIsIpv6\"\u003efalse\u003c/Data\u003e\u003cData Name=\"SourceIp\"\u003e192.168.2.5\u003c/Data\u003e\u003cData Name=\"SourceHostname\"\u003e-\u003c/Data\u003e\u003cData Name=\"SourcePort\"\u003e57596\u003c/Data\u003e\u003cData Name=\"SourcePortName\"\u003e-\u003c/Data\u003e\u003cData Name=\"DestinationIsIpv6\"\u003efalse\u003c/Data\u003e\u003cData Name=\"DestinationIp\"\u003e13.89.179.10\u003c/Data\u003e\u003cData Name=\"DestinationHostname\"\u003e-\u003c/Data\u003e\u003cData Name=\"DestinationPort\"\u003e443\u003c/Data\u003e\u003cData Name=\"DestinationPortName\"\u003e-\u003c/Data\u003e\u003c/EventData\u003e\u003c/Event\u003e","HostIP":"192.168.2.5","ProcessName":"sysmon","MG":"00000000-0000-0000-0000-000000000002","Type":"Syslog","_ResourceId":"/subscriptions/redacted/resourcegroups/redacted/providers/microsoft.compute/virtualmachines/ubuntu5"}
{"TenantId":"redacted","SourceSystem":"Linux","TimeGenerated":"2022-05-11T18:10:25.51Z","Computer":"UBUNTU5","EventTime":"2022-05-11T18:10:25Z","Facility":"user","HostName":"UBUNTU5","SeverityLevel":"info","SyslogMessage":"\u003cEvent\u003e\u003cSystem\u003e\u003cProvider Name=\"Linux-Sysmon\" Guid=\"{ff032593-a8d3-4f13-b0d6-01fc615a0f97}\"/\u003e\u003cEventID\u003e3\u003c/EventID\u003e\u003cVersion\u003e5\u003c/Version\u003e\u003cLevel\u003e4\u003c/Level\u003e\u003cTask\u003e3\u003c/Task\u003e\u003cOpcode\u003e0\u003c/Opcode\u003e\u003cKeywords\u003e0x8000000000000000\u003c/Keywords\u003e\u003cTimeCreated SystemTime=\"2022-05-11T18:10:25.510323000Z\"/\u003e\u003cEventRecordID\u003e245814\u003c/EventRecordID\u003e\u003cCorrelation/\u003e\u003cExecution ProcessID=\"1590\" ThreadID=\"1590\"/\u003e\u003cChannel\u003eLinux-Sysmon/Operational\u003c/Channel\u003e\u003cComputer\u003eUBUNTU5\u003c/Computer\u003e\u003cSecurity UserId=\"0\"/\u003e\u003c/System\u003e\u003cEventData\u003e\u003cData Name=\"RuleName\"\u003e-\u003c/Data\u003e\u003cData Name=\"UtcTime\"\u003e2022-05-11 18:10:25.513\u003c/Data\u003e\u003cData Name=\"ProcessGuid\"\u003e{94325212-fc0e-627b-4874-7730d6550000}\u003c/Data\u003e\u003cData Name=\"ProcessId\"\u003e17806\u003c/Data\u003e\u003cData Name=\"Image\"\u003e/bin/bash\u003c/Data\u003e\u003cData Name=\"User\"\u003etomcat\u003c/Data\u003e\u003cData Name=\"Protocol\"\u003eudp\u003c/Data\u003e\u003cData Name=\"Initiated\"\u003etrue\u003c/Data\u003e\u003cData Name=\"SourceIsIpv6\"\u003efalse\u003c/Data\u003e\u003cData Name=\"SourceIp\"\u003e0:0:0:0:0:0:0:0\u003c/Data\u003e\u003cData Name=\"SourceHostname\"\u003e-\u003c/Data\u003e\u003cData Name=\"SourcePort\"\u003e0\u003c/Data\u003e\u003cData Name=\"SourcePortName\"\u003e-\u003c/Data\u003e\u003cData Name=\"DestinationIsIpv6\"\u003efalse\u003c/Data\u003e\u003cData Name=\"DestinationIp\"\u003e0:0:0:0:0:0:0:0\u003c/Data\u003e\u003cData Name=\"DestinationHostname\"\u003e-\u003c/Data\u003e\u003cData Name=\"DestinationPort\"\u003e0\u003c/Data\u003e\u003cData Name=\"DestinationPortName\"\u003e-\u003c/Data\u003e\u003c/EventData\u003e\u003c/Event\u003e","HostIP":"192.168.2.5","ProcessName":"sysmon","MG":"00000000-0000-0000-0000-000000000002","Type":"Syslog","_ResourceId":"/subscriptions/redacted/resourcegroups/redacted/providers/microsoft.compute/virtualmachines/ubuntu5"}
{"TenantId":"redacted","SourceSystem":"Linux","TimeGenerated":"2022-05-11T18:10:26.023Z","Computer":"UBUNTU5","EventTime":"2022-05-11T18:10:26Z","Facility":"user","HostName":"UBUNTU5","SeverityLevel":"info","SyslogMessage":"\u003cEvent\u003e\u003cSystem\u003e\u003cProvider Name=\"Linux-Sysmon\" Guid=\"{ff032593-a8d3-4f13-b0d6-01fc615a0f97}\"/\u003e\u003cEventID\u003e5\u003c/EventID\u003e\u003cVersion\u003e3\u003c/Version\u003e\u003cLevel\u003e4\u003c/Level\u003e\u003cTask\u003e5\u003c/Task\u003e\u003cOpcode\u003e0\u003c/Opcode\u003e\u003cKeywords\u003e0x8000000000000000\u003c/Keywords\u003e\u003cTimeCreated SystemTime=\"2022-05-11T18:10:26.019934000Z\"/\u003e\u003cEventRecordID\u003e245815\u003c/EventRecordID\u003e\u003cCorrelation/\u003e\u003cExecution ProcessID=\"1590\" ThreadID=\"1590\"/\u003e\u003cChannel\u003eLinux-Sysmon/Operational\u003c/Channel\u003e\u003cComputer\u003eUBUNTU5\u003c/Computer\u003e\u003cSecurity UserId=\"0\"/\u003e\u003c/System\u003e\u003cEventData\u003e\u003cData Name=\"RuleName\"\u003e-\u003c/Data\u003e\u003cData Name=\"UtcTime\"\u003e2022-05-11 18:10:26.026\u003c/Data\u003e\u003cData Name=\"ProcessGuid\"\u003e{94325212-fc12-627b-705f-fc70df550000}\u003c/Data\u003e\u003cData Name=\"ProcessId\"\u003e17822\u003c/Data\u003e\u003cData Name=\"Image\"\u003e/usr/bin/pgrep\u003c/Data\u003e\u003cData Name=\"User\"\u003eomsagent\u003c/Data\u003e\u003c/EventData\u003e\u003c/Event\u003e","HostIP":"192.168.2.5","ProcessName":"sysmon","MG":"00000000-0000-0000-0000-000000000002","Type":"Syslog","_ResourceId":"/subscriptions/redacted/resourcegroups/redacted/providers/microsoft.compute/virtualmachines/ubuntu5"}
{"TenantId":"redacted","SourceSystem":"Linux","TimeGenerated":"2022-05-11T18:10:26.027Z","Computer":"UBUNTU5","EventTime":"2022-05-11T18:10:26Z","Facility":"user","HostName":"UBUNTU5","SeverityLevel":"info","SyslogMessage":"\u003cEvent\u003e\u003cSystem\u003e\u003cProvider Name=\"Linux-Sysmon\" Guid=\"{ff032593-a8d3-4f13-b0d6-01fc615a0f97}\"/\u003e\u003cEventID\u003e1\u003c/EventID\u003e\u003cVersion\u003e5\u003c/Version\u003e\u003cLevel\u003e4\u003c/Level\u003e\u003cTask\u003e1\u003c/Task\u003e\u003cOpcode\u003e0\u003c/Opcode\u003e\u003cKeywords\u003e0x8000000000000000\u003c/Keywords\u003e\u003cTimeCreated SystemTime=\"2022-05-11T18:10:26.024208000Z\"/\u003e\u003cEventRecordID\u003e245817\u003c/EventRecordID\u003e\u003cCorrelation/\u003e\u003cExecution ProcessID=\"1590\" ThreadID=\"1590\"/\u003e\u003cChannel\u003eLinux-Sysmon/Operational\u003c/Channel\u003e\u003cComputer\u003eUBUNTU5\u003c/Computer\u003e\u003cSecurity UserId=\"0\"/\u003e\u003c/System\u003e\u003cEventData\u003e\u003cData Name=\"RuleName\"\u003e-\u003c/Data\u003e\u003cData Name=\"UtcTime\"\u003e2022-05-11 18:10:26.030\u003c/Data\u003e\u003cData Name=\"ProcessGuid\"\u003e{94325212-fc12-627b-8462-420000000000}\u003c/Data\u003e\u003cData Name=\"ProcessId\"\u003e17825\u003c/Data\u003e\u003cData Name=\"Image\"\u003e/opt/omi/bin/omicli\u003c/Data\u003e\u003cData Name=\"FileVersion\"\u003e-\u003c/Data\u003e\u003cData Name=\"Description\"\u003e-\u003c/Data\u003e\u003cData Name=\"Product\"\u003e-\u003c/Data\u003e\u003cData Name=\"Company\"\u003e-\u003c/Data\u003e\u003cData Name=\"OriginalFileName\"\u003e-\u003c/Data\u003e\u003cData Name=\"CommandLine\"\u003e/opt/omi/bin/omicli wql root/scx SELECT PercentUserTime, PercentPrivilegedTime, UsedMemory, PercentUsedMemory FROM SCX_UnixProcessStatisticalInformation where Handle=\u00272030\u0027\u003c/Data\u003e\u003cData Name=\"CurrentDirectory\"\u003e/\u003c/Data\u003e\u003cData Name=\"User\"\u003eomsagent\u003c/Data\u003e\u003cData Name=\"LogonGuid\"\u003e{94325212-0000-0000-e603-000000000000}\u003c/Data\u003e\u003cData Name=\"LogonId\"\u003e998\u003c/Data\u003e\u003cData Name=\"TerminalSessionId\"\u003e4294967295\u003c/Data\u003e\u003cData Name=\"IntegrityLevel\"\u003eno level\u003c/Data\u003e\u003cData Name=\"Hashes\"\u003e-\u003c/Data\u003e\u003cData Name=\"ParentProcessGuid\"\u003e{94325212-fc12-627b-68a2-713ff5550000}\u003c/Data\u003e\u003cData Name=\"ParentProcessId\"\u003e17823\u003c/Data\u003e\u003cData Name=\"ParentImage\"\u003e/bin/dash\u003c/Data\u003e\u003cData Name=\"ParentCommandLine\"\u003esh\u003c/Data\u003e\u003cData Name=\"ParentUser\"\u003eomsagent\u003c/Data\u003e\u003c/EventData\u003e\u003c/Event\u003e","HostIP":"192.168.2.5","ProcessName":"sysmon","MG":"00000000-0000-0000-0000-000000000002","Type":"Syslog","_ResourceId":"/subscriptions/redacted/resourcegroups/redacted/providers/microsoft.compute/virtualmachines/ubuntu5"}
{"TenantId":"redacted","SourceSystem":"Linux","TimeGenerated":"2022-05-11T18:10:26.027Z","Computer":"UBUNTU5","EventTime":"2022-05-11T18:10:26Z","Facility":"user","HostName":"UBUNTU5","SeverityLevel":"info","SyslogMessage":"\u003cEvent\u003e\u003cSystem\u003e\u003cProvider Name=\"Linux-Sysmon\" Guid=\"{ff032593-a8d3-4f13-b0d6-01fc615a0f97}\"/\u003e\u003cEventID\u003e1\u003c/EventID\u003e\u003cVersion\u003e5\u003c/Version\u003e\u003cLevel\u003e4\u003c/Level\u003e\u003cTask\u003e1\u003c/Task\u003e\u003cOpcode\u003e0\u003c/Opcode\u003e\u003cKeywords\u003e0x8000000000000000\u003c/Keywords\u003e\u003cTimeCreated SystemTime=\"2022-05-11T18:10:26.021440000Z\"/\u003e\u003cEventRecordID\u003e245816\u003c/EventRecordID\u003e\u003cCorrelation/\u003e\u003cExecution ProcessID=\"1590\" ThreadID=\"1590\"/\u003e\u003cChannel\u003eLinux-Sysmon/Operational\u003c/Channel\u003e\u003cComputer\u003eUBUNTU5\u003c/Computer\u003e\u003cSecurity UserId=\"0\"/\u003e\u003c/System\u003e\u003cEventData\u003e\u003cData Name=\"RuleName\"\u003e-\u003c/Data\u003e\u003cData Name=\"UtcTime\"\u003e2022-05-11 18:10:26.027\u003c/Data\u003e\u003cData Name=\"ProcessGuid\"\u003e{94325212-fc12-627b-68a2-713ff5550000}\u003c/Data\u003e\u003cData Name=\"ProcessId\"\u003e17823\u003c/Data\u003e\u003cData Name=\"Image\"\u003e/bin/dash\u003c/Data\u003e\u003cData Name=\"FileVersion\"\u003e-\u003c/Data\u003e\u003cData Name=\"Description\"\u003e-\u003c/Data\u003e\u003cData Name=\"Product\"\u003e-\u003c/Data\u003e\u003cData Name=\"Company\"\u003e-\u003c/Data\u003e\u003cData Name=\"OriginalFileName\"\u003e-\u003c/Data\u003e\u003cData Name=\"CommandLine\"\u003esh -c /opt/omi/bin/omicli wql root/scx \u0026quot SELECT PercentUserTime, PercentPrivilegedTime, UsedMemory, PercentUsedMemory FROM SCX_UnixProcessStatisticalInformation where Handle=\u00272030\u0027\u0026quot  | grep =\u003c/Data\u003e\u003cData Name=\"CurrentDirectory\"\u003e/\u003c/Data\u003e\u003cData Name=\"User\"\u003eomsagent\u003c/Data\u003e\u003cData Name=\"LogonGuid\"\u003e{94325212-0000-0000-e603-000000000000}\u003c/Data\u003e\u003cData Name=\"LogonId\"\u003e998\u003c/Data\u003e\u003cData Name=\"TerminalSessionId\"\u003e4294967295\u003c/Data\u003e\u003cData Name=\"IntegrityLevel\"\u003eno level\u003c/Data\u003e\u003cData Name=\"Hashes\"\u003e-\u003c/Data\u003e\u003cData Name=\"ParentProcessGuid\"\u003e{00000000-0000-0000-0000-000000000000}\u003c/Data\u003e\u003cData Name=\"ParentProcessId\"\u003e2030\u003c/Data\u003e\u003cData Name=\"ParentImage\"\u003e-\u003c/Data\u003e\u003cData Name=\"ParentCommandLine\"\u003e-\u003c/Data\u003e\u003cData Name=\"ParentUser\"\u003e-\u003c/Data\u003e\u003c/EventData\u003e\u003c/Event\u003e","HostIP":"192.168.2.5","ProcessName":"sysmon","MG":"00000000-0000-0000-0000-000000000002","Type":"Syslog","_ResourceId":"/subscriptions/redacted/resourcegroups/redacted/providers/microsoft.compute/virtualmachines/ubuntu5"}
{"TenantId":"redacted","SourceSystem":"Linux","TimeGenerated":"2022-05-11T18:10:26.03Z","Computer":"UBUNTU5","EventTime":"2022-05-11T18:10:26Z","Facility":"user","HostName":"UBUNTU5","SeverityLevel":"info","SyslogMessage":"\u003cEvent\u003e\u003cSystem\u003e\u003cProvider Name=\"Linux-Sysmon\" Guid=\"{ff032593-a8d3-4f13-b0d6-01fc615a0f97}\"/\u003e\u003cEventID\u003e1\u003c/EventID\u003e\u003cVersion\u003e5\u003c/Version\u003e\u003cLevel\u003e4\u003c/Level\u003e\u003cTask\u003e1\u003c/Task\u003e\u003cOpcode\u003e0\u003c/Opcode\u003e\u003cKeywords\u003e0x8000000000000000\u003c/Keywords\u003e\u003cTimeCreated SystemTime=\"2022-05-11T18:10:26.029763000Z\"/\u003e\u003cEventRecordID\u003e245818\u003c/EventRecordID\u003e\u003cCorrelation/\u003e\u003cExecution ProcessID=\"1590\" ThreadID=\"1590\"/\u003e\u003cChannel\u003eLinux-Sysmon/Operational\u003c/Channel\u003e\u003cComputer\u003eUBUNTU5\u003c/Computer\u003e\u003cSecurity UserId=\"0\"/\u003e\u003c/System\u003e\u003cEventData\u003e\u003cData Name=\"RuleName\"\u003e-\u003c/Data\u003e\u003cData Name=\"UtcTime\"\u003e2022-05-11 18:10:26.030\u003c/Data\u003e\u003cData Name=\"ProcessGuid\"\u003e{94325212-fc12-627b-502c-34d6e4550000}\u003c/Data\u003e\u003cData Name=\"ProcessId\"\u003e17826\u003c/Data\u003e\u003cData Name=\"Image\"\u003e/bin/grep\u003c/Data\u003e\u003cData Name=\"FileVersion\"\u003e-\u003c/Data\u003e\u003cData Name=\"Description\"\u003e-\u003c/Data\u003e\u003cData Name=\"Product\"\u003e-\u003c/Data\u003e\u003cData Name=\"Company\"\u003e-\u003c/Data\u003e\u003cData Name=\"OriginalFileName\"\u003e-\u003c/Data\u003e\u003cData Name=\"CommandLine\"\u003egrep =\u003c/Data\u003e\u003cData Name=\"CurrentDirectory\"\u003e/\u003c/Data\u003e\u003cData Name=\"User\"\u003eomsagent\u003c/Data\u003e\u003cData Name=\"LogonGuid\"\u003e{94325212-0000-0000-e603-000000000000}\u003c/Data\u003e\u003cData Name=\"LogonId\"\u003e998\u003c/Data\u003e\u003cData Name=\"TerminalSessionId\"\u003e4294967295\u003c/Data\u003e\u003cData Name=\"IntegrityLevel\"\u003eno level\u003c/Data\u003e\u003cData Name=\"Hashes\"\u003e-\u003c/Data\u003e\u003cData Name=\"ParentProcessGuid\"\u003e{94325212-fc12-627b-68a2-713ff5550000}\u003c/Data\u003e\u003cData Name=\"ParentProcessId\"\u003e17823\u003c/Data\u003e\u003cData Name=\"ParentImage\"\u003e/bin/dash\u003c/Data\u003e\u003cData Name=\"ParentCommandLine\"\u003esh\u003c/Data\u003e\u003cData Name=\"ParentUser\"\u003eomsagent\u003c/Data\u003e\u003c/EventData\u003e\u003c/Event\u003e","HostIP":"192.168.2.5","ProcessName":"sysmon","MG":"00000000-0000-0000-0000-000000000002","Type":"Syslog","_ResourceId":"/subscriptions/redacted/resourcegroups/redacted/providers/microsoft.compute/virtualmachines/ubuntu5"}
{"TenantId":"redacted","SourceSystem":"Linux","TimeGenerated":"2022-05-11T18:10:26.047Z","Computer":"UBUNTU5","EventTime":"2022-05-11T18:10:26Z","Facility":"user","HostName":"UBUNTU5","SeverityLevel":"info","SyslogMessage":"\u003cEvent\u003e\u003cSystem\u003e\u003cProvider Name=\"Linux-Sysmon\" Guid=\"{ff032593-a8d3-4f13-b0d6-01fc615a0f97}\"/\u003e\u003cEventID\u003e5\u003c/EventID\u003e\u003cVersion\u003e3\u003c/Version\u003e\u003cLevel\u003e4\u003c/Level\u003e\u003cTask\u003e5\u003c/Task\u003e\u003cOpcode\u003e0\u003c/Opcode\u003e\u003cKeywords\u003e0x8000000000000000\u003c/Keywords\u003e\u003cTimeCreated SystemTime=\"2022-05-11T18:10:26.045102000Z\"/\u003e\u003cEventRecordID\u003e245819\u003c/EventRecordID\u003e\u003cCorrelation/\u003e\u003cExecution ProcessID=\"1590\" ThreadID=\"1590\"/\u003e\u003cChannel\u003eLinux-Sysmon/Operational\u003c/Channel\u003e\u003cComputer\u003eUBUNTU5\u003c/Computer\u003e\u003cSecurity UserId=\"0\"/\u003e\u003c/System\u003e\u003cEventData\u003e\u003cData Name=\"RuleName\"\u003e-\u003c/Data\u003e\u003cData Name=\"UtcTime\"\u003e2022-05-11 18:10:26.051\u003c/Data\u003e\u003cData Name=\"ProcessGuid\"\u003e{94325212-fc12-627b-8462-420000000000}\u003c/Data\u003e\u003cData Name=\"ProcessId\"\u003e17825\u003c/Data\u003e\u003cData Name=\"Image\"\u003e/opt/omi/bin/omicli\u003c/Data\u003e\u003cData Name=\"User\"\u003eomsagent\u003c/Data\u003e\u003c/EventData\u003e\u003c/Event\u003e","HostIP":"192.168.2.5","ProcessName":"sysmon","MG":"00000000-0000-0000-0000-000000000002","Type":"Syslog","_ResourceId":"/subscriptions/redacted/resourcegroups/redacted/providers/microsoft.compute/virtualmachines/ubuntu5"}
{"TenantId":"redacted","SourceSystem":"Linux","TimeGenerated":"2022-05-11T18:10:26.047Z","Computer":"UBUNTU5","EventTime":"2022-05-11T18:10:26Z","Facility":"user","HostName":"UBUNTU5","SeverityLevel":"info","SyslogMessage":"\u003cEvent\u003e\u003cSystem\u003e\u003cProvider Name=\"Linux-Sysmon\" Guid=\"{ff032593-a8d3-4f13-b0d6-01fc615a0f97}\"/\u003e\u003cEventID\u003e5\u003c/EventID\u003e\u003cVersion\u003e3\u003c/Version\u003e\u003cLevel\u003e4\u003c/Level\u003e\u003cTask\u003e5\u003c/Task\u003e\u003cOpcode\u003e0\u003c/Opcode\u003e\u003cKeywords\u003e0x8000000000000000\u003c/Keywords\u003e\u003cTimeCreated SystemTime=\"2022-05-11T18:10:26.046465000Z\"/\u003e\u003cEventRecordID\u003e245822\u003c/EventRecordID\u003e\u003cCorrelation/\u003e\u003cExecution ProcessID=\"1590\" ThreadID=\"1590\"/\u003e\u003cChannel\u003eLinux-Sysmon/Operational\u003c/Channel\u003e\u003cComputer\u003eUBUNTU5\u003c/Computer\u003e\u003cSecurity UserId=\"0\"/\u003e\u003c/System\u003e\u003cEventData\u003e\u003cData Name=\"RuleName\"\u003e-\u003c/Data\u003e\u003cData Name=\"UtcTime\"\u003e2022-05-11 18:10:26.053\u003c/Data\u003e\u003cData Name=\"ProcessGuid\"\u003e{94325212-fc12-627b-68a2-713ff5550000}\u003c/Data\u003e\u003cData Name=\"ProcessId\"\u003e17823\u003c/Data\u003e\u003cData Name=\"Image\"\u003e/bin/dash\u003c/Data\u003e\u003cData Name=\"User\"\u003eomsagent\u003c/Data\u003e\u003c/EventData\u003e\u003c/Event\u003e","HostIP":"192.168.2.5","ProcessName":"sysmon","MG":"00000000-0000-0000-0000-000000000002","Type":"Syslog","_ResourceId":"/subscriptions/redacted/resourcegroups/redacted/providers/microsoft.compute/virtualmachines/ubuntu5"}
{"TenantId":"redacted","SourceSystem":"Linux","TimeGenerated":"2022-05-11T18:10:26.047Z","Computer":"UBUNTU5","EventTime":"2022-05-11T18:10:26Z","Facility":"user","HostName":"UBUNTU5","SeverityLevel":"info","SyslogMessage":"\u003cEvent\u003e\u003cSystem\u003e\u003cProvider Name=\"Linux-Sysmon\" Guid=\"{ff032593-a8d3-4f13-b0d6-01fc615a0f97}\"/\u003e\u003cEventID\u003e5\u003c/EventID\u003e\u003cVersion\u003e3\u003c/Version\u003e\u003cLevel\u003e4\u003c/Level\u003e\u003cTask\u003e5\u003c/Task\u003e\u003cOpcode\u003e0\u003c/Opcode\u003e\u003cKeywords\u003e0x8000000000000000\u003c/Keywords\u003e\u003cTimeCreated SystemTime=\"2022-05-11T18:10:26.045755000Z\"/\u003e\u003cEventRecordID\u003e245821\u003c/EventRecordID\u003e\u003cCorrelation/\u003e\u003cExecution ProcessID=\"1590\" ThreadID=\"1590\"/\u003e\u003cChannel\u003eLinux-Sysmon/Operational\u003c/Channel\u003e\u003cComputer\u003eUBUNTU5\u003c/Computer\u003e\u003cSecurity UserId=\"0\"/\u003e\u003c/System\u003e\u003cEventData\u003e\u003cData Name=\"RuleName\"\u003e-\u003c/Data\u003e\u003cData Name=\"UtcTime\"\u003e2022-05-11 18:10:26.052\u003c/Data\u003e\u003cData Name=\"ProcessGuid\"\u003e{94325212-fc12-627b-502c-34d6e4550000}\u003c/Data\u003e\u003cData Name=\"ProcessId\"\u003e17826\u003c/Data\u003e\u003cData Name=\"Image\"\u003e/bin/grep\u003c/Data\u003e\u003cData Name=\"User\"\u003eomsagent\u003c/Data\u003e\u003c/EventData\u003e\u003c/Event\u003e","HostIP":"192.168.2.5","ProcessName":"sysmon","MG":"00000000-0000-0000-0000-000000000002","Type":"Syslog","_ResourceId":"/subscriptions/redacted/resourcegroups/redacted/providers/microsoft.compute/virtualmachines/ubuntu5"}
{"TenantId":"redacted","SourceSystem":"Linux","TimeGenerated":"2022-05-11T18:10:26.047Z","Computer":"UBUNTU5","EventTime":"2022-05-11T18:10:26Z","Facility":"user","HostName":"UBUNTU5","SeverityLevel":"info","SyslogMessage":"\u003cEvent\u003e\u003cSystem\u003e\u003cProvider Name=\"Linux-Sysmon\" Guid=\"{ff032593-a8d3-4f13-b0d6-01fc615a0f97}\"/\u003e\u003cEventID\u003e5\u003c/EventID\u003e\u003cVersion\u003e3\u003c/Version\u003e\u003cLevel\u003e4\u003c/Level\u003e\u003cTask\u003e5\u003c/Task\u003e\u003cOpcode\u003e0\u003c/Opcode\u003e\u003cKeywords\u003e0x8000000000000000\u003c/Keywords\u003e\u003cTimeCreated SystemTime=\"2022-05-11T18:10:26.045360000Z\"/\u003e\u003cEventRecordID\u003e245820\u003c/EventRecordID\u003e\u003cCorrelation/\u003e\u003cExecution ProcessID=\"1590\" ThreadID=\"1590\"/\u003e\u003cChannel\u003eLinux-Sysmon/Operational\u003c/Channel\u003e\u003cComputer\u003eUBUNTU5\u003c/Computer\u003e\u003cSecurity UserId=\"0\"/\u003e\u003c/System\u003e\u003cEventData\u003e\u003cData Name=\"RuleName\"\u003e-\u003c/Data\u003e\u003cData Name=\"UtcTime\"\u003e2022-05-11 18:10:26.052\u003c/Data\u003e\u003cData Name=\"ProcessGuid\"\u003e{94325212-fc12-627b-8462-420000000000}\u003c/Data\u003e\u003cData Name=\"ProcessId\"\u003e17825\u003c/Data\u003e\u003cData Name=\"Image\"\u003e/opt/omi/bin/omicli\u003c/Data\u003e\u003cData Name=\"User\"\u003eomsagent\u003c/Data\u003e\u003c/EventData\u003e\u003c/Event\u003e","HostIP":"192.168.2.5","ProcessName":"sysmon","MG":"00000000-0000-0000-0000-000000000002","Type":"Syslog","_ResourceId":"/subscriptions/redacted/resourcegroups/redacted/providers/microsoft.compute/virtualmachines/ubuntu5"}
{"TenantId":"redacted","SourceSystem":"Linux","TimeGenerated":"2022-05-11T18:10:26.527Z","Computer":"UBUNTU5","EventTime":"2022-05-11T18:10:26Z","Facility":"user","HostName":"UBUNTU5","SeverityLevel":"info","SyslogMessage":"\u003cEvent\u003e\u003cSystem\u003e\u003cProvider Name=\"Linux-Sysmon\" Guid=\"{ff032593-a8d3-4f13-b0d6-01fc615a0f97}\"/\u003e\u003cEventID\u003e1\u003c/EventID\u003e\u003cVersion\u003e5\u003c/Version\u003e\u003cLevel\u003e4\u003c/Level\u003e\u003cTask\u003e1\u003c/Task\u003e\u003cOpcode\u003e0\u003c/Opcode\u003e\u003cKeywords\u003e0x8000000000000000\u003c/Keywords\u003e\u003cTimeCreated SystemTime=\"2022-05-11T18:10:26.524565000Z\"/\u003e\u003cEventRecordID\u003e245823\u003c/EventRecordID\u003e\u003cCorrelation/\u003e\u003cExecution ProcessID=\"1590\" ThreadID=\"1590\"/\u003e\u003cChannel\u003eLinux-Sysmon/Operational\u003c/Channel\u003e\u003cComputer\u003eUBUNTU5\u003c/Computer\u003e\u003cSecurity UserId=\"0\"/\u003e\u003c/System\u003e\u003cEventData\u003e\u003cData Name=\"RuleName\"\u003e-\u003c/Data\u003e\u003cData Name=\"UtcTime\"\u003e2022-05-11 18:10:26.529\u003c/Data\u003e\u003cData Name=\"ProcessGuid\"\u003e{94325212-fc12-627b-6812-19d1ff550000}\u003c/Data\u003e\u003cData Name=\"ProcessId\"\u003e17828\u003c/Data\u003e\u003cData Name=\"Image\"\u003e/bin/dash\u003c/Data\u003e\u003cData Name=\"FileVersion\"\u003e-\u003c/Data\u003e\u003cData Name=\"Description\"\u003e-\u003c/Data\u003e\u003cData Name=\"Product\"\u003e-\u003c/Data\u003e\u003cData Name=\"Company\"\u003e-\u003c/Data\u003e\u003cData Name=\"OriginalFileName\"\u003e-\u003c/Data\u003e\u003cData Name=\"CommandLine\"\u003esh -c /opt/omi/bin/omicli wql root/scx \u0026quot SELECT PercentUserTime, PercentPrivilegedTime, UsedMemory, PercentUsedMemory FROM SCX_UnixProcessStatisticalInformation where Handle=\u00272106\u0027\u0026quot  | grep =\u003c/Data\u003e\u003cData Name=\"CurrentDirectory\"\u003e/\u003c/Data\u003e\u003cData Name=\"User\"\u003eomsagent\u003c/Data\u003e\u003cData Name=\"LogonGuid\"\u003e{94325212-0000-0000-e603-000000000000}\u003c/Data\u003e\u003cData Name=\"LogonId\"\u003e998\u003c/Data\u003e\u003cData Name=\"TerminalSessionId\"\u003e4294967295\u003c/Data\u003e\u003cData Name=\"IntegrityLevel\"\u003eno level\u003c/Data\u003e\u003cData Name=\"Hashes\"\u003e-\u003c/Data\u003e\u003cData Name=\"ParentProcessGuid\"\u003e{00000000-0000-0000-0000-000000000000}\u003c/Data\u003e\u003cData Name=\"ParentProcessId\"\u003e2030\u003c/Data\u003e\u003cData Name=\"ParentImage\"\u003e-\u003c/Data\u003e\u003cData Name=\"ParentCommandLine\"\u003e-\u003c/Data\u003e\u003cData Name=\"ParentUser\"\u003e-\u003c/Data\u003e\u003c/EventData\u003e\u003c/Event\u003e","HostIP":"192.168.2.5","ProcessName":"sysmon","MG":"00000000-0000-0000-0000-000000000002","Type":"Syslog","_ResourceId":"/subscriptions/redacted/resourcegroups/redacted/providers/microsoft.compute/virtualmachines/ubuntu5"}
