{"TenantId":"redacted","SourceSystem":"OpsManager","TimeGenerated":"2022-05-13T08:54:10.653Z","Provider":"Microsoft-Windows-Sysmon","Channel":"Microsoft-Windows-Sysmon/Operational","Computer":"WORKSTATION5","Task":1,"EventLevel":4,"EventLevelName":"Information","EventData":"{\"RuleName\":\"-\",\"UtcTime\":\"2022-05-13T08:54:10.6530000Z\",\"ProcessGuid\":\"{f3329a35-1c8f-627e-ef16-000000000600}\",\"ProcessId\":\"6656\",\"Image\":\"C:\\\\Windows\\\\System32\\\\wbem\\\\WmiPrvSE.exe\",\"User\":\"NT AUTHORITY\\\\NETWORK SERVICE\",\"ImageLoaded\":\"C:\\\\Windows\\\\System32\\\\sspicli.dll\",\"FileVersion\":\"10.0.19041.1266 (WinBuild.160101.0800)\",\"Description\":\"Security Support Provider Interface\",\"Product\":\"Microsoft® Windows® Operating System\",\"Company\":\"Microsoft Corporation\",\"OriginalFileName\":\"sspicli.dll\",\"Hashes\":\"SHA1=1C241020754267181DD501949E0D43F35F0A4D10,MD5=956AD5A3683B1D05ECB2927114682495,SHA256=74542C85C237583A61BFD6296E7610DA2973872645DDC614AD837705D9C4AC72,IMPHASH=97FA8308A6F9D1869F11A4DBB652B29E\",\"Signed\":\"true\",\"Signature\":\"Microsoft Windows\",\"SignatureStatus\":\"Valid\"}","EventID":7,"EventOriginId":"29acc230-2f13-49db-9ef2-c9b20229a10c","ManagementGroupName":"AOI-redacted","Type":"WindowsEvent","_ResourceId":"/subscriptions/redacted/resourcegroups/redacted/providers/microsoft.compute/virtualmachines/workstation5"}
{"TenantId":"redacted","SourceSystem":"OpsManager","TimeGenerated":"2022-05-13T08:54:10.663Z","Provider":"Microsoft-Windows-Sysmon","Channel":"Microsoft-Windows-Sysmon/Operational","Computer":"WORKSTATION5","Task":1,"EventLevel":4,"EventLevelName":"Information","EventData":"{\"RuleName\":\"-\",\"UtcTime\":\"2022-05-13T08:54:10.6580000Z\",\"SourceProcessGUID\":\"{f3329a35-9471-627d-0c00-000000000600}\",\"SourceProcessId\":\"776\",\"SourceThreadId\":\"2816\",\"SourceImage\":\"C:\\\\Windows\\\\system32\\\\lsass.exe\",\"TargetProcessGUID\":\"{f3329a35-1c8f-627e-ef16-000000000600}\",\"TargetProcessId\":\"6656\",\"TargetImage\":\"C:\\\\Windows\\\\system32\\\\wbem\\\\wmiprvse.exe\",\"GrantedAccess\":\"0x1000\",\"CallTrace\":\"C:\\\\Windows\\\\SYSTEM32\\\\ntdll.dll+9de44|C:\\\\Windows\\\\System32\\\\RPCRT4.dll+3b8a4|C:\\\\Windows\\\\system32\\\\lsasrv.dll+38f39|C:\\\\Windows\\\\SYSTEM32\\\\SspiSrv.dll+1a82|C:\\\\Windows\\\\System32\\\\RPCRT4.dll+78e33|C:\\\\Windows\\\\System32\\\\RPCRT4.dll+e11cb|C:\\\\Windows\\\\System32\\\\RPCRT4.dll+5cd6c|C:\\\\Windows\\\\System32\\\\RPCRT4.dll+57838|C:\\\\Windows\\\\System32\\\\RPCRT4.dll+39e06|C:\\\\Windows\\\\System32\\\\RPCRT4.dll+39758|C:\\\\Windows\\\\System32\\\\RPCRT4.dll+47f6f|C:\\\\Windows\\\\System32\\\\RPCRT4.dll+47378|C:\\\\Windows\\\\System32\\\\RPCRT4.dll+46961|C:\\\\Windows\\\\System32\\\\RPCRT4.dll+463ce|C:\\\\Windows\\\\System32\\\\RPCRT4.dll+4a9d2|C:\\\\Windows\\\\SYSTEM32\\\\ntdll.dll+20330|C:\\\\Windows\\\\SYSTEM32\\\\ntdll.dll+52f26|C:\\\\Windows\\\\System32\\\\KERNEL32.DLL+17034|C:\\\\Windows\\\\SYSTEM32\\\\ntdll.dll+52651\",\"SourceUser\":\"NT AUTHORITY\\\\SYSTEM\",\"TargetUser\":\"NT AUTHORITY\\\\NETWORK SERVICE\"}","EventID":10,"EventOriginId":"29acc230-2f13-49db-9ef2-c9b20229a10c","ManagementGroupName":"AOI-redacted","Type":"WindowsEvent","_ResourceId":"/subscriptions/redacted/resourcegroups/redacted/providers/microsoft.compute/virtualmachines/workstation5"}
{"TenantId":"redacted","SourceSystem":"OpsManager","TimeGenerated":"2022-05-13T08:54:10.663Z","Provider":"Microsoft-Windows-Sysmon","Channel":"Microsoft-Windows-Sysmon/Operational","Computer":"WORKSTATION5","Task":1,"EventLevel":4,"EventLevelName":"Information","EventData":"{\"RuleName\":\"-\",\"UtcTime\":\"2022-05-13T08:54:10.6580000Z\",\"SourceProcessGUID\":\"{f3329a35-9471-627d-0c00-000000000600}\",\"SourceProcessId\":\"776\",\"SourceThreadId\":\"2816\",\"SourceImage\":\"C:\\\\Windows\\\\system32\\\\lsass.exe\",\"TargetProcessGUID\":\"{f3329a35-1c8f-627e-ef16-000000000600}\",\"TargetProcessId\":\"6656\",\"TargetImage\":\"C:\\\\Windows\\\\system32\\\\wbem\\\\wmiprvse.exe\",\"GrantedAccess\":\"0x1478\",\"CallTrace\":\"C:\\\\Windows\\\\SYSTEM32\\\\ntdll.dll+9d234|C:\\\\Windows\\\\system32\\\\lsasrv.dll+396be|C:\\\\Windows\\\\system32\\\\lsasrv.dll+394b0|C:\\\\Windows\\\\system32\\\\lsasrv.dll+3908b|C:\\\\Windows\\\\SYSTEM32\\\\SspiSrv.dll+1a82|C:\\\\Windows\\\\System32\\\\RPCRT4.dll+78e33|C:\\\\Windows\\\\System32\\\\RPCRT4.dll+e11cb|C:\\\\Windows\\\\System32\\\\RPCRT4.dll+5cd6c|C:\\\\Windows\\\\System32\\\\RPCRT4.dll+57838|C:\\\\Windows\\\\System32\\\\RPCRT4.dll+39e06|C:\\\\Windows\\\\System32\\\\RPCRT4.dll+39758|C:\\\\Windows\\\\System32\\\\RPCRT4.dll+47f6f|C:\\\\Windows\\\\System32\\\\RPCRT4.dll+47378|C:\\\\Windows\\\\System32\\\\RPCRT4.dll+46961|C:\\\\Windows\\\\System32\\\\RPCRT4.dll+463ce|C:\\\\Windows\\\\System32\\\\RPCRT4.dll+4a9d2|C:\\\\Windows\\\\SYSTEM32\\\\ntdll.dll+20330|C:\\\\Windows\\\\SYSTEM32\\\\ntdll.dll+52f26|C:\\\\Windows\\\\System32\\\\KERNEL32.DLL+17034|C:\\\\Windows\\\\SYSTEM32\\\\ntdll.dll+52651\",\"SourceUser\":\"NT AUTHORITY\\\\SYSTEM\",\"TargetUser\":\"NT AUTHORITY\\\\NETWORK SERVICE\"}","EventID":10,"EventOriginId":"29acc230-2f13-49db-9ef2-c9b20229a10c","ManagementGroupName":"AOI-redacted","Type":"WindowsEvent","_ResourceId":"/subscriptions/redacted/resourcegroups/redacted/providers/microsoft.compute/virtualmachines/workstation5"}
{"TenantId":"redacted","SourceSystem":"OpsManager","TimeGenerated":"2022-05-13T08:54:10.667Z","Provider":"Microsoft-Windows-Sysmon","Channel":"Microsoft-Windows-Sysmon/Operational","Computer":"WORKSTATION5","Task":1,"EventLevel":4,"EventLevelName":"Information","EventData":"{\"RuleName\":\"-\",\"UtcTime\":\"2022-05-13T08:54:10.6630000Z\",\"ProcessGuid\":\"{f3329a35-1c8f-627e-ef16-000000000600}\",\"ProcessId\":\"6656\",\"Image\":\"C:\\\\Windows\\\\System32\\\\wbem\\\\WmiPrvSE.exe\",\"User\":\"NT AUTHORITY\\\\NETWORK SERVICE\",\"ImageLoaded\":\"C:\\\\Windows\\\\System32\\\\IPHLPAPI.DLL\",\"FileVersion\":\"10.0.19041.546 (WinBuild.160101.0800)\",\"Description\":\"IP Helper API\",\"Product\":\"Microsoft® Windows® Operating System\",\"Company\":\"Microsoft Corporation\",\"OriginalFileName\":\"iphlpapi.dll\",\"Hashes\":\"SHA1=90F870F43852B3FD62110692030BD20887777C0E,MD5=567A217405F41CAEA18F4BAB50D480FD,SHA256=41F7A696A02B5DCBA85E12A4999423BDEBB1215662059ADAE955F8081E3FFA78,IMPHASH=1A84705CDCFB65BD11ABDA0FE9C13393\",\"Signed\":\"true\",\"Signature\":\"Microsoft Windows\",\"SignatureStatus\":\"Valid\"}","EventID":7,"EventOriginId":"29acc230-2f13-49db-9ef2-c9b20229a10c","ManagementGroupName":"AOI-redacted","Type":"WindowsEvent","_ResourceId":"/subscriptions/redacted/resourcegroups/redacted/providers/microsoft.compute/virtualmachines/workstation5"}
{"TenantId":"redacted","SourceSystem":"OpsManager","TimeGenerated":"2022-05-13T08:54:10.667Z","Provider":"Microsoft-Windows-Sysmon","Channel":"Microsoft-Windows-Sysmon/Operational","Computer":"WORKSTATION5","Task":1,"EventLevel":4,"EventLevelName":"Information","EventData":"{\"RuleName\":\"-\",\"UtcTime\":\"2022-05-13T08:54:10.6630000Z\",\"ProcessGuid\":\"{f3329a35-1c8f-627e-ef16-000000000600}\",\"ProcessId\":\"6656\",\"Image\":\"C:\\\\Windows\\\\System32\\\\wbem\\\\WmiPrvSE.exe\",\"User\":\"NT AUTHORITY\\\\NETWORK SERVICE\",\"ImageLoaded\":\"C:\\\\Windows\\\\System32\\\\nsi.dll\",\"FileVersion\":\"10.0.19041.610 (WinBuild.160101.0800)\",\"Description\":\"NSI User-mode interface DLL\",\"Product\":\"Microsoft® Windows® Operating System\",\"Company\":\"Microsoft Corporation\",\"OriginalFileName\":\"nsi.dll\",\"Hashes\":\"SHA1=031070C5AE780472E409F1E49DDDE124849DFA45,MD5=3BACC52F844EA1B30B8EF8BA0D08BF0D,SHA256=21293C3D3BA83CCC45135F33D2C70BFFAE7A347E9F0B9FD556622CEF99291923,IMPHASH=DEFB8C5BB37FCD63DC790B55724FDE42\",\"Signed\":\"true\",\"Signature\":\"Microsoft Windows\",\"SignatureStatus\":\"Valid\"}","EventID":7,"EventOriginId":"29acc230-2f13-49db-9ef2-c9b20229a10c","ManagementGroupName":"AOI-redacted","Type":"WindowsEvent","_ResourceId":"/subscriptions/redacted/resourcegroups/redacted/providers/microsoft.compute/virtualmachines/workstation5"}
{"TenantId":"redacted","SourceSystem":"OpsManager","TimeGenerated":"2022-05-13T08:54:10.67Z","Provider":"Microsoft-Windows-Sysmon","Channel":"Microsoft-Windows-Sysmon/Operational","Computer":"WORKSTATION5","Task":1,"EventLevel":4,"EventLevelName":"Information","EventData":"{\"RuleName\":\"-\",\"UtcTime\":\"2022-05-13T08:54:10.6630000Z\",\"ProcessGuid\":\"{f3329a35-1c8f-627e-ef16-000000000600}\",\"ProcessId\":\"6656\",\"Image\":\"C:\\\\Windows\\\\System32\\\\wbem\\\\WmiPrvSE.exe\",\"User\":\"NT AUTHORITY\\\\NETWORK SERVICE\",\"ImageLoaded\":\"C:\\\\Windows\\\\System32\\\\dhcpcsvc6.dll\",\"FileVersion\":\"10.0.19041.546 (WinBuild.160101.0800)\",\"Description\":\"DHCPv6 Client\",\"Product\":\"Microsoft® Windows® Operating System\",\"Company\":\"Microsoft Corporation\",\"OriginalFileName\":\"dhcpcsvc6.dll\",\"Hashes\":\"SHA1=BEE425E28C99FE5B27FAF3AAED0BE0EA582EF7A5,MD5=394FB739C0F202FD65B0FEA640D192F6,SHA256=CED3C74F4960E26B648EC5360FE6B1CE47ED4F7A203D8C9798B450E8346B698E,IMPHASH=34EB21C63E97DA39682FC167D22E095D\",\"Signed\":\"true\",\"Signature\":\"Microsoft Windows\",\"SignatureStatus\":\"Valid\"}","EventID":7,"EventOriginId":"29acc230-2f13-49db-9ef2-c9b20229a10c","ManagementGroupName":"AOI-redacted","Type":"WindowsEvent","_ResourceId":"/subscriptions/redacted/resourcegroups/redacted/providers/microsoft.compute/virtualmachines/workstation5"}
{"TenantId":"redacted","SourceSystem":"OpsManager","TimeGenerated":"2022-05-13T08:54:10.67Z","Provider":"Microsoft-Windows-Sysmon","Channel":"Microsoft-Windows-Sysmon/Operational","Computer":"WORKSTATION5","Task":1,"EventLevel":4,"EventLevelName":"Information","EventData":"{\"RuleName\":\"-\",\"UtcTime\":\"2022-05-13T08:54:10.6680000Z\",\"ProcessGuid\":\"{f3329a35-1c8f-627e-ef16-000000000600}\",\"ProcessId\":\"6656\",\"Image\":\"C:\\\\Windows\\\\System32\\\\wbem\\\\WmiPrvSE.exe\",\"User\":\"NT AUTHORITY\\\\NETWORK SERVICE\",\"ImageLoaded\":\"C:\\\\Windows\\\\System32\\\\dhcpcsvc.dll\",\"FileVersion\":\"10.0.19041.546 (WinBuild.160101.0800)\",\"Description\":\"DHCP Client Service\",\"Product\":\"Microsoft® Windows® Operating System\",\"Company\":\"Microsoft Corporation\",\"OriginalFileName\":\"dhcpcsvc.dll\",\"Hashes\":\"SHA1=9AC131ABA943B6E80EE4B9CE9B39F943D82BE583,MD5=912357F8E08213BA9CEA37721B5ED46B,SHA256=691A7AFF42D558FAC26F2A9DE6B47D7596B130E730597DC3AFF6025CB484D4A1,IMPHASH=AF7466EACFAAF5CCFABACCD27358533F\",\"Signed\":\"true\",\"Signature\":\"Microsoft Windows\",\"SignatureStatus\":\"Valid\"}","EventID":7,"EventOriginId":"29acc230-2f13-49db-9ef2-c9b20229a10c","ManagementGroupName":"AOI-redacted","Type":"WindowsEvent","_ResourceId":"/subscriptions/redacted/resourcegroups/redacted/providers/microsoft.compute/virtualmachines/workstation5"}
{"TenantId":"redacted","SourceSystem":"OpsManager","TimeGenerated":"2022-05-13T08:54:10.673Z","Provider":"Microsoft-Windows-Sysmon","Channel":"Microsoft-Windows-Sysmon/Operational","Computer":"WORKSTATION5","Task":1,"EventLevel":4,"EventLevelName":"Information","EventData":"{\"RuleName\":\"-\",\"UtcTime\":\"2022-05-13T08:54:10.6680000Z\",\"ProcessGuid\":\"{f3329a35-1c8f-627e-ef16-000000000600}\",\"ProcessId\":\"6656\",\"Image\":\"C:\\\\Windows\\\\System32\\\\wbem\\\\WmiPrvSE.exe\",\"User\":\"NT AUTHORITY\\\\NETWORK SERVICE\",\"ImageLoaded\":\"C:\\\\Windows\\\\System32\\\\dnsapi.dll\",\"FileVersion\":\"10.0.19041.1320 (WinBuild.160101.0800)\",\"Description\":\"DNS Client API DLL\",\"Product\":\"Microsoft® Windows® Operating System\",\"Company\":\"Microsoft Corporation\",\"OriginalFileName\":\"dnsapi\",\"Hashes\":\"SHA1=BA8C4A7319EDE8BEC4905AC595D0B47B9AC930A3,MD5=B431E0F34DAA9DC2493D368D99DD1745,SHA256=431A3A90EF7520BEBD22E4909146BFBF3E2C633640743B9D208495FC18FF3237,IMPHASH=DC1D0B54EABF52A8B859288993741EC3\",\"Signed\":\"true\",\"Signature\":\"Microsoft Windows\",\"SignatureStatus\":\"Valid\"}","EventID":7,"EventOriginId":"29acc230-2f13-49db-9ef2-c9b20229a10c","ManagementGroupName":"AOI-redacted","Type":"WindowsEvent","_ResourceId":"/subscriptions/redacted/resourcegroups/redacted/providers/microsoft.compute/virtualmachines/workstation5"}
{"TenantId":"redacted","SourceSystem":"OpsManager","TimeGenerated":"2022-05-13T08:54:10.687Z","Provider":"Microsoft-Windows-Sysmon","Channel":"Microsoft-Windows-Sysmon/Operational","Computer":"WORKSTATION5","Task":1,"EventLevel":4,"EventLevelName":"Information","EventData":"{\"RuleName\":\"-\",\"UtcTime\":\"2022-05-13T08:54:10.6840000Z\",\"EventType\":\"CreateKey\",\"ProcessGuid\":\"{f3329a35-1c8f-627e-ef16-000000000600}\",\"ProcessId\":\"6656\",\"Image\":\"C:\\\\Windows\\\\system32\\\\wbem\\\\wmiprvse.exe\",\"TargetObject\":\"HKLM\\\\System\\\\CurrentControlSet\\\\Services\\\\Tcpip\\\\Parameters\",\"User\":\"NT AUTHORITY\\\\NETWORK SERVICE\"}","EventID":12,"EventOriginId":"29acc230-2f13-49db-9ef2-c9b20229a10c","ManagementGroupName":"AOI-redacted","Type":"WindowsEvent","_ResourceId":"/subscriptions/redacted/resourcegroups/redacted/providers/microsoft.compute/virtualmachines/workstation5"}
{"TenantId":"redacted","SourceSystem":"OpsManager","TimeGenerated":"2022-05-13T08:54:10.687Z","Provider":"Microsoft-Windows-Sysmon","Channel":"Microsoft-Windows-Sysmon/Operational","Computer":"WORKSTATION5","Task":1,"EventLevel":4,"EventLevelName":"Information","EventData":"{\"RuleName\":\"-\",\"UtcTime\":\"2022-05-13T08:54:10.6840000Z\",\"EventType\":\"CreateKey\",\"ProcessGuid\":\"{f3329a35-1c8f-627e-ef16-000000000600}\",\"ProcessId\":\"6656\",\"Image\":\"C:\\\\Windows\\\\system32\\\\wbem\\\\wmiprvse.exe\",\"TargetObject\":\"HKLM\\\\System\\\\CurrentControlSet\\\\Services\\\\Tcpip\\\\Parameters\",\"User\":\"NT AUTHORITY\\\\NETWORK SERVICE\"}","EventID":12,"EventOriginId":"29acc230-2f13-49db-9ef2-c9b20229a10c","ManagementGroupName":"AOI-redacted","Type":"WindowsEvent","_ResourceId":"/subscriptions/redacted/resourcegroups/redacted/providers/microsoft.compute/virtualmachines/workstation5"}
{"TenantId":"redacted","SourceSystem":"OpsManager","TimeGenerated":"2022-05-13T08:54:10.73Z","Provider":"Microsoft-Windows-Sysmon","Channel":"Microsoft-Windows-Sysmon/Operational","Computer":"WORKSTATION5","Task":1,"EventLevel":4,"EventLevelName":"Information","EventData":"{\"RuleName\":\"-\",\"UtcTime\":\"2022-05-13T08:54:10.7230000Z\",\"EventType\":\"CreateKey\",\"ProcessGuid\":\"{f3329a35-1cb0-627e-f916-000000000600}\",\"ProcessId\":\"2084\",\"Image\":\"C:\\\\Windows\\\\System32\\\\WindowsPowerShell\\\\v1.0\\\\powershell.exe\",\"TargetObject\":\"HKLM\\\\System\\\\CurrentControlSet\\\\Services\\\\Tcpip\\\\Parameters\",\"User\":\"NT AUTHORITY\\\\LOCAL SERVICE\"}","EventID":12,"EventOriginId":"29acc230-2f13-49db-9ef2-c9b20229a10c","ManagementGroupName":"AOI-redacted","Type":"WindowsEvent","_ResourceId":"/subscriptions/redacted/resourcegroups/redacted/providers/microsoft.compute/virtualmachines/workstation5"}
{"TenantId":"redacted","SourceSystem":"OpsManager","TimeGenerated":"2022-05-13T08:54:10.73Z","Provider":"Microsoft-Windows-Sysmon","Channel":"Microsoft-Windows-Sysmon/Operational","Computer":"WORKSTATION5","Task":1,"EventLevel":4,"EventLevelName":"Information","EventData":"{\"RuleName\":\"-\",\"UtcTime\":\"2022-05-13T08:54:10.7230000Z\",\"EventType\":\"CreateKey\",\"ProcessGuid\":\"{f3329a35-1cb0-627e-f916-000000000600}\",\"ProcessId\":\"2084\",\"Image\":\"C:\\\\Windows\\\\System32\\\\WindowsPowerShell\\\\v1.0\\\\powershell.exe\",\"TargetObject\":\"HKLM\\\\System\\\\CurrentControlSet\\\\Services\\\\Tcpip\\\\Parameters\",\"User\":\"NT AUTHORITY\\\\LOCAL SERVICE\"}","EventID":12,"EventOriginId":"29acc230-2f13-49db-9ef2-c9b20229a10c","ManagementGroupName":"AOI-redacted","Type":"WindowsEvent","_ResourceId":"/subscriptions/redacted/resourcegroups/redacted/providers/microsoft.compute/virtualmachines/workstation5"}
{"TenantId":"redacted","SourceSystem":"OpsManager","TimeGenerated":"2022-05-13T08:54:10.74Z","Provider":"Microsoft-Windows-Sysmon","Channel":"Microsoft-Windows-Sysmon/Operational","Computer":"WORKSTATION5","Task":1,"EventLevel":4,"EventLevelName":"Information","EventData":"{\"RuleName\":\"-\",\"UtcTime\":\"2022-05-13T08:54:10.7380000Z\",\"ProcessGuid\":\"{f3329a35-1c8f-627e-ef16-000000000600}\",\"ProcessId\":\"6656\",\"Image\":\"C:\\\\Windows\\\\System32\\\\wbem\\\\WmiPrvSE.exe\",\"User\":\"NT AUTHORITY\\\\NETWORK SERVICE\",\"ImageLoaded\":\"C:\\\\Windows\\\\System32\\\\winbrand.dll\",\"FileVersion\":\"10.0.19041.1415 (WinBuild.160101.0800)\",\"Description\":\"Windows Branding Resources\",\"Product\":\"Microsoft® Windows® Operating System\",\"Company\":\"Microsoft Corporation\",\"OriginalFileName\":\"winbrand.dll\",\"Hashes\":\"SHA1=5E44D47203740E76314CEFF5A4BB1BDE9972D8A5,MD5=13E44978D635CAD7A4F898CA053E0969,SHA256=AEAC3348FC74746951728FEF36F047BF24F61E53CE60F34726CA24BFFBA07F05,IMPHASH=852BDAC5CE796D736DBDDA9007E464D8\",\"Signed\":\"true\",\"Signature\":\"Microsoft Windows\",\"SignatureStatus\":\"Valid\"}","EventID":7,"EventOriginId":"29acc230-2f13-49db-9ef2-c9b20229a10c","ManagementGroupName":"AOI-redacted","Type":"WindowsEvent","_ResourceId":"/subscriptions/redacted/resourcegroups/redacted/providers/microsoft.compute/virtualmachines/workstation5"}
{"TenantId":"redacted","SourceSystem":"OpsManager","TimeGenerated":"2022-05-13T08:54:10.743Z","Provider":"Microsoft-Windows-Sysmon","Channel":"Microsoft-Windows-Sysmon/Operational","Computer":"WORKSTATION5","Task":1,"EventLevel":4,"EventLevelName":"Information","EventData":"{\"RuleName\":\"-\",\"UtcTime\":\"2022-05-13T08:54:10.7430000Z\",\"ProcessGuid\":\"{f3329a35-1c8f-627e-ef16-000000000600}\",\"ProcessId\":\"6656\",\"Image\":\"C:\\\\Windows\\\\System32\\\\wbem\\\\WmiPrvSE.exe\",\"User\":\"NT AUTHORITY\\\\NETWORK SERVICE\",\"ImageLoaded\":\"C:\\\\Windows\\\\System32\\\\wldp.dll\",\"FileVersion\":\"10.0.19041.1320 (WinBuild.160101.0800)\",\"Description\":\"Windows Lockdown Policy\",\"Product\":\"Microsoft® Windows® Operating System\",\"Company\":\"Microsoft Corporation\",\"OriginalFileName\":\"wldp.dll\",\"Hashes\":\"SHA1=0E616B4445586EC8590D384A0A49571E3E0C4B34,MD5=7004680670F05F6870A126E3F8E85180,SHA256=80E8A7444C9B57877ED45F4F73765D59251CBDE9388E5716C4E6015B54A2C01D,IMPHASH=FA456F9BA1109F6EE70FF23E47A874C5\",\"Signed\":\"true\",\"Signature\":\"Microsoft Windows\",\"SignatureStatus\":\"Valid\"}","EventID":7,"EventOriginId":"29acc230-2f13-49db-9ef2-c9b20229a10c","ManagementGroupName":"AOI-redacted","Type":"WindowsEvent","_ResourceId":"/subscriptions/redacted/resourcegroups/redacted/providers/microsoft.compute/virtualmachines/workstation5"}
{"TenantId":"redacted","SourceSystem":"OpsManager","TimeGenerated":"2022-05-13T08:54:10.747Z","Provider":"Microsoft-Windows-Sysmon","Channel":"Microsoft-Windows-Sysmon/Operational","Computer":"WORKSTATION5","Task":1,"EventLevel":4,"EventLevelName":"Information","EventData":"{\"RuleName\":\"-\",\"UtcTime\":\"2022-05-13T08:54:10.7430000Z\",\"ProcessGuid\":\"{f3329a35-1c8f-627e-ef16-000000000600}\",\"ProcessId\":\"6656\",\"Image\":\"C:\\\\Windows\\\\System32\\\\wbem\\\\WmiPrvSE.exe\",\"User\":\"NT AUTHORITY\\\\NETWORK SERVICE\",\"ImageLoaded\":\"C:\\\\Windows\\\\System32\\\\wldp.dll\",\"FileVersion\":\"10.0.19041.1320 (WinBuild.160101.0800)\",\"Description\":\"Windows Lockdown Policy\",\"Product\":\"Microsoft® Windows® Operating System\",\"Company\":\"Microsoft Corporation\",\"OriginalFileName\":\"wldp.dll\",\"Hashes\":\"SHA1=0E616B4445586EC8590D384A0A49571E3E0C4B34,MD5=7004680670F05F6870A126E3F8E85180,SHA256=80E8A7444C9B57877ED45F4F73765D59251CBDE9388E5716C4E6015B54A2C01D,IMPHASH=FA456F9BA1109F6EE70FF23E47A874C5\",\"Signed\":\"true\",\"Signature\":\"Microsoft Windows\",\"SignatureStatus\":\"Valid\"}","EventID":7,"EventOriginId":"29acc230-2f13-49db-9ef2-c9b20229a10c","ManagementGroupName":"AOI-redacted","Type":"WindowsEvent","_ResourceId":"/subscriptions/redacted/resourcegroups/redacted/providers/microsoft.compute/virtualmachines/workstation5"}
{"TenantId":"redacted","SourceSystem":"OpsManager","TimeGenerated":"2022-05-13T08:54:10.75Z","Provider":"Microsoft-Windows-Sysmon","Channel":"Microsoft-Windows-Sysmon/Operational","Computer":"WORKSTATION5","Task":1,"EventLevel":4,"EventLevelName":"Information","EventData":"{\"RuleName\":\"-\",\"UtcTime\":\"2022-05-13T08:54:10.7480000Z\",\"ProcessGuid\":\"{f3329a35-1c8f-627e-ef16-000000000600}\",\"ProcessId\":\"6656\",\"Image\":\"C:\\\\Windows\\\\System32\\\\wbem\\\\WmiPrvSE.exe\",\"User\":\"NT AUTHORITY\\\\NETWORK SERVICE\",\"ImageLoaded\":\"C:\\\\Windows\\\\System32\\\\wldp.dll\",\"FileVersion\":\"10.0.19041.1320 (WinBuild.160101.0800)\",\"Description\":\"Windows Lockdown Policy\",\"Product\":\"Microsoft® Windows® Operating System\",\"Company\":\"Microsoft Corporation\",\"OriginalFileName\":\"wldp.dll\",\"Hashes\":\"SHA1=0E616B4445586EC8590D384A0A49571E3E0C4B34,MD5=7004680670F05F6870A126E3F8E85180,SHA256=80E8A7444C9B57877ED45F4F73765D59251CBDE9388E5716C4E6015B54A2C01D,IMPHASH=FA456F9BA1109F6EE70FF23E47A874C5\",\"Signed\":\"true\",\"Signature\":\"Microsoft Windows\",\"SignatureStatus\":\"Valid\"}","EventID":7,"EventOriginId":"29acc230-2f13-49db-9ef2-c9b20229a10c","ManagementGroupName":"AOI-redacted","Type":"WindowsEvent","_ResourceId":"/subscriptions/redacted/resourcegroups/redacted/providers/microsoft.compute/virtualmachines/workstation5"}
{"TenantId":"redacted","SourceSystem":"OpsManager","TimeGenerated":"2022-05-13T08:54:10.753Z","Provider":"Microsoft-Windows-Sysmon","Channel":"Microsoft-Windows-Sysmon/Operational","Computer":"WORKSTATION5","Task":1,"EventLevel":4,"EventLevelName":"Information","EventData":"{\"RuleName\":\"-\",\"UtcTime\":\"2022-05-13T08:54:10.7480000Z\",\"ProcessGuid\":\"{f3329a35-1c8f-627e-ef16-000000000600}\",\"ProcessId\":\"6656\",\"Image\":\"C:\\\\Windows\\\\System32\\\\wbem\\\\WmiPrvSE.exe\",\"User\":\"NT AUTHORITY\\\\NETWORK SERVICE\",\"ImageLoaded\":\"C:\\\\Windows\\\\System32\\\\wldp.dll\",\"FileVersion\":\"10.0.19041.1320 (WinBuild.160101.0800)\",\"Description\":\"Windows Lockdown Policy\",\"Product\":\"Microsoft® Windows® Operating System\",\"Company\":\"Microsoft Corporation\",\"OriginalFileName\":\"wldp.dll\",\"Hashes\":\"SHA1=0E616B4445586EC8590D384A0A49571E3E0C4B34,MD5=7004680670F05F6870A126E3F8E85180,SHA256=80E8A7444C9B57877ED45F4F73765D59251CBDE9388E5716C4E6015B54A2C01D,IMPHASH=FA456F9BA1109F6EE70FF23E47A874C5\",\"Signed\":\"true\",\"Signature\":\"Microsoft Windows\",\"SignatureStatus\":\"Valid\"}","EventID":7,"EventOriginId":"29acc230-2f13-49db-9ef2-c9b20229a10c","ManagementGroupName":"AOI-redacted","Type":"WindowsEvent","_ResourceId":"/subscriptions/redacted/resourcegroups/redacted/providers/microsoft.compute/virtualmachines/workstation5"}
{"TenantId":"redacted","SourceSystem":"OpsManager","TimeGenerated":"2022-05-13T08:54:10.757Z","Provider":"Microsoft-Windows-Sysmon","Channel":"Microsoft-Windows-Sysmon/Operational","Computer":"WORKSTATION5","Task":1,"EventLevel":4,"EventLevelName":"Information","EventData":"{\"RuleName\":\"-\",\"UtcTime\":\"2022-05-13T08:54:10.7530000Z\",\"ProcessGuid\":\"{f3329a35-1c8f-627e-ef16-000000000600}\",\"ProcessId\":\"6656\",\"Image\":\"C:\\\\Windows\\\\System32\\\\wbem\\\\WmiPrvSE.exe\",\"User\":\"NT AUTHORITY\\\\NETWORK SERVICE\",\"ImageLoaded\":\"C:\\\\Windows\\\\System32\\\\security.dll\",\"FileVersion\":\"10.0.19041.1 (WinBuild.160101.0800)\",\"Description\":\"Security Support Provider Interface\",\"Product\":\"Microsoft® Windows® Operating System\",\"Company\":\"Microsoft Corporation\",\"OriginalFileName\":\"security.dll\",\"Hashes\":\"SHA1=6D22295A964A17B61B64CDFF0C8CDD14BFC7AC70,MD5=1CA744FC9B81170501134518B89097F5,SHA256=F8B73FAB687F20A3574DF1B823686FC53C769CFFA4B80610F81BEC13A29292A4,IMPHASH=00000000000000000000000000000000\",\"Signed\":\"true\",\"Signature\":\"Microsoft Windows\",\"SignatureStatus\":\"Valid\"}","EventID":7,"EventOriginId":"29acc230-2f13-49db-9ef2-c9b20229a10c","ManagementGroupName":"AOI-redacted","Type":"WindowsEvent","_ResourceId":"/subscriptions/redacted/resourcegroups/redacted/providers/microsoft.compute/virtualmachines/workstation5"}
{"TenantId":"redacted","SourceSystem":"OpsManager","TimeGenerated":"2022-05-13T08:54:10.757Z","Provider":"Microsoft-Windows-Sysmon","Channel":"Microsoft-Windows-Sysmon/Operational","Computer":"WORKSTATION5","Task":1,"EventLevel":4,"EventLevelName":"Information","EventData":"{\"RuleName\":\"-\",\"UtcTime\":\"2022-05-13T08:54:10.7530000Z\",\"ProcessGuid\":\"{f3329a35-1c8f-627e-ef16-000000000600}\",\"ProcessId\":\"6656\",\"Image\":\"C:\\\\Windows\\\\System32\\\\wbem\\\\WmiPrvSE.exe\",\"User\":\"NT AUTHORITY\\\\NETWORK SERVICE\",\"ImageLoaded\":\"C:\\\\Windows\\\\System32\\\\security.dll\",\"FileVersion\":\"10.0.19041.1 (WinBuild.160101.0800)\",\"Description\":\"Security Support Provider Interface\",\"Product\":\"Microsoft® Windows® Operating System\",\"Company\":\"Microsoft Corporation\",\"OriginalFileName\":\"security.dll\",\"Hashes\":\"SHA1=6D22295A964A17B61B64CDFF0C8CDD14BFC7AC70,MD5=1CA744FC9B81170501134518B89097F5,SHA256=F8B73FAB687F20A3574DF1B823686FC53C769CFFA4B80610F81BEC13A29292A4,IMPHASH=00000000000000000000000000000000\",\"Signed\":\"true\",\"Signature\":\"Microsoft Windows\",\"SignatureStatus\":\"Valid\"}","EventID":7,"EventOriginId":"29acc230-2f13-49db-9ef2-c9b20229a10c","ManagementGroupName":"AOI-redacted","Type":"WindowsEvent","_ResourceId":"/subscriptions/redacted/resourcegroups/redacted/providers/microsoft.compute/virtualmachines/workstation5"}
{"TenantId":"redacted","SourceSystem":"OpsManager","TimeGenerated":"2022-05-13T08:54:10.757Z","Provider":"Microsoft-Windows-Sysmon","Channel":"Microsoft-Windows-Sysmon/Operational","Computer":"WORKSTATION5","Task":1,"EventLevel":4,"EventLevelName":"Information","EventData":"{\"RuleName\":\"-\",\"UtcTime\":\"2022-05-13T08:54:10.7530000Z\",\"ProcessGuid\":\"{f3329a35-1c8f-627e-ef16-000000000600}\",\"ProcessId\":\"6656\",\"Image\":\"C:\\\\Windows\\\\System32\\\\wbem\\\\WmiPrvSE.exe\",\"User\":\"NT AUTHORITY\\\\NETWORK SERVICE\",\"ImageLoaded\":\"C:\\\\Windows\\\\System32\\\\secur32.dll\",\"FileVersion\":\"10.0.19041.546 (WinBuild.160101.0800)\",\"Description\":\"Security Support Provider Interface\",\"Product\":\"Microsoft® Windows® Operating System\",\"Company\":\"Microsoft Corporation\",\"OriginalFileName\":\"secur32.dll\",\"Hashes\":\"SHA1=406632CDFDF16748B0319D8DC8DC5B1C3CC140BA,MD5=3F11C63CB70A726F1F0B6ACCD5934E83,SHA256=02F0C498BB4E5F62722AB5E8A63F5B3779DB88EF1F69FF70F01094EBC14ABF75,IMPHASH=F90C2A389F295606533D615109FB248B\",\"Signed\":\"true\",\"Signature\":\"Microsoft Windows\",\"SignatureStatus\":\"Valid\"}","EventID":7,"EventOriginId":"29acc230-2f13-49db-9ef2-c9b20229a10c","ManagementGroupName":"AOI-redacted","Type":"WindowsEvent","_ResourceId":"/subscriptions/redacted/resourcegroups/redacted/providers/microsoft.compute/virtualmachines/workstation5"}
{"TenantId":"redacted","SourceSystem":"OpsManager","TimeGenerated":"2022-05-13T08:54:10.76Z","Provider":"Microsoft-Windows-Sysmon","Channel":"Microsoft-Windows-Sysmon/Operational","Computer":"WORKSTATION5","Task":1,"EventLevel":4,"EventLevelName":"Information","EventData":"{\"RuleName\":\"-\",\"UtcTime\":\"2022-05-13T08:54:10.7580000Z\",\"ProcessGuid\":\"{f3329a35-1c8f-627e-ef16-000000000600}\",\"ProcessId\":\"6656\",\"Image\":\"C:\\\\Windows\\\\System32\\\\wbem\\\\WmiPrvSE.exe\",\"User\":\"NT AUTHORITY\\\\NETWORK SERVICE\",\"ImageLoaded\":\"C:\\\\Windows\\\\System32\\\\schannel.dll\",\"FileVersion\":\"10.0.19041.789 (WinBuild.160101.0800)\",\"Description\":\"TLS / SSL Security Provider\",\"Product\":\"Microsoft® Windows® Operating System\",\"Company\":\"Microsoft Corporation\",\"OriginalFileName\":\"schannel.dll\",\"Hashes\":\"SHA1=0657BB91B21AC4AAED4D63B9559C3106296213E8,MD5=C64DF6A2A45A4CF91DFA04E28A0BDB1C,SHA256=D2FAA9942C52803BA4A439DA625B0477CB23DEB769FE8A5F50F6546E429C7917,IMPHASH=A8008D74F52F27906ED8B28403843059\",\"Signed\":\"true\",\"Signature\":\"Microsoft Windows\",\"SignatureStatus\":\"Valid\"}","EventID":7,"EventOriginId":"29acc230-2f13-49db-9ef2-c9b20229a10c","ManagementGroupName":"AOI-redacted","Type":"WindowsEvent","_ResourceId":"/subscriptions/redacted/resourcegroups/redacted/providers/microsoft.compute/virtualmachines/workstation5"}
{"TenantId":"redacted","SourceSystem":"OpsManager","TimeGenerated":"2022-05-13T08:54:10.76Z","Provider":"Microsoft-Windows-Sysmon","Channel":"Microsoft-Windows-Sysmon/Operational","Computer":"WORKSTATION5","Task":1,"EventLevel":4,"EventLevelName":"Information","EventData":"{\"RuleName\":\"-\",\"UtcTime\":\"2022-05-13T08:54:10.7580000Z\",\"EventType\":\"CreateKey\",\"ProcessGuid\":\"{f3329a35-1c8f-627e-ef16-000000000600}\",\"ProcessId\":\"6656\",\"Image\":\"C:\\\\Windows\\\\system32\\\\wbem\\\\wmiprvse.exe\",\"TargetObject\":\"HKLM\\\\System\\\\CurrentControlSet\\\\Control\\\\SecurityProviders\\\\SCHANNEL\",\"User\":\"NT AUTHORITY\\\\NETWORK SERVICE\"}","EventID":12,"EventOriginId":"29acc230-2f13-49db-9ef2-c9b20229a10c","ManagementGroupName":"AOI-redacted","Type":"WindowsEvent","_ResourceId":"/subscriptions/redacted/resourcegroups/redacted/providers/microsoft.compute/virtualmachines/workstation5"}
{"TenantId":"redacted","SourceSystem":"OpsManager","TimeGenerated":"2022-05-13T08:54:10.8Z","Provider":"Microsoft-Windows-Sysmon","Channel":"Microsoft-Windows-Sysmon/Operational","Computer":"WORKSTATION5","Task":1,"EventLevel":4,"EventLevelName":"Information","EventData":"{\"RuleName\":\"-\",\"UtcTime\":\"2022-05-13T08:54:10.7980000Z\",\"ProcessGuid\":\"{f3329a35-1c8f-627e-ef16-000000000600}\",\"ProcessId\":\"6656\",\"Image\":\"C:\\\\Windows\\\\System32\\\\wbem\\\\WmiPrvSE.exe\",\"User\":\"NT AUTHORITY\\\\NETWORK SERVICE\",\"ImageLoaded\":\"C:\\\\Windows\\\\System32\\\\netapi32.dll\",\"FileVersion\":\"10.0.19041.546 (WinBuild.160101.0800)\",\"Description\":\"Net Win32 API DLL\",\"Product\":\"Microsoft® Windows® Operating System\",\"Company\":\"Microsoft Corporation\",\"OriginalFileName\":\"NetApi32.DLL\",\"Hashes\":\"SHA1=8ED113F11234222E0E7D9D73D13E38FE12253FAE,MD5=A9BA06777FE9363507611A885B99CCEE,SHA256=A01F97CAFFC96ABFCF4A5329B8904E59920D35A5B85EAADD8ECCA181D8FA36B9,IMPHASH=7D4E1695394CF47BD397AFD45A40E55D\",\"Signed\":\"true\",\"Signature\":\"Microsoft Windows\",\"SignatureStatus\":\"Valid\"}","EventID":7,"EventOriginId":"29acc230-2f13-49db-9ef2-c9b20229a10c","ManagementGroupName":"AOI-redacted","Type":"WindowsEvent","_ResourceId":"/subscriptions/redacted/resourcegroups/redacted/providers/microsoft.compute/virtualmachines/workstation5"}
{"TenantId":"redacted","SourceSystem":"OpsManager","TimeGenerated":"2022-05-13T08:54:10.803Z","Provider":"Microsoft-Windows-Sysmon","Channel":"Microsoft-Windows-Sysmon/Operational","Computer":"WORKSTATION5","Task":1,"EventLevel":4,"EventLevelName":"Information","EventData":"{\"RuleName\":\"-\",\"UtcTime\":\"2022-05-13T08:54:10.8030000Z\",\"ProcessGuid\":\"{f3329a35-1c8f-627e-ef16-000000000600}\",\"ProcessId\":\"6656\",\"Image\":\"C:\\\\Windows\\\\System32\\\\wbem\\\\WmiPrvSE.exe\",\"User\":\"NT AUTHORITY\\\\NETWORK SERVICE\",\"ImageLoaded\":\"C:\\\\Windows\\\\System32\\\\samcli.dll\",\"FileVersion\":\"10.0.19041.546 (WinBuild.160101.0800)\",\"Description\":\"Security Accounts Manager Client DLL\",\"Product\":\"Microsoft® Windows® Operating System\",\"Company\":\"Microsoft Corporation\",\"OriginalFileName\":\"SAMCLI.DLL\",\"Hashes\":\"SHA1=55E2A08B606DB6CB0344F69D2C81C6FBBFBD31AB,MD5=B1A68B75FB4766B9DC3A928665684649,SHA256=FB00E9A54C96E34317B9A1F1099EFAFA49ECF8F8776294BBD9A59A396904F94F,IMPHASH=85D6E08968ADBF425E9BB17AC987F7AC\",\"Signed\":\"true\",\"Signature\":\"Microsoft Windows\",\"SignatureStatus\":\"Valid\"}","EventID":7,"EventOriginId":"29acc230-2f13-49db-9ef2-c9b20229a10c","ManagementGroupName":"AOI-redacted","Type":"WindowsEvent","_ResourceId":"/subscriptions/redacted/resourcegroups/redacted/providers/microsoft.compute/virtualmachines/workstation5"}
{"TenantId":"redacted","SourceSystem":"OpsManager","TimeGenerated":"2022-05-13T08:54:10.807Z","Provider":"Microsoft-Windows-Sysmon","Channel":"Microsoft-Windows-Sysmon/Operational","Computer":"WORKSTATION5","Task":1,"EventLevel":4,"EventLevelName":"Information","EventData":"{\"RuleName\":\"-\",\"UtcTime\":\"2022-05-13T08:54:10.8030000Z\",\"ProcessGuid\":\"{f3329a35-1c8f-627e-ef16-000000000600}\",\"ProcessId\":\"6656\",\"Image\":\"C:\\\\Windows\\\\System32\\\\wbem\\\\WmiPrvSE.exe\",\"User\":\"NT AUTHORITY\\\\NETWORK SERVICE\",\"ImageLoaded\":\"C:\\\\Windows\\\\System32\\\\srvcli.dll\",\"FileVersion\":\"10.0.19041.546 (WinBuild.160101.0800)\",\"Description\":\"Server Service Client DLL\",\"Product\":\"Microsoft® Windows® Operating System\",\"Company\":\"Microsoft Corporation\",\"OriginalFileName\":\"SRVCLI.DLL\",\"Hashes\":\"SHA1=7C6C23F7869AFD77FC693D8213BEA5C4C64246CF,MD5=77703D4393B62469F8FB6B0C343B49BD,SHA256=FBFE510826C49C0E6637D3E48E34C0B872ED545B3262520D18954B735A8EFD85,IMPHASH=A09FF3616CBB41B2263E0AEA182A8311\",\"Signed\":\"true\",\"Signature\":\"Microsoft Windows\",\"SignatureStatus\":\"Valid\"}","EventID":7,"EventOriginId":"29acc230-2f13-49db-9ef2-c9b20229a10c","ManagementGroupName":"AOI-redacted","Type":"WindowsEvent","_ResourceId":"/subscriptions/redacted/resourcegroups/redacted/providers/microsoft.compute/virtualmachines/workstation5"}
{"TenantId":"redacted","SourceSystem":"OpsManager","TimeGenerated":"2022-05-13T08:54:10.807Z","Provider":"Microsoft-Windows-Sysmon","Channel":"Microsoft-Windows-Sysmon/Operational","Computer":"WORKSTATION5","Task":1,"EventLevel":4,"EventLevelName":"Information","EventData":"{\"RuleName\":\"-\",\"UtcTime\":\"2022-05-13T08:54:10.8030000Z\",\"ProcessGuid\":\"{f3329a35-1c8f-627e-ef16-000000000600}\",\"ProcessId\":\"6656\",\"Image\":\"C:\\\\Windows\\\\System32\\\\wbem\\\\WmiPrvSE.exe\",\"User\":\"NT AUTHORITY\\\\NETWORK SERVICE\",\"ImageLoaded\":\"C:\\\\Windows\\\\System32\\\\netutils.dll\",\"FileVersion\":\"10.0.19041.546 (WinBuild.160101.0800)\",\"Description\":\"Net Win32 API Helpers DLL\",\"Product\":\"Microsoft® Windows® Operating System\",\"Company\":\"Microsoft Corporation\",\"OriginalFileName\":\"NETUTILS.DLL\",\"Hashes\":\"SHA1=1038AA4D791515382EF14485601E74AE897122FE,MD5=87185311A6DE2E993E72502F58C1171F,SHA256=4B02305203AB1AC0E795B6467C1E17A00C17447941AEFBF91378186E2FC580D8,IMPHASH=2F3A8C2E0C916DDE0562583BEBDFFEB4\",\"Signed\":\"true\",\"Signature\":\"Microsoft Windows\",\"SignatureStatus\":\"Valid\"}","EventID":7,"EventOriginId":"29acc230-2f13-49db-9ef2-c9b20229a10c","ManagementGroupName":"AOI-redacted","Type":"WindowsEvent","_ResourceId":"/subscriptions/redacted/resourcegroups/redacted/providers/microsoft.compute/virtualmachines/workstation5"}
{"TenantId":"redacted","SourceSystem":"OpsManager","TimeGenerated":"2022-05-13T08:54:10.817Z","Provider":"Microsoft-Windows-Sysmon","Channel":"Microsoft-Windows-Sysmon/Operational","Computer":"WORKSTATION5","Task":1,"EventLevel":4,"EventLevelName":"Information","EventData":"{\"RuleName\":\"-\",\"UtcTime\":\"2022-05-13T08:54:10.8130000Z\",\"ProcessGuid\":\"{f3329a35-1c8f-627e-ef16-000000000600}\",\"ProcessId\":\"6656\",\"Image\":\"C:\\\\Windows\\\\System32\\\\wbem\\\\WmiPrvSE.exe\",\"User\":\"NT AUTHORITY\\\\NETWORK SERVICE\",\"ImageLoaded\":\"C:\\\\Windows\\\\System32\\\\logoncli.dll\",\"FileVersion\":\"10.0.19041.610 (WinBuild.160101.0800)\",\"Description\":\"Net Logon Client DLL\",\"Product\":\"Microsoft® Windows® Operating System\",\"Company\":\"Microsoft Corporation\",\"OriginalFileName\":\"LOGONCLI.DLL\",\"Hashes\":\"SHA1=16CB991A12C1A1D93EB5FF5293B6048C2350E04A,MD5=5BB04A7A8C4035EC97EB0ACC36E6FEE4,SHA256=B84469293584B8FF2C0340F48535227D4C383D558BCC30D6E16A292D26F51CB5,IMPHASH=BD4E054811FEAB07339938AF1BFB41AD\",\"Signed\":\"true\",\"Signature\":\"Microsoft Windows\",\"SignatureStatus\":\"Valid\"}","EventID":7,"EventOriginId":"29acc230-2f13-49db-9ef2-c9b20229a10c","ManagementGroupName":"AOI-redacted","Type":"WindowsEvent","_ResourceId":"/subscriptions/redacted/resourcegroups/redacted/providers/microsoft.compute/virtualmachines/workstation5"}
{"TenantId":"redacted","SourceSystem":"OpsManager","TimeGenerated":"2022-05-13T08:54:10.82Z","Provider":"Microsoft-Windows-Sysmon","Channel":"Microsoft-Windows-Sysmon/Operational","Computer":"WORKSTATION5","Task":1,"EventLevel":4,"EventLevelName":"Information","EventData":"{\"RuleName\":\"-\",\"UtcTime\":\"2022-05-13T08:54:10.8180000Z\",\"ProcessGuid\":\"{f3329a35-1c8f-627e-ef16-000000000600}\",\"ProcessId\":\"6656\",\"Image\":\"C:\\\\Windows\\\\System32\\\\wbem\\\\WmiPrvSE.exe\",\"User\":\"NT AUTHORITY\\\\NETWORK SERVICE\",\"ImageLoaded\":\"C:\\\\Windows\\\\System32\\\\schedcli.dll\",\"FileVersion\":\"10.0.19041.1 (WinBuild.160101.0800)\",\"Description\":\"Scheduler Service Client DLL\",\"Product\":\"Microsoft® Windows® Operating System\",\"Company\":\"Microsoft Corporation\",\"OriginalFileName\":\"SCHEDCLI.DLL\",\"Hashes\":\"SHA1=0A0E2B8CA3710B36E7F59EF0140E0ECAEE0878EF,MD5=163BBED80873B7A8E11698EA08710394,SHA256=B7763C62C524DDE185E038E356BBBD6C32D3D287C913D8F2FFB085749CB195C6,IMPHASH=456C49B5943136BF727A6AD6880D2C1F\",\"Signed\":\"true\",\"Signature\":\"Microsoft Windows\",\"SignatureStatus\":\"Valid\"}","EventID":7,"EventOriginId":"29acc230-2f13-49db-9ef2-c9b20229a10c","ManagementGroupName":"AOI-redacted","Type":"WindowsEvent","_ResourceId":"/subscriptions/redacted/resourcegroups/redacted/providers/microsoft.compute/virtualmachines/workstation5"}
{"TenantId":"redacted","SourceSystem":"OpsManager","TimeGenerated":"2022-05-13T08:54:10.823Z","Provider":"Microsoft-Windows-Sysmon","Channel":"Microsoft-Windows-Sysmon/Operational","Computer":"WORKSTATION5","Task":1,"EventLevel":4,"EventLevelName":"Information","EventData":"{\"RuleName\":\"-\",\"UtcTime\":\"2022-05-13T08:54:10.8180000Z\",\"ProcessGuid\":\"{f3329a35-1c8f-627e-ef16-000000000600}\",\"ProcessId\":\"6656\",\"Image\":\"C:\\\\Windows\\\\System32\\\\wbem\\\\WmiPrvSE.exe\",\"User\":\"NT AUTHORITY\\\\NETWORK SERVICE\",\"ImageLoaded\":\"C:\\\\Windows\\\\System32\\\\wkscli.dll\",\"FileVersion\":\"10.0.19041.546 (WinBuild.160101.0800)\",\"Description\":\"Workstation Service Client DLL\",\"Product\":\"Microsoft® Windows® Operating System\",\"Company\":\"Microsoft Corporation\",\"OriginalFileName\":\"WKSCLI.DLL\",\"Hashes\":\"SHA1=EF16D672DADE69BD9EE65ADB1BE01AAB002F3AD7,MD5=0A183036EA364EF3711183D72659A2F6,SHA256=5769C9CC7D002BB852E92BCCB563BAE3C27E315E7D33E65DABA83D271E153584,IMPHASH=2C66CD20F0ECE47502DB44E1E16CEE7B\",\"Signed\":\"true\",\"Signature\":\"Microsoft Windows\",\"SignatureStatus\":\"Valid\"}","EventID":7,"EventOriginId":"29acc230-2f13-49db-9ef2-c9b20229a10c","ManagementGroupName":"AOI-redacted","Type":"WindowsEvent","_ResourceId":"/subscriptions/redacted/resourcegroups/redacted/providers/microsoft.compute/virtualmachines/workstation5"}
{"TenantId":"redacted","SourceSystem":"OpsManager","TimeGenerated":"2022-05-13T08:54:10.83Z","Provider":"Microsoft-Windows-Sysmon","Channel":"Microsoft-Windows-Sysmon/Operational","Computer":"WORKSTATION5","Task":1,"EventLevel":4,"EventLevelName":"Information","EventData":"{\"RuleName\":\"-\",\"UtcTime\":\"2022-05-13T08:54:10.8230000Z\",\"ProcessGuid\":\"{f3329a35-1c8f-627e-ef16-000000000600}\",\"ProcessId\":\"6656\",\"Image\":\"C:\\\\Windows\\\\System32\\\\wbem\\\\WmiPrvSE.exe\",\"User\":\"NT AUTHORITY\\\\NETWORK SERVICE\",\"ImageLoaded\":\"C:\\\\Windows\\\\System32\\\\dsrole.dll\",\"FileVersion\":\"10.0.19041.546 (WinBuild.160101.0800)\",\"Description\":\"DS Setup Client DLL\",\"Product\":\"Microsoft® Windows® Operating System\",\"Company\":\"Microsoft Corporation\",\"OriginalFileName\":\"DSROLE.DLL\",\"Hashes\":\"SHA1=58CDE96BA3015C77E3B912CABA3054265073188C,MD5=BAB37C2C5EC85081FF620B10ECD27EC9,SHA256=FC8C1ADB27B2BDB6C1E3CCC77AB62A47CF36817480026923448F1367934B7732,IMPHASH=725D60F29A28179D14B861E99E24E3C2\",\"Signed\":\"true\",\"Signature\":\"Microsoft Windows\",\"SignatureStatus\":\"Valid\"}","EventID":7,"EventOriginId":"29acc230-2f13-49db-9ef2-c9b20229a10c","ManagementGroupName":"AOI-redacted","Type":"WindowsEvent","_ResourceId":"/subscriptions/redacted/resourcegroups/redacted/providers/microsoft.compute/virtualmachines/workstation5"}
{"TenantId":"redacted","SourceSystem":"OpsManager","TimeGenerated":"2022-05-13T08:54:10.83Z","Provider":"Microsoft-Windows-Sysmon","Channel":"Microsoft-Windows-Sysmon/Operational","Computer":"WORKSTATION5","Task":1,"EventLevel":4,"EventLevelName":"Information","EventData":"{\"RuleName\":\"-\",\"UtcTime\":\"2022-05-13T08:54:10.8280000Z\",\"EventType\":\"ConnectPipe\",\"ProcessGuid\":\"{f3329a35-1c8f-627e-ef16-000000000600}\",\"ProcessId\":\"6656\",\"Image\":\"C:\\\\Windows\\\\system32\\\\wbem\\\\wmiprvse.exe\",\"User\":\"NT AUTHORITY\\\\NETWORK SERVICE\",\"PipeName\":\"\\\\wkssvc\"}","EventID":18,"EventOriginId":"29acc230-2f13-49db-9ef2-c9b20229a10c","ManagementGroupName":"AOI-redacted","Type":"WindowsEvent","_ResourceId":"/subscriptions/redacted/resourcegroups/redacted/providers/microsoft.compute/virtualmachines/workstation5"}
{"TenantId":"redacted","SourceSystem":"OpsManager","TimeGenerated":"2022-05-13T08:54:10.837Z","Provider":"Microsoft-Windows-Sysmon","Channel":"Microsoft-Windows-Sysmon/Operational","Computer":"WORKSTATION5","Task":1,"EventLevel":4,"EventLevelName":"Information","EventData":"{\"RuleName\":\"-\",\"UtcTime\":\"2022-05-13T08:54:10.8330000Z\",\"ProcessGuid\":\"{f3329a35-1c8f-627e-ef16-000000000600}\",\"ProcessId\":\"6656\",\"Image\":\"C:\\\\Windows\\\\System32\\\\wbem\\\\WmiPrvSE.exe\",\"User\":\"NT AUTHORITY\\\\NETWORK SERVICE\",\"ImageLoaded\":\"C:\\\\Windows\\\\System32\\\\cscapi.dll\",\"FileVersion\":\"10.0.19041.546 (WinBuild.160101.0800)\",\"Description\":\"Offline Files Win32 API\",\"Product\":\"Microsoft® Windows® Operating System\",\"Company\":\"Microsoft Corporation\",\"OriginalFileName\":\"cscapi.dll\",\"Hashes\":\"SHA1=377A946621B144774B780C9BDF66518B7E9F153E,MD5=F57272E27D2F34BCF4A293148C94B1A2,SHA256=BD6DFDA608C996A211E8F07C5A1797FB7EE3AAAAEAAFFF89F6F93D4E37E1365A,IMPHASH=4EEB69A56E58C88D7ABF287DF28871A4\",\"Signed\":\"true\",\"Signature\":\"Microsoft Windows\",\"SignatureStatus\":\"Valid\"}","EventID":7,"EventOriginId":"29acc230-2f13-49db-9ef2-c9b20229a10c","ManagementGroupName":"AOI-redacted","Type":"WindowsEvent","_ResourceId":"/subscriptions/redacted/resourcegroups/redacted/providers/microsoft.compute/virtualmachines/workstation5"}
{"TenantId":"redacted","SourceSystem":"OpsManager","TimeGenerated":"2022-05-13T08:54:10.837Z","Provider":"Microsoft-Windows-Sysmon","Channel":"Microsoft-Windows-Sysmon/Operational","Computer":"WORKSTATION5","Task":1,"EventLevel":4,"EventLevelName":"Information","EventData":"{\"RuleName\":\"-\",\"UtcTime\":\"2022-05-13T08:54:10.8330000Z\",\"EventType\":\"ConnectPipe\",\"ProcessGuid\":\"{f3329a35-1c8f-627e-ef16-000000000600}\",\"ProcessId\":\"6656\",\"Image\":\"C:\\\\Windows\\\\system32\\\\wbem\\\\wmiprvse.exe\",\"User\":\"NT AUTHORITY\\\\NETWORK SERVICE\",\"PipeName\":\"\\\\srvsvc\"}","EventID":18,"EventOriginId":"29acc230-2f13-49db-9ef2-c9b20229a10c","ManagementGroupName":"AOI-redacted","Type":"WindowsEvent","_ResourceId":"/subscriptions/redacted/resourcegroups/redacted/providers/microsoft.compute/virtualmachines/workstation5"}
{"TenantId":"redacted","SourceSystem":"OpsManager","TimeGenerated":"2022-05-13T08:54:10.837Z","Provider":"Microsoft-Windows-Sysmon","Channel":"Microsoft-Windows-Sysmon/Operational","Computer":"WORKSTATION5","Task":1,"EventLevel":4,"EventLevelName":"Information","EventData":"{\"RuleName\":\"-\",\"UtcTime\":\"2022-05-13T08:54:10.8330000Z\",\"EventType\":\"ConnectPipe\",\"ProcessGuid\":\"{f3329a35-1c8f-627e-ef16-000000000600}\",\"ProcessId\":\"6656\",\"Image\":\"C:\\\\Windows\\\\system32\\\\wbem\\\\wmiprvse.exe\",\"User\":\"NT AUTHORITY\\\\NETWORK SERVICE\",\"PipeName\":\"\\\\srvsvc\"}","EventID":18,"EventOriginId":"29acc230-2f13-49db-9ef2-c9b20229a10c","ManagementGroupName":"AOI-redacted","Type":"WindowsEvent","_ResourceId":"/subscriptions/redacted/resourcegroups/redacted/providers/microsoft.compute/virtualmachines/workstation5"}
{"TenantId":"redacted","SourceSystem":"OpsManager","TimeGenerated":"2022-05-13T08:54:11.657Z","Provider":"Microsoft-Windows-Sysmon","Channel":"Microsoft-Windows-Sysmon/Operational","Computer":"WORKSTATION5","Task":1,"EventLevel":4,"EventLevelName":"Information","EventData":"{\"RuleName\":\"-\",\"UtcTime\":\"2022-05-13T08:54:11.6530000Z\",\"EventType\":\"CreateKey\",\"ProcessGuid\":\"{f3329a35-9475-627d-4300-000000000600}\",\"ProcessId\":\"3012\",\"Image\":\"C:\\\\Windows\\\\system32\\\\svchost.exe\",\"TargetObject\":\"HKU\\\\S-1-5-19\\\\SOFTWARE\\\\Microsoft\\\\Windows\\\\CurrentVersion\\\\Internet Settings\\\\Wpad\",\"User\":\"NT AUTHORITY\\\\LOCAL SERVICE\"}","EventID":12,"EventOriginId":"29acc230-2f13-49db-9ef2-c9b20229a10c","ManagementGroupName":"AOI-redacted","Type":"WindowsEvent","_ResourceId":"/subscriptions/redacted/resourcegroups/redacted/providers/microsoft.compute/virtualmachines/workstation5"}
{"TenantId":"redacted","SourceSystem":"OpsManager","TimeGenerated":"2022-05-13T08:54:11.91Z","Provider":"Microsoft-Windows-Sysmon","Channel":"Microsoft-Windows-Sysmon/Operational","Computer":"WORKSTATION5","Task":1,"EventLevel":4,"EventLevelName":"Information","EventData":"{\"RuleName\":\"-\",\"UtcTime\":\"2022-05-13T08:54:10.4900000Z\",\"ProcessGuid\":\"{f3329a35-1cb0-627e-f916-000000000600}\",\"ProcessId\":\"2084\",\"Image\":\"C:\\\\Windows\\\\System32\\\\WindowsPowerShell\\\\v1.0\\\\powershell.exe\",\"User\":\"NT AUTHORITY\\\\LOCAL SERVICE\",\"QueryName\":\"localhost\",\"QueryStatus\":\"0\",\"QueryResults\":\"127.0.0.1;\"}","EventID":22,"EventOriginId":"29acc230-2f13-49db-9ef2-c9b20229a10c","ManagementGroupName":"AOI-redacted","Type":"WindowsEvent","_ResourceId":"/subscriptions/redacted/resourcegroups/redacted/providers/microsoft.compute/virtualmachines/workstation5"}
