{"TenantId":"redacted","SourceSystem":"OpsManager","TimeGenerated":"2022-05-13T08:54:09.06Z","Provider":"Microsoft-Windows-Sysmon","Channel":"Microsoft-Windows-Sysmon/Operational","Computer":"WORKSTATION5","Task":1,"EventLevel":4,"EventLevelName":"Information","EventData":"{\"RuleName\":\"-\",\"UtcTime\":\"2022-05-13T08:54:09.0310000Z\",\"ProcessGuid\":\"{f3329a35-1cb0-627e-f916-000000000600}\",\"ProcessId\":\"2084\",\"Image\":\"C:\\\\Windows\\\\System32\\\\WindowsPowerShell\\\\v1.0\\\\powershell.exe\",\"User\":\"NT AUTHORITY\\\\LOCAL SERVICE\",\"ImageLoaded\":\"C:\\\\Windows\\\\System32\\\\ws2_32.dll\",\"FileVersion\":\"10.0.19041.546 (WinBuild.160101.0800)\",\"Description\":\"Windows Socket 2.0 32-Bit DLL\",\"Product\":\"Microsoft® Windows® Operating System\",\"Company\":\"Microsoft Corporation\",\"OriginalFileName\":\"ws2_32.dll\",\"Hashes\":\"SHA1=2865C9AD28810C59F5EEED6F894467C9EB2C4EE8,MD5=6EED88C1206032A2797ABF131C6242CF,SHA256=1F996574F38219CDD848375F517F8D86E17542BC84D64CCE63AA0C64CC15F22D,IMPHASH=6EEE61EF7874AA59D1A3452C72E61D5C\",\"Signed\":\"true\",\"Signature\":\"Microsoft Windows\",\"SignatureStatus\":\"Valid\"}","EventID":7,"EventOriginId":"29acc230-2f13-49db-9ef2-c9b20229a10c","ManagementGroupName":"AOI-redacted","Type":"WindowsEvent","_ResourceId":"/subscriptions/redacted/resourcegroups/redacted/providers/microsoft.compute/virtualmachines/workstation5"}
{"TenantId":"redacted","SourceSystem":"OpsManager","TimeGenerated":"2022-05-13T08:54:09.067Z","Provider":"Microsoft-Windows-Sysmon","Channel":"Microsoft-Windows-Sysmon/Operational","Computer":"WORKSTATION5","Task":1,"EventLevel":4,"EventLevelName":"Information","EventData":"{\"RuleName\":\"-\",\"UtcTime\":\"2022-05-13T08:54:09.0610000Z\",\"EventType\":\"CreatePipe\",\"ProcessGuid\":\"{f3329a35-1cb0-627e-f916-000000000600}\",\"ProcessId\":\"2084\",\"Image\":\"C:\\\\Windows\\\\System32\\\\WindowsPowerShell\\\\v1.0\\\\powershell.exe\",\"User\":\"NT AUTHORITY\\\\LOCAL SERVICE\",\"PipeName\":\"\\\\PSHost.132969056484201990.2084.DefaultAppDomain.powershell\"}","EventID":17,"EventOriginId":"29acc230-2f13-49db-9ef2-c9b20229a10c","ManagementGroupName":"AOI-redacted","Type":"WindowsEvent","_ResourceId":"/subscriptions/redacted/resourcegroups/redacted/providers/microsoft.compute/virtualmachines/workstation5"}
{"TenantId":"redacted","SourceSystem":"OpsManager","TimeGenerated":"2022-05-13T08:54:09.087Z","Provider":"Microsoft-Windows-Sysmon","Channel":"Microsoft-Windows-Sysmon/Operational","Computer":"WORKSTATION5","Task":1,"EventLevel":4,"EventLevelName":"Information","EventData":"{\"RuleName\":\"-\",\"UtcTime\":\"2022-05-13T08:54:09.0760000Z\",\"EventType\":\"CreateKey\",\"ProcessGuid\":\"{f3329a35-1cb0-627e-f916-000000000600}\",\"ProcessId\":\"2084\",\"Image\":\"C:\\\\Windows\\\\System32\\\\WindowsPowerShell\\\\v1.0\\\\powershell.exe\",\"TargetObject\":\"HKU\\\\S-1-5-19\\\\SOFTWARE\\\\Microsoft\\\\Windows\\\\CurrentVersion\\\\WinTrust\\\\Trust Providers\\\\Software Publishing\",\"User\":\"NT AUTHORITY\\\\LOCAL SERVICE\"}","EventID":12,"EventOriginId":"29acc230-2f13-49db-9ef2-c9b20229a10c","ManagementGroupName":"AOI-redacted","Type":"WindowsEvent","_ResourceId":"/subscriptions/redacted/resourcegroups/redacted/providers/microsoft.compute/virtualmachines/workstation5"}
{"TenantId":"redacted","SourceSystem":"OpsManager","TimeGenerated":"2022-05-13T08:54:09.087Z","Provider":"Microsoft-Windows-Sysmon","Channel":"Microsoft-Windows-Sysmon/Operational","Computer":"WORKSTATION5","Task":1,"EventLevel":4,"EventLevelName":"Information","EventData":"{\"RuleName\":\"-\",\"UtcTime\":\"2022-05-13T08:54:09.0810000Z\",\"EventType\":\"CreateKey\",\"ProcessGuid\":\"{f3329a35-1cb0-627e-f916-000000000600}\",\"ProcessId\":\"2084\",\"Image\":\"C:\\\\Windows\\\\System32\\\\WindowsPowerShell\\\\v1.0\\\\powershell.exe\",\"TargetObject\":\"HKU\\\\S-1-5-19\\\\SOFTWARE\\\\Microsoft\\\\SystemCertificates\\\\Disallowed\",\"User\":\"NT AUTHORITY\\\\LOCAL SERVICE\"}","EventID":12,"EventOriginId":"29acc230-2f13-49db-9ef2-c9b20229a10c","ManagementGroupName":"AOI-redacted","Type":"WindowsEvent","_ResourceId":"/subscriptions/redacted/resourcegroups/redacted/providers/microsoft.compute/virtualmachines/workstation5"}
{"TenantId":"redacted","SourceSystem":"OpsManager","TimeGenerated":"2022-05-13T08:54:09.087Z","Provider":"Microsoft-Windows-Sysmon","Channel":"Microsoft-Windows-Sysmon/Operational","Computer":"WORKSTATION5","Task":1,"EventLevel":4,"EventLevelName":"Information","EventData":"{\"RuleName\":\"-\",\"UtcTime\":\"2022-05-13T08:54:09.0810000Z\",\"EventType\":\"CreateKey\",\"ProcessGuid\":\"{f3329a35-1cb0-627e-f916-000000000600}\",\"ProcessId\":\"2084\",\"Image\":\"C:\\\\Windows\\\\System32\\\\WindowsPowerShell\\\\v1.0\\\\powershell.exe\",\"TargetObject\":\"HKU\\\\S-1-5-19\\\\SOFTWARE\\\\Microsoft\\\\SystemCertificates\\\\Disallowed\",\"User\":\"NT AUTHORITY\\\\LOCAL SERVICE\"}","EventID":12,"EventOriginId":"29acc230-2f13-49db-9ef2-c9b20229a10c","ManagementGroupName":"AOI-redacted","Type":"WindowsEvent","_ResourceId":"/subscriptions/redacted/resourcegroups/redacted/providers/microsoft.compute/virtualmachines/workstation5"}
{"TenantId":"redacted","SourceSystem":"OpsManager","TimeGenerated":"2022-05-13T08:54:09.087Z","Provider":"Microsoft-Windows-Sysmon","Channel":"Microsoft-Windows-Sysmon/Operational","Computer":"WORKSTATION5","Task":1,"EventLevel":4,"EventLevelName":"Information","EventData":"{\"RuleName\":\"-\",\"UtcTime\":\"2022-05-13T08:54:09.0810000Z\",\"EventType\":\"CreateKey\",\"ProcessGuid\":\"{f3329a35-1cb0-627e-f916-000000000600}\",\"ProcessId\":\"2084\",\"Image\":\"C:\\\\Windows\\\\System32\\\\WindowsPowerShell\\\\v1.0\\\\powershell.exe\",\"TargetObject\":\"HKU\\\\S-1-5-19\\\\SOFTWARE\\\\Microsoft\\\\SystemCertificates\\\\Disallowed\\\\Certificates\",\"User\":\"NT AUTHORITY\\\\LOCAL SERVICE\"}","EventID":12,"EventOriginId":"29acc230-2f13-49db-9ef2-c9b20229a10c","ManagementGroupName":"AOI-redacted","Type":"WindowsEvent","_ResourceId":"/subscriptions/redacted/resourcegroups/redacted/providers/microsoft.compute/virtualmachines/workstation5"}
{"TenantId":"redacted","SourceSystem":"OpsManager","TimeGenerated":"2022-05-13T08:54:09.087Z","Provider":"Microsoft-Windows-Sysmon","Channel":"Microsoft-Windows-Sysmon/Operational","Computer":"WORKSTATION5","Task":1,"EventLevel":4,"EventLevelName":"Information","EventData":"{\"RuleName\":\"-\",\"UtcTime\":\"2022-05-13T08:54:09.0810000Z\",\"EventType\":\"CreateKey\",\"ProcessGuid\":\"{f3329a35-1cb0-627e-f916-000000000600}\",\"ProcessId\":\"2084\",\"Image\":\"C:\\\\Windows\\\\System32\\\\WindowsPowerShell\\\\v1.0\\\\powershell.exe\",\"TargetObject\":\"HKU\\\\S-1-5-19\\\\SOFTWARE\\\\Microsoft\\\\SystemCertificates\\\\Disallowed\\\\CRLs\",\"User\":\"NT AUTHORITY\\\\LOCAL SERVICE\"}","EventID":12,"EventOriginId":"29acc230-2f13-49db-9ef2-c9b20229a10c","ManagementGroupName":"AOI-redacted","Type":"WindowsEvent","_ResourceId":"/subscriptions/redacted/resourcegroups/redacted/providers/microsoft.compute/virtualmachines/workstation5"}
{"TenantId":"redacted","SourceSystem":"OpsManager","TimeGenerated":"2022-05-13T08:54:09.087Z","Provider":"Microsoft-Windows-Sysmon","Channel":"Microsoft-Windows-Sysmon/Operational","Computer":"WORKSTATION5","Task":1,"EventLevel":4,"EventLevelName":"Information","EventData":"{\"RuleName\":\"-\",\"UtcTime\":\"2022-05-13T08:54:09.0810000Z\",\"EventType\":\"CreateKey\",\"ProcessGuid\":\"{f3329a35-1cb0-627e-f916-000000000600}\",\"ProcessId\":\"2084\",\"Image\":\"C:\\\\Windows\\\\System32\\\\WindowsPowerShell\\\\v1.0\\\\powershell.exe\",\"TargetObject\":\"HKU\\\\S-1-5-19\\\\SOFTWARE\\\\Microsoft\\\\SystemCertificates\\\\Disallowed\\\\CTLs\",\"User\":\"NT AUTHORITY\\\\LOCAL SERVICE\"}","EventID":12,"EventOriginId":"29acc230-2f13-49db-9ef2-c9b20229a10c","ManagementGroupName":"AOI-redacted","Type":"WindowsEvent","_ResourceId":"/subscriptions/redacted/resourcegroups/redacted/providers/microsoft.compute/virtualmachines/workstation5"}
{"TenantId":"redacted","SourceSystem":"OpsManager","TimeGenerated":"2022-05-13T08:54:09.087Z","Provider":"Microsoft-Windows-Sysmon","Channel":"Microsoft-Windows-Sysmon/Operational","Computer":"WORKSTATION5","Task":1,"EventLevel":4,"EventLevelName":"Information","EventData":"{\"RuleName\":\"-\",\"UtcTime\":\"2022-05-13T08:54:09.0810000Z\",\"EventType\":\"CreateKey\",\"ProcessGuid\":\"{f3329a35-1cb0-627e-f916-000000000600}\",\"ProcessId\":\"2084\",\"Image\":\"C:\\\\Windows\\\\System32\\\\WindowsPowerShell\\\\v1.0\\\\powershell.exe\",\"TargetObject\":\"HKU\\\\S-1-5-19\\\\SOFTWARE\\\\Policies\\\\Microsoft\\\\SystemCertificates\\\\Disallowed\",\"User\":\"NT AUTHORITY\\\\LOCAL SERVICE\"}","EventID":12,"EventOriginId":"29acc230-2f13-49db-9ef2-c9b20229a10c","ManagementGroupName":"AOI-redacted","Type":"WindowsEvent","_ResourceId":"/subscriptions/redacted/resourcegroups/redacted/providers/microsoft.compute/virtualmachines/workstation5"}
{"TenantId":"redacted","SourceSystem":"OpsManager","TimeGenerated":"2022-05-13T08:54:09.087Z","Provider":"Microsoft-Windows-Sysmon","Channel":"Microsoft-Windows-Sysmon/Operational","Computer":"WORKSTATION5","Task":1,"EventLevel":4,"EventLevelName":"Information","EventData":"{\"RuleName\":\"-\",\"UtcTime\":\"2022-05-13T08:54:09.0810000Z\",\"EventType\":\"CreateKey\",\"ProcessGuid\":\"{f3329a35-1cb0-627e-f916-000000000600}\",\"ProcessId\":\"2084\",\"Image\":\"C:\\\\Windows\\\\System32\\\\WindowsPowerShell\\\\v1.0\\\\powershell.exe\",\"TargetObject\":\"HKU\\\\S-1-5-19\\\\SOFTWARE\\\\Policies\\\\Microsoft\\\\SystemCertificates\\\\Disallowed\\\\Certificates\",\"User\":\"NT AUTHORITY\\\\LOCAL SERVICE\"}","EventID":12,"EventOriginId":"29acc230-2f13-49db-9ef2-c9b20229a10c","ManagementGroupName":"AOI-redacted","Type":"WindowsEvent","_ResourceId":"/subscriptions/redacted/resourcegroups/redacted/providers/microsoft.compute/virtualmachines/workstation5"}
{"TenantId":"redacted","SourceSystem":"OpsManager","TimeGenerated":"2022-05-13T08:54:09.087Z","Provider":"Microsoft-Windows-Sysmon","Channel":"Microsoft-Windows-Sysmon/Operational","Computer":"WORKSTATION5","Task":1,"EventLevel":4,"EventLevelName":"Information","EventData":"{\"RuleName\":\"-\",\"UtcTime\":\"2022-05-13T08:54:09.0810000Z\",\"EventType\":\"CreateKey\",\"ProcessGuid\":\"{f3329a35-1cb0-627e-f916-000000000600}\",\"ProcessId\":\"2084\",\"Image\":\"C:\\\\Windows\\\\System32\\\\WindowsPowerShell\\\\v1.0\\\\powershell.exe\",\"TargetObject\":\"HKU\\\\S-1-5-19\\\\SOFTWARE\\\\Policies\\\\Microsoft\\\\SystemCertificates\\\\Disallowed\\\\CRLs\",\"User\":\"NT AUTHORITY\\\\LOCAL SERVICE\"}","EventID":12,"EventOriginId":"29acc230-2f13-49db-9ef2-c9b20229a10c","ManagementGroupName":"AOI-redacted","Type":"WindowsEvent","_ResourceId":"/subscriptions/redacted/resourcegroups/redacted/providers/microsoft.compute/virtualmachines/workstation5"}
{"TenantId":"redacted","SourceSystem":"OpsManager","TimeGenerated":"2022-05-13T08:54:09.087Z","Provider":"Microsoft-Windows-Sysmon","Channel":"Microsoft-Windows-Sysmon/Operational","Computer":"WORKSTATION5","Task":1,"EventLevel":4,"EventLevelName":"Information","EventData":"{\"RuleName\":\"-\",\"UtcTime\":\"2022-05-13T08:54:09.0810000Z\",\"EventType\":\"CreateKey\",\"ProcessGuid\":\"{f3329a35-1cb0-627e-f916-000000000600}\",\"ProcessId\":\"2084\",\"Image\":\"C:\\\\Windows\\\\System32\\\\WindowsPowerShell\\\\v1.0\\\\powershell.exe\",\"TargetObject\":\"HKU\\\\S-1-5-19\\\\SOFTWARE\\\\Policies\\\\Microsoft\\\\SystemCertificates\\\\Disallowed\\\\CTLs\",\"User\":\"NT AUTHORITY\\\\LOCAL SERVICE\"}","EventID":12,"EventOriginId":"29acc230-2f13-49db-9ef2-c9b20229a10c","ManagementGroupName":"AOI-redacted","Type":"WindowsEvent","_ResourceId":"/subscriptions/redacted/resourcegroups/redacted/providers/microsoft.compute/virtualmachines/workstation5"}
{"TenantId":"redacted","SourceSystem":"OpsManager","TimeGenerated":"2022-05-13T08:54:09.087Z","Provider":"Microsoft-Windows-Sysmon","Channel":"Microsoft-Windows-Sysmon/Operational","Computer":"WORKSTATION5","Task":1,"EventLevel":4,"EventLevelName":"Information","EventData":"{\"RuleName\":\"-\",\"UtcTime\":\"2022-05-13T08:54:09.0810000Z\",\"EventType\":\"CreateKey\",\"ProcessGuid\":\"{f3329a35-1cb0-627e-f916-000000000600}\",\"ProcessId\":\"2084\",\"Image\":\"C:\\\\Windows\\\\System32\\\\WindowsPowerShell\\\\v1.0\\\\powershell.exe\",\"TargetObject\":\"HKLM\\\\SOFTWARE\",\"User\":\"NT AUTHORITY\\\\LOCAL SERVICE\"}","EventID":12,"EventOriginId":"29acc230-2f13-49db-9ef2-c9b20229a10c","ManagementGroupName":"AOI-redacted","Type":"WindowsEvent","_ResourceId":"/subscriptions/redacted/resourcegroups/redacted/providers/microsoft.compute/virtualmachines/workstation5"}
{"TenantId":"redacted","SourceSystem":"OpsManager","TimeGenerated":"2022-05-13T08:54:09.087Z","Provider":"Microsoft-Windows-Sysmon","Channel":"Microsoft-Windows-Sysmon/Operational","Computer":"WORKSTATION5","Task":1,"EventLevel":4,"EventLevelName":"Information","EventData":"{\"RuleName\":\"-\",\"UtcTime\":\"2022-05-13T08:54:09.0810000Z\",\"EventType\":\"CreateKey\",\"ProcessGuid\":\"{f3329a35-1cb0-627e-f916-000000000600}\",\"ProcessId\":\"2084\",\"Image\":\"C:\\\\Windows\\\\System32\\\\WindowsPowerShell\\\\v1.0\\\\powershell.exe\",\"TargetObject\":\"HKLM\\\\SOFTWARE\\\\Microsoft\",\"User\":\"NT AUTHORITY\\\\LOCAL SERVICE\"}","EventID":12,"EventOriginId":"29acc230-2f13-49db-9ef2-c9b20229a10c","ManagementGroupName":"AOI-redacted","Type":"WindowsEvent","_ResourceId":"/subscriptions/redacted/resourcegroups/redacted/providers/microsoft.compute/virtualmachines/workstation5"}
{"TenantId":"redacted","SourceSystem":"OpsManager","TimeGenerated":"2022-05-13T08:54:09.087Z","Provider":"Microsoft-Windows-Sysmon","Channel":"Microsoft-Windows-Sysmon/Operational","Computer":"WORKSTATION5","Task":1,"EventLevel":4,"EventLevelName":"Information","EventData":"{\"RuleName\":\"-\",\"UtcTime\":\"2022-05-13T08:54:09.0810000Z\",\"EventType\":\"CreateKey\",\"ProcessGuid\":\"{f3329a35-1cb0-627e-f916-000000000600}\",\"ProcessId\":\"2084\",\"Image\":\"C:\\\\Windows\\\\System32\\\\WindowsPowerShell\\\\v1.0\\\\powershell.exe\",\"TargetObject\":\"HKLM\\\\SOFTWARE\\\\Microsoft\\\\SystemCertificates\",\"User\":\"NT AUTHORITY\\\\LOCAL SERVICE\"}","EventID":12,"EventOriginId":"29acc230-2f13-49db-9ef2-c9b20229a10c","ManagementGroupName":"AOI-redacted","Type":"WindowsEvent","_ResourceId":"/subscriptions/redacted/resourcegroups/redacted/providers/microsoft.compute/virtualmachines/workstation5"}
{"TenantId":"redacted","SourceSystem":"OpsManager","TimeGenerated":"2022-05-13T08:54:09.087Z","Provider":"Microsoft-Windows-Sysmon","Channel":"Microsoft-Windows-Sysmon/Operational","Computer":"WORKSTATION5","Task":1,"EventLevel":4,"EventLevelName":"Information","EventData":"{\"RuleName\":\"-\",\"UtcTime\":\"2022-05-13T08:54:09.0810000Z\",\"EventType\":\"CreateKey\",\"ProcessGuid\":\"{f3329a35-1cb0-627e-f916-000000000600}\",\"ProcessId\":\"2084\",\"Image\":\"C:\\\\Windows\\\\System32\\\\WindowsPowerShell\\\\v1.0\\\\powershell.exe\",\"TargetObject\":\"HKLM\\\\SOFTWARE\",\"User\":\"NT AUTHORITY\\\\LOCAL SERVICE\"}","EventID":12,"EventOriginId":"29acc230-2f13-49db-9ef2-c9b20229a10c","ManagementGroupName":"AOI-redacted","Type":"WindowsEvent","_ResourceId":"/subscriptions/redacted/resourcegroups/redacted/providers/microsoft.compute/virtualmachines/workstation5"}
{"TenantId":"redacted","SourceSystem":"OpsManager","TimeGenerated":"2022-05-13T08:54:09.087Z","Provider":"Microsoft-Windows-Sysmon","Channel":"Microsoft-Windows-Sysmon/Operational","Computer":"WORKSTATION5","Task":1,"EventLevel":4,"EventLevelName":"Information","EventData":"{\"RuleName\":\"-\",\"UtcTime\":\"2022-05-13T08:54:09.0810000Z\",\"EventType\":\"CreateKey\",\"ProcessGuid\":\"{f3329a35-1cb0-627e-f916-000000000600}\",\"ProcessId\":\"2084\",\"Image\":\"C:\\\\Windows\\\\System32\\\\WindowsPowerShell\\\\v1.0\\\\powershell.exe\",\"TargetObject\":\"HKLM\\\\SOFTWARE\\\\Microsoft\",\"User\":\"NT AUTHORITY\\\\LOCAL SERVICE\"}","EventID":12,"EventOriginId":"29acc230-2f13-49db-9ef2-c9b20229a10c","ManagementGroupName":"AOI-redacted","Type":"WindowsEvent","_ResourceId":"/subscriptions/redacted/resourcegroups/redacted/providers/microsoft.compute/virtualmachines/workstation5"}
{"TenantId":"redacted","SourceSystem":"OpsManager","TimeGenerated":"2022-05-13T08:54:09.087Z","Provider":"Microsoft-Windows-Sysmon","Channel":"Microsoft-Windows-Sysmon/Operational","Computer":"WORKSTATION5","Task":1,"EventLevel":4,"EventLevelName":"Information","EventData":"{\"RuleName\":\"-\",\"UtcTime\":\"2022-05-13T08:54:09.0810000Z\",\"EventType\":\"CreateKey\",\"ProcessGuid\":\"{f3329a35-1cb0-627e-f916-000000000600}\",\"ProcessId\":\"2084\",\"Image\":\"C:\\\\Windows\\\\System32\\\\WindowsPowerShell\\\\v1.0\\\\powershell.exe\",\"TargetObject\":\"HKLM\\\\SOFTWARE\\\\Microsoft\\\\SystemCertificates\",\"User\":\"NT AUTHORITY\\\\LOCAL SERVICE\"}","EventID":12,"EventOriginId":"29acc230-2f13-49db-9ef2-c9b20229a10c","ManagementGroupName":"AOI-redacted","Type":"WindowsEvent","_ResourceId":"/subscriptions/redacted/resourcegroups/redacted/providers/microsoft.compute/virtualmachines/workstation5"}
{"TenantId":"redacted","SourceSystem":"OpsManager","TimeGenerated":"2022-05-13T08:54:09.087Z","Provider":"Microsoft-Windows-Sysmon","Channel":"Microsoft-Windows-Sysmon/Operational","Computer":"WORKSTATION5","Task":1,"EventLevel":4,"EventLevelName":"Information","EventData":"{\"RuleName\":\"-\",\"UtcTime\":\"2022-05-13T08:54:09.0810000Z\",\"EventType\":\"CreateKey\",\"ProcessGuid\":\"{f3329a35-1cb0-627e-f916-000000000600}\",\"ProcessId\":\"2084\",\"Image\":\"C:\\\\Windows\\\\System32\\\\WindowsPowerShell\\\\v1.0\\\\powershell.exe\",\"TargetObject\":\"HKLM\\\\SOFTWARE\",\"User\":\"NT AUTHORITY\\\\LOCAL SERVICE\"}","EventID":12,"EventOriginId":"29acc230-2f13-49db-9ef2-c9b20229a10c","ManagementGroupName":"AOI-redacted","Type":"WindowsEvent","_ResourceId":"/subscriptions/redacted/resourcegroups/redacted/providers/microsoft.compute/virtualmachines/workstation5"}
{"TenantId":"redacted","SourceSystem":"OpsManager","TimeGenerated":"2022-05-13T08:54:09.087Z","Provider":"Microsoft-Windows-Sysmon","Channel":"Microsoft-Windows-Sysmon/Operational","Computer":"WORKSTATION5","Task":1,"EventLevel":4,"EventLevelName":"Information","EventData":"{\"RuleName\":\"-\",\"UtcTime\":\"2022-05-13T08:54:09.0810000Z\",\"EventType\":\"CreateKey\",\"ProcessGuid\":\"{f3329a35-1cb0-627e-f916-000000000600}\",\"ProcessId\":\"2084\",\"Image\":\"C:\\\\Windows\\\\System32\\\\WindowsPowerShell\\\\v1.0\\\\powershell.exe\",\"TargetObject\":\"HKLM\\\\SOFTWARE\\\\Policies\",\"User\":\"NT AUTHORITY\\\\LOCAL SERVICE\"}","EventID":12,"EventOriginId":"29acc230-2f13-49db-9ef2-c9b20229a10c","ManagementGroupName":"AOI-redacted","Type":"WindowsEvent","_ResourceId":"/subscriptions/redacted/resourcegroups/redacted/providers/microsoft.compute/virtualmachines/workstation5"}
{"TenantId":"redacted","SourceSystem":"OpsManager","TimeGenerated":"2022-05-13T08:54:09.087Z","Provider":"Microsoft-Windows-Sysmon","Channel":"Microsoft-Windows-Sysmon/Operational","Computer":"WORKSTATION5","Task":1,"EventLevel":4,"EventLevelName":"Information","EventData":"{\"RuleName\":\"-\",\"UtcTime\":\"2022-05-13T08:54:09.0810000Z\",\"EventType\":\"CreateKey\",\"ProcessGuid\":\"{f3329a35-1cb0-627e-f916-000000000600}\",\"ProcessId\":\"2084\",\"Image\":\"C:\\\\Windows\\\\System32\\\\WindowsPowerShell\\\\v1.0\\\\powershell.exe\",\"TargetObject\":\"HKLM\\\\SOFTWARE\\\\Policies\\\\Microsoft\",\"User\":\"NT AUTHORITY\\\\LOCAL SERVICE\"}","EventID":12,"EventOriginId":"29acc230-2f13-49db-9ef2-c9b20229a10c","ManagementGroupName":"AOI-redacted","Type":"WindowsEvent","_ResourceId":"/subscriptions/redacted/resourcegroups/redacted/providers/microsoft.compute/virtualmachines/workstation5"}
{"TenantId":"redacted","SourceSystem":"OpsManager","TimeGenerated":"2022-05-13T08:54:09.087Z","Provider":"Microsoft-Windows-Sysmon","Channel":"Microsoft-Windows-Sysmon/Operational","Computer":"WORKSTATION5","Task":1,"EventLevel":4,"EventLevelName":"Information","EventData":"{\"RuleName\":\"-\",\"UtcTime\":\"2022-05-13T08:54:09.0810000Z\",\"EventType\":\"CreateKey\",\"ProcessGuid\":\"{f3329a35-1cb0-627e-f916-000000000600}\",\"ProcessId\":\"2084\",\"Image\":\"C:\\\\Windows\\\\System32\\\\WindowsPowerShell\\\\v1.0\\\\powershell.exe\",\"TargetObject\":\"HKLM\\\\SOFTWARE\\\\Policies\\\\Microsoft\\\\SystemCertificates\",\"User\":\"NT AUTHORITY\\\\LOCAL SERVICE\"}","EventID":12,"EventOriginId":"29acc230-2f13-49db-9ef2-c9b20229a10c","ManagementGroupName":"AOI-redacted","Type":"WindowsEvent","_ResourceId":"/subscriptions/redacted/resourcegroups/redacted/providers/microsoft.compute/virtualmachines/workstation5"}
{"TenantId":"redacted","SourceSystem":"OpsManager","TimeGenerated":"2022-05-13T08:54:09.087Z","Provider":"Microsoft-Windows-Sysmon","Channel":"Microsoft-Windows-Sysmon/Operational","Computer":"WORKSTATION5","Task":1,"EventLevel":4,"EventLevelName":"Information","EventData":"{\"RuleName\":\"-\",\"UtcTime\":\"2022-05-13T08:54:09.0810000Z\",\"EventType\":\"CreateKey\",\"ProcessGuid\":\"{f3329a35-1cb0-627e-f916-000000000600}\",\"ProcessId\":\"2084\",\"Image\":\"C:\\\\Windows\\\\System32\\\\WindowsPowerShell\\\\v1.0\\\\powershell.exe\",\"TargetObject\":\"HKLM\\\\SOFTWARE\",\"User\":\"NT AUTHORITY\\\\LOCAL SERVICE\"}","EventID":12,"EventOriginId":"29acc230-2f13-49db-9ef2-c9b20229a10c","ManagementGroupName":"AOI-redacted","Type":"WindowsEvent","_ResourceId":"/subscriptions/redacted/resourcegroups/redacted/providers/microsoft.compute/virtualmachines/workstation5"}
{"TenantId":"redacted","SourceSystem":"OpsManager","TimeGenerated":"2022-05-13T08:54:09.087Z","Provider":"Microsoft-Windows-Sysmon","Channel":"Microsoft-Windows-Sysmon/Operational","Computer":"WORKSTATION5","Task":1,"EventLevel":4,"EventLevelName":"Information","EventData":"{\"RuleName\":\"-\",\"UtcTime\":\"2022-05-13T08:54:09.0810000Z\",\"EventType\":\"CreateKey\",\"ProcessGuid\":\"{f3329a35-1cb0-627e-f916-000000000600}\",\"ProcessId\":\"2084\",\"Image\":\"C:\\\\Windows\\\\System32\\\\WindowsPowerShell\\\\v1.0\\\\powershell.exe\",\"TargetObject\":\"HKLM\\\\SOFTWARE\\\\Microsoft\",\"User\":\"NT AUTHORITY\\\\LOCAL SERVICE\"}","EventID":12,"EventOriginId":"29acc230-2f13-49db-9ef2-c9b20229a10c","ManagementGroupName":"AOI-redacted","Type":"WindowsEvent","_ResourceId":"/subscriptions/redacted/resourcegroups/redacted/providers/microsoft.compute/virtualmachines/workstation5"}
{"TenantId":"redacted","SourceSystem":"OpsManager","TimeGenerated":"2022-05-13T08:54:09.087Z","Provider":"Microsoft-Windows-Sysmon","Channel":"Microsoft-Windows-Sysmon/Operational","Computer":"WORKSTATION5","Task":1,"EventLevel":4,"EventLevelName":"Information","EventData":"{\"RuleName\":\"-\",\"UtcTime\":\"2022-05-13T08:54:09.0810000Z\",\"EventType\":\"CreateKey\",\"ProcessGuid\":\"{f3329a35-1cb0-627e-f916-000000000600}\",\"ProcessId\":\"2084\",\"Image\":\"C:\\\\Windows\\\\System32\\\\WindowsPowerShell\\\\v1.0\\\\powershell.exe\",\"TargetObject\":\"HKLM\\\\SOFTWARE\\\\Microsoft\\\\EnterpriseCertificates\",\"User\":\"NT AUTHORITY\\\\LOCAL SERVICE\"}","EventID":12,"EventOriginId":"29acc230-2f13-49db-9ef2-c9b20229a10c","ManagementGroupName":"AOI-redacted","Type":"WindowsEvent","_ResourceId":"/subscriptions/redacted/resourcegroups/redacted/providers/microsoft.compute/virtualmachines/workstation5"}
{"TenantId":"redacted","SourceSystem":"OpsManager","TimeGenerated":"2022-05-13T08:54:09.087Z","Provider":"Microsoft-Windows-Sysmon","Channel":"Microsoft-Windows-Sysmon/Operational","Computer":"WORKSTATION5","Task":1,"EventLevel":4,"EventLevelName":"Information","EventData":"{\"RuleName\":\"-\",\"UtcTime\":\"2022-05-13T08:54:09.0810000Z\",\"EventType\":\"CreateKey\",\"ProcessGuid\":\"{f3329a35-1cb0-627e-f916-000000000600}\",\"ProcessId\":\"2084\",\"Image\":\"C:\\\\Windows\\\\System32\\\\WindowsPowerShell\\\\v1.0\\\\powershell.exe\",\"TargetObject\":\"HKLM\\\\SOFTWARE\",\"User\":\"NT AUTHORITY\\\\LOCAL SERVICE\"}","EventID":12,"EventOriginId":"29acc230-2f13-49db-9ef2-c9b20229a10c","ManagementGroupName":"AOI-redacted","Type":"WindowsEvent","_ResourceId":"/subscriptions/redacted/resourcegroups/redacted/providers/microsoft.compute/virtualmachines/workstation5"}
{"TenantId":"redacted","SourceSystem":"OpsManager","TimeGenerated":"2022-05-13T08:54:09.087Z","Provider":"Microsoft-Windows-Sysmon","Channel":"Microsoft-Windows-Sysmon/Operational","Computer":"WORKSTATION5","Task":1,"EventLevel":4,"EventLevelName":"Information","EventData":"{\"RuleName\":\"-\",\"UtcTime\":\"2022-05-13T08:54:09.0810000Z\",\"EventType\":\"CreateKey\",\"ProcessGuid\":\"{f3329a35-1cb0-627e-f916-000000000600}\",\"ProcessId\":\"2084\",\"Image\":\"C:\\\\Windows\\\\System32\\\\WindowsPowerShell\\\\v1.0\\\\powershell.exe\",\"TargetObject\":\"HKLM\\\\SOFTWARE\\\\Microsoft\",\"User\":\"NT AUTHORITY\\\\LOCAL SERVICE\"}","EventID":12,"EventOriginId":"29acc230-2f13-49db-9ef2-c9b20229a10c","ManagementGroupName":"AOI-redacted","Type":"WindowsEvent","_ResourceId":"/subscriptions/redacted/resourcegroups/redacted/providers/microsoft.compute/virtualmachines/workstation5"}
{"TenantId":"redacted","SourceSystem":"OpsManager","TimeGenerated":"2022-05-13T08:54:09.087Z","Provider":"Microsoft-Windows-Sysmon","Channel":"Microsoft-Windows-Sysmon/Operational","Computer":"WORKSTATION5","Task":1,"EventLevel":4,"EventLevelName":"Information","EventData":"{\"RuleName\":\"-\",\"UtcTime\":\"2022-05-13T08:54:09.0810000Z\",\"EventType\":\"CreateKey\",\"ProcessGuid\":\"{f3329a35-1cb0-627e-f916-000000000600}\",\"ProcessId\":\"2084\",\"Image\":\"C:\\\\Windows\\\\System32\\\\WindowsPowerShell\\\\v1.0\\\\powershell.exe\",\"TargetObject\":\"HKLM\\\\SOFTWARE\\\\Microsoft\\\\EnterpriseCertificates\",\"User\":\"NT AUTHORITY\\\\LOCAL SERVICE\"}","EventID":12,"EventOriginId":"29acc230-2f13-49db-9ef2-c9b20229a10c","ManagementGroupName":"AOI-redacted","Type":"WindowsEvent","_ResourceId":"/subscriptions/redacted/resourcegroups/redacted/providers/microsoft.compute/virtualmachines/workstation5"}
{"TenantId":"redacted","SourceSystem":"OpsManager","TimeGenerated":"2022-05-13T08:54:09.097Z","Provider":"Microsoft-Windows-Sysmon","Channel":"Microsoft-Windows-Sysmon/Operational","Computer":"WORKSTATION5","Task":1,"EventLevel":4,"EventLevelName":"Information","EventData":"{\"RuleName\":\"-\",\"UtcTime\":\"2022-05-13T08:54:09.0910000Z\",\"ProcessGuid\":\"{f3329a35-1cb0-627e-f916-000000000600}\",\"ProcessId\":\"2084\",\"Image\":\"C:\\\\Windows\\\\System32\\\\WindowsPowerShell\\\\v1.0\\\\powershell.exe\",\"User\":\"NT AUTHORITY\\\\LOCAL SERVICE\",\"ImageLoaded\":\"C:\\\\Windows\\\\Microsoft.NET\\\\Framework64\\\\v4.0.30319\\\\clrjit.dll\",\"FileVersion\":\"4.8.4300.0 built by: NET48REL1LAST_C\",\"Description\":\"Microsoft .NET Runtime Just-In-Time Compiler\",\"Product\":\"Microsoft® .NET Framework\",\"Company\":\"Microsoft Corporation\",\"OriginalFileName\":\"clrjit.dll\",\"Hashes\":\"SHA1=B683EEA18D37C37B81E74F60CEF874FFAE9A925A,MD5=90238E1FD283825887522E5A085DE82A,SHA256=E5CBD65C44A6B1D5D07CA7C047457018C18E96B78C65693F7CD0C2261E0F071A,IMPHASH=9F2B44B648DE13A18C1ABC07250B85C2\",\"Signed\":\"true\",\"Signature\":\"Microsoft Corporation\",\"SignatureStatus\":\"Valid\"}","EventID":7,"EventOriginId":"29acc230-2f13-49db-9ef2-c9b20229a10c","ManagementGroupName":"AOI-redacted","Type":"WindowsEvent","_ResourceId":"/subscriptions/redacted/resourcegroups/redacted/providers/microsoft.compute/virtualmachines/workstation5"}
{"TenantId":"redacted","SourceSystem":"OpsManager","TimeGenerated":"2022-05-13T08:54:09.107Z","Provider":"Microsoft-Windows-Sysmon","Channel":"Microsoft-Windows-Sysmon/Operational","Computer":"WORKSTATION5","Task":1,"EventLevel":4,"EventLevelName":"Information","EventData":"{\"RuleName\":\"-\",\"UtcTime\":\"2022-05-13T08:54:09.1060000Z\",\"ProcessGuid\":\"{f3329a35-1cb0-627e-f916-000000000600}\",\"ProcessId\":\"2084\",\"Image\":\"C:\\\\Windows\\\\System32\\\\WindowsPowerShell\\\\v1.0\\\\powershell.exe\",\"User\":\"NT AUTHORITY\\\\LOCAL SERVICE\",\"ImageLoaded\":\"C:\\\\Windows\\\\assembly\\\\NativeImages_v4.0.30319_64\\\\Microsoft.P6f792626#\\\\53c9141751ad69997535c3d349eb1fb2\\\\Microsoft.PowerShell.Security.ni.dll\",\"FileVersion\":\"10.0.19041.1\",\"Description\":\"Microsoft Windows PowerShell Management Commands\",\"Product\":\"Microsoft (R) Windows (R) Operating System\",\"Company\":\"Microsoft Corporation\",\"OriginalFileName\":\"Microsoft.PowerShell.Security.dll\",\"Hashes\":\"SHA1=B66E5AAC32ECDECEC79A0350DB0E2B5CBE094076,MD5=7ADF31C5720BD40A6F296F746F696F3A,SHA256=0C1DE8CF4E80604E5D530D486BB8A1273B0C821F8A16CF04F63BB3B6A3C93CE4,IMPHASH=00000000000000000000000000000000\",\"Signed\":\"false\",\"Signature\":\"-\",\"SignatureStatus\":\"Unavailable\"}","EventID":7,"EventOriginId":"29acc230-2f13-49db-9ef2-c9b20229a10c","ManagementGroupName":"AOI-redacted","Type":"WindowsEvent","_ResourceId":"/subscriptions/redacted/resourcegroups/redacted/providers/microsoft.compute/virtualmachines/workstation5"}
{"TenantId":"redacted","SourceSystem":"OpsManager","TimeGenerated":"2022-05-13T08:54:09.137Z","Provider":"Microsoft-Windows-Sysmon","Channel":"Microsoft-Windows-Sysmon/Operational","Computer":"WORKSTATION5","Task":1,"EventLevel":4,"EventLevelName":"Information","EventData":"{\"RuleName\":\"-\",\"UtcTime\":\"2022-05-13T08:54:09.1260000Z\",\"ProcessGuid\":\"{f3329a35-1cb0-627e-f916-000000000600}\",\"ProcessId\":\"2084\",\"Image\":\"C:\\\\Windows\\\\System32\\\\WindowsPowerShell\\\\v1.0\\\\powershell.exe\",\"User\":\"NT AUTHORITY\\\\LOCAL SERVICE\",\"ImageLoaded\":\"C:\\\\Windows\\\\assembly\\\\NativeImages_v4.0.30319_64\\\\System.Transactions\\\\b2fdcabab1fd6b80bcfd6aabeea56bdc\\\\System.Transactions.ni.dll\",\"FileVersion\":\"4.8.4084.0 built by: NET48REL1\",\"Description\":\".NET Framework\",\"Product\":\"Microsoft® .NET Framework\",\"Company\":\"Microsoft Corporation\",\"OriginalFileName\":\"system.transactions.dll\",\"Hashes\":\"SHA1=56D35120E12C6188AB8A6E07FA26A4BE5385CA9E,MD5=1F73E80590B9E5E5C5DEED3131566DF0,SHA256=5B7C8178CB041DAC42369209C5CD964DF55C31CB26B6513E46925B3828A984EC,IMPHASH=00000000000000000000000000000000\",\"Signed\":\"false\",\"Signature\":\"-\",\"SignatureStatus\":\"Unavailable\"}","EventID":7,"EventOriginId":"29acc230-2f13-49db-9ef2-c9b20229a10c","ManagementGroupName":"AOI-redacted","Type":"WindowsEvent","_ResourceId":"/subscriptions/redacted/resourcegroups/redacted/providers/microsoft.compute/virtualmachines/workstation5"}
{"TenantId":"redacted","SourceSystem":"OpsManager","TimeGenerated":"2022-05-13T08:54:09.137Z","Provider":"Microsoft-Windows-Sysmon","Channel":"Microsoft-Windows-Sysmon/Operational","Computer":"WORKSTATION5","Task":1,"EventLevel":4,"EventLevelName":"Information","EventData":"{\"RuleName\":\"-\",\"UtcTime\":\"2022-05-13T08:54:09.1260000Z\",\"ProcessGuid\":\"{f3329a35-1cb0-627e-f916-000000000600}\",\"ProcessId\":\"2084\",\"Image\":\"C:\\\\Windows\\\\System32\\\\WindowsPowerShell\\\\v1.0\\\\powershell.exe\",\"User\":\"NT AUTHORITY\\\\LOCAL SERVICE\",\"ImageLoaded\":\"C:\\\\Windows\\\\Microsoft.NET\\\\assembly\\\\GAC_64\\\\System.Transactions\\\\v4.0_4.0.0.0__b77a5c561934e089\\\\System.Transactions.dll\",\"FileVersion\":\"4.8.4084.0 built by: NET48REL1\",\"Description\":\".NET Framework\",\"Product\":\"Microsoft® .NET Framework\",\"Company\":\"Microsoft Corporation\",\"OriginalFileName\":\"system.transactions.dll\",\"Hashes\":\"SHA1=27398D7810EA779DE6AC84E32D1075DE84C265B4,MD5=7799CCC01448F58A1426F09BB23451AF,SHA256=871C970A373DAF15EE023EC5D7A1EEBDFB3AFD9217E344178C232618A8A35D9E,IMPHASH=1C67DA46DE146D5C03F7C75A4E4CCCA4\",\"Signed\":\"true\",\"Signature\":\"Microsoft Corporation\",\"SignatureStatus\":\"Valid\"}","EventID":7,"EventOriginId":"29acc230-2f13-49db-9ef2-c9b20229a10c","ManagementGroupName":"AOI-redacted","Type":"WindowsEvent","_ResourceId":"/subscriptions/redacted/resourcegroups/redacted/providers/microsoft.compute/virtualmachines/workstation5"}
{"TenantId":"redacted","SourceSystem":"OpsManager","TimeGenerated":"2022-05-13T08:54:09.137Z","Provider":"Microsoft-Windows-Sysmon","Channel":"Microsoft-Windows-Sysmon/Operational","Computer":"WORKSTATION5","Task":1,"EventLevel":4,"EventLevelName":"Information","EventData":"{\"RuleName\":\"-\",\"UtcTime\":\"2022-05-13T08:54:09.1310000Z\",\"ProcessGuid\":\"{f3329a35-1cb0-627e-f916-000000000600}\",\"ProcessId\":\"2084\",\"Image\":\"C:\\\\Windows\\\\System32\\\\WindowsPowerShell\\\\v1.0\\\\powershell.exe\",\"User\":\"NT AUTHORITY\\\\LOCAL SERVICE\",\"ImageLoaded\":\"C:\\\\Windows\\\\System32\\\\secur32.dll\",\"FileVersion\":\"10.0.19041.546 (WinBuild.160101.0800)\",\"Description\":\"Security Support Provider Interface\",\"Product\":\"Microsoft® Windows® Operating System\",\"Company\":\"Microsoft Corporation\",\"OriginalFileName\":\"secur32.dll\",\"Hashes\":\"SHA1=406632CDFDF16748B0319D8DC8DC5B1C3CC140BA,MD5=3F11C63CB70A726F1F0B6ACCD5934E83,SHA256=02F0C498BB4E5F62722AB5E8A63F5B3779DB88EF1F69FF70F01094EBC14ABF75,IMPHASH=F90C2A389F295606533D615109FB248B\",\"Signed\":\"true\",\"Signature\":\"Microsoft Windows\",\"SignatureStatus\":\"Valid\"}","EventID":7,"EventOriginId":"29acc230-2f13-49db-9ef2-c9b20229a10c","ManagementGroupName":"AOI-redacted","Type":"WindowsEvent","_ResourceId":"/subscriptions/redacted/resourcegroups/redacted/providers/microsoft.compute/virtualmachines/workstation5"}
{"TenantId":"redacted","SourceSystem":"OpsManager","TimeGenerated":"2022-05-13T08:54:09.15Z","Provider":"Microsoft-Windows-Sysmon","Channel":"Microsoft-Windows-Sysmon/Operational","Computer":"WORKSTATION5","Task":1,"EventLevel":4,"EventLevelName":"Information","EventData":"{\"RuleName\":\"-\",\"UtcTime\":\"2022-05-13T08:54:09.1460000Z\",\"ProcessGuid\":\"{f3329a35-1cb0-627e-f916-000000000600}\",\"ProcessId\":\"2084\",\"Image\":\"C:\\\\Windows\\\\System32\\\\WindowsPowerShell\\\\v1.0\\\\powershell.exe\",\"User\":\"NT AUTHORITY\\\\LOCAL SERVICE\",\"ImageLoaded\":\"C:\\\\Windows\\\\System32\\\\sspicli.dll\",\"FileVersion\":\"10.0.19041.1266 (WinBuild.160101.0800)\",\"Description\":\"Security Support Provider Interface\",\"Product\":\"Microsoft® Windows® Operating System\",\"Company\":\"Microsoft Corporation\",\"OriginalFileName\":\"sspicli.dll\",\"Hashes\":\"SHA1=1C241020754267181DD501949E0D43F35F0A4D10,MD5=956AD5A3683B1D05ECB2927114682495,SHA256=74542C85C237583A61BFD6296E7610DA2973872645DDC614AD837705D9C4AC72,IMPHASH=97FA8308A6F9D1869F11A4DBB652B29E\",\"Signed\":\"true\",\"Signature\":\"Microsoft Windows\",\"SignatureStatus\":\"Valid\"}","EventID":7,"EventOriginId":"29acc230-2f13-49db-9ef2-c9b20229a10c","ManagementGroupName":"AOI-redacted","Type":"WindowsEvent","_ResourceId":"/subscriptions/redacted/resourcegroups/redacted/providers/microsoft.compute/virtualmachines/workstation5"}
{"TenantId":"redacted","SourceSystem":"OpsManager","TimeGenerated":"2022-05-13T08:54:09.15Z","Provider":"Microsoft-Windows-Sysmon","Channel":"Microsoft-Windows-Sysmon/Operational","Computer":"WORKSTATION5","Task":1,"EventLevel":4,"EventLevelName":"Information","EventData":"{\"RuleName\":\"-\",\"UtcTime\":\"2022-05-13T08:54:09.1460000Z\",\"SourceProcessGUID\":\"{f3329a35-9471-627d-0c00-000000000600}\",\"SourceProcessId\":\"776\",\"SourceThreadId\":\"2816\",\"SourceImage\":\"C:\\\\Windows\\\\system32\\\\lsass.exe\",\"TargetProcessGUID\":\"{f3329a35-1cb0-627e-f916-000000000600}\",\"TargetProcessId\":\"2084\",\"TargetImage\":\"C:\\\\Windows\\\\System32\\\\WindowsPowerShell\\\\v1.0\\\\powershell.exe\",\"GrantedAccess\":\"0x1000\",\"CallTrace\":\"C:\\\\Windows\\\\SYSTEM32\\\\ntdll.dll+9de44|C:\\\\Windows\\\\System32\\\\RPCRT4.dll+3b8a4|C:\\\\Windows\\\\system32\\\\lsasrv.dll+38f39|C:\\\\Windows\\\\SYSTEM32\\\\SspiSrv.dll+1a82|C:\\\\Windows\\\\System32\\\\RPCRT4.dll+78e33|C:\\\\Windows\\\\System32\\\\RPCRT4.dll+e11cb|C:\\\\Windows\\\\System32\\\\RPCRT4.dll+5cd6c|C:\\\\Windows\\\\System32\\\\RPCRT4.dll+57838|C:\\\\Windows\\\\System32\\\\RPCRT4.dll+39e06|C:\\\\Windows\\\\System32\\\\RPCRT4.dll+39758|C:\\\\Windows\\\\System32\\\\RPCRT4.dll+47f6f|C:\\\\Windows\\\\System32\\\\RPCRT4.dll+47378|C:\\\\Windows\\\\System32\\\\RPCRT4.dll+46961|C:\\\\Windows\\\\System32\\\\RPCRT4.dll+463ce|C:\\\\Windows\\\\System32\\\\RPCRT4.dll+4a9d2|C:\\\\Windows\\\\SYSTEM32\\\\ntdll.dll+20330|C:\\\\Windows\\\\SYSTEM32\\\\ntdll.dll+52f26|C:\\\\Windows\\\\System32\\\\KERNEL32.DLL+17034|C:\\\\Windows\\\\SYSTEM32\\\\ntdll.dll+52651\",\"SourceUser\":\"NT AUTHORITY\\\\SYSTEM\",\"TargetUser\":\"NT AUTHORITY\\\\LOCAL SERVICE\"}","EventID":10,"EventOriginId":"29acc230-2f13-49db-9ef2-c9b20229a10c","ManagementGroupName":"AOI-redacted","Type":"WindowsEvent","_ResourceId":"/subscriptions/redacted/resourcegroups/redacted/providers/microsoft.compute/virtualmachines/workstation5"}
{"TenantId":"redacted","SourceSystem":"OpsManager","TimeGenerated":"2022-05-13T08:54:09.15Z","Provider":"Microsoft-Windows-Sysmon","Channel":"Microsoft-Windows-Sysmon/Operational","Computer":"WORKSTATION5","Task":1,"EventLevel":4,"EventLevelName":"Information","EventData":"{\"RuleName\":\"-\",\"UtcTime\":\"2022-05-13T08:54:09.1460000Z\",\"SourceProcessGUID\":\"{f3329a35-9471-627d-0c00-000000000600}\",\"SourceProcessId\":\"776\",\"SourceThreadId\":\"2816\",\"SourceImage\":\"C:\\\\Windows\\\\system32\\\\lsass.exe\",\"TargetProcessGUID\":\"{f3329a35-1cb0-627e-f916-000000000600}\",\"TargetProcessId\":\"2084\",\"TargetImage\":\"C:\\\\Windows\\\\System32\\\\WindowsPowerShell\\\\v1.0\\\\powershell.exe\",\"GrantedAccess\":\"0x1478\",\"CallTrace\":\"C:\\\\Windows\\\\SYSTEM32\\\\ntdll.dll+9d234|C:\\\\Windows\\\\system32\\\\lsasrv.dll+396be|C:\\\\Windows\\\\system32\\\\lsasrv.dll+394b0|C:\\\\Windows\\\\system32\\\\lsasrv.dll+3908b|C:\\\\Windows\\\\SYSTEM32\\\\SspiSrv.dll+1a82|C:\\\\Windows\\\\System32\\\\RPCRT4.dll+78e33|C:\\\\Windows\\\\System32\\\\RPCRT4.dll+e11cb|C:\\\\Windows\\\\System32\\\\RPCRT4.dll+5cd6c|C:\\\\Windows\\\\System32\\\\RPCRT4.dll+57838|C:\\\\Windows\\\\System32\\\\RPCRT4.dll+39e06|C:\\\\Windows\\\\System32\\\\RPCRT4.dll+39758|C:\\\\Windows\\\\System32\\\\RPCRT4.dll+47f6f|C:\\\\Windows\\\\System32\\\\RPCRT4.dll+47378|C:\\\\Windows\\\\System32\\\\RPCRT4.dll+46961|C:\\\\Windows\\\\System32\\\\RPCRT4.dll+463ce|C:\\\\Windows\\\\System32\\\\RPCRT4.dll+4a9d2|C:\\\\Windows\\\\SYSTEM32\\\\ntdll.dll+20330|C:\\\\Windows\\\\SYSTEM32\\\\ntdll.dll+52f26|C:\\\\Windows\\\\System32\\\\KERNEL32.DLL+17034|C:\\\\Windows\\\\SYSTEM32\\\\ntdll.dll+52651\",\"SourceUser\":\"NT AUTHORITY\\\\SYSTEM\",\"TargetUser\":\"NT AUTHORITY\\\\LOCAL SERVICE\"}","EventID":10,"EventOriginId":"29acc230-2f13-49db-9ef2-c9b20229a10c","ManagementGroupName":"AOI-redacted","Type":"WindowsEvent","_ResourceId":"/subscriptions/redacted/resourcegroups/redacted/providers/microsoft.compute/virtualmachines/workstation5"}
{"TenantId":"redacted","SourceSystem":"OpsManager","TimeGenerated":"2022-05-13T08:54:09.173Z","Provider":"Microsoft-Windows-Sysmon","Channel":"Microsoft-Windows-Sysmon/Operational","Computer":"WORKSTATION5","Task":1,"EventLevel":4,"EventLevelName":"Information","EventData":"{\"RuleName\":\"-\",\"UtcTime\":\"2022-05-13T08:54:09.1660000Z\",\"ProcessGuid\":\"{f3329a35-1cb0-627e-f916-000000000600}\",\"ProcessId\":\"2084\",\"Image\":\"C:\\\\Windows\\\\System32\\\\WindowsPowerShell\\\\v1.0\\\\powershell.exe\",\"User\":\"NT AUTHORITY\\\\LOCAL SERVICE\",\"ImageLoaded\":\"C:\\\\ProgramData\\\\Microsoft\\\\Windows Defender\\\\Platform\\\\4.18.2203.5-0\\\\MpClient.dll\",\"FileVersion\":\"4.18.2203.5 (WinBuild.160101.0800)\",\"Description\":\"Client Interface\",\"Product\":\"Microsoft® Windows® Operating System\",\"Company\":\"Microsoft Corporation\",\"OriginalFileName\":\"mpclient.dll\",\"Hashes\":\"SHA1=CDA1DDA78A75BA3AC1BD53C2BF2B5FA6FEEC1356,MD5=01B7F6ECBE71764DE8754230F8BD0B45,SHA256=288071E68AC9EADA23C7ACD312998584CE4E2D91B34C32C56533E51FFA27E106,IMPHASH=B75B677B6614B5A7C13BDD6DC10EF796\",\"Signed\":\"true\",\"Signature\":\"Microsoft Windows\",\"SignatureStatus\":\"Valid\"}","EventID":7,"EventOriginId":"29acc230-2f13-49db-9ef2-c9b20229a10c","ManagementGroupName":"AOI-redacted","Type":"WindowsEvent","_ResourceId":"/subscriptions/redacted/resourcegroups/redacted/providers/microsoft.compute/virtualmachines/workstation5"}
{"TenantId":"redacted","SourceSystem":"OpsManager","TimeGenerated":"2022-05-13T08:54:09.327Z","Provider":"Microsoft-Windows-Sysmon","Channel":"Microsoft-Windows-Sysmon/Operational","Computer":"WORKSTATION5","Task":1,"EventLevel":4,"EventLevelName":"Information","EventData":"{\"RuleName\":\"-\",\"UtcTime\":\"2022-05-13T08:54:09.3260000Z\",\"EventType\":\"CreateKey\",\"ProcessGuid\":\"{f3329a35-1cb0-627e-f916-000000000600}\",\"ProcessId\":\"2084\",\"Image\":\"C:\\\\Windows\\\\System32\\\\WindowsPowerShell\\\\v1.0\\\\powershell.exe\",\"TargetObject\":\"HKU\\\\S-1-5-19\\\\SOFTWARE\\\\Microsoft\\\\Windows\\\\CurrentVersion\\\\WinTrust\\\\Trust Providers\\\\Software Publishing\",\"User\":\"NT AUTHORITY\\\\LOCAL SERVICE\"}","EventID":12,"EventOriginId":"29acc230-2f13-49db-9ef2-c9b20229a10c","ManagementGroupName":"AOI-redacted","Type":"WindowsEvent","_ResourceId":"/subscriptions/redacted/resourcegroups/redacted/providers/microsoft.compute/virtualmachines/workstation5"}
{"TenantId":"redacted","SourceSystem":"OpsManager","TimeGenerated":"2022-05-13T08:54:09.34Z","Provider":"Microsoft-Windows-Sysmon","Channel":"Microsoft-Windows-Sysmon/Operational","Computer":"WORKSTATION5","Task":1,"EventLevel":4,"EventLevelName":"Information","EventData":"{\"RuleName\":\"-\",\"UtcTime\":\"2022-05-13T08:54:09.3370000Z\",\"EventType\":\"CreateKey\",\"ProcessGuid\":\"{f3329a35-1cb0-627e-f916-000000000600}\",\"ProcessId\":\"2084\",\"Image\":\"C:\\\\Windows\\\\System32\\\\WindowsPowerShell\\\\v1.0\\\\powershell.exe\",\"TargetObject\":\"HKU\\\\S-1-5-19\\\\SOFTWARE\\\\Microsoft\\\\SystemCertificates\\\\Disallowed\",\"User\":\"NT AUTHORITY\\\\LOCAL SERVICE\"}","EventID":12,"EventOriginId":"29acc230-2f13-49db-9ef2-c9b20229a10c","ManagementGroupName":"AOI-redacted","Type":"WindowsEvent","_ResourceId":"/subscriptions/redacted/resourcegroups/redacted/providers/microsoft.compute/virtualmachines/workstation5"}
{"TenantId":"redacted","SourceSystem":"OpsManager","TimeGenerated":"2022-05-13T08:54:09.34Z","Provider":"Microsoft-Windows-Sysmon","Channel":"Microsoft-Windows-Sysmon/Operational","Computer":"WORKSTATION5","Task":1,"EventLevel":4,"EventLevelName":"Information","EventData":"{\"RuleName\":\"-\",\"UtcTime\":\"2022-05-13T08:54:09.3370000Z\",\"EventType\":\"CreateKey\",\"ProcessGuid\":\"{f3329a35-1cb0-627e-f916-000000000600}\",\"ProcessId\":\"2084\",\"Image\":\"C:\\\\Windows\\\\System32\\\\WindowsPowerShell\\\\v1.0\\\\powershell.exe\",\"TargetObject\":\"HKU\\\\S-1-5-19\\\\SOFTWARE\\\\Microsoft\\\\SystemCertificates\\\\Disallowed\",\"User\":\"NT AUTHORITY\\\\LOCAL SERVICE\"}","EventID":12,"EventOriginId":"29acc230-2f13-49db-9ef2-c9b20229a10c","ManagementGroupName":"AOI-redacted","Type":"WindowsEvent","_ResourceId":"/subscriptions/redacted/resourcegroups/redacted/providers/microsoft.compute/virtualmachines/workstation5"}
{"TenantId":"redacted","SourceSystem":"OpsManager","TimeGenerated":"2022-05-13T08:54:09.34Z","Provider":"Microsoft-Windows-Sysmon","Channel":"Microsoft-Windows-Sysmon/Operational","Computer":"WORKSTATION5","Task":1,"EventLevel":4,"EventLevelName":"Information","EventData":"{\"RuleName\":\"-\",\"UtcTime\":\"2022-05-13T08:54:09.3370000Z\",\"EventType\":\"CreateKey\",\"ProcessGuid\":\"{f3329a35-1cb0-627e-f916-000000000600}\",\"ProcessId\":\"2084\",\"Image\":\"C:\\\\Windows\\\\System32\\\\WindowsPowerShell\\\\v1.0\\\\powershell.exe\",\"TargetObject\":\"HKU\\\\S-1-5-19\\\\SOFTWARE\\\\Microsoft\\\\SystemCertificates\\\\Disallowed\\\\Certificates\",\"User\":\"NT AUTHORITY\\\\LOCAL SERVICE\"}","EventID":12,"EventOriginId":"29acc230-2f13-49db-9ef2-c9b20229a10c","ManagementGroupName":"AOI-redacted","Type":"WindowsEvent","_ResourceId":"/subscriptions/redacted/resourcegroups/redacted/providers/microsoft.compute/virtualmachines/workstation5"}
{"TenantId":"redacted","SourceSystem":"OpsManager","TimeGenerated":"2022-05-13T08:54:09.34Z","Provider":"Microsoft-Windows-Sysmon","Channel":"Microsoft-Windows-Sysmon/Operational","Computer":"WORKSTATION5","Task":1,"EventLevel":4,"EventLevelName":"Information","EventData":"{\"RuleName\":\"-\",\"UtcTime\":\"2022-05-13T08:54:09.3370000Z\",\"EventType\":\"CreateKey\",\"ProcessGuid\":\"{f3329a35-1cb0-627e-f916-000000000600}\",\"ProcessId\":\"2084\",\"Image\":\"C:\\\\Windows\\\\System32\\\\WindowsPowerShell\\\\v1.0\\\\powershell.exe\",\"TargetObject\":\"HKU\\\\S-1-5-19\\\\SOFTWARE\\\\Microsoft\\\\SystemCertificates\\\\Disallowed\\\\CRLs\",\"User\":\"NT AUTHORITY\\\\LOCAL SERVICE\"}","EventID":12,"EventOriginId":"29acc230-2f13-49db-9ef2-c9b20229a10c","ManagementGroupName":"AOI-redacted","Type":"WindowsEvent","_ResourceId":"/subscriptions/redacted/resourcegroups/redacted/providers/microsoft.compute/virtualmachines/workstation5"}
{"TenantId":"redacted","SourceSystem":"OpsManager","TimeGenerated":"2022-05-13T08:54:09.34Z","Provider":"Microsoft-Windows-Sysmon","Channel":"Microsoft-Windows-Sysmon/Operational","Computer":"WORKSTATION5","Task":1,"EventLevel":4,"EventLevelName":"Information","EventData":"{\"RuleName\":\"-\",\"UtcTime\":\"2022-05-13T08:54:09.3370000Z\",\"EventType\":\"CreateKey\",\"ProcessGuid\":\"{f3329a35-1cb0-627e-f916-000000000600}\",\"ProcessId\":\"2084\",\"Image\":\"C:\\\\Windows\\\\System32\\\\WindowsPowerShell\\\\v1.0\\\\powershell.exe\",\"TargetObject\":\"HKU\\\\S-1-5-19\\\\SOFTWARE\\\\Microsoft\\\\SystemCertificates\\\\Disallowed\\\\CTLs\",\"User\":\"NT AUTHORITY\\\\LOCAL SERVICE\"}","EventID":12,"EventOriginId":"29acc230-2f13-49db-9ef2-c9b20229a10c","ManagementGroupName":"AOI-redacted","Type":"WindowsEvent","_ResourceId":"/subscriptions/redacted/resourcegroups/redacted/providers/microsoft.compute/virtualmachines/workstation5"}
{"TenantId":"redacted","SourceSystem":"OpsManager","TimeGenerated":"2022-05-13T08:54:09.34Z","Provider":"Microsoft-Windows-Sysmon","Channel":"Microsoft-Windows-Sysmon/Operational","Computer":"WORKSTATION5","Task":1,"EventLevel":4,"EventLevelName":"Information","EventData":"{\"RuleName\":\"-\",\"UtcTime\":\"2022-05-13T08:54:09.3370000Z\",\"EventType\":\"CreateKey\",\"ProcessGuid\":\"{f3329a35-1cb0-627e-f916-000000000600}\",\"ProcessId\":\"2084\",\"Image\":\"C:\\\\Windows\\\\System32\\\\WindowsPowerShell\\\\v1.0\\\\powershell.exe\",\"TargetObject\":\"HKU\\\\S-1-5-19\\\\SOFTWARE\\\\Policies\\\\Microsoft\\\\SystemCertificates\\\\Disallowed\",\"User\":\"NT AUTHORITY\\\\LOCAL SERVICE\"}","EventID":12,"EventOriginId":"29acc230-2f13-49db-9ef2-c9b20229a10c","ManagementGroupName":"AOI-redacted","Type":"WindowsEvent","_ResourceId":"/subscriptions/redacted/resourcegroups/redacted/providers/microsoft.compute/virtualmachines/workstation5"}
{"TenantId":"redacted","SourceSystem":"OpsManager","TimeGenerated":"2022-05-13T08:54:09.34Z","Provider":"Microsoft-Windows-Sysmon","Channel":"Microsoft-Windows-Sysmon/Operational","Computer":"WORKSTATION5","Task":1,"EventLevel":4,"EventLevelName":"Information","EventData":"{\"RuleName\":\"-\",\"UtcTime\":\"2022-05-13T08:54:09.3370000Z\",\"EventType\":\"CreateKey\",\"ProcessGuid\":\"{f3329a35-1cb0-627e-f916-000000000600}\",\"ProcessId\":\"2084\",\"Image\":\"C:\\\\Windows\\\\System32\\\\WindowsPowerShell\\\\v1.0\\\\powershell.exe\",\"TargetObject\":\"HKU\\\\S-1-5-19\\\\SOFTWARE\\\\Policies\\\\Microsoft\\\\SystemCertificates\\\\Disallowed\\\\Certificates\",\"User\":\"NT AUTHORITY\\\\LOCAL SERVICE\"}","EventID":12,"EventOriginId":"29acc230-2f13-49db-9ef2-c9b20229a10c","ManagementGroupName":"AOI-redacted","Type":"WindowsEvent","_ResourceId":"/subscriptions/redacted/resourcegroups/redacted/providers/microsoft.compute/virtualmachines/workstation5"}
{"TenantId":"redacted","SourceSystem":"OpsManager","TimeGenerated":"2022-05-13T08:54:09.34Z","Provider":"Microsoft-Windows-Sysmon","Channel":"Microsoft-Windows-Sysmon/Operational","Computer":"WORKSTATION5","Task":1,"EventLevel":4,"EventLevelName":"Information","EventData":"{\"RuleName\":\"-\",\"UtcTime\":\"2022-05-13T08:54:09.3370000Z\",\"EventType\":\"CreateKey\",\"ProcessGuid\":\"{f3329a35-1cb0-627e-f916-000000000600}\",\"ProcessId\":\"2084\",\"Image\":\"C:\\\\Windows\\\\System32\\\\WindowsPowerShell\\\\v1.0\\\\powershell.exe\",\"TargetObject\":\"HKU\\\\S-1-5-19\\\\SOFTWARE\\\\Policies\\\\Microsoft\\\\SystemCertificates\\\\Disallowed\\\\CRLs\",\"User\":\"NT AUTHORITY\\\\LOCAL SERVICE\"}","EventID":12,"EventOriginId":"29acc230-2f13-49db-9ef2-c9b20229a10c","ManagementGroupName":"AOI-redacted","Type":"WindowsEvent","_ResourceId":"/subscriptions/redacted/resourcegroups/redacted/providers/microsoft.compute/virtualmachines/workstation5"}
{"TenantId":"redacted","SourceSystem":"OpsManager","TimeGenerated":"2022-05-13T08:54:09.34Z","Provider":"Microsoft-Windows-Sysmon","Channel":"Microsoft-Windows-Sysmon/Operational","Computer":"WORKSTATION5","Task":1,"EventLevel":4,"EventLevelName":"Information","EventData":"{\"RuleName\":\"-\",\"UtcTime\":\"2022-05-13T08:54:09.3370000Z\",\"EventType\":\"CreateKey\",\"ProcessGuid\":\"{f3329a35-1cb0-627e-f916-000000000600}\",\"ProcessId\":\"2084\",\"Image\":\"C:\\\\Windows\\\\System32\\\\WindowsPowerShell\\\\v1.0\\\\powershell.exe\",\"TargetObject\":\"HKU\\\\S-1-5-19\\\\SOFTWARE\\\\Policies\\\\Microsoft\\\\SystemCertificates\\\\Disallowed\\\\CTLs\",\"User\":\"NT AUTHORITY\\\\LOCAL SERVICE\"}","EventID":12,"EventOriginId":"29acc230-2f13-49db-9ef2-c9b20229a10c","ManagementGroupName":"AOI-redacted","Type":"WindowsEvent","_ResourceId":"/subscriptions/redacted/resourcegroups/redacted/providers/microsoft.compute/virtualmachines/workstation5"}
