{"TenantId":"redacted","SourceSystem":"OpsManager","TimeGenerated":"2022-05-13T08:54:08.95Z","Provider":"Microsoft-Windows-Sysmon","Channel":"Microsoft-Windows-Sysmon/Operational","Computer":"WORKSTATION5","Task":1,"EventLevel":4,"EventLevelName":"Information","EventData":"{\"RuleName\":\"-\",\"UtcTime\":\"2022-05-13T08:54:08.9460000Z\",\"ProcessGuid\":\"{f3329a35-1cb0-627e-f916-000000000600}\",\"ProcessId\":\"2084\",\"Image\":\"C:\\\\Windows\\\\System32\\\\WindowsPowerShell\\\\v1.0\\\\powershell.exe\",\"User\":\"NT AUTHORITY\\\\LOCAL SERVICE\",\"ImageLoaded\":\"C:\\\\Windows\\\\assembly\\\\NativeImages_v4.0.30319_64\\\\System.Dired13b18a9#\\\\c09d47b8ac2ff6ab63821944f0f7492b\\\\System.DirectoryServices.ni.dll\",\"FileVersion\":\"4.8.4084.0 built by: NET48REL1\",\"Description\":\".NET Framework\",\"Product\":\"Microsoft® .NET Framework\",\"Company\":\"Microsoft Corporation\",\"OriginalFileName\":\"System.DirectoryServices.dll\",\"Hashes\":\"SHA1=B95D77EFB9673F38342BF9D1F2DBC886CBC1D306,MD5=35A162B503BBF9D14F95856A261C240A,SHA256=D4960A03BE2FB1E9420DF550F61978214CD76AA35824D778CD3C1CEC2CCE161A,IMPHASH=00000000000000000000000000000000\",\"Signed\":\"false\",\"Signature\":\"-\",\"SignatureStatus\":\"Unavailable\"}","EventID":7,"EventOriginId":"29acc230-2f13-49db-9ef2-c9b20229a10c","ManagementGroupName":"AOI-redacted","Type":"WindowsEvent","_ResourceId":"/subscriptions/redacted/resourcegroups/redacted/providers/microsoft.compute/virtualmachines/workstation5"}
{"TenantId":"redacted","SourceSystem":"OpsManager","TimeGenerated":"2022-05-13T08:54:08.95Z","Provider":"Microsoft-Windows-Sysmon","Channel":"Microsoft-Windows-Sysmon/Operational","Computer":"WORKSTATION5","Task":1,"EventLevel":4,"EventLevelName":"Information","EventData":"{\"RuleName\":\"-\",\"UtcTime\":\"2022-05-13T08:54:08.9460000Z\",\"EventType\":\"CreateKey\",\"ProcessGuid\":\"{f3329a35-1cb0-627e-f916-000000000600}\",\"ProcessId\":\"2084\",\"Image\":\"C:\\\\Windows\\\\System32\\\\WindowsPowerShell\\\\v1.0\\\\powershell.exe\",\"TargetObject\":\"HKLM\\\\SOFTWARE\",\"User\":\"NT AUTHORITY\\\\LOCAL SERVICE\"}","EventID":12,"EventOriginId":"29acc230-2f13-49db-9ef2-c9b20229a10c","ManagementGroupName":"AOI-redacted","Type":"WindowsEvent","_ResourceId":"/subscriptions/redacted/resourcegroups/redacted/providers/microsoft.compute/virtualmachines/workstation5"}
{"TenantId":"redacted","SourceSystem":"OpsManager","TimeGenerated":"2022-05-13T08:54:08.95Z","Provider":"Microsoft-Windows-Sysmon","Channel":"Microsoft-Windows-Sysmon/Operational","Computer":"WORKSTATION5","Task":1,"EventLevel":4,"EventLevelName":"Information","EventData":"{\"RuleName\":\"-\",\"UtcTime\":\"2022-05-13T08:54:08.9460000Z\",\"EventType\":\"CreateKey\",\"ProcessGuid\":\"{f3329a35-1cb0-627e-f916-000000000600}\",\"ProcessId\":\"2084\",\"Image\":\"C:\\\\Windows\\\\System32\\\\WindowsPowerShell\\\\v1.0\\\\powershell.exe\",\"TargetObject\":\"HKLM\\\\SOFTWARE\\\\Microsoft\",\"User\":\"NT AUTHORITY\\\\LOCAL SERVICE\"}","EventID":12,"EventOriginId":"29acc230-2f13-49db-9ef2-c9b20229a10c","ManagementGroupName":"AOI-redacted","Type":"WindowsEvent","_ResourceId":"/subscriptions/redacted/resourcegroups/redacted/providers/microsoft.compute/virtualmachines/workstation5"}
{"TenantId":"redacted","SourceSystem":"OpsManager","TimeGenerated":"2022-05-13T08:54:08.95Z","Provider":"Microsoft-Windows-Sysmon","Channel":"Microsoft-Windows-Sysmon/Operational","Computer":"WORKSTATION5","Task":1,"EventLevel":4,"EventLevelName":"Information","EventData":"{\"RuleName\":\"-\",\"UtcTime\":\"2022-05-13T08:54:08.9460000Z\",\"EventType\":\"CreateKey\",\"ProcessGuid\":\"{f3329a35-1cb0-627e-f916-000000000600}\",\"ProcessId\":\"2084\",\"Image\":\"C:\\\\Windows\\\\System32\\\\WindowsPowerShell\\\\v1.0\\\\powershell.exe\",\"TargetObject\":\"HKLM\\\\SOFTWARE\\\\Microsoft\\\\SystemCertificates\",\"User\":\"NT AUTHORITY\\\\LOCAL SERVICE\"}","EventID":12,"EventOriginId":"29acc230-2f13-49db-9ef2-c9b20229a10c","ManagementGroupName":"AOI-redacted","Type":"WindowsEvent","_ResourceId":"/subscriptions/redacted/resourcegroups/redacted/providers/microsoft.compute/virtualmachines/workstation5"}
{"TenantId":"redacted","SourceSystem":"OpsManager","TimeGenerated":"2022-05-13T08:54:08.95Z","Provider":"Microsoft-Windows-Sysmon","Channel":"Microsoft-Windows-Sysmon/Operational","Computer":"WORKSTATION5","Task":1,"EventLevel":4,"EventLevelName":"Information","EventData":"{\"RuleName\":\"-\",\"UtcTime\":\"2022-05-13T08:54:08.9460000Z\",\"EventType\":\"CreateKey\",\"ProcessGuid\":\"{f3329a35-1cb0-627e-f916-000000000600}\",\"ProcessId\":\"2084\",\"Image\":\"C:\\\\Windows\\\\System32\\\\WindowsPowerShell\\\\v1.0\\\\powershell.exe\",\"TargetObject\":\"HKLM\\\\SOFTWARE\",\"User\":\"NT AUTHORITY\\\\LOCAL SERVICE\"}","EventID":12,"EventOriginId":"29acc230-2f13-49db-9ef2-c9b20229a10c","ManagementGroupName":"AOI-redacted","Type":"WindowsEvent","_ResourceId":"/subscriptions/redacted/resourcegroups/redacted/providers/microsoft.compute/virtualmachines/workstation5"}
{"TenantId":"redacted","SourceSystem":"OpsManager","TimeGenerated":"2022-05-13T08:54:08.95Z","Provider":"Microsoft-Windows-Sysmon","Channel":"Microsoft-Windows-Sysmon/Operational","Computer":"WORKSTATION5","Task":1,"EventLevel":4,"EventLevelName":"Information","EventData":"{\"RuleName\":\"-\",\"UtcTime\":\"2022-05-13T08:54:08.9460000Z\",\"EventType\":\"CreateKey\",\"ProcessGuid\":\"{f3329a35-1cb0-627e-f916-000000000600}\",\"ProcessId\":\"2084\",\"Image\":\"C:\\\\Windows\\\\System32\\\\WindowsPowerShell\\\\v1.0\\\\powershell.exe\",\"TargetObject\":\"HKLM\\\\SOFTWARE\\\\Microsoft\",\"User\":\"NT AUTHORITY\\\\LOCAL SERVICE\"}","EventID":12,"EventOriginId":"29acc230-2f13-49db-9ef2-c9b20229a10c","ManagementGroupName":"AOI-redacted","Type":"WindowsEvent","_ResourceId":"/subscriptions/redacted/resourcegroups/redacted/providers/microsoft.compute/virtualmachines/workstation5"}
{"TenantId":"redacted","SourceSystem":"OpsManager","TimeGenerated":"2022-05-13T08:54:08.95Z","Provider":"Microsoft-Windows-Sysmon","Channel":"Microsoft-Windows-Sysmon/Operational","Computer":"WORKSTATION5","Task":1,"EventLevel":4,"EventLevelName":"Information","EventData":"{\"RuleName\":\"-\",\"UtcTime\":\"2022-05-13T08:54:08.9460000Z\",\"EventType\":\"CreateKey\",\"ProcessGuid\":\"{f3329a35-1cb0-627e-f916-000000000600}\",\"ProcessId\":\"2084\",\"Image\":\"C:\\\\Windows\\\\System32\\\\WindowsPowerShell\\\\v1.0\\\\powershell.exe\",\"TargetObject\":\"HKLM\\\\SOFTWARE\\\\Microsoft\\\\SystemCertificates\",\"User\":\"NT AUTHORITY\\\\LOCAL SERVICE\"}","EventID":12,"EventOriginId":"29acc230-2f13-49db-9ef2-c9b20229a10c","ManagementGroupName":"AOI-redacted","Type":"WindowsEvent","_ResourceId":"/subscriptions/redacted/resourcegroups/redacted/providers/microsoft.compute/virtualmachines/workstation5"}
{"TenantId":"redacted","SourceSystem":"OpsManager","TimeGenerated":"2022-05-13T08:54:08.953Z","Provider":"Microsoft-Windows-Sysmon","Channel":"Microsoft-Windows-Sysmon/Operational","Computer":"WORKSTATION5","Task":1,"EventLevel":4,"EventLevelName":"Information","EventData":"{\"RuleName\":\"-\",\"UtcTime\":\"2022-05-13T08:54:08.9510000Z\",\"EventType\":\"CreateKey\",\"ProcessGuid\":\"{f3329a35-1cb0-627e-f916-000000000600}\",\"ProcessId\":\"2084\",\"Image\":\"C:\\\\Windows\\\\System32\\\\WindowsPowerShell\\\\v1.0\\\\powershell.exe\",\"TargetObject\":\"HKU\\\\S-1-5-19\\\\SOFTWARE\\\\Microsoft\\\\Windows\\\\CurrentVersion\\\\WinTrust\\\\Trust Providers\\\\Software Publishing\",\"User\":\"NT AUTHORITY\\\\LOCAL SERVICE\"}","EventID":12,"EventOriginId":"29acc230-2f13-49db-9ef2-c9b20229a10c","ManagementGroupName":"AOI-redacted","Type":"WindowsEvent","_ResourceId":"/subscriptions/redacted/resourcegroups/redacted/providers/microsoft.compute/virtualmachines/workstation5"}
{"TenantId":"redacted","SourceSystem":"OpsManager","TimeGenerated":"2022-05-13T08:54:08.953Z","Provider":"Microsoft-Windows-Sysmon","Channel":"Microsoft-Windows-Sysmon/Operational","Computer":"WORKSTATION5","Task":1,"EventLevel":4,"EventLevelName":"Information","EventData":"{\"RuleName\":\"-\",\"UtcTime\":\"2022-05-13T08:54:08.9510000Z\",\"ProcessGuid\":\"{f3329a35-1cb0-627e-f916-000000000600}\",\"ProcessId\":\"2084\",\"Image\":\"C:\\\\Windows\\\\System32\\\\WindowsPowerShell\\\\v1.0\\\\powershell.exe\",\"User\":\"NT AUTHORITY\\\\LOCAL SERVICE\",\"ImageLoaded\":\"C:\\\\Windows\\\\assembly\\\\NativeImages_v4.0.30319_64\\\\System.Xml\\\\131a023309990432765d7a97ec31d6a7\\\\System.Xml.ni.dll\",\"FileVersion\":\"4.8.4084.0 built by: NET48REL1\",\"Description\":\".NET Framework\",\"Product\":\"Microsoft® .NET Framework\",\"Company\":\"Microsoft Corporation\",\"OriginalFileName\":\"System.Xml.dll\",\"Hashes\":\"SHA1=D7B0B082903AC23E9BB32731FF08FD89AC2DA36B,MD5=B854FE2846B38F025A4CC7FBC4C96572,SHA256=57DA359996C840441240556EEDC57EEBF3ADD447B231A6A5936A4EA64A43809F,IMPHASH=00000000000000000000000000000000\",\"Signed\":\"false\",\"Signature\":\"-\",\"SignatureStatus\":\"Unavailable\"}","EventID":7,"EventOriginId":"29acc230-2f13-49db-9ef2-c9b20229a10c","ManagementGroupName":"AOI-redacted","Type":"WindowsEvent","_ResourceId":"/subscriptions/redacted/resourcegroups/redacted/providers/microsoft.compute/virtualmachines/workstation5"}
{"TenantId":"redacted","SourceSystem":"OpsManager","TimeGenerated":"2022-05-13T08:54:08.957Z","Provider":"Microsoft-Windows-Sysmon","Channel":"Microsoft-Windows-Sysmon/Operational","Computer":"WORKSTATION5","Task":1,"EventLevel":4,"EventLevelName":"Information","EventData":"{\"RuleName\":\"-\",\"UtcTime\":\"2022-05-13T08:54:08.9510000Z\",\"ProcessGuid\":\"{f3329a35-1cb0-627e-f916-000000000600}\",\"ProcessId\":\"2084\",\"Image\":\"C:\\\\Windows\\\\System32\\\\WindowsPowerShell\\\\v1.0\\\\powershell.exe\",\"User\":\"NT AUTHORITY\\\\LOCAL SERVICE\",\"ImageLoaded\":\"C:\\\\Windows\\\\System32\\\\msisip.dll\",\"FileVersion\":\"5.0.19041.1288 (WinBuild.160101.0800)\",\"Description\":\"MSI Signature SIP Provider\",\"Product\":\"Windows Installer - Unicode\",\"Company\":\"Microsoft Corporation\",\"OriginalFileName\":\"MSISIP.DLL\",\"Hashes\":\"SHA1=CA1996F5EFCA274C964DE59A4951E3FBD33752EE,MD5=3F1291AA0E9D6A802027ED2DB546997C,SHA256=CACF34695BB682423D65B9E292C1AA5CE99BCB5248269F0A5A5AA5238B1BA3D6,IMPHASH=9C064C5F8F40F02720D76B70E1CE87FC\",\"Signed\":\"true\",\"Signature\":\"Microsoft Windows\",\"SignatureStatus\":\"Valid\"}","EventID":7,"EventOriginId":"29acc230-2f13-49db-9ef2-c9b20229a10c","ManagementGroupName":"AOI-redacted","Type":"WindowsEvent","_ResourceId":"/subscriptions/redacted/resourcegroups/redacted/providers/microsoft.compute/virtualmachines/workstation5"}
{"TenantId":"redacted","SourceSystem":"OpsManager","TimeGenerated":"2022-05-13T08:54:08.957Z","Provider":"Microsoft-Windows-Sysmon","Channel":"Microsoft-Windows-Sysmon/Operational","Computer":"WORKSTATION5","Task":1,"EventLevel":4,"EventLevelName":"Information","EventData":"{\"RuleName\":\"-\",\"UtcTime\":\"2022-05-13T08:54:08.9510000Z\",\"ProcessGuid\":\"{f3329a35-1cb0-627e-f916-000000000600}\",\"ProcessId\":\"2084\",\"Image\":\"C:\\\\Windows\\\\System32\\\\WindowsPowerShell\\\\v1.0\\\\powershell.exe\",\"User\":\"NT AUTHORITY\\\\LOCAL SERVICE\",\"ImageLoaded\":\"C:\\\\Windows\\\\System32\\\\wshext.dll\",\"FileVersion\":\"5.812.10240.16384\",\"Description\":\"Microsoft ® Shell Extension for Windows Script Host\",\"Product\":\"Microsoft ® Windows Script Host\",\"Company\":\"Microsoft Corporation\",\"OriginalFileName\":\"wshext.dll\",\"Hashes\":\"SHA1=73EE7C903DC076ED8F3A53B87715966EF68F4CF8,MD5=EE63C9957D221991216724CE2B09F33B,SHA256=97C564C604B61DBB13063623A504085E2208EDC8F98AE3B4B02C9623F6002A67,IMPHASH=CE4097CF7A85C58FF4D2B125C2BD77AF\",\"Signed\":\"true\",\"Signature\":\"Microsoft Windows\",\"SignatureStatus\":\"Valid\"}","EventID":7,"EventOriginId":"29acc230-2f13-49db-9ef2-c9b20229a10c","ManagementGroupName":"AOI-redacted","Type":"WindowsEvent","_ResourceId":"/subscriptions/redacted/resourcegroups/redacted/providers/microsoft.compute/virtualmachines/workstation5"}
{"TenantId":"redacted","SourceSystem":"OpsManager","TimeGenerated":"2022-05-13T08:54:08.957Z","Provider":"Microsoft-Windows-Sysmon","Channel":"Microsoft-Windows-Sysmon/Operational","Computer":"WORKSTATION5","Task":1,"EventLevel":4,"EventLevelName":"Information","EventData":"{\"RuleName\":\"-\",\"UtcTime\":\"2022-05-13T08:54:08.9560000Z\",\"EventType\":\"CreateKey\",\"ProcessGuid\":\"{f3329a35-1cb0-627e-f916-000000000600}\",\"ProcessId\":\"2084\",\"Image\":\"C:\\\\Windows\\\\System32\\\\WindowsPowerShell\\\\v1.0\\\\powershell.exe\",\"TargetObject\":\"HKLM\\\\SOFTWARE\",\"User\":\"NT AUTHORITY\\\\LOCAL SERVICE\"}","EventID":12,"EventOriginId":"29acc230-2f13-49db-9ef2-c9b20229a10c","ManagementGroupName":"AOI-redacted","Type":"WindowsEvent","_ResourceId":"/subscriptions/redacted/resourcegroups/redacted/providers/microsoft.compute/virtualmachines/workstation5"}
{"TenantId":"redacted","SourceSystem":"OpsManager","TimeGenerated":"2022-05-13T08:54:08.957Z","Provider":"Microsoft-Windows-Sysmon","Channel":"Microsoft-Windows-Sysmon/Operational","Computer":"WORKSTATION5","Task":1,"EventLevel":4,"EventLevelName":"Information","EventData":"{\"RuleName\":\"-\",\"UtcTime\":\"2022-05-13T08:54:08.9560000Z\",\"EventType\":\"CreateKey\",\"ProcessGuid\":\"{f3329a35-1cb0-627e-f916-000000000600}\",\"ProcessId\":\"2084\",\"Image\":\"C:\\\\Windows\\\\System32\\\\WindowsPowerShell\\\\v1.0\\\\powershell.exe\",\"TargetObject\":\"HKLM\\\\SOFTWARE\\\\Policies\",\"User\":\"NT AUTHORITY\\\\LOCAL SERVICE\"}","EventID":12,"EventOriginId":"29acc230-2f13-49db-9ef2-c9b20229a10c","ManagementGroupName":"AOI-redacted","Type":"WindowsEvent","_ResourceId":"/subscriptions/redacted/resourcegroups/redacted/providers/microsoft.compute/virtualmachines/workstation5"}
{"TenantId":"redacted","SourceSystem":"OpsManager","TimeGenerated":"2022-05-13T08:54:08.957Z","Provider":"Microsoft-Windows-Sysmon","Channel":"Microsoft-Windows-Sysmon/Operational","Computer":"WORKSTATION5","Task":1,"EventLevel":4,"EventLevelName":"Information","EventData":"{\"RuleName\":\"-\",\"UtcTime\":\"2022-05-13T08:54:08.9560000Z\",\"EventType\":\"CreateKey\",\"ProcessGuid\":\"{f3329a35-1cb0-627e-f916-000000000600}\",\"ProcessId\":\"2084\",\"Image\":\"C:\\\\Windows\\\\System32\\\\WindowsPowerShell\\\\v1.0\\\\powershell.exe\",\"TargetObject\":\"HKLM\\\\SOFTWARE\\\\Policies\\\\Microsoft\",\"User\":\"NT AUTHORITY\\\\LOCAL SERVICE\"}","EventID":12,"EventOriginId":"29acc230-2f13-49db-9ef2-c9b20229a10c","ManagementGroupName":"AOI-redacted","Type":"WindowsEvent","_ResourceId":"/subscriptions/redacted/resourcegroups/redacted/providers/microsoft.compute/virtualmachines/workstation5"}
{"TenantId":"redacted","SourceSystem":"OpsManager","TimeGenerated":"2022-05-13T08:54:08.957Z","Provider":"Microsoft-Windows-Sysmon","Channel":"Microsoft-Windows-Sysmon/Operational","Computer":"WORKSTATION5","Task":1,"EventLevel":4,"EventLevelName":"Information","EventData":"{\"RuleName\":\"-\",\"UtcTime\":\"2022-05-13T08:54:08.9560000Z\",\"EventType\":\"CreateKey\",\"ProcessGuid\":\"{f3329a35-1cb0-627e-f916-000000000600}\",\"ProcessId\":\"2084\",\"Image\":\"C:\\\\Windows\\\\System32\\\\WindowsPowerShell\\\\v1.0\\\\powershell.exe\",\"TargetObject\":\"HKLM\\\\SOFTWARE\\\\Policies\\\\Microsoft\\\\SystemCertificates\",\"User\":\"NT AUTHORITY\\\\LOCAL SERVICE\"}","EventID":12,"EventOriginId":"29acc230-2f13-49db-9ef2-c9b20229a10c","ManagementGroupName":"AOI-redacted","Type":"WindowsEvent","_ResourceId":"/subscriptions/redacted/resourcegroups/redacted/providers/microsoft.compute/virtualmachines/workstation5"}
{"TenantId":"redacted","SourceSystem":"OpsManager","TimeGenerated":"2022-05-13T08:54:08.96Z","Provider":"Microsoft-Windows-Sysmon","Channel":"Microsoft-Windows-Sysmon/Operational","Computer":"WORKSTATION5","Task":1,"EventLevel":4,"EventLevelName":"Information","EventData":"{\"RuleName\":\"-\",\"UtcTime\":\"2022-05-13T08:54:08.9560000Z\",\"EventType\":\"CreateKey\",\"ProcessGuid\":\"{f3329a35-1cb0-627e-f916-000000000600}\",\"ProcessId\":\"2084\",\"Image\":\"C:\\\\Windows\\\\System32\\\\WindowsPowerShell\\\\v1.0\\\\powershell.exe\",\"TargetObject\":\"HKLM\\\\SOFTWARE\",\"User\":\"NT AUTHORITY\\\\LOCAL SERVICE\"}","EventID":12,"EventOriginId":"29acc230-2f13-49db-9ef2-c9b20229a10c","ManagementGroupName":"AOI-redacted","Type":"WindowsEvent","_ResourceId":"/subscriptions/redacted/resourcegroups/redacted/providers/microsoft.compute/virtualmachines/workstation5"}
{"TenantId":"redacted","SourceSystem":"OpsManager","TimeGenerated":"2022-05-13T08:54:08.96Z","Provider":"Microsoft-Windows-Sysmon","Channel":"Microsoft-Windows-Sysmon/Operational","Computer":"WORKSTATION5","Task":1,"EventLevel":4,"EventLevelName":"Information","EventData":"{\"RuleName\":\"-\",\"UtcTime\":\"2022-05-13T08:54:08.9560000Z\",\"EventType\":\"CreateKey\",\"ProcessGuid\":\"{f3329a35-1cb0-627e-f916-000000000600}\",\"ProcessId\":\"2084\",\"Image\":\"C:\\\\Windows\\\\System32\\\\WindowsPowerShell\\\\v1.0\\\\powershell.exe\",\"TargetObject\":\"HKLM\\\\SOFTWARE\\\\Microsoft\",\"User\":\"NT AUTHORITY\\\\LOCAL SERVICE\"}","EventID":12,"EventOriginId":"29acc230-2f13-49db-9ef2-c9b20229a10c","ManagementGroupName":"AOI-redacted","Type":"WindowsEvent","_ResourceId":"/subscriptions/redacted/resourcegroups/redacted/providers/microsoft.compute/virtualmachines/workstation5"}
{"TenantId":"redacted","SourceSystem":"OpsManager","TimeGenerated":"2022-05-13T08:54:08.96Z","Provider":"Microsoft-Windows-Sysmon","Channel":"Microsoft-Windows-Sysmon/Operational","Computer":"WORKSTATION5","Task":1,"EventLevel":4,"EventLevelName":"Information","EventData":"{\"RuleName\":\"-\",\"UtcTime\":\"2022-05-13T08:54:08.9560000Z\",\"EventType\":\"CreateKey\",\"ProcessGuid\":\"{f3329a35-1cb0-627e-f916-000000000600}\",\"ProcessId\":\"2084\",\"Image\":\"C:\\\\Windows\\\\System32\\\\WindowsPowerShell\\\\v1.0\\\\powershell.exe\",\"TargetObject\":\"HKLM\\\\SOFTWARE\\\\Microsoft\\\\EnterpriseCertificates\",\"User\":\"NT AUTHORITY\\\\LOCAL SERVICE\"}","EventID":12,"EventOriginId":"29acc230-2f13-49db-9ef2-c9b20229a10c","ManagementGroupName":"AOI-redacted","Type":"WindowsEvent","_ResourceId":"/subscriptions/redacted/resourcegroups/redacted/providers/microsoft.compute/virtualmachines/workstation5"}
{"TenantId":"redacted","SourceSystem":"OpsManager","TimeGenerated":"2022-05-13T08:54:08.96Z","Provider":"Microsoft-Windows-Sysmon","Channel":"Microsoft-Windows-Sysmon/Operational","Computer":"WORKSTATION5","Task":1,"EventLevel":4,"EventLevelName":"Information","EventData":"{\"RuleName\":\"-\",\"UtcTime\":\"2022-05-13T08:54:08.9560000Z\",\"EventType\":\"CreateKey\",\"ProcessGuid\":\"{f3329a35-1cb0-627e-f916-000000000600}\",\"ProcessId\":\"2084\",\"Image\":\"C:\\\\Windows\\\\System32\\\\WindowsPowerShell\\\\v1.0\\\\powershell.exe\",\"TargetObject\":\"HKLM\\\\SOFTWARE\",\"User\":\"NT AUTHORITY\\\\LOCAL SERVICE\"}","EventID":12,"EventOriginId":"29acc230-2f13-49db-9ef2-c9b20229a10c","ManagementGroupName":"AOI-redacted","Type":"WindowsEvent","_ResourceId":"/subscriptions/redacted/resourcegroups/redacted/providers/microsoft.compute/virtualmachines/workstation5"}
{"TenantId":"redacted","SourceSystem":"OpsManager","TimeGenerated":"2022-05-13T08:54:08.96Z","Provider":"Microsoft-Windows-Sysmon","Channel":"Microsoft-Windows-Sysmon/Operational","Computer":"WORKSTATION5","Task":1,"EventLevel":4,"EventLevelName":"Information","EventData":"{\"RuleName\":\"-\",\"UtcTime\":\"2022-05-13T08:54:08.9560000Z\",\"EventType\":\"CreateKey\",\"ProcessGuid\":\"{f3329a35-1cb0-627e-f916-000000000600}\",\"ProcessId\":\"2084\",\"Image\":\"C:\\\\Windows\\\\System32\\\\WindowsPowerShell\\\\v1.0\\\\powershell.exe\",\"TargetObject\":\"HKLM\\\\SOFTWARE\\\\Microsoft\",\"User\":\"NT AUTHORITY\\\\LOCAL SERVICE\"}","EventID":12,"EventOriginId":"29acc230-2f13-49db-9ef2-c9b20229a10c","ManagementGroupName":"AOI-redacted","Type":"WindowsEvent","_ResourceId":"/subscriptions/redacted/resourcegroups/redacted/providers/microsoft.compute/virtualmachines/workstation5"}
{"TenantId":"redacted","SourceSystem":"OpsManager","TimeGenerated":"2022-05-13T08:54:08.96Z","Provider":"Microsoft-Windows-Sysmon","Channel":"Microsoft-Windows-Sysmon/Operational","Computer":"WORKSTATION5","Task":1,"EventLevel":4,"EventLevelName":"Information","EventData":"{\"RuleName\":\"-\",\"UtcTime\":\"2022-05-13T08:54:08.9560000Z\",\"EventType\":\"CreateKey\",\"ProcessGuid\":\"{f3329a35-1cb0-627e-f916-000000000600}\",\"ProcessId\":\"2084\",\"Image\":\"C:\\\\Windows\\\\System32\\\\WindowsPowerShell\\\\v1.0\\\\powershell.exe\",\"TargetObject\":\"HKLM\\\\SOFTWARE\\\\Microsoft\\\\EnterpriseCertificates\",\"User\":\"NT AUTHORITY\\\\LOCAL SERVICE\"}","EventID":12,"EventOriginId":"29acc230-2f13-49db-9ef2-c9b20229a10c","ManagementGroupName":"AOI-redacted","Type":"WindowsEvent","_ResourceId":"/subscriptions/redacted/resourcegroups/redacted/providers/microsoft.compute/virtualmachines/workstation5"}
{"TenantId":"redacted","SourceSystem":"OpsManager","TimeGenerated":"2022-05-13T08:54:08.96Z","Provider":"Microsoft-Windows-Sysmon","Channel":"Microsoft-Windows-Sysmon/Operational","Computer":"WORKSTATION5","Task":1,"EventLevel":4,"EventLevelName":"Information","EventData":"{\"RuleName\":\"-\",\"UtcTime\":\"2022-05-13T08:54:08.9560000Z\",\"EventType\":\"CreateKey\",\"ProcessGuid\":\"{f3329a35-1cb0-627e-f916-000000000600}\",\"ProcessId\":\"2084\",\"Image\":\"C:\\\\Windows\\\\System32\\\\WindowsPowerShell\\\\v1.0\\\\powershell.exe\",\"TargetObject\":\"HKLM\\\\SOFTWARE\",\"User\":\"NT AUTHORITY\\\\LOCAL SERVICE\"}","EventID":12,"EventOriginId":"29acc230-2f13-49db-9ef2-c9b20229a10c","ManagementGroupName":"AOI-redacted","Type":"WindowsEvent","_ResourceId":"/subscriptions/redacted/resourcegroups/redacted/providers/microsoft.compute/virtualmachines/workstation5"}
{"TenantId":"redacted","SourceSystem":"OpsManager","TimeGenerated":"2022-05-13T08:54:08.96Z","Provider":"Microsoft-Windows-Sysmon","Channel":"Microsoft-Windows-Sysmon/Operational","Computer":"WORKSTATION5","Task":1,"EventLevel":4,"EventLevelName":"Information","EventData":"{\"RuleName\":\"-\",\"UtcTime\":\"2022-05-13T08:54:08.9560000Z\",\"EventType\":\"CreateKey\",\"ProcessGuid\":\"{f3329a35-1cb0-627e-f916-000000000600}\",\"ProcessId\":\"2084\",\"Image\":\"C:\\\\Windows\\\\System32\\\\WindowsPowerShell\\\\v1.0\\\\powershell.exe\",\"TargetObject\":\"HKLM\\\\SOFTWARE\\\\Microsoft\",\"User\":\"NT AUTHORITY\\\\LOCAL SERVICE\"}","EventID":12,"EventOriginId":"29acc230-2f13-49db-9ef2-c9b20229a10c","ManagementGroupName":"AOI-redacted","Type":"WindowsEvent","_ResourceId":"/subscriptions/redacted/resourcegroups/redacted/providers/microsoft.compute/virtualmachines/workstation5"}
{"TenantId":"redacted","SourceSystem":"OpsManager","TimeGenerated":"2022-05-13T08:54:08.96Z","Provider":"Microsoft-Windows-Sysmon","Channel":"Microsoft-Windows-Sysmon/Operational","Computer":"WORKSTATION5","Task":1,"EventLevel":4,"EventLevelName":"Information","EventData":"{\"RuleName\":\"-\",\"UtcTime\":\"2022-05-13T08:54:08.9560000Z\",\"EventType\":\"CreateKey\",\"ProcessGuid\":\"{f3329a35-1cb0-627e-f916-000000000600}\",\"ProcessId\":\"2084\",\"Image\":\"C:\\\\Windows\\\\System32\\\\WindowsPowerShell\\\\v1.0\\\\powershell.exe\",\"TargetObject\":\"HKLM\\\\SOFTWARE\\\\Microsoft\\\\SystemCertificates\",\"User\":\"NT AUTHORITY\\\\LOCAL SERVICE\"}","EventID":12,"EventOriginId":"29acc230-2f13-49db-9ef2-c9b20229a10c","ManagementGroupName":"AOI-redacted","Type":"WindowsEvent","_ResourceId":"/subscriptions/redacted/resourcegroups/redacted/providers/microsoft.compute/virtualmachines/workstation5"}
{"TenantId":"redacted","SourceSystem":"OpsManager","TimeGenerated":"2022-05-13T08:54:08.963Z","Provider":"Microsoft-Windows-Sysmon","Channel":"Microsoft-Windows-Sysmon/Operational","Computer":"WORKSTATION5","Task":1,"EventLevel":4,"EventLevelName":"Information","EventData":"{\"RuleName\":\"-\",\"UtcTime\":\"2022-05-13T08:54:08.8660000Z\",\"ProcessGuid\":\"{f3329a35-1cb0-627e-f916-000000000600}\",\"ProcessId\":\"2084\",\"Image\":\"C:\\\\Windows\\\\System32\\\\WindowsPowerShell\\\\v1.0\\\\powershell.exe\",\"User\":\"NT AUTHORITY\\\\LOCAL SERVICE\",\"ImageLoaded\":\"C:\\\\Windows\\\\System32\\\\windows.storage.dll\",\"FileVersion\":\"10.0.19041.1387 (WinBuild.160101.0800)\",\"Description\":\"Microsoft WinRT Storage API\",\"Product\":\"Microsoft® Windows® Operating System\",\"Company\":\"Microsoft Corporation\",\"OriginalFileName\":\"Windows.Storage.dll\",\"Hashes\":\"SHA1=84C9D31EA45BBF850D767C1887EA542E79BC9B24,MD5=46D811D95F8BFFAA56E6FD84E28B4012,SHA256=A0666996CF840C556DEF6C00ACB9547CA114F1AFD0675852D8BFAF796A4B7116,IMPHASH=4A586976F0250886DDFCF328FDB9DFEC\",\"Signed\":\"true\",\"Signature\":\"Microsoft Windows\",\"SignatureStatus\":\"Valid\"}","EventID":7,"EventOriginId":"29acc230-2f13-49db-9ef2-c9b20229a10c","ManagementGroupName":"AOI-redacted","Type":"WindowsEvent","_ResourceId":"/subscriptions/redacted/resourcegroups/redacted/providers/microsoft.compute/virtualmachines/workstation5"}
{"TenantId":"redacted","SourceSystem":"OpsManager","TimeGenerated":"2022-05-13T08:54:08.963Z","Provider":"Microsoft-Windows-Sysmon","Channel":"Microsoft-Windows-Sysmon/Operational","Computer":"WORKSTATION5","Task":1,"EventLevel":4,"EventLevelName":"Information","EventData":"{\"RuleName\":\"-\",\"UtcTime\":\"2022-05-13T08:54:08.9610000Z\",\"EventType\":\"CreateKey\",\"ProcessGuid\":\"{f3329a35-1cb0-627e-f916-000000000600}\",\"ProcessId\":\"2084\",\"Image\":\"C:\\\\Windows\\\\System32\\\\WindowsPowerShell\\\\v1.0\\\\powershell.exe\",\"TargetObject\":\"HKU\\\\S-1-5-19\\\\SOFTWARE\\\\Microsoft\\\\SystemCertificates\\\\SmartCardRoot\",\"User\":\"NT AUTHORITY\\\\LOCAL SERVICE\"}","EventID":12,"EventOriginId":"29acc230-2f13-49db-9ef2-c9b20229a10c","ManagementGroupName":"AOI-redacted","Type":"WindowsEvent","_ResourceId":"/subscriptions/redacted/resourcegroups/redacted/providers/microsoft.compute/virtualmachines/workstation5"}
{"TenantId":"redacted","SourceSystem":"OpsManager","TimeGenerated":"2022-05-13T08:54:08.963Z","Provider":"Microsoft-Windows-Sysmon","Channel":"Microsoft-Windows-Sysmon/Operational","Computer":"WORKSTATION5","Task":1,"EventLevel":4,"EventLevelName":"Information","EventData":"{\"RuleName\":\"-\",\"UtcTime\":\"2022-05-13T08:54:08.9610000Z\",\"EventType\":\"CreateKey\",\"ProcessGuid\":\"{f3329a35-1cb0-627e-f916-000000000600}\",\"ProcessId\":\"2084\",\"Image\":\"C:\\\\Windows\\\\System32\\\\WindowsPowerShell\\\\v1.0\\\\powershell.exe\",\"TargetObject\":\"HKU\\\\S-1-5-19\\\\SOFTWARE\\\\Microsoft\\\\SystemCertificates\\\\SmartCardRoot\\\\Certificates\",\"User\":\"NT AUTHORITY\\\\LOCAL SERVICE\"}","EventID":12,"EventOriginId":"29acc230-2f13-49db-9ef2-c9b20229a10c","ManagementGroupName":"AOI-redacted","Type":"WindowsEvent","_ResourceId":"/subscriptions/redacted/resourcegroups/redacted/providers/microsoft.compute/virtualmachines/workstation5"}
{"TenantId":"redacted","SourceSystem":"OpsManager","TimeGenerated":"2022-05-13T08:54:08.963Z","Provider":"Microsoft-Windows-Sysmon","Channel":"Microsoft-Windows-Sysmon/Operational","Computer":"WORKSTATION5","Task":1,"EventLevel":4,"EventLevelName":"Information","EventData":"{\"RuleName\":\"-\",\"UtcTime\":\"2022-05-13T08:54:08.9610000Z\",\"EventType\":\"CreateKey\",\"ProcessGuid\":\"{f3329a35-1cb0-627e-f916-000000000600}\",\"ProcessId\":\"2084\",\"Image\":\"C:\\\\Windows\\\\System32\\\\WindowsPowerShell\\\\v1.0\\\\powershell.exe\",\"TargetObject\":\"HKU\\\\S-1-5-19\\\\SOFTWARE\\\\Microsoft\\\\SystemCertificates\\\\SmartCardRoot\\\\CRLs\",\"User\":\"NT AUTHORITY\\\\LOCAL SERVICE\"}","EventID":12,"EventOriginId":"29acc230-2f13-49db-9ef2-c9b20229a10c","ManagementGroupName":"AOI-redacted","Type":"WindowsEvent","_ResourceId":"/subscriptions/redacted/resourcegroups/redacted/providers/microsoft.compute/virtualmachines/workstation5"}
{"TenantId":"redacted","SourceSystem":"OpsManager","TimeGenerated":"2022-05-13T08:54:08.967Z","Provider":"Microsoft-Windows-Sysmon","Channel":"Microsoft-Windows-Sysmon/Operational","Computer":"WORKSTATION5","Task":1,"EventLevel":4,"EventLevelName":"Information","EventData":"{\"RuleName\":\"-\",\"UtcTime\":\"2022-05-13T08:54:08.9610000Z\",\"ProcessGuid\":\"{f3329a35-1cb0-627e-f916-000000000600}\",\"ProcessId\":\"2084\",\"Image\":\"C:\\\\Windows\\\\System32\\\\WindowsPowerShell\\\\v1.0\\\\powershell.exe\",\"User\":\"NT AUTHORITY\\\\LOCAL SERVICE\",\"ImageLoaded\":\"C:\\\\Windows\\\\System32\\\\AppxSip.dll\",\"FileVersion\":\"10.0.19041.746 (WinBuild.160101.0800)\",\"Description\":\"Appx Subject Interface Package\",\"Product\":\"Microsoft® Windows® Operating System\",\"Company\":\"Microsoft Corporation\",\"OriginalFileName\":\"AppxSip.dll\",\"Hashes\":\"SHA1=CB1D426D26A3E966D29A6A28F94ED5273C21D759,MD5=577DBB84E03E995D507840258C52913F,SHA256=C8ED0608C107745D56FCDF34CAC855602C65DC1A612C173F4057CBD30FBF2058,IMPHASH=E06FE0D53E5834D5EEEA2D913EDB0995\",\"Signed\":\"true\",\"Signature\":\"Microsoft Windows\",\"SignatureStatus\":\"Valid\"}","EventID":7,"EventOriginId":"29acc230-2f13-49db-9ef2-c9b20229a10c","ManagementGroupName":"AOI-redacted","Type":"WindowsEvent","_ResourceId":"/subscriptions/redacted/resourcegroups/redacted/providers/microsoft.compute/virtualmachines/workstation5"}
{"TenantId":"redacted","SourceSystem":"OpsManager","TimeGenerated":"2022-05-13T08:54:08.967Z","Provider":"Microsoft-Windows-Sysmon","Channel":"Microsoft-Windows-Sysmon/Operational","Computer":"WORKSTATION5","Task":1,"EventLevel":4,"EventLevelName":"Information","EventData":"{\"RuleName\":\"-\",\"UtcTime\":\"2022-05-13T08:54:08.9610000Z\",\"EventType\":\"CreateKey\",\"ProcessGuid\":\"{f3329a35-1cb0-627e-f916-000000000600}\",\"ProcessId\":\"2084\",\"Image\":\"C:\\\\Windows\\\\System32\\\\WindowsPowerShell\\\\v1.0\\\\powershell.exe\",\"TargetObject\":\"HKU\\\\S-1-5-19\\\\SOFTWARE\\\\Microsoft\\\\SystemCertificates\\\\SmartCardRoot\\\\CTLs\",\"User\":\"NT AUTHORITY\\\\LOCAL SERVICE\"}","EventID":12,"EventOriginId":"29acc230-2f13-49db-9ef2-c9b20229a10c","ManagementGroupName":"AOI-redacted","Type":"WindowsEvent","_ResourceId":"/subscriptions/redacted/resourcegroups/redacted/providers/microsoft.compute/virtualmachines/workstation5"}
{"TenantId":"redacted","SourceSystem":"OpsManager","TimeGenerated":"2022-05-13T08:54:08.967Z","Provider":"Microsoft-Windows-Sysmon","Channel":"Microsoft-Windows-Sysmon/Operational","Computer":"WORKSTATION5","Task":1,"EventLevel":4,"EventLevelName":"Information","EventData":"{\"RuleName\":\"-\",\"UtcTime\":\"2022-05-13T08:54:08.9660000Z\",\"EventType\":\"CreateKey\",\"ProcessGuid\":\"{f3329a35-1cb0-627e-f916-000000000600}\",\"ProcessId\":\"2084\",\"Image\":\"C:\\\\Windows\\\\System32\\\\WindowsPowerShell\\\\v1.0\\\\powershell.exe\",\"TargetObject\":\"HKU\\\\S-1-5-19\\\\SOFTWARE\\\\Microsoft\\\\SystemCertificates\\\\TrustedPeople\",\"User\":\"NT AUTHORITY\\\\LOCAL SERVICE\"}","EventID":12,"EventOriginId":"29acc230-2f13-49db-9ef2-c9b20229a10c","ManagementGroupName":"AOI-redacted","Type":"WindowsEvent","_ResourceId":"/subscriptions/redacted/resourcegroups/redacted/providers/microsoft.compute/virtualmachines/workstation5"}
{"TenantId":"redacted","SourceSystem":"OpsManager","TimeGenerated":"2022-05-13T08:54:08.967Z","Provider":"Microsoft-Windows-Sysmon","Channel":"Microsoft-Windows-Sysmon/Operational","Computer":"WORKSTATION5","Task":1,"EventLevel":4,"EventLevelName":"Information","EventData":"{\"RuleName\":\"-\",\"UtcTime\":\"2022-05-13T08:54:08.9660000Z\",\"EventType\":\"CreateKey\",\"ProcessGuid\":\"{f3329a35-1cb0-627e-f916-000000000600}\",\"ProcessId\":\"2084\",\"Image\":\"C:\\\\Windows\\\\System32\\\\WindowsPowerShell\\\\v1.0\\\\powershell.exe\",\"TargetObject\":\"HKU\\\\S-1-5-19\\\\SOFTWARE\\\\Microsoft\\\\SystemCertificates\\\\TrustedPeople\",\"User\":\"NT AUTHORITY\\\\LOCAL SERVICE\"}","EventID":12,"EventOriginId":"29acc230-2f13-49db-9ef2-c9b20229a10c","ManagementGroupName":"AOI-redacted","Type":"WindowsEvent","_ResourceId":"/subscriptions/redacted/resourcegroups/redacted/providers/microsoft.compute/virtualmachines/workstation5"}
{"TenantId":"redacted","SourceSystem":"OpsManager","TimeGenerated":"2022-05-13T08:54:08.967Z","Provider":"Microsoft-Windows-Sysmon","Channel":"Microsoft-Windows-Sysmon/Operational","Computer":"WORKSTATION5","Task":1,"EventLevel":4,"EventLevelName":"Information","EventData":"{\"RuleName\":\"-\",\"UtcTime\":\"2022-05-13T08:54:08.9660000Z\",\"EventType\":\"CreateKey\",\"ProcessGuid\":\"{f3329a35-1cb0-627e-f916-000000000600}\",\"ProcessId\":\"2084\",\"Image\":\"C:\\\\Windows\\\\System32\\\\WindowsPowerShell\\\\v1.0\\\\powershell.exe\",\"TargetObject\":\"HKU\\\\S-1-5-19\\\\SOFTWARE\\\\Microsoft\\\\SystemCertificates\\\\TrustedPeople\\\\Certificates\",\"User\":\"NT AUTHORITY\\\\LOCAL SERVICE\"}","EventID":12,"EventOriginId":"29acc230-2f13-49db-9ef2-c9b20229a10c","ManagementGroupName":"AOI-redacted","Type":"WindowsEvent","_ResourceId":"/subscriptions/redacted/resourcegroups/redacted/providers/microsoft.compute/virtualmachines/workstation5"}
{"TenantId":"redacted","SourceSystem":"OpsManager","TimeGenerated":"2022-05-13T08:54:08.967Z","Provider":"Microsoft-Windows-Sysmon","Channel":"Microsoft-Windows-Sysmon/Operational","Computer":"WORKSTATION5","Task":1,"EventLevel":4,"EventLevelName":"Information","EventData":"{\"RuleName\":\"-\",\"UtcTime\":\"2022-05-13T08:54:08.9660000Z\",\"EventType\":\"CreateKey\",\"ProcessGuid\":\"{f3329a35-1cb0-627e-f916-000000000600}\",\"ProcessId\":\"2084\",\"Image\":\"C:\\\\Windows\\\\System32\\\\WindowsPowerShell\\\\v1.0\\\\powershell.exe\",\"TargetObject\":\"HKU\\\\S-1-5-19\\\\SOFTWARE\\\\Microsoft\\\\SystemCertificates\\\\TrustedPeople\\\\CRLs\",\"User\":\"NT AUTHORITY\\\\LOCAL SERVICE\"}","EventID":12,"EventOriginId":"29acc230-2f13-49db-9ef2-c9b20229a10c","ManagementGroupName":"AOI-redacted","Type":"WindowsEvent","_ResourceId":"/subscriptions/redacted/resourcegroups/redacted/providers/microsoft.compute/virtualmachines/workstation5"}
{"TenantId":"redacted","SourceSystem":"OpsManager","TimeGenerated":"2022-05-13T08:54:08.967Z","Provider":"Microsoft-Windows-Sysmon","Channel":"Microsoft-Windows-Sysmon/Operational","Computer":"WORKSTATION5","Task":1,"EventLevel":4,"EventLevelName":"Information","EventData":"{\"RuleName\":\"-\",\"UtcTime\":\"2022-05-13T08:54:08.9660000Z\",\"EventType\":\"CreateKey\",\"ProcessGuid\":\"{f3329a35-1cb0-627e-f916-000000000600}\",\"ProcessId\":\"2084\",\"Image\":\"C:\\\\Windows\\\\System32\\\\WindowsPowerShell\\\\v1.0\\\\powershell.exe\",\"TargetObject\":\"HKU\\\\S-1-5-19\\\\SOFTWARE\\\\Microsoft\\\\SystemCertificates\\\\TrustedPeople\\\\CTLs\",\"User\":\"NT AUTHORITY\\\\LOCAL SERVICE\"}","EventID":12,"EventOriginId":"29acc230-2f13-49db-9ef2-c9b20229a10c","ManagementGroupName":"AOI-redacted","Type":"WindowsEvent","_ResourceId":"/subscriptions/redacted/resourcegroups/redacted/providers/microsoft.compute/virtualmachines/workstation5"}
{"TenantId":"redacted","SourceSystem":"OpsManager","TimeGenerated":"2022-05-13T08:54:08.967Z","Provider":"Microsoft-Windows-Sysmon","Channel":"Microsoft-Windows-Sysmon/Operational","Computer":"WORKSTATION5","Task":1,"EventLevel":4,"EventLevelName":"Information","EventData":"{\"RuleName\":\"-\",\"UtcTime\":\"2022-05-13T08:54:08.9660000Z\",\"EventType\":\"CreateKey\",\"ProcessGuid\":\"{f3329a35-1cb0-627e-f916-000000000600}\",\"ProcessId\":\"2084\",\"Image\":\"C:\\\\Windows\\\\System32\\\\WindowsPowerShell\\\\v1.0\\\\powershell.exe\",\"TargetObject\":\"HKU\\\\S-1-5-19\\\\SOFTWARE\\\\Policies\\\\Microsoft\\\\SystemCertificates\\\\TrustedPeople\",\"User\":\"NT AUTHORITY\\\\LOCAL SERVICE\"}","EventID":12,"EventOriginId":"29acc230-2f13-49db-9ef2-c9b20229a10c","ManagementGroupName":"AOI-redacted","Type":"WindowsEvent","_ResourceId":"/subscriptions/redacted/resourcegroups/redacted/providers/microsoft.compute/virtualmachines/workstation5"}
{"TenantId":"redacted","SourceSystem":"OpsManager","TimeGenerated":"2022-05-13T08:54:08.97Z","Provider":"Microsoft-Windows-Sysmon","Channel":"Microsoft-Windows-Sysmon/Operational","Computer":"WORKSTATION5","Task":1,"EventLevel":4,"EventLevelName":"Information","EventData":"{\"RuleName\":\"-\",\"UtcTime\":\"2022-05-13T08:54:08.9660000Z\",\"EventType\":\"CreateKey\",\"ProcessGuid\":\"{f3329a35-1cb0-627e-f916-000000000600}\",\"ProcessId\":\"2084\",\"Image\":\"C:\\\\Windows\\\\System32\\\\WindowsPowerShell\\\\v1.0\\\\powershell.exe\",\"TargetObject\":\"HKU\\\\S-1-5-19\\\\SOFTWARE\\\\Policies\\\\Microsoft\\\\SystemCertificates\\\\TrustedPeople\\\\Certificates\",\"User\":\"NT AUTHORITY\\\\LOCAL SERVICE\"}","EventID":12,"EventOriginId":"29acc230-2f13-49db-9ef2-c9b20229a10c","ManagementGroupName":"AOI-redacted","Type":"WindowsEvent","_ResourceId":"/subscriptions/redacted/resourcegroups/redacted/providers/microsoft.compute/virtualmachines/workstation5"}
{"TenantId":"redacted","SourceSystem":"OpsManager","TimeGenerated":"2022-05-13T08:54:08.97Z","Provider":"Microsoft-Windows-Sysmon","Channel":"Microsoft-Windows-Sysmon/Operational","Computer":"WORKSTATION5","Task":1,"EventLevel":4,"EventLevelName":"Information","EventData":"{\"RuleName\":\"-\",\"UtcTime\":\"2022-05-13T08:54:08.9660000Z\",\"EventType\":\"CreateKey\",\"ProcessGuid\":\"{f3329a35-1cb0-627e-f916-000000000600}\",\"ProcessId\":\"2084\",\"Image\":\"C:\\\\Windows\\\\System32\\\\WindowsPowerShell\\\\v1.0\\\\powershell.exe\",\"TargetObject\":\"HKU\\\\S-1-5-19\\\\SOFTWARE\\\\Policies\\\\Microsoft\\\\SystemCertificates\\\\TrustedPeople\\\\CRLs\",\"User\":\"NT AUTHORITY\\\\LOCAL SERVICE\"}","EventID":12,"EventOriginId":"29acc230-2f13-49db-9ef2-c9b20229a10c","ManagementGroupName":"AOI-redacted","Type":"WindowsEvent","_ResourceId":"/subscriptions/redacted/resourcegroups/redacted/providers/microsoft.compute/virtualmachines/workstation5"}
{"TenantId":"redacted","SourceSystem":"OpsManager","TimeGenerated":"2022-05-13T08:54:08.97Z","Provider":"Microsoft-Windows-Sysmon","Channel":"Microsoft-Windows-Sysmon/Operational","Computer":"WORKSTATION5","Task":1,"EventLevel":4,"EventLevelName":"Information","EventData":"{\"RuleName\":\"-\",\"UtcTime\":\"2022-05-13T08:54:08.9660000Z\",\"EventType\":\"CreateKey\",\"ProcessGuid\":\"{f3329a35-1cb0-627e-f916-000000000600}\",\"ProcessId\":\"2084\",\"Image\":\"C:\\\\Windows\\\\System32\\\\WindowsPowerShell\\\\v1.0\\\\powershell.exe\",\"TargetObject\":\"HKU\\\\S-1-5-19\\\\SOFTWARE\\\\Policies\\\\Microsoft\\\\SystemCertificates\\\\TrustedPeople\\\\CTLs\",\"User\":\"NT AUTHORITY\\\\LOCAL SERVICE\"}","EventID":12,"EventOriginId":"29acc230-2f13-49db-9ef2-c9b20229a10c","ManagementGroupName":"AOI-redacted","Type":"WindowsEvent","_ResourceId":"/subscriptions/redacted/resourcegroups/redacted/providers/microsoft.compute/virtualmachines/workstation5"}
{"TenantId":"redacted","SourceSystem":"OpsManager","TimeGenerated":"2022-05-13T08:54:08.97Z","Provider":"Microsoft-Windows-Sysmon","Channel":"Microsoft-Windows-Sysmon/Operational","Computer":"WORKSTATION5","Task":1,"EventLevel":4,"EventLevelName":"Information","EventData":"{\"RuleName\":\"-\",\"UtcTime\":\"2022-05-13T08:54:08.9660000Z\",\"EventType\":\"CreateKey\",\"ProcessGuid\":\"{f3329a35-1cb0-627e-f916-000000000600}\",\"ProcessId\":\"2084\",\"Image\":\"C:\\\\Windows\\\\System32\\\\WindowsPowerShell\\\\v1.0\\\\powershell.exe\",\"TargetObject\":\"HKLM\\\\SOFTWARE\",\"User\":\"NT AUTHORITY\\\\LOCAL SERVICE\"}","EventID":12,"EventOriginId":"29acc230-2f13-49db-9ef2-c9b20229a10c","ManagementGroupName":"AOI-redacted","Type":"WindowsEvent","_ResourceId":"/subscriptions/redacted/resourcegroups/redacted/providers/microsoft.compute/virtualmachines/workstation5"}
{"TenantId":"redacted","SourceSystem":"OpsManager","TimeGenerated":"2022-05-13T08:54:08.97Z","Provider":"Microsoft-Windows-Sysmon","Channel":"Microsoft-Windows-Sysmon/Operational","Computer":"WORKSTATION5","Task":1,"EventLevel":4,"EventLevelName":"Information","EventData":"{\"RuleName\":\"-\",\"UtcTime\":\"2022-05-13T08:54:08.9660000Z\",\"EventType\":\"CreateKey\",\"ProcessGuid\":\"{f3329a35-1cb0-627e-f916-000000000600}\",\"ProcessId\":\"2084\",\"Image\":\"C:\\\\Windows\\\\System32\\\\WindowsPowerShell\\\\v1.0\\\\powershell.exe\",\"TargetObject\":\"HKLM\\\\SOFTWARE\\\\Microsoft\",\"User\":\"NT AUTHORITY\\\\LOCAL SERVICE\"}","EventID":12,"EventOriginId":"29acc230-2f13-49db-9ef2-c9b20229a10c","ManagementGroupName":"AOI-redacted","Type":"WindowsEvent","_ResourceId":"/subscriptions/redacted/resourcegroups/redacted/providers/microsoft.compute/virtualmachines/workstation5"}
{"TenantId":"redacted","SourceSystem":"OpsManager","TimeGenerated":"2022-05-13T08:54:08.97Z","Provider":"Microsoft-Windows-Sysmon","Channel":"Microsoft-Windows-Sysmon/Operational","Computer":"WORKSTATION5","Task":1,"EventLevel":4,"EventLevelName":"Information","EventData":"{\"RuleName\":\"-\",\"UtcTime\":\"2022-05-13T08:54:08.9660000Z\",\"EventType\":\"CreateKey\",\"ProcessGuid\":\"{f3329a35-1cb0-627e-f916-000000000600}\",\"ProcessId\":\"2084\",\"Image\":\"C:\\\\Windows\\\\System32\\\\WindowsPowerShell\\\\v1.0\\\\powershell.exe\",\"TargetObject\":\"HKLM\\\\SOFTWARE\\\\Microsoft\\\\SystemCertificates\",\"User\":\"NT AUTHORITY\\\\LOCAL SERVICE\"}","EventID":12,"EventOriginId":"29acc230-2f13-49db-9ef2-c9b20229a10c","ManagementGroupName":"AOI-redacted","Type":"WindowsEvent","_ResourceId":"/subscriptions/redacted/resourcegroups/redacted/providers/microsoft.compute/virtualmachines/workstation5"}
{"TenantId":"redacted","SourceSystem":"OpsManager","TimeGenerated":"2022-05-13T08:54:08.97Z","Provider":"Microsoft-Windows-Sysmon","Channel":"Microsoft-Windows-Sysmon/Operational","Computer":"WORKSTATION5","Task":1,"EventLevel":4,"EventLevelName":"Information","EventData":"{\"RuleName\":\"-\",\"UtcTime\":\"2022-05-13T08:54:08.9660000Z\",\"EventType\":\"CreateKey\",\"ProcessGuid\":\"{f3329a35-1cb0-627e-f916-000000000600}\",\"ProcessId\":\"2084\",\"Image\":\"C:\\\\Windows\\\\System32\\\\WindowsPowerShell\\\\v1.0\\\\powershell.exe\",\"TargetObject\":\"HKLM\\\\SOFTWARE\",\"User\":\"NT AUTHORITY\\\\LOCAL SERVICE\"}","EventID":12,"EventOriginId":"29acc230-2f13-49db-9ef2-c9b20229a10c","ManagementGroupName":"AOI-redacted","Type":"WindowsEvent","_ResourceId":"/subscriptions/redacted/resourcegroups/redacted/providers/microsoft.compute/virtualmachines/workstation5"}
{"TenantId":"redacted","SourceSystem":"OpsManager","TimeGenerated":"2022-05-13T08:54:08.97Z","Provider":"Microsoft-Windows-Sysmon","Channel":"Microsoft-Windows-Sysmon/Operational","Computer":"WORKSTATION5","Task":1,"EventLevel":4,"EventLevelName":"Information","EventData":"{\"RuleName\":\"-\",\"UtcTime\":\"2022-05-13T08:54:08.9660000Z\",\"EventType\":\"CreateKey\",\"ProcessGuid\":\"{f3329a35-1cb0-627e-f916-000000000600}\",\"ProcessId\":\"2084\",\"Image\":\"C:\\\\Windows\\\\System32\\\\WindowsPowerShell\\\\v1.0\\\\powershell.exe\",\"TargetObject\":\"HKLM\\\\SOFTWARE\\\\Microsoft\",\"User\":\"NT AUTHORITY\\\\LOCAL SERVICE\"}","EventID":12,"EventOriginId":"29acc230-2f13-49db-9ef2-c9b20229a10c","ManagementGroupName":"AOI-redacted","Type":"WindowsEvent","_ResourceId":"/subscriptions/redacted/resourcegroups/redacted/providers/microsoft.compute/virtualmachines/workstation5"}
{"TenantId":"redacted","SourceSystem":"OpsManager","TimeGenerated":"2022-05-13T08:54:08.97Z","Provider":"Microsoft-Windows-Sysmon","Channel":"Microsoft-Windows-Sysmon/Operational","Computer":"WORKSTATION5","Task":1,"EventLevel":4,"EventLevelName":"Information","EventData":"{\"RuleName\":\"-\",\"UtcTime\":\"2022-05-13T08:54:08.9660000Z\",\"EventType\":\"CreateKey\",\"ProcessGuid\":\"{f3329a35-1cb0-627e-f916-000000000600}\",\"ProcessId\":\"2084\",\"Image\":\"C:\\\\Windows\\\\System32\\\\WindowsPowerShell\\\\v1.0\\\\powershell.exe\",\"TargetObject\":\"HKLM\\\\SOFTWARE\\\\Microsoft\\\\SystemCertificates\",\"User\":\"NT AUTHORITY\\\\LOCAL SERVICE\"}","EventID":12,"EventOriginId":"29acc230-2f13-49db-9ef2-c9b20229a10c","ManagementGroupName":"AOI-redacted","Type":"WindowsEvent","_ResourceId":"/subscriptions/redacted/resourcegroups/redacted/providers/microsoft.compute/virtualmachines/workstation5"}
{"TenantId":"redacted","SourceSystem":"OpsManager","TimeGenerated":"2022-05-13T08:54:08.97Z","Provider":"Microsoft-Windows-Sysmon","Channel":"Microsoft-Windows-Sysmon/Operational","Computer":"WORKSTATION5","Task":1,"EventLevel":4,"EventLevelName":"Information","EventData":"{\"RuleName\":\"-\",\"UtcTime\":\"2022-05-13T08:54:08.9710000Z\",\"EventType\":\"CreateKey\",\"ProcessGuid\":\"{f3329a35-1cb0-627e-f916-000000000600}\",\"ProcessId\":\"2084\",\"Image\":\"C:\\\\Windows\\\\System32\\\\WindowsPowerShell\\\\v1.0\\\\powershell.exe\",\"TargetObject\":\"HKLM\\\\SOFTWARE\",\"User\":\"NT AUTHORITY\\\\LOCAL SERVICE\"}","EventID":12,"EventOriginId":"29acc230-2f13-49db-9ef2-c9b20229a10c","ManagementGroupName":"AOI-redacted","Type":"WindowsEvent","_ResourceId":"/subscriptions/redacted/resourcegroups/redacted/providers/microsoft.compute/virtualmachines/workstation5"}
{"TenantId":"redacted","SourceSystem":"OpsManager","TimeGenerated":"2022-05-13T08:54:08.973Z","Provider":"Microsoft-Windows-Sysmon","Channel":"Microsoft-Windows-Sysmon/Operational","Computer":"WORKSTATION5","Task":1,"EventLevel":4,"EventLevelName":"Information","EventData":"{\"RuleName\":\"-\",\"UtcTime\":\"2022-05-13T08:54:08.9710000Z\",\"EventType\":\"CreateKey\",\"ProcessGuid\":\"{f3329a35-1cb0-627e-f916-000000000600}\",\"ProcessId\":\"2084\",\"Image\":\"C:\\\\Windows\\\\System32\\\\WindowsPowerShell\\\\v1.0\\\\powershell.exe\",\"TargetObject\":\"HKLM\\\\SOFTWARE\\\\Policies\",\"User\":\"NT AUTHORITY\\\\LOCAL SERVICE\"}","EventID":12,"EventOriginId":"29acc230-2f13-49db-9ef2-c9b20229a10c","ManagementGroupName":"AOI-redacted","Type":"WindowsEvent","_ResourceId":"/subscriptions/redacted/resourcegroups/redacted/providers/microsoft.compute/virtualmachines/workstation5"}
{"TenantId":"redacted","SourceSystem":"OpsManager","TimeGenerated":"2022-05-13T08:54:08.973Z","Provider":"Microsoft-Windows-Sysmon","Channel":"Microsoft-Windows-Sysmon/Operational","Computer":"WORKSTATION5","Task":1,"EventLevel":4,"EventLevelName":"Information","EventData":"{\"RuleName\":\"-\",\"UtcTime\":\"2022-05-13T08:54:08.9710000Z\",\"EventType\":\"CreateKey\",\"ProcessGuid\":\"{f3329a35-1cb0-627e-f916-000000000600}\",\"ProcessId\":\"2084\",\"Image\":\"C:\\\\Windows\\\\System32\\\\WindowsPowerShell\\\\v1.0\\\\powershell.exe\",\"TargetObject\":\"HKLM\\\\SOFTWARE\\\\Policies\\\\Microsoft\",\"User\":\"NT AUTHORITY\\\\LOCAL SERVICE\"}","EventID":12,"EventOriginId":"29acc230-2f13-49db-9ef2-c9b20229a10c","ManagementGroupName":"AOI-redacted","Type":"WindowsEvent","_ResourceId":"/subscriptions/redacted/resourcegroups/redacted/providers/microsoft.compute/virtualmachines/workstation5"}
{"TenantId":"redacted","SourceSystem":"OpsManager","TimeGenerated":"2022-05-13T08:54:08.973Z","Provider":"Microsoft-Windows-Sysmon","Channel":"Microsoft-Windows-Sysmon/Operational","Computer":"WORKSTATION5","Task":1,"EventLevel":4,"EventLevelName":"Information","EventData":"{\"RuleName\":\"-\",\"UtcTime\":\"2022-05-13T08:54:08.9710000Z\",\"EventType\":\"CreateKey\",\"ProcessGuid\":\"{f3329a35-1cb0-627e-f916-000000000600}\",\"ProcessId\":\"2084\",\"Image\":\"C:\\\\Windows\\\\System32\\\\WindowsPowerShell\\\\v1.0\\\\powershell.exe\",\"TargetObject\":\"HKLM\\\\SOFTWARE\\\\Policies\\\\Microsoft\\\\SystemCertificates\",\"User\":\"NT AUTHORITY\\\\LOCAL SERVICE\"}","EventID":12,"EventOriginId":"29acc230-2f13-49db-9ef2-c9b20229a10c","ManagementGroupName":"AOI-redacted","Type":"WindowsEvent","_ResourceId":"/subscriptions/redacted/resourcegroups/redacted/providers/microsoft.compute/virtualmachines/workstation5"}
{"TenantId":"redacted","SourceSystem":"OpsManager","TimeGenerated":"2022-05-13T08:54:08.973Z","Provider":"Microsoft-Windows-Sysmon","Channel":"Microsoft-Windows-Sysmon/Operational","Computer":"WORKSTATION5","Task":1,"EventLevel":4,"EventLevelName":"Information","EventData":"{\"RuleName\":\"-\",\"UtcTime\":\"2022-05-13T08:54:08.9710000Z\",\"EventType\":\"CreateKey\",\"ProcessGuid\":\"{f3329a35-1cb0-627e-f916-000000000600}\",\"ProcessId\":\"2084\",\"Image\":\"C:\\\\Windows\\\\System32\\\\WindowsPowerShell\\\\v1.0\\\\powershell.exe\",\"TargetObject\":\"HKLM\\\\SOFTWARE\",\"User\":\"NT AUTHORITY\\\\LOCAL SERVICE\"}","EventID":12,"EventOriginId":"29acc230-2f13-49db-9ef2-c9b20229a10c","ManagementGroupName":"AOI-redacted","Type":"WindowsEvent","_ResourceId":"/subscriptions/redacted/resourcegroups/redacted/providers/microsoft.compute/virtualmachines/workstation5"}
{"TenantId":"redacted","SourceSystem":"OpsManager","TimeGenerated":"2022-05-13T08:54:08.973Z","Provider":"Microsoft-Windows-Sysmon","Channel":"Microsoft-Windows-Sysmon/Operational","Computer":"WORKSTATION5","Task":1,"EventLevel":4,"EventLevelName":"Information","EventData":"{\"RuleName\":\"-\",\"UtcTime\":\"2022-05-13T08:54:08.9710000Z\",\"EventType\":\"CreateKey\",\"ProcessGuid\":\"{f3329a35-1cb0-627e-f916-000000000600}\",\"ProcessId\":\"2084\",\"Image\":\"C:\\\\Windows\\\\System32\\\\WindowsPowerShell\\\\v1.0\\\\powershell.exe\",\"TargetObject\":\"HKLM\\\\SOFTWARE\\\\Microsoft\",\"User\":\"NT AUTHORITY\\\\LOCAL SERVICE\"}","EventID":12,"EventOriginId":"29acc230-2f13-49db-9ef2-c9b20229a10c","ManagementGroupName":"AOI-redacted","Type":"WindowsEvent","_ResourceId":"/subscriptions/redacted/resourcegroups/redacted/providers/microsoft.compute/virtualmachines/workstation5"}
