{"TenantId":"redacted","SourceSystem":"OpsManager","TimeGenerated":"2022-05-13T08:54:08.693Z","Provider":"Microsoft-Windows-Sysmon","Channel":"Microsoft-Windows-Sysmon/Operational","Computer":"WORKSTATION5","Task":1,"EventLevel":4,"EventLevelName":"Information","EventData":"{\"RuleName\":\"-\",\"UtcTime\":\"2022-05-13T08:54:08.6910000Z\",\"ProcessGuid\":\"{f3329a35-1cb0-627e-f916-000000000600}\",\"ProcessId\":\"2084\",\"Image\":\"C:\\\\Windows\\\\System32\\\\WindowsPowerShell\\\\v1.0\\\\powershell.exe\",\"User\":\"NT AUTHORITY\\\\LOCAL SERVICE\",\"ImageLoaded\":\"C:\\\\Windows\\\\Microsoft.NET\\\\Framework64\\\\v4.0.30319\\\\clr.dll\",\"FileVersion\":\"4.8.4300.0 built by: NET48REL1LAST_C\",\"Description\":\"Microsoft .NET Runtime Common Language Runtime - WorkStation\",\"Product\":\"Microsoft® .NET Framework\",\"Company\":\"Microsoft Corporation\",\"OriginalFileName\":\"clr.dll\",\"Hashes\":\"SHA1=BE4A3A9055C6511E172B72B1085D255BD209BB23,MD5=1444DDCA3BB247DE189EF3050D387DB5,SHA256=4D903F54966771446C57C8ECB56F161C7AE4F7F0172D35A137FCFA3E5731A62D,IMPHASH=2BC2B098BC197051D6B424CC7B54426F\",\"Signed\":\"true\",\"Signature\":\"Microsoft Corporation\",\"SignatureStatus\":\"Valid\"}","EventID":7,"EventOriginId":"29acc230-2f13-49db-9ef2-c9b20229a10c","ManagementGroupName":"AOI-redacted","Type":"WindowsEvent","_ResourceId":"/subscriptions/redacted/resourcegroups/redacted/providers/microsoft.compute/virtualmachines/workstation5"}
{"TenantId":"redacted","SourceSystem":"OpsManager","TimeGenerated":"2022-05-13T08:54:08.697Z","Provider":"Microsoft-Windows-Sysmon","Channel":"Microsoft-Windows-Sysmon/Operational","Computer":"WORKSTATION5","Task":1,"EventLevel":4,"EventLevelName":"Information","EventData":"{\"RuleName\":\"-\",\"UtcTime\":\"2022-05-13T08:54:08.6910000Z\",\"ProcessGuid\":\"{f3329a35-1cb0-627e-f916-000000000600}\",\"ProcessId\":\"2084\",\"Image\":\"C:\\\\Windows\\\\System32\\\\WindowsPowerShell\\\\v1.0\\\\powershell.exe\",\"User\":\"NT AUTHORITY\\\\LOCAL SERVICE\",\"ImageLoaded\":\"C:\\\\Windows\\\\System32\\\\vcruntime140_clr0400.dll\",\"FileVersion\":\"14.10.25028.0 built by: VCTOOLSD15RTM\",\"Description\":\"Microsoft® C Runtime Library\",\"Product\":\"Microsoft® Visual Studio® 2017\",\"Company\":\"Microsoft Corporation\",\"OriginalFileName\":\"vcruntime140_clr0400.dll\",\"Hashes\":\"SHA1=6790994B2E72E7FE8690CD8EBA1FCF4577389280,MD5=63936588122BDEE9624D02CE3F8F54EA,SHA256=21F7E6165CE8DD92DB8CDF48CEE83DE64B2B0807B7B499CF87678B70C6F8C32F,IMPHASH=CD244BF7A749BF0B13E038D2EE842BFC\",\"Signed\":\"true\",\"Signature\":\"Microsoft Corporation\",\"SignatureStatus\":\"Valid\"}","EventID":7,"EventOriginId":"29acc230-2f13-49db-9ef2-c9b20229a10c","ManagementGroupName":"AOI-redacted","Type":"WindowsEvent","_ResourceId":"/subscriptions/redacted/resourcegroups/redacted/providers/microsoft.compute/virtualmachines/workstation5"}
{"TenantId":"redacted","SourceSystem":"OpsManager","TimeGenerated":"2022-05-13T08:54:08.697Z","Provider":"Microsoft-Windows-Sysmon","Channel":"Microsoft-Windows-Sysmon/Operational","Computer":"WORKSTATION5","Task":1,"EventLevel":4,"EventLevelName":"Information","EventData":"{\"RuleName\":\"-\",\"UtcTime\":\"2022-05-13T08:54:08.6910000Z\",\"ProcessGuid\":\"{f3329a35-1cb0-627e-f916-000000000600}\",\"ProcessId\":\"2084\",\"Image\":\"C:\\\\Windows\\\\System32\\\\WindowsPowerShell\\\\v1.0\\\\powershell.exe\",\"User\":\"NT AUTHORITY\\\\LOCAL SERVICE\",\"ImageLoaded\":\"C:\\\\Windows\\\\System32\\\\ucrtbase_clr0400.dll\",\"FileVersion\":\"14.10.25028.0 built by: VCTOOLSD15RTM\",\"Description\":\"Microsoft® C Runtime Library\",\"Product\":\"Microsoft® Visual Studio® 2017\",\"Company\":\"Microsoft Corporation\",\"OriginalFileName\":\"ucrtbase_clr0400.dll\",\"Hashes\":\"SHA1=FF572BE9C4959684F64CF1EAD2636FE983E59627,MD5=F8F171BE1820544E15B555847005355C,SHA256=CDDF9A2BF085AE59BA464B3BA6394AACFC342DA5F17D77FD5306054C8AABF153,IMPHASH=0524DC27AA10ADA72FFB6F88F5FD8829\",\"Signed\":\"true\",\"Signature\":\"Microsoft Corporation\",\"SignatureStatus\":\"Valid\"}","EventID":7,"EventOriginId":"29acc230-2f13-49db-9ef2-c9b20229a10c","ManagementGroupName":"AOI-redacted","Type":"WindowsEvent","_ResourceId":"/subscriptions/redacted/resourcegroups/redacted/providers/microsoft.compute/virtualmachines/workstation5"}
{"TenantId":"redacted","SourceSystem":"OpsManager","TimeGenerated":"2022-05-13T08:54:08.697Z","Provider":"Microsoft-Windows-Sysmon","Channel":"Microsoft-Windows-Sysmon/Operational","Computer":"WORKSTATION5","Task":1,"EventLevel":4,"EventLevelName":"Information","EventData":"{\"RuleName\":\"-\",\"UtcTime\":\"2022-05-13T08:54:08.6910000Z\",\"ProcessGuid\":\"{f3329a35-1cb0-627e-f916-000000000600}\",\"ProcessId\":\"2084\",\"Image\":\"C:\\\\Windows\\\\System32\\\\WindowsPowerShell\\\\v1.0\\\\powershell.exe\",\"User\":\"NT AUTHORITY\\\\LOCAL SERVICE\",\"ImageLoaded\":\"C:\\\\Windows\\\\System32\\\\ucrtbase_clr0400.dll\",\"FileVersion\":\"14.10.25028.0 built by: VCTOOLSD15RTM\",\"Description\":\"Microsoft® C Runtime Library\",\"Product\":\"Microsoft® Visual Studio® 2017\",\"Company\":\"Microsoft Corporation\",\"OriginalFileName\":\"ucrtbase_clr0400.dll\",\"Hashes\":\"SHA1=FF572BE9C4959684F64CF1EAD2636FE983E59627,MD5=F8F171BE1820544E15B555847005355C,SHA256=CDDF9A2BF085AE59BA464B3BA6394AACFC342DA5F17D77FD5306054C8AABF153,IMPHASH=0524DC27AA10ADA72FFB6F88F5FD8829\",\"Signed\":\"true\",\"Signature\":\"Microsoft Corporation\",\"SignatureStatus\":\"Valid\"}","EventID":7,"EventOriginId":"29acc230-2f13-49db-9ef2-c9b20229a10c","ManagementGroupName":"AOI-redacted","Type":"WindowsEvent","_ResourceId":"/subscriptions/redacted/resourcegroups/redacted/providers/microsoft.compute/virtualmachines/workstation5"}
{"TenantId":"redacted","SourceSystem":"OpsManager","TimeGenerated":"2022-05-13T08:54:08.697Z","Provider":"Microsoft-Windows-Sysmon","Channel":"Microsoft-Windows-Sysmon/Operational","Computer":"WORKSTATION5","Task":1,"EventLevel":4,"EventLevelName":"Information","EventData":"{\"RuleName\":\"-\",\"UtcTime\":\"2022-05-13T08:54:08.6210000Z\",\"ProcessGuid\":\"{f3329a35-1cb0-627e-f916-000000000600}\",\"ProcessId\":\"2084\",\"Image\":\"C:\\\\Windows\\\\System32\\\\WindowsPowerShell\\\\v1.0\\\\powershell.exe\",\"User\":\"NT AUTHORITY\\\\LOCAL SERVICE\",\"ImageLoaded\":\"C:\\\\Windows\\\\System32\\\\ole32.dll\",\"FileVersion\":\"10.0.19041.1202 (WinBuild.160101.0800)\",\"Description\":\"Microsoft OLE for Windows\",\"Product\":\"Microsoft® Windows® Operating System\",\"Company\":\"Microsoft Corporation\",\"OriginalFileName\":\"OLE32.DLL\",\"Hashes\":\"SHA1=94DFBCFB38254181BBB1BC27B59BA24D420A3AF5,MD5=7D78ADDFCB5040857FE4576A9F4AE8FB,SHA256=BB5C4A11364A7F3F60B70314C6757426AD0FEF577A7219AAD30EBA24E6B44484,IMPHASH=58B7D42BAF8BCB6A17F4488C786BA758\",\"Signed\":\"true\",\"Signature\":\"Microsoft Windows\",\"SignatureStatus\":\"Valid\"}","EventID":7,"EventOriginId":"29acc230-2f13-49db-9ef2-c9b20229a10c","ManagementGroupName":"AOI-redacted","Type":"WindowsEvent","_ResourceId":"/subscriptions/redacted/resourcegroups/redacted/providers/microsoft.compute/virtualmachines/workstation5"}
{"TenantId":"redacted","SourceSystem":"OpsManager","TimeGenerated":"2022-05-13T08:54:08.71Z","Provider":"Microsoft-Windows-Sysmon","Channel":"Microsoft-Windows-Sysmon/Operational","Computer":"WORKSTATION5","Task":1,"EventLevel":4,"EventLevelName":"Information","EventData":"{\"RuleName\":\"-\",\"UtcTime\":\"2022-05-13T08:54:08.7070000Z\",\"ProcessGuid\":\"{f3329a35-1cb0-627e-f916-000000000600}\",\"ProcessId\":\"2084\",\"Image\":\"C:\\\\Windows\\\\System32\\\\WindowsPowerShell\\\\v1.0\\\\powershell.exe\",\"User\":\"NT AUTHORITY\\\\LOCAL SERVICE\",\"ImageLoaded\":\"C:\\\\Windows\\\\assembly\\\\NativeImages_v4.0.30319_64\\\\mscorlib\\\\ed4777cae83e1fc9087ac3dc82cf23ab\\\\mscorlib.ni.dll\",\"FileVersion\":\"4.8.4300.0 built by: NET48REL1LAST_C\",\"Description\":\"Microsoft Common Language Runtime Class Library\",\"Product\":\"Microsoft® .NET Framework\",\"Company\":\"Microsoft Corporation\",\"OriginalFileName\":\"mscorlib.dll\",\"Hashes\":\"SHA1=3BACB775078AC8F05CC501C275C0A4806629AB5A,MD5=AE2B9B34ACA10FA2B02FBAA87D546EAE,SHA256=A3EE0E76FF11F51B27B480EBE396409FB4138E8008772DEC45B0CDFC8FD2877D,IMPHASH=00000000000000000000000000000000\",\"Signed\":\"true\",\"Signature\":\"Microsoft Corporation\",\"SignatureStatus\":\"Valid\"}","EventID":7,"EventOriginId":"29acc230-2f13-49db-9ef2-c9b20229a10c","ManagementGroupName":"AOI-redacted","Type":"WindowsEvent","_ResourceId":"/subscriptions/redacted/resourcegroups/redacted/providers/microsoft.compute/virtualmachines/workstation5"}
{"TenantId":"redacted","SourceSystem":"OpsManager","TimeGenerated":"2022-05-13T08:54:08.713Z","Provider":"Microsoft-Windows-Sysmon","Channel":"Microsoft-Windows-Sysmon/Operational","Computer":"WORKSTATION5","Task":1,"EventLevel":4,"EventLevelName":"Information","EventData":"{\"RuleName\":\"-\",\"UtcTime\":\"2022-05-13T08:54:08.7070000Z\",\"ProcessGuid\":\"{f3329a35-1cb0-627e-f916-000000000600}\",\"ProcessId\":\"2084\",\"Image\":\"C:\\\\Windows\\\\System32\\\\WindowsPowerShell\\\\v1.0\\\\powershell.exe\",\"User\":\"NT AUTHORITY\\\\LOCAL SERVICE\",\"ImageLoaded\":\"C:\\\\Windows\\\\System32\\\\bcryptprimitives.dll\",\"FileVersion\":\"10.0.19041.1415 (WinBuild.160101.0800)\",\"Description\":\"Windows Cryptographic Primitives Library\",\"Product\":\"Microsoft® Windows® Operating System\",\"Company\":\"Microsoft Corporation\",\"OriginalFileName\":\"bcryptprimitives.dll\",\"Hashes\":\"SHA1=70021FE46DC589BAE27B813EA8274DF452CEA790,MD5=997827CE8AEFAC419ED1880C1F58E718,SHA256=2AE5378430807A84FD862E30A1305426A8D016080A1A248C6B4B5F5CDA198EE4,IMPHASH=496E42068C9391511CF6EE7C54F73A9B\",\"Signed\":\"true\",\"Signature\":\"Microsoft Windows\",\"SignatureStatus\":\"Valid\"}","EventID":7,"EventOriginId":"29acc230-2f13-49db-9ef2-c9b20229a10c","ManagementGroupName":"AOI-redacted","Type":"WindowsEvent","_ResourceId":"/subscriptions/redacted/resourcegroups/redacted/providers/microsoft.compute/virtualmachines/workstation5"}
{"TenantId":"redacted","SourceSystem":"OpsManager","TimeGenerated":"2022-05-13T08:54:08.72Z","Provider":"Microsoft-Windows-Sysmon","Channel":"Microsoft-Windows-Sysmon/Operational","Computer":"WORKSTATION5","Task":1,"EventLevel":4,"EventLevelName":"Information","EventData":"{\"RuleName\":\"-\",\"UtcTime\":\"2022-05-13T08:54:08.6860000Z\",\"ProcessGuid\":\"{f3329a35-1cb0-627e-f916-000000000600}\",\"ProcessId\":\"2084\",\"Image\":\"C:\\\\Windows\\\\System32\\\\WindowsPowerShell\\\\v1.0\\\\powershell.exe\",\"User\":\"NT AUTHORITY\\\\LOCAL SERVICE\",\"ImageLoaded\":\"C:\\\\Windows\\\\System32\\\\shlwapi.dll\",\"FileVersion\":\"10.0.19041.1023 (WinBuild.160101.0800)\",\"Description\":\"Shell Light-weight Utility Library\",\"Product\":\"Microsoft® Windows® Operating System\",\"Company\":\"Microsoft Corporation\",\"OriginalFileName\":\"SHLWAPI.DLL\",\"Hashes\":\"SHA1=3E2ACE507216082B1882098D2FE19A9CF2981731,MD5=800FB7D0317B3AB92F7099516ACB49E0,SHA256=4E9FB3235A2665F139ED2D3F9068CAE8377614030E911E6398DA91C526FE4729,IMPHASH=B9CABA56C3D01E42910AAD421DFF25D2\",\"Signed\":\"true\",\"Signature\":\"Microsoft Windows\",\"SignatureStatus\":\"Valid\"}","EventID":7,"EventOriginId":"29acc230-2f13-49db-9ef2-c9b20229a10c","ManagementGroupName":"AOI-redacted","Type":"WindowsEvent","_ResourceId":"/subscriptions/redacted/resourcegroups/redacted/providers/microsoft.compute/virtualmachines/workstation5"}
{"TenantId":"redacted","SourceSystem":"OpsManager","TimeGenerated":"2022-05-13T08:54:08.72Z","Provider":"Microsoft-Windows-Sysmon","Channel":"Microsoft-Windows-Sysmon/Operational","Computer":"WORKSTATION5","Task":1,"EventLevel":4,"EventLevelName":"Information","EventData":"{\"RuleName\":\"-\",\"UtcTime\":\"2022-05-13T08:54:08.7160000Z\",\"ProcessGuid\":\"{f3329a35-1cb0-627e-f916-000000000600}\",\"ProcessId\":\"2084\",\"Image\":\"C:\\\\Windows\\\\System32\\\\WindowsPowerShell\\\\v1.0\\\\powershell.exe\",\"User\":\"NT AUTHORITY\\\\LOCAL SERVICE\",\"ImageLoaded\":\"C:\\\\Windows\\\\assembly\\\\NativeImages_v4.0.30319_64\\\\System\\\\5dd302cc18514670950e7f3fbebddb06\\\\System.ni.dll\",\"FileVersion\":\"4.8.4300.0 built by: NET48REL1LAST_C\",\"Description\":\".NET Framework\",\"Product\":\"Microsoft® .NET Framework\",\"Company\":\"Microsoft Corporation\",\"OriginalFileName\":\"System.dll\",\"Hashes\":\"SHA1=8152923128BAFB5FAD9A766D1C7E3ACBD346DECA,MD5=0F8F2D1D50BEA5AFA2F9C4B198FD52C1,SHA256=3AE0999DCBC2821BA81AE516F162F25FC83C319C6302C9A0B4B7C403C91B0912,IMPHASH=00000000000000000000000000000000\",\"Signed\":\"false\",\"Signature\":\"-\",\"SignatureStatus\":\"Unavailable\"}","EventID":7,"EventOriginId":"29acc230-2f13-49db-9ef2-c9b20229a10c","ManagementGroupName":"AOI-redacted","Type":"WindowsEvent","_ResourceId":"/subscriptions/redacted/resourcegroups/redacted/providers/microsoft.compute/virtualmachines/workstation5"}
{"TenantId":"redacted","SourceSystem":"OpsManager","TimeGenerated":"2022-05-13T08:54:08.723Z","Provider":"Microsoft-Windows-Sysmon","Channel":"Microsoft-Windows-Sysmon/Operational","Computer":"WORKSTATION5","Task":1,"EventLevel":4,"EventLevelName":"Information","EventData":"{\"RuleName\":\"-\",\"UtcTime\":\"2022-05-13T08:54:08.7210000Z\",\"ProcessGuid\":\"{f3329a35-1cb0-627e-f916-000000000600}\",\"ProcessId\":\"2084\",\"Image\":\"C:\\\\Windows\\\\System32\\\\WindowsPowerShell\\\\v1.0\\\\powershell.exe\",\"User\":\"NT AUTHORITY\\\\LOCAL SERVICE\",\"ImageLoaded\":\"C:\\\\Windows\\\\assembly\\\\NativeImages_v4.0.30319_64\\\\System.Core\\\\5b420a81d9bf78ed0945d8ac1ca932b4\\\\System.Core.ni.dll\",\"FileVersion\":\"4.8.4320.0 built by: NET48REL1LAST_C\",\"Description\":\".NET Framework\",\"Product\":\"Microsoft® .NET Framework\",\"Company\":\"Microsoft Corporation\",\"OriginalFileName\":\"System.Core.dll\",\"Hashes\":\"SHA1=EBBDD09C44D6AEAE92BE45234A3C566EC2078014,MD5=BB94542B3EAB6101ABB0C08729B2DA59,SHA256=4BDD9132429A0CD23C644668C4F9E96CE71FE43FCD1818E080652326C2D10805,IMPHASH=00000000000000000000000000000000\",\"Signed\":\"false\",\"Signature\":\"-\",\"SignatureStatus\":\"Unavailable\"}","EventID":7,"EventOriginId":"29acc230-2f13-49db-9ef2-c9b20229a10c","ManagementGroupName":"AOI-redacted","Type":"WindowsEvent","_ResourceId":"/subscriptions/redacted/resourcegroups/redacted/providers/microsoft.compute/virtualmachines/workstation5"}
{"TenantId":"redacted","SourceSystem":"OpsManager","TimeGenerated":"2022-05-13T08:54:08.723Z","Provider":"Microsoft-Windows-Sysmon","Channel":"Microsoft-Windows-Sysmon/Operational","Computer":"WORKSTATION5","Task":1,"EventLevel":4,"EventLevelName":"Information","EventData":"{\"RuleName\":\"-\",\"UtcTime\":\"2022-05-13T08:54:08.7210000Z\",\"ProcessGuid\":\"{f3329a35-1cb0-627e-f916-000000000600}\",\"ProcessId\":\"2084\",\"Image\":\"C:\\\\Windows\\\\System32\\\\WindowsPowerShell\\\\v1.0\\\\powershell.exe\",\"User\":\"NT AUTHORITY\\\\LOCAL SERVICE\",\"ImageLoaded\":\"C:\\\\Windows\\\\assembly\\\\NativeImages_v4.0.30319_64\\\\Microsoft.Pb378ec07#\\\\b0bc3eec1b379fda5ff5ab0ca6463596\\\\Microsoft.PowerShell.ConsoleHost.ni.dll\",\"FileVersion\":\"10.0.19041.1\",\"Description\":\"Microsoft.PowerShell.ConsoleHost\",\"Product\":\"Microsoft (R) Windows (R) Operating System\",\"Company\":\"Microsoft Corporation\",\"OriginalFileName\":\"Microsoft.PowerShell.ConsoleHost.dll\",\"Hashes\":\"SHA1=28AC690DC0B8F9DC26581F4E8D95D49261A57F96,MD5=DDA442CA4801173B4B9DBE0ED8E59A61,SHA256=285F5901166593060DB14A433FD0EF4041586D5C1435FD874132C2ADA1060DA8,IMPHASH=00000000000000000000000000000000\",\"Signed\":\"false\",\"Signature\":\"-\",\"SignatureStatus\":\"Unavailable\"}","EventID":7,"EventOriginId":"29acc230-2f13-49db-9ef2-c9b20229a10c","ManagementGroupName":"AOI-redacted","Type":"WindowsEvent","_ResourceId":"/subscriptions/redacted/resourcegroups/redacted/providers/microsoft.compute/virtualmachines/workstation5"}
{"TenantId":"redacted","SourceSystem":"OpsManager","TimeGenerated":"2022-05-13T08:54:08.727Z","Provider":"Microsoft-Windows-Sysmon","Channel":"Microsoft-Windows-Sysmon/Operational","Computer":"WORKSTATION5","Task":1,"EventLevel":4,"EventLevelName":"Information","EventData":"{\"RuleName\":\"-\",\"UtcTime\":\"2022-05-13T08:54:08.7260000Z\",\"ProcessGuid\":\"{f3329a35-1cb0-627e-f916-000000000600}\",\"ProcessId\":\"2084\",\"Image\":\"C:\\\\Windows\\\\System32\\\\WindowsPowerShell\\\\v1.0\\\\powershell.exe\",\"User\":\"NT AUTHORITY\\\\LOCAL SERVICE\",\"ImageLoaded\":\"C:\\\\Windows\\\\System32\\\\rsaenh.dll\",\"FileVersion\":\"10.0.19041.1052 (WinBuild.160101.0800)\",\"Description\":\"Microsoft Enhanced Cryptographic Provider\",\"Product\":\"Microsoft® Windows® Operating System\",\"Company\":\"Microsoft Corporation\",\"OriginalFileName\":\"rsaenh.dll\",\"Hashes\":\"SHA1=822C4FADBE633D524C6921CDF48848227FB60AB5,MD5=745A6645F03EFE4B893575565301E677,SHA256=C9FD8377D6C328B2F01C687DAC95E9005C8BB0A4AA230B12DAA7C3CD3367F19A,IMPHASH=A4C20B1A7B632846186AD47A0810709E\",\"Signed\":\"true\",\"Signature\":\"Microsoft Windows\",\"SignatureStatus\":\"Valid\"}","EventID":7,"EventOriginId":"29acc230-2f13-49db-9ef2-c9b20229a10c","ManagementGroupName":"AOI-redacted","Type":"WindowsEvent","_ResourceId":"/subscriptions/redacted/resourcegroups/redacted/providers/microsoft.compute/virtualmachines/workstation5"}
{"TenantId":"redacted","SourceSystem":"OpsManager","TimeGenerated":"2022-05-13T08:54:08.73Z","Provider":"Microsoft-Windows-Sysmon","Channel":"Microsoft-Windows-Sysmon/Operational","Computer":"WORKSTATION5","Task":1,"EventLevel":4,"EventLevelName":"Information","EventData":"{\"RuleName\":\"-\",\"UtcTime\":\"2022-05-13T08:54:08.6860000Z\",\"ProcessGuid\":\"{f3329a35-1cb0-627e-f916-000000000600}\",\"ProcessId\":\"2084\",\"Image\":\"C:\\\\Windows\\\\System32\\\\WindowsPowerShell\\\\v1.0\\\\powershell.exe\",\"User\":\"NT AUTHORITY\\\\LOCAL SERVICE\",\"ImageLoaded\":\"C:\\\\Windows\\\\System32\\\\version.dll\",\"FileVersion\":\"10.0.19041.546 (WinBuild.160101.0800)\",\"Description\":\"Version Checking and File Installation Libraries\",\"Product\":\"Microsoft® Windows® Operating System\",\"Company\":\"Microsoft Corporation\",\"OriginalFileName\":\"VERSION.DLL\",\"Hashes\":\"SHA1=8ED26469AFBD53DA7749EF9C6AB8C7F010E9BB1E,MD5=17C1E1099B65051BB6DEC71FEA37315B,SHA256=E549D528FEE40208DF2DD911C2D96B29D02DF7BEF9B30C93285F4A2F3E1AD5B0,IMPHASH=34340C2C4E9AA6EF6AD12BB695FC695B\",\"Signed\":\"true\",\"Signature\":\"Microsoft Windows\",\"SignatureStatus\":\"Valid\"}","EventID":7,"EventOriginId":"29acc230-2f13-49db-9ef2-c9b20229a10c","ManagementGroupName":"AOI-redacted","Type":"WindowsEvent","_ResourceId":"/subscriptions/redacted/resourcegroups/redacted/providers/microsoft.compute/virtualmachines/workstation5"}
{"TenantId":"redacted","SourceSystem":"OpsManager","TimeGenerated":"2022-05-13T08:54:08.743Z","Provider":"Microsoft-Windows-Sysmon","Channel":"Microsoft-Windows-Sysmon/Operational","Computer":"WORKSTATION5","Task":1,"EventLevel":4,"EventLevelName":"Information","EventData":"{\"RuleName\":\"-\",\"UtcTime\":\"2022-05-13T08:54:08.7210000Z\",\"ProcessGuid\":\"{f3329a35-1cb0-627e-f916-000000000600}\",\"ProcessId\":\"2084\",\"Image\":\"C:\\\\Windows\\\\System32\\\\WindowsPowerShell\\\\v1.0\\\\powershell.exe\",\"User\":\"NT AUTHORITY\\\\LOCAL SERVICE\",\"ImageLoaded\":\"C:\\\\Windows\\\\System32\\\\cryptsp.dll\",\"FileVersion\":\"10.0.19041.546 (WinBuild.160101.0800)\",\"Description\":\"Cryptographic Service Provider API\",\"Product\":\"Microsoft® Windows® Operating System\",\"Company\":\"Microsoft Corporation\",\"OriginalFileName\":\"cryptsp.dll\",\"Hashes\":\"SHA1=03AAA61CFDD8C9830383DEE534FC984EF0B815F7,MD5=A26D9BD5FE9F31F2D47F81EF95876749,SHA256=82027B8C6CE412F9C9731AF5E904291DAE944C3845EBFEF2AF86C8543C8AD5A7,IMPHASH=A9B9D04D0B53DC48ABB37BE77AD01B55\",\"Signed\":\"true\",\"Signature\":\"Microsoft Windows\",\"SignatureStatus\":\"Valid\"}","EventID":7,"EventOriginId":"29acc230-2f13-49db-9ef2-c9b20229a10c","ManagementGroupName":"AOI-redacted","Type":"WindowsEvent","_ResourceId":"/subscriptions/redacted/resourcegroups/redacted/providers/microsoft.compute/virtualmachines/workstation5"}
{"TenantId":"redacted","SourceSystem":"OpsManager","TimeGenerated":"2022-05-13T08:54:08.743Z","Provider":"Microsoft-Windows-Sysmon","Channel":"Microsoft-Windows-Sysmon/Operational","Computer":"WORKSTATION5","Task":1,"EventLevel":4,"EventLevelName":"Information","EventData":"{\"RuleName\":\"-\",\"UtcTime\":\"2022-05-13T08:54:08.7410000Z\",\"ProcessGuid\":\"{f3329a35-1cb0-627e-f916-000000000600}\",\"ProcessId\":\"2084\",\"Image\":\"C:\\\\Windows\\\\System32\\\\WindowsPowerShell\\\\v1.0\\\\powershell.exe\",\"User\":\"NT AUTHORITY\\\\LOCAL SERVICE\",\"ImageLoaded\":\"C:\\\\Windows\\\\assembly\\\\NativeImages_v4.0.30319_64\\\\System.Manaa57fc8cc#\\\\7242d51cdca2ff9f6522a0c081fa3c4a\\\\System.Management.Automation.ni.dll\",\"FileVersion\":\"10.0.19041.1320\",\"Description\":\"System.Management.Automation\",\"Product\":\"Microsoft (R) Windows (R) Operating System\",\"Company\":\"Microsoft Corporation\",\"OriginalFileName\":\"System.Management.Automation.dll\",\"Hashes\":\"SHA1=ABACDBF5FA9C1AA93702D0F541C8A274AC7A622F,MD5=A306E9C09B1230F99B8F458A4458547F,SHA256=51D568D24A3BF7A9629838FA45E4848807FBE2DB41269239D082367EA3914BA6,IMPHASH=00000000000000000000000000000000\",\"Signed\":\"false\",\"Signature\":\"-\",\"SignatureStatus\":\"Unavailable\"}","EventID":7,"EventOriginId":"29acc230-2f13-49db-9ef2-c9b20229a10c","ManagementGroupName":"AOI-redacted","Type":"WindowsEvent","_ResourceId":"/subscriptions/redacted/resourcegroups/redacted/providers/microsoft.compute/virtualmachines/workstation5"}
{"TenantId":"redacted","SourceSystem":"OpsManager","TimeGenerated":"2022-05-13T08:54:08.747Z","Provider":"Microsoft-Windows-Sysmon","Channel":"Microsoft-Windows-Sysmon/Operational","Computer":"WORKSTATION5","Task":1,"EventLevel":4,"EventLevelName":"Information","EventData":"{\"RuleName\":\"-\",\"UtcTime\":\"2022-05-13T08:54:08.7470000Z\",\"ProcessGuid\":\"{f3329a35-1cb0-627e-f916-000000000600}\",\"ProcessId\":\"2084\",\"Image\":\"C:\\\\Windows\\\\System32\\\\WindowsPowerShell\\\\v1.0\\\\powershell.exe\",\"User\":\"NT AUTHORITY\\\\LOCAL SERVICE\",\"ImageLoaded\":\"C:\\\\Windows\\\\System32\\\\clbcatq.dll\",\"FileVersion\":\"2001.12.10941.16384 (WinBuild.160101.0800)\",\"Description\":\"COM+ Configuration Catalog\",\"Product\":\"Microsoft® Windows® Operating System\",\"Company\":\"Microsoft Corporation\",\"OriginalFileName\":\"CLBCATQ.DLL\",\"Hashes\":\"SHA1=037C463993BE1B0F0B8D58DE4B6AA201A4B89715,MD5=D77132D9A41654BD9CD887208D6C2516,SHA256=EC3D61CB2C5D1511051882F3C0E2B8B6F74B011CFB972112179090F2C3F3F5FC,IMPHASH=907276984697957DC78E2052B14696DF\",\"Signed\":\"true\",\"Signature\":\"Microsoft Windows\",\"SignatureStatus\":\"Valid\"}","EventID":7,"EventOriginId":"29acc230-2f13-49db-9ef2-c9b20229a10c","ManagementGroupName":"AOI-redacted","Type":"WindowsEvent","_ResourceId":"/subscriptions/redacted/resourcegroups/redacted/providers/microsoft.compute/virtualmachines/workstation5"}
{"TenantId":"redacted","SourceSystem":"OpsManager","TimeGenerated":"2022-05-13T08:54:08.75Z","Provider":"Microsoft-Windows-Sysmon","Channel":"Microsoft-Windows-Sysmon/Operational","Computer":"WORKSTATION5","Task":1,"EventLevel":4,"EventLevelName":"Information","EventData":"{\"RuleName\":\"-\",\"UtcTime\":\"2022-05-13T08:54:08.7470000Z\",\"SourceProcessGUID\":\"{f3329a35-9471-627d-0d00-000000000600}\",\"SourceProcessId\":\"892\",\"SourceThreadId\":\"11168\",\"SourceImage\":\"C:\\\\Windows\\\\system32\\\\svchost.exe\",\"TargetProcessGUID\":\"{f3329a35-1cb0-627e-f916-000000000600}\",\"TargetProcessId\":\"2084\",\"TargetImage\":\"C:\\\\Windows\\\\System32\\\\WindowsPowerShell\\\\v1.0\\\\powershell.exe\",\"GrantedAccess\":\"0x1000\",\"CallTrace\":\"C:\\\\Windows\\\\SYSTEM32\\\\ntdll.dll+9d234|C:\\\\Windows\\\\System32\\\\KERNELBASE.dll+2c0ce|c:\\\\windows\\\\system32\\\\rpcss.dll+473e3|c:\\\\windows\\\\system32\\\\rpcss.dll+473a3|C:\\\\Windows\\\\System32\\\\RPCRT4.dll+78e33|C:\\\\Windows\\\\System32\\\\RPCRT4.dll+1c468|C:\\\\Windows\\\\System32\\\\RPCRT4.dll+5ec3a|C:\\\\Windows\\\\System32\\\\RPCRT4.dll+57838|C:\\\\Windows\\\\System32\\\\RPCRT4.dll+39e06|C:\\\\Windows\\\\System32\\\\RPCRT4.dll+39758|C:\\\\Windows\\\\System32\\\\RPCRT4.dll+47f6f|C:\\\\Windows\\\\System32\\\\RPCRT4.dll+47378|C:\\\\Windows\\\\System32\\\\RPCRT4.dll+46961|C:\\\\Windows\\\\System32\\\\RPCRT4.dll+463ce|C:\\\\Windows\\\\System32\\\\RPCRT4.dll+4a9d2|C:\\\\Windows\\\\SYSTEM32\\\\ntdll.dll+20330|C:\\\\Windows\\\\SYSTEM32\\\\ntdll.dll+52f26|C:\\\\Windows\\\\System32\\\\KERNEL32.DLL+17034|C:\\\\Windows\\\\SYSTEM32\\\\ntdll.dll+52651\",\"SourceUser\":\"NT AUTHORITY\\\\SYSTEM\",\"TargetUser\":\"NT AUTHORITY\\\\LOCAL SERVICE\"}","EventID":10,"EventOriginId":"29acc230-2f13-49db-9ef2-c9b20229a10c","ManagementGroupName":"AOI-redacted","Type":"WindowsEvent","_ResourceId":"/subscriptions/redacted/resourcegroups/redacted/providers/microsoft.compute/virtualmachines/workstation5"}
{"TenantId":"redacted","SourceSystem":"OpsManager","TimeGenerated":"2022-05-13T08:54:08.75Z","Provider":"Microsoft-Windows-Sysmon","Channel":"Microsoft-Windows-Sysmon/Operational","Computer":"WORKSTATION5","Task":1,"EventLevel":4,"EventLevelName":"Information","EventData":"{\"RuleName\":\"-\",\"UtcTime\":\"2022-05-13T08:54:08.7470000Z\",\"SourceProcessGUID\":\"{f3329a35-9472-627d-1000-000000000600}\",\"SourceProcessId\":\"1008\",\"SourceThreadId\":\"3392\",\"SourceImage\":\"C:\\\\Windows\\\\system32\\\\svchost.exe\",\"TargetProcessGUID\":\"{f3329a35-1cb0-627e-f916-000000000600}\",\"TargetProcessId\":\"2084\",\"TargetImage\":\"C:\\\\Windows\\\\System32\\\\WindowsPowerShell\\\\v1.0\\\\powershell.exe\",\"GrantedAccess\":\"0x100000\",\"CallTrace\":\"C:\\\\Windows\\\\SYSTEM32\\\\ntdll.dll+9de44|C:\\\\Windows\\\\System32\\\\RPCRT4.dll+3b8a4|c:\\\\windows\\\\system32\\\\rpcss.dll+15d19|c:\\\\windows\\\\system32\\\\rpcss.dll+145a7|C:\\\\Windows\\\\System32\\\\RPCRT4.dll+78e33|C:\\\\Windows\\\\System32\\\\RPCRT4.dll+1c468|C:\\\\Windows\\\\System32\\\\RPCRT4.dll+5ec3a|C:\\\\Windows\\\\System32\\\\RPCRT4.dll+57838|C:\\\\Windows\\\\System32\\\\RPCRT4.dll+39e06|C:\\\\Windows\\\\System32\\\\RPCRT4.dll+39758|C:\\\\Windows\\\\System32\\\\RPCRT4.dll+47f6f|C:\\\\Windows\\\\System32\\\\RPCRT4.dll+47378|C:\\\\Windows\\\\System32\\\\RPCRT4.dll+46961|C:\\\\Windows\\\\System32\\\\RPCRT4.dll+463ce|C:\\\\Windows\\\\System32\\\\RPCRT4.dll+4a9d2|C:\\\\Windows\\\\SYSTEM32\\\\ntdll.dll+20330|C:\\\\Windows\\\\SYSTEM32\\\\ntdll.dll+52f26|C:\\\\Windows\\\\System32\\\\KERNEL32.DLL+17034|C:\\\\Windows\\\\SYSTEM32\\\\ntdll.dll+52651\",\"SourceUser\":\"NT AUTHORITY\\\\NETWORK SERVICE\",\"TargetUser\":\"NT AUTHORITY\\\\LOCAL SERVICE\"}","EventID":10,"EventOriginId":"29acc230-2f13-49db-9ef2-c9b20229a10c","ManagementGroupName":"AOI-redacted","Type":"WindowsEvent","_ResourceId":"/subscriptions/redacted/resourcegroups/redacted/providers/microsoft.compute/virtualmachines/workstation5"}
{"TenantId":"redacted","SourceSystem":"OpsManager","TimeGenerated":"2022-05-13T08:54:08.753Z","Provider":"Microsoft-Windows-Sysmon","Channel":"Microsoft-Windows-Sysmon/Operational","Computer":"WORKSTATION5","Task":1,"EventLevel":4,"EventLevelName":"Information","EventData":"{\"RuleName\":\"-\",\"UtcTime\":\"2022-05-13T08:54:08.7310000Z\",\"ProcessGuid\":\"{f3329a35-1cb0-627e-f916-000000000600}\",\"ProcessId\":\"2084\",\"Image\":\"C:\\\\Windows\\\\System32\\\\WindowsPowerShell\\\\v1.0\\\\powershell.exe\",\"User\":\"NT AUTHORITY\\\\LOCAL SERVICE\",\"ImageLoaded\":\"C:\\\\Windows\\\\System32\\\\bcrypt.dll\",\"FileVersion\":\"10.0.19041.1023 (WinBuild.160101.0800)\",\"Description\":\"Windows Cryptographic Primitives Library\",\"Product\":\"Microsoft® Windows® Operating System\",\"Company\":\"Microsoft Corporation\",\"OriginalFileName\":\"bcrypt.dll\",\"Hashes\":\"SHA1=FB5DE507FC8CC3622D225CB3F5E551C98DC10B51,MD5=A4BE5153C4441FFEDA74AA99D4B2E830,SHA256=0F14BB6286686143D6192376C2F965D7E71A0C3FAE73773DA56A7FCD5E355F4D,IMPHASH=F8A5CF8F7AF31A59E7541332D16C6ABA\",\"Signed\":\"true\",\"Signature\":\"Microsoft Windows\",\"SignatureStatus\":\"Valid\"}","EventID":7,"EventOriginId":"29acc230-2f13-49db-9ef2-c9b20229a10c","ManagementGroupName":"AOI-redacted","Type":"WindowsEvent","_ResourceId":"/subscriptions/redacted/resourcegroups/redacted/providers/microsoft.compute/virtualmachines/workstation5"}
{"TenantId":"redacted","SourceSystem":"OpsManager","TimeGenerated":"2022-05-13T08:54:08.76Z","Provider":"Microsoft-Windows-Sysmon","Channel":"Microsoft-Windows-Sysmon/Operational","Computer":"WORKSTATION5","Task":1,"EventLevel":4,"EventLevelName":"Information","EventData":"{\"RuleName\":\"-\",\"UtcTime\":\"2022-05-13T08:54:08.7360000Z\",\"ProcessGuid\":\"{f3329a35-1cb0-627e-f916-000000000600}\",\"ProcessId\":\"2084\",\"Image\":\"C:\\\\Windows\\\\System32\\\\WindowsPowerShell\\\\v1.0\\\\powershell.exe\",\"User\":\"NT AUTHORITY\\\\LOCAL SERVICE\",\"ImageLoaded\":\"C:\\\\Windows\\\\System32\\\\cryptbase.dll\",\"FileVersion\":\"10.0.19041.546 (WinBuild.160101.0800)\",\"Description\":\"Base cryptographic API DLL\",\"Product\":\"Microsoft® Windows® Operating System\",\"Company\":\"Microsoft Corporation\",\"OriginalFileName\":\"cryptbase.dll\",\"Hashes\":\"SHA1=9356BB02FC42E850639F001A104717233B441DDF,MD5=095B8F1C0F8EE3CAA09FCCA6CB92F6C0,SHA256=B50D007EE8764F7CADA9D9A395DA396201C8B18E6501B50AB809914A7588BAF1,IMPHASH=947563122A564336B8FE403CBB94531C\",\"Signed\":\"true\",\"Signature\":\"Microsoft Windows\",\"SignatureStatus\":\"Valid\"}","EventID":7,"EventOriginId":"29acc230-2f13-49db-9ef2-c9b20229a10c","ManagementGroupName":"AOI-redacted","Type":"WindowsEvent","_ResourceId":"/subscriptions/redacted/resourcegroups/redacted/providers/microsoft.compute/virtualmachines/workstation5"}
{"TenantId":"redacted","SourceSystem":"OpsManager","TimeGenerated":"2022-05-13T08:54:08.76Z","Provider":"Microsoft-Windows-Sysmon","Channel":"Microsoft-Windows-Sysmon/Operational","Computer":"WORKSTATION5","Task":1,"EventLevel":4,"EventLevelName":"Information","EventData":"{\"RuleName\":\"-\",\"UtcTime\":\"2022-05-13T08:54:08.7560000Z\",\"ProcessGuid\":\"{f3329a35-1cb0-627e-f916-000000000600}\",\"ProcessId\":\"2084\",\"Image\":\"C:\\\\Windows\\\\System32\\\\WindowsPowerShell\\\\v1.0\\\\powershell.exe\",\"User\":\"NT AUTHORITY\\\\LOCAL SERVICE\",\"ImageLoaded\":\"C:\\\\Windows\\\\System32\\\\psapi.dll\",\"FileVersion\":\"10.0.19041.546 (WinBuild.160101.0800)\",\"Description\":\"Process Status Helper\",\"Product\":\"Microsoft® Windows® Operating System\",\"Company\":\"Microsoft Corporation\",\"OriginalFileName\":\"PSAPI\",\"Hashes\":\"SHA1=A9852987463FDD9B05614A10A33D30B1B91F04A6,MD5=729A761566B60A8621A1D171BACCF41C,SHA256=4BF259EE8BC11A51FB6FFC7C5D77B8FAB9D092D6892789B92D145083607FB314,IMPHASH=A19426362F5443C7159B76FBEAFD171F\",\"Signed\":\"true\",\"Signature\":\"Microsoft Windows\",\"SignatureStatus\":\"Valid\"}","EventID":7,"EventOriginId":"29acc230-2f13-49db-9ef2-c9b20229a10c","ManagementGroupName":"AOI-redacted","Type":"WindowsEvent","_ResourceId":"/subscriptions/redacted/resourcegroups/redacted/providers/microsoft.compute/virtualmachines/workstation5"}
{"TenantId":"redacted","SourceSystem":"OpsManager","TimeGenerated":"2022-05-13T08:54:08.767Z","Provider":"Microsoft-Windows-Sysmon","Channel":"Microsoft-Windows-Sysmon/Operational","Computer":"WORKSTATION5","Task":1,"EventLevel":4,"EventLevelName":"Information","EventData":"{\"RuleName\":\"-\",\"UtcTime\":\"2022-05-13T08:54:08.7610000Z\",\"ProcessGuid\":\"{f3329a35-1cb0-627e-f916-000000000600}\",\"ProcessId\":\"2084\",\"Image\":\"C:\\\\Windows\\\\System32\\\\WindowsPowerShell\\\\v1.0\\\\powershell.exe\",\"User\":\"NT AUTHORITY\\\\LOCAL SERVICE\",\"ImageLoaded\":\"C:\\\\Windows\\\\System32\\\\shell32.dll\",\"FileVersion\":\"10.0.19041.1387 (WinBuild.160101.0800)\",\"Description\":\"Windows Shell Common Dll\",\"Product\":\"Microsoft® Windows® Operating System\",\"Company\":\"Microsoft Corporation\",\"OriginalFileName\":\"SHELL32.DLL\",\"Hashes\":\"SHA1=E4FBC8896D969A0A6140B59BC4E708EE10E71632,MD5=4BDADD8FCD612ECD6B18CE75B673E204,SHA256=BE3ABFC607F353CE2ABFB39EDD1953D546478EFA2BB98D613F75555407A12DA1,IMPHASH=D3E68F8B7D5F70BDA2CFBEC7124BE33B\",\"Signed\":\"true\",\"Signature\":\"Microsoft Windows\",\"SignatureStatus\":\"Valid\"}","EventID":7,"EventOriginId":"29acc230-2f13-49db-9ef2-c9b20229a10c","ManagementGroupName":"AOI-redacted","Type":"WindowsEvent","_ResourceId":"/subscriptions/redacted/resourcegroups/redacted/providers/microsoft.compute/virtualmachines/workstation5"}
{"TenantId":"redacted","SourceSystem":"OpsManager","TimeGenerated":"2022-05-13T08:54:08.887Z","Provider":"Microsoft-Windows-Sysmon","Channel":"Microsoft-Windows-Sysmon/Operational","Computer":"WORKSTATION5","Task":1,"EventLevel":4,"EventLevelName":"Information","EventData":"{\"RuleName\":\"-\",\"UtcTime\":\"2022-05-13T08:54:08.8810000Z\",\"ProcessGuid\":\"{f3329a35-1cb0-627e-f916-000000000600}\",\"ProcessId\":\"2084\",\"Image\":\"C:\\\\Windows\\\\System32\\\\WindowsPowerShell\\\\v1.0\\\\powershell.exe\",\"User\":\"NT AUTHORITY\\\\LOCAL SERVICE\",\"ImageLoaded\":\"C:\\\\Windows\\\\System32\\\\amsi.dll\",\"FileVersion\":\"10.0.19041.746 (WinBuild.160101.0800)\",\"Description\":\"Anti-Malware Scan Interface\",\"Product\":\"Microsoft® Windows® Operating System\",\"Company\":\"Microsoft Corporation\",\"OriginalFileName\":\"amsi.dll\",\"Hashes\":\"SHA1=C3C193E0BAAB96C5541942C73FA61861BF45ED0C,MD5=A21C6E6CD47787465E897EB40049237C,SHA256=585579924F0B8F9DF301DC0B56D6A90BE02CB285C096E908DDC00FA290C3BEAE,IMPHASH=76AF1F5B860469A564A7A8D3EC653481\",\"Signed\":\"true\",\"Signature\":\"Microsoft Windows\",\"SignatureStatus\":\"Valid\"}","EventID":7,"EventOriginId":"29acc230-2f13-49db-9ef2-c9b20229a10c","ManagementGroupName":"AOI-redacted","Type":"WindowsEvent","_ResourceId":"/subscriptions/redacted/resourcegroups/redacted/providers/microsoft.compute/virtualmachines/workstation5"}
{"TenantId":"redacted","SourceSystem":"OpsManager","TimeGenerated":"2022-05-13T08:54:08.887Z","Provider":"Microsoft-Windows-Sysmon","Channel":"Microsoft-Windows-Sysmon/Operational","Computer":"WORKSTATION5","Task":1,"EventLevel":4,"EventLevelName":"Information","EventData":"{\"RuleName\":\"-\",\"UtcTime\":\"2022-05-13T08:54:08.8810000Z\",\"ProcessGuid\":\"{f3329a35-1cb0-627e-f916-000000000600}\",\"ProcessId\":\"2084\",\"Image\":\"C:\\\\Windows\\\\System32\\\\WindowsPowerShell\\\\v1.0\\\\powershell.exe\",\"User\":\"NT AUTHORITY\\\\LOCAL SERVICE\",\"ImageLoaded\":\"C:\\\\Windows\\\\System32\\\\profapi.dll\",\"FileVersion\":\"10.0.19041.844 (WinBuild.160101.0800)\",\"Description\":\"User Profile Basic API\",\"Product\":\"Microsoft® Windows® Operating System\",\"Company\":\"Microsoft Corporation\",\"OriginalFileName\":\"PROFAPI.DLL\",\"Hashes\":\"SHA1=0094C51CE445D9986AD3A74959C47C7EC4E25504,MD5=4A7468FF74F0114626B2F7D1DD5D9FC7,SHA256=313CB7C9A69D5D84308A1C4B78C8FF257854071CAC7918BC31D1B893FEB95EC2,IMPHASH=585B32F34A521658D1DE71885BE248BE\",\"Signed\":\"true\",\"Signature\":\"Microsoft Windows\",\"SignatureStatus\":\"Valid\"}","EventID":7,"EventOriginId":"29acc230-2f13-49db-9ef2-c9b20229a10c","ManagementGroupName":"AOI-redacted","Type":"WindowsEvent","_ResourceId":"/subscriptions/redacted/resourcegroups/redacted/providers/microsoft.compute/virtualmachines/workstation5"}
{"TenantId":"redacted","SourceSystem":"OpsManager","TimeGenerated":"2022-05-13T08:54:08.887Z","Provider":"Microsoft-Windows-Sysmon","Channel":"Microsoft-Windows-Sysmon/Operational","Computer":"WORKSTATION5","Task":1,"EventLevel":4,"EventLevelName":"Information","EventData":"{\"RuleName\":\"-\",\"UtcTime\":\"2022-05-13T08:54:08.8860000Z\",\"ProcessGuid\":\"{f3329a35-1cb0-627e-f916-000000000600}\",\"ProcessId\":\"2084\",\"Image\":\"C:\\\\Windows\\\\System32\\\\WindowsPowerShell\\\\v1.0\\\\powershell.exe\",\"User\":\"NT AUTHORITY\\\\LOCAL SERVICE\",\"ImageLoaded\":\"C:\\\\ProgramData\\\\Microsoft\\\\Windows Defender\\\\Platform\\\\4.18.2203.5-0\\\\MpOAV.dll\",\"FileVersion\":\"4.18.2203.5 (WinBuild.160101.0800)\",\"Description\":\"IOfficeAntiVirus Module\",\"Product\":\"Microsoft® Windows® Operating System\",\"Company\":\"Microsoft Corporation\",\"OriginalFileName\":\"MpOAV.dll\",\"Hashes\":\"SHA1=1A55326F584A8FA9AA57EF0431DF78B4182EA321,MD5=A082D51D9D2FCA41BFD28972FD3748C4,SHA256=3C8255F567A8068AB079F25EED2483A04D9442F5DCD1F9B78FE9E478008A8E27,IMPHASH=28CB0CA66F8D6276CB54D6B5D3803BDF\",\"Signed\":\"true\",\"Signature\":\"Microsoft Windows\",\"SignatureStatus\":\"Valid\"}","EventID":7,"EventOriginId":"29acc230-2f13-49db-9ef2-c9b20229a10c","ManagementGroupName":"AOI-redacted","Type":"WindowsEvent","_ResourceId":"/subscriptions/redacted/resourcegroups/redacted/providers/microsoft.compute/virtualmachines/workstation5"}
{"TenantId":"redacted","SourceSystem":"OpsManager","TimeGenerated":"2022-05-13T08:54:08.89Z","Provider":"Microsoft-Windows-Sysmon","Channel":"Microsoft-Windows-Sysmon/Operational","Computer":"WORKSTATION5","Task":1,"EventLevel":4,"EventLevelName":"Information","EventData":"{\"RuleName\":\"-\",\"UtcTime\":\"2022-05-13T08:54:08.8860000Z\",\"ProcessGuid\":\"{f3329a35-1cb0-627e-f916-000000000600}\",\"ProcessId\":\"2084\",\"Image\":\"C:\\\\Windows\\\\System32\\\\WindowsPowerShell\\\\v1.0\\\\powershell.exe\",\"User\":\"NT AUTHORITY\\\\LOCAL SERVICE\",\"ImageLoaded\":\"C:\\\\Windows\\\\assembly\\\\NativeImages_v4.0.30319_64\\\\Microsoft.Mf49f6405#\\\\34e47185b9059425ee7a2fe0d61b0e9c\\\\Microsoft.Management.Infrastructure.ni.dll\",\"FileVersion\":\"10.0.19041.1\",\"Description\":\"cs\",\"Product\":\"Microsoft (R) Windows (R) Operating System\",\"Company\":\"Microsoft Corporation\",\"OriginalFileName\":\"Microsoft.Management.Infrastructure.dll\",\"Hashes\":\"SHA1=E308A427852ED6080A3C065990765BBC38E3081F,MD5=48CABF85313477A82528EFBA9277057A,SHA256=0DA2B21FEB37CB4539C0208E78A44460CC6DAB1F2E66FA4A85EBD8FD676C3525,IMPHASH=00000000000000000000000000000000\",\"Signed\":\"false\",\"Signature\":\"-\",\"SignatureStatus\":\"Unavailable\"}","EventID":7,"EventOriginId":"29acc230-2f13-49db-9ef2-c9b20229a10c","ManagementGroupName":"AOI-redacted","Type":"WindowsEvent","_ResourceId":"/subscriptions/redacted/resourcegroups/redacted/providers/microsoft.compute/virtualmachines/workstation5"}
{"TenantId":"redacted","SourceSystem":"OpsManager","TimeGenerated":"2022-05-13T08:54:08.917Z","Provider":"Microsoft-Windows-Sysmon","Channel":"Microsoft-Windows-Sysmon/Operational","Computer":"WORKSTATION5","Task":1,"EventLevel":4,"EventLevelName":"Information","EventData":"{\"RuleName\":\"-\",\"UtcTime\":\"2022-05-13T08:54:08.9060000Z\",\"ProcessGuid\":\"{f3329a35-1cb0-627e-f916-000000000600}\",\"ProcessId\":\"2084\",\"Image\":\"C:\\\\Windows\\\\System32\\\\WindowsPowerShell\\\\v1.0\\\\powershell.exe\",\"User\":\"NT AUTHORITY\\\\LOCAL SERVICE\",\"ImageLoaded\":\"C:\\\\Windows\\\\System32\\\\SHCore.dll\",\"FileVersion\":\"10.0.19041.1387 (WinBuild.160101.0800)\",\"Description\":\"SHCORE\",\"Product\":\"Microsoft® Windows® Operating System\",\"Company\":\"Microsoft Corporation\",\"OriginalFileName\":\"SHCORE.dll\",\"Hashes\":\"SHA1=74D2C7429799D38A8AC8528275050A6BC19BC150,MD5=92A58F317BCD8FE3891BDB9D1C0497D3,SHA256=84B1B10EBA9D78625A63F16AB6056B49672BC89BA6C5C3CFBF1066A674171EF6,IMPHASH=D9B433969ADEBDC1C4067380BB6D0D12\",\"Signed\":\"true\",\"Signature\":\"Microsoft Windows\",\"SignatureStatus\":\"Valid\"}","EventID":7,"EventOriginId":"29acc230-2f13-49db-9ef2-c9b20229a10c","ManagementGroupName":"AOI-redacted","Type":"WindowsEvent","_ResourceId":"/subscriptions/redacted/resourcegroups/redacted/providers/microsoft.compute/virtualmachines/workstation5"}
{"TenantId":"redacted","SourceSystem":"OpsManager","TimeGenerated":"2022-05-13T08:54:08.917Z","Provider":"Microsoft-Windows-Sysmon","Channel":"Microsoft-Windows-Sysmon/Operational","Computer":"WORKSTATION5","Task":1,"EventLevel":4,"EventLevelName":"Information","EventData":"{\"RuleName\":\"-\",\"UtcTime\":\"2022-05-13T08:54:08.9110000Z\",\"ProcessGuid\":\"{f3329a35-1cb0-627e-f916-000000000600}\",\"ProcessId\":\"2084\",\"Image\":\"C:\\\\Windows\\\\System32\\\\WindowsPowerShell\\\\v1.0\\\\powershell.exe\",\"User\":\"NT AUTHORITY\\\\LOCAL SERVICE\",\"TargetFilename\":\"C:\\\\Windows\\\\ServiceProfiles\\\\LocalService\\\\AppData\\\\Local\\\\Temp\\\\__PSScriptPolicyTest_5f34qx4d.0qx.ps1\",\"CreationUtcTime\":\"2022-05-13T08:54:08.9110000Z\"}","EventID":11,"EventOriginId":"29acc230-2f13-49db-9ef2-c9b20229a10c","ManagementGroupName":"AOI-redacted","Type":"WindowsEvent","_ResourceId":"/subscriptions/redacted/resourcegroups/redacted/providers/microsoft.compute/virtualmachines/workstation5"}
{"TenantId":"redacted","SourceSystem":"OpsManager","TimeGenerated":"2022-05-13T08:54:08.917Z","Provider":"Microsoft-Windows-Sysmon","Channel":"Microsoft-Windows-Sysmon/Operational","Computer":"WORKSTATION5","Task":1,"EventLevel":4,"EventLevelName":"Information","EventData":"{\"RuleName\":\"-\",\"UtcTime\":\"2022-05-13T08:54:08.9110000Z\",\"ProcessGuid\":\"{f3329a35-1cb0-627e-f916-000000000600}\",\"ProcessId\":\"2084\",\"Image\":\"C:\\\\Windows\\\\System32\\\\WindowsPowerShell\\\\v1.0\\\\powershell.exe\",\"User\":\"NT AUTHORITY\\\\LOCAL SERVICE\",\"TargetFilename\":\"C:\\\\Windows\\\\ServiceProfiles\\\\LocalService\\\\AppData\\\\Local\\\\Temp\\\\__PSScriptPolicyTest_i1jtgrrb.hiw.psm1\",\"CreationUtcTime\":\"2022-05-13T08:54:08.9110000Z\"}","EventID":11,"EventOriginId":"29acc230-2f13-49db-9ef2-c9b20229a10c","ManagementGroupName":"AOI-redacted","Type":"WindowsEvent","_ResourceId":"/subscriptions/redacted/resourcegroups/redacted/providers/microsoft.compute/virtualmachines/workstation5"}
{"TenantId":"redacted","SourceSystem":"OpsManager","TimeGenerated":"2022-05-13T08:54:08.923Z","Provider":"Microsoft-Windows-Sysmon","Channel":"Microsoft-Windows-Sysmon/Operational","Computer":"WORKSTATION5","Task":1,"EventLevel":4,"EventLevelName":"Information","EventData":"{\"RuleName\":\"-\",\"UtcTime\":\"2022-05-13T08:54:08.9210000Z\",\"ProcessGuid\":\"{f3329a35-1cb0-627e-f916-000000000600}\",\"ProcessId\":\"2084\",\"Image\":\"C:\\\\Windows\\\\System32\\\\WindowsPowerShell\\\\v1.0\\\\powershell.exe\",\"User\":\"NT AUTHORITY\\\\LOCAL SERVICE\",\"ImageLoaded\":\"C:\\\\Windows\\\\System32\\\\wintrust.dll\",\"FileVersion\":\"10.0.19041.1266 (WinBuild.160101.0800)\",\"Description\":\"Microsoft Trust Verification APIs\",\"Product\":\"Microsoft® Windows® Operating System\",\"Company\":\"Microsoft Corporation\",\"OriginalFileName\":\"WINTRUST.DLL\",\"Hashes\":\"SHA1=EE41FE9AAD7AF986C966EF4EB3FCB80C75CA7259,MD5=6C4825C4643834D6E4BB2EF697CAE2AB,SHA256=8367A56E75F623DEBF2064C6954D2B7215F6E6ED657332CE43C26270469D94A7,IMPHASH=535395085773D709DDD7A1DE7E97336E\",\"Signed\":\"true\",\"Signature\":\"Microsoft Windows\",\"SignatureStatus\":\"Valid\"}","EventID":7,"EventOriginId":"29acc230-2f13-49db-9ef2-c9b20229a10c","ManagementGroupName":"AOI-redacted","Type":"WindowsEvent","_ResourceId":"/subscriptions/redacted/resourcegroups/redacted/providers/microsoft.compute/virtualmachines/workstation5"}
{"TenantId":"redacted","SourceSystem":"OpsManager","TimeGenerated":"2022-05-13T08:54:08.923Z","Provider":"Microsoft-Windows-Sysmon","Channel":"Microsoft-Windows-Sysmon/Operational","Computer":"WORKSTATION5","Task":1,"EventLevel":4,"EventLevelName":"Information","EventData":"{\"RuleName\":\"-\",\"UtcTime\":\"2022-05-13T08:54:08.9210000Z\",\"ProcessGuid\":\"{f3329a35-1cb0-627e-f916-000000000600}\",\"ProcessId\":\"2084\",\"Image\":\"C:\\\\Windows\\\\System32\\\\WindowsPowerShell\\\\v1.0\\\\powershell.exe\",\"User\":\"NT AUTHORITY\\\\LOCAL SERVICE\",\"ImageLoaded\":\"C:\\\\Windows\\\\System32\\\\msasn1.dll\",\"FileVersion\":\"10.0.19041.546 (WinBuild.160101.0800)\",\"Description\":\"ASN.1 Runtime APIs\",\"Product\":\"Microsoft® Windows® Operating System\",\"Company\":\"Microsoft Corporation\",\"OriginalFileName\":\"msasn1.dll\",\"Hashes\":\"SHA1=67B5BE0F3BAF074FEA76182878C757A5DB1863DE,MD5=353B595137ED00ADFC8BBB180C3CE30C,SHA256=589F8393DEE90934AFD9E70739CAAC7CD8E85F6A9501635F0B9026E272B349FD,IMPHASH=F79599CA729D557E0381EC0A41471A27\",\"Signed\":\"true\",\"Signature\":\"Microsoft Windows\",\"SignatureStatus\":\"Valid\"}","EventID":7,"EventOriginId":"29acc230-2f13-49db-9ef2-c9b20229a10c","ManagementGroupName":"AOI-redacted","Type":"WindowsEvent","_ResourceId":"/subscriptions/redacted/resourcegroups/redacted/providers/microsoft.compute/virtualmachines/workstation5"}
{"TenantId":"redacted","SourceSystem":"OpsManager","TimeGenerated":"2022-05-13T08:54:08.927Z","Provider":"Microsoft-Windows-Sysmon","Channel":"Microsoft-Windows-Sysmon/Operational","Computer":"WORKSTATION5","Task":1,"EventLevel":4,"EventLevelName":"Information","EventData":"{\"RuleName\":\"-\",\"UtcTime\":\"2022-05-13T08:54:08.9210000Z\",\"ProcessGuid\":\"{f3329a35-1cb0-627e-f916-000000000600}\",\"ProcessId\":\"2084\",\"Image\":\"C:\\\\Windows\\\\System32\\\\WindowsPowerShell\\\\v1.0\\\\powershell.exe\",\"User\":\"NT AUTHORITY\\\\LOCAL SERVICE\",\"ImageLoaded\":\"C:\\\\Windows\\\\assembly\\\\NativeImages_v4.0.30319_64\\\\System.Management\\\\a41d839d183133b4603d59638025efa0\\\\System.Management.ni.dll\",\"FileVersion\":\"4.8.4084.0 built by: NET48REL1\",\"Description\":\".NET Framework\",\"Product\":\"Microsoft® .NET Framework\",\"Company\":\"Microsoft Corporation\",\"OriginalFileName\":\"System.Management.dll\",\"Hashes\":\"SHA1=583D35B6A7BDFF20105E1632CAD9AC4499B055C8,MD5=CDB8C528B3D35091DF9305F19EF9B3AE,SHA256=0390360F1E8F61DBC330072AB67BF18EEEA796AE1CAADE9C69A1DDD260952203,IMPHASH=00000000000000000000000000000000\",\"Signed\":\"false\",\"Signature\":\"-\",\"SignatureStatus\":\"Unavailable\"}","EventID":7,"EventOriginId":"29acc230-2f13-49db-9ef2-c9b20229a10c","ManagementGroupName":"AOI-redacted","Type":"WindowsEvent","_ResourceId":"/subscriptions/redacted/resourcegroups/redacted/providers/microsoft.compute/virtualmachines/workstation5"}
{"TenantId":"redacted","SourceSystem":"OpsManager","TimeGenerated":"2022-05-13T08:54:08.93Z","Provider":"Microsoft-Windows-Sysmon","Channel":"Microsoft-Windows-Sysmon/Operational","Computer":"WORKSTATION5","Task":1,"EventLevel":4,"EventLevelName":"Information","EventData":"{\"RuleName\":\"-\",\"UtcTime\":\"2022-05-13T08:54:08.9260000Z\",\"EventType\":\"CreateKey\",\"ProcessGuid\":\"{f3329a35-1cb0-627e-f916-000000000600}\",\"ProcessId\":\"2084\",\"Image\":\"C:\\\\Windows\\\\System32\\\\WindowsPowerShell\\\\v1.0\\\\powershell.exe\",\"TargetObject\":\"HKU\\\\S-1-5-19\\\\SOFTWARE\\\\Microsoft\\\\SystemCertificates\\\\CA\",\"User\":\"NT AUTHORITY\\\\LOCAL SERVICE\"}","EventID":12,"EventOriginId":"29acc230-2f13-49db-9ef2-c9b20229a10c","ManagementGroupName":"AOI-redacted","Type":"WindowsEvent","_ResourceId":"/subscriptions/redacted/resourcegroups/redacted/providers/microsoft.compute/virtualmachines/workstation5"}
{"TenantId":"redacted","SourceSystem":"OpsManager","TimeGenerated":"2022-05-13T08:54:08.93Z","Provider":"Microsoft-Windows-Sysmon","Channel":"Microsoft-Windows-Sysmon/Operational","Computer":"WORKSTATION5","Task":1,"EventLevel":4,"EventLevelName":"Information","EventData":"{\"RuleName\":\"-\",\"UtcTime\":\"2022-05-13T08:54:08.9260000Z\",\"EventType\":\"CreateKey\",\"ProcessGuid\":\"{f3329a35-1cb0-627e-f916-000000000600}\",\"ProcessId\":\"2084\",\"Image\":\"C:\\\\Windows\\\\System32\\\\WindowsPowerShell\\\\v1.0\\\\powershell.exe\",\"TargetObject\":\"HKU\\\\S-1-5-19\\\\SOFTWARE\\\\Microsoft\\\\SystemCertificates\\\\CA\",\"User\":\"NT AUTHORITY\\\\LOCAL SERVICE\"}","EventID":12,"EventOriginId":"29acc230-2f13-49db-9ef2-c9b20229a10c","ManagementGroupName":"AOI-redacted","Type":"WindowsEvent","_ResourceId":"/subscriptions/redacted/resourcegroups/redacted/providers/microsoft.compute/virtualmachines/workstation5"}
{"TenantId":"redacted","SourceSystem":"OpsManager","TimeGenerated":"2022-05-13T08:54:08.93Z","Provider":"Microsoft-Windows-Sysmon","Channel":"Microsoft-Windows-Sysmon/Operational","Computer":"WORKSTATION5","Task":1,"EventLevel":4,"EventLevelName":"Information","EventData":"{\"RuleName\":\"-\",\"UtcTime\":\"2022-05-13T08:54:08.9260000Z\",\"EventType\":\"CreateKey\",\"ProcessGuid\":\"{f3329a35-1cb0-627e-f916-000000000600}\",\"ProcessId\":\"2084\",\"Image\":\"C:\\\\Windows\\\\System32\\\\WindowsPowerShell\\\\v1.0\\\\powershell.exe\",\"TargetObject\":\"HKU\\\\S-1-5-19\\\\SOFTWARE\\\\Microsoft\\\\SystemCertificates\\\\CA\\\\Certificates\",\"User\":\"NT AUTHORITY\\\\LOCAL SERVICE\"}","EventID":12,"EventOriginId":"29acc230-2f13-49db-9ef2-c9b20229a10c","ManagementGroupName":"AOI-redacted","Type":"WindowsEvent","_ResourceId":"/subscriptions/redacted/resourcegroups/redacted/providers/microsoft.compute/virtualmachines/workstation5"}
{"TenantId":"redacted","SourceSystem":"OpsManager","TimeGenerated":"2022-05-13T08:54:08.93Z","Provider":"Microsoft-Windows-Sysmon","Channel":"Microsoft-Windows-Sysmon/Operational","Computer":"WORKSTATION5","Task":1,"EventLevel":4,"EventLevelName":"Information","EventData":"{\"RuleName\":\"-\",\"UtcTime\":\"2022-05-13T08:54:08.9310000Z\",\"EventType\":\"CreateKey\",\"ProcessGuid\":\"{f3329a35-1cb0-627e-f916-000000000600}\",\"ProcessId\":\"2084\",\"Image\":\"C:\\\\Windows\\\\System32\\\\WindowsPowerShell\\\\v1.0\\\\powershell.exe\",\"TargetObject\":\"HKU\\\\S-1-5-19\\\\SOFTWARE\\\\Microsoft\\\\SystemCertificates\\\\CA\\\\CRLs\",\"User\":\"NT AUTHORITY\\\\LOCAL SERVICE\"}","EventID":12,"EventOriginId":"29acc230-2f13-49db-9ef2-c9b20229a10c","ManagementGroupName":"AOI-redacted","Type":"WindowsEvent","_ResourceId":"/subscriptions/redacted/resourcegroups/redacted/providers/microsoft.compute/virtualmachines/workstation5"}
