{"TenantId":"redacted","SourceSystem":"OpsManager","TimeGenerated":"2022-05-13T08:54:08.517Z","Provider":"Microsoft-Windows-Sysmon","Channel":"Microsoft-Windows-Sysmon/Operational","Computer":"WORKSTATION5","Task":1,"EventLevel":4,"EventLevelName":"Information","EventData":"{\"RuleName\":\"-\",\"UtcTime\":\"2022-05-13T08:54:08.5110000Z\",\"ProcessGuid\":\"{f3329a35-1cb0-627e-fa16-000000000600}\",\"ProcessId\":\"11780\",\"Image\":\"C:\\\\Windows\\\\System32\\\\conhost.exe\",\"User\":\"NT AUTHORITY\\\\LOCAL SERVICE\",\"ImageLoaded\":\"C:\\\\Windows\\\\System32\\\\conhost.exe\",\"FileVersion\":\"10.0.19041.1320 (WinBuild.160101.0800)\",\"Description\":\"Console Window Host\",\"Product\":\"Microsoft® Windows® Operating System\",\"Company\":\"Microsoft Corporation\",\"OriginalFileName\":\"CONHOST.EXE\",\"Hashes\":\"SHA1=BA93B6F897778B91DB9D179E14C352AF82210061,MD5=D837FA4DEE7D84C19FF6F71FC48A6625,SHA256=22117361C2C34CB18BEEE2CA9770B3AA6C8D032A0941991454DD222BEC6D9295,IMPHASH=5E04B84014354D11014564789EE9BDA7\",\"Signed\":\"true\",\"Signature\":\"Microsoft Windows\",\"SignatureStatus\":\"Valid\"}","EventID":7,"EventOriginId":"29acc230-2f13-49db-9ef2-c9b20229a10c","ManagementGroupName":"AOI-redacted","Type":"WindowsEvent","_ResourceId":"/subscriptions/redacted/resourcegroups/redacted/providers/microsoft.compute/virtualmachines/workstation5"}
{"TenantId":"redacted","SourceSystem":"OpsManager","TimeGenerated":"2022-05-13T08:54:08.517Z","Provider":"Microsoft-Windows-Sysmon","Channel":"Microsoft-Windows-Sysmon/Operational","Computer":"WORKSTATION5","Task":1,"EventLevel":4,"EventLevelName":"Information","EventData":"{\"RuleName\":\"-\",\"UtcTime\":\"2022-05-13T08:54:08.5160000Z\",\"ProcessGuid\":\"{f3329a35-1cb0-627e-fa16-000000000600}\",\"ProcessId\":\"11780\",\"Image\":\"C:\\\\Windows\\\\System32\\\\conhost.exe\",\"User\":\"NT AUTHORITY\\\\LOCAL SERVICE\",\"ImageLoaded\":\"C:\\\\Windows\\\\System32\\\\ntdll.dll\",\"FileVersion\":\"10.0.19041.1288 (WinBuild.160101.0800)\",\"Description\":\"NT Layer DLL\",\"Product\":\"Microsoft® Windows® Operating System\",\"Company\":\"Microsoft Corporation\",\"OriginalFileName\":\"ntdll.dll\",\"Hashes\":\"SHA1=63E6167944DF951AD2D279D0B64E37BF2F604C07,MD5=47CCB0E28D73F695C5D5266FFBB300EC,SHA256=12D1BAC765448DB638ADC8327DE1101E5E2EB5829B8DA7EDD5B216A45C717EEC,IMPHASH=00000000000000000000000000000000\",\"Signed\":\"true\",\"Signature\":\"Microsoft Windows\",\"SignatureStatus\":\"Valid\"}","EventID":7,"EventOriginId":"29acc230-2f13-49db-9ef2-c9b20229a10c","ManagementGroupName":"AOI-redacted","Type":"WindowsEvent","_ResourceId":"/subscriptions/redacted/resourcegroups/redacted/providers/microsoft.compute/virtualmachines/workstation5"}
{"TenantId":"redacted","SourceSystem":"OpsManager","TimeGenerated":"2022-05-13T08:54:08.53Z","Provider":"Microsoft-Windows-Sysmon","Channel":"Microsoft-Windows-Sysmon/Operational","Computer":"WORKSTATION5","Task":1,"EventLevel":4,"EventLevelName":"Information","EventData":"{\"RuleName\":\"-\",\"UtcTime\":\"2022-05-13T08:54:08.5260000Z\",\"ProcessGuid\":\"{f3329a35-1cb0-627e-fa16-000000000600}\",\"ProcessId\":\"11780\",\"Image\":\"C:\\\\Windows\\\\System32\\\\conhost.exe\",\"User\":\"NT AUTHORITY\\\\LOCAL SERVICE\",\"ImageLoaded\":\"C:\\\\Windows\\\\System32\\\\kernel32.dll\",\"FileVersion\":\"10.0.19041.1348 (WinBuild.160101.0800)\",\"Description\":\"Windows NT BASE API Client DLL\",\"Product\":\"Microsoft® Windows® Operating System\",\"Company\":\"Microsoft Corporation\",\"OriginalFileName\":\"kernel32\",\"Hashes\":\"SHA1=25DC8EBBAFBE5503DD1B863FADE063F93E350261,MD5=6CECC33A62E935F5E8665B9597479A36,SHA256=FFB8182763C23B8ABCEF35E85291422A1D6D165A0F4407BC68FFED0A58A2D03C,IMPHASH=D4DB3FB69E1EAF44E96269F1A467DCB9\",\"Signed\":\"true\",\"Signature\":\"Microsoft Windows\",\"SignatureStatus\":\"Valid\"}","EventID":7,"EventOriginId":"29acc230-2f13-49db-9ef2-c9b20229a10c","ManagementGroupName":"AOI-redacted","Type":"WindowsEvent","_ResourceId":"/subscriptions/redacted/resourcegroups/redacted/providers/microsoft.compute/virtualmachines/workstation5"}
{"TenantId":"redacted","SourceSystem":"OpsManager","TimeGenerated":"2022-05-13T08:54:08.53Z","Provider":"Microsoft-Windows-Sysmon","Channel":"Microsoft-Windows-Sysmon/Operational","Computer":"WORKSTATION5","Task":1,"EventLevel":4,"EventLevelName":"Information","EventData":"{\"RuleName\":\"-\",\"UtcTime\":\"2022-05-13T08:54:08.5260000Z\",\"ProcessGuid\":\"{f3329a35-1cb0-627e-fa16-000000000600}\",\"ProcessId\":\"11780\",\"Image\":\"C:\\\\Windows\\\\System32\\\\conhost.exe\",\"User\":\"NT AUTHORITY\\\\LOCAL SERVICE\",\"ImageLoaded\":\"C:\\\\Windows\\\\System32\\\\KernelBase.dll\",\"FileVersion\":\"10.0.19041.1387 (WinBuild.160101.0800)\",\"Description\":\"Windows NT BASE API Client DLL\",\"Product\":\"Microsoft® Windows® Operating System\",\"Company\":\"Microsoft Corporation\",\"OriginalFileName\":\"Kernelbase.dll\",\"Hashes\":\"SHA1=D680D512026558300F86909C2DC9AD47400A7C5C,MD5=245DD16913DF918752FCEBFED9415F7A,SHA256=9401B4E07CEC3474EFD8429C0DF3E3DE1C7FFF7C3E914E135FCDCE0962654F94,IMPHASH=A28B494D0C0C82F1EEF0999B1549C6A6\",\"Signed\":\"true\",\"Signature\":\"Microsoft Windows\",\"SignatureStatus\":\"Valid\"}","EventID":7,"EventOriginId":"29acc230-2f13-49db-9ef2-c9b20229a10c","ManagementGroupName":"AOI-redacted","Type":"WindowsEvent","_ResourceId":"/subscriptions/redacted/resourcegroups/redacted/providers/microsoft.compute/virtualmachines/workstation5"}
{"TenantId":"redacted","SourceSystem":"OpsManager","TimeGenerated":"2022-05-13T08:54:08.53Z","Provider":"Microsoft-Windows-Sysmon","Channel":"Microsoft-Windows-Sysmon/Operational","Computer":"WORKSTATION5","Task":1,"EventLevel":4,"EventLevelName":"Information","EventData":"{\"RuleName\":\"-\",\"UtcTime\":\"2022-05-13T08:54:08.5260000Z\",\"SourceProcessGUID\":\"{f3329a35-9471-627d-0600-000000000600}\",\"SourceProcessId\":\"560\",\"SourceThreadId\":\"576\",\"SourceImage\":\"C:\\\\Windows\\\\system32\\\\csrss.exe\",\"TargetProcessGUID\":\"{f3329a35-1cb0-627e-fa16-000000000600}\",\"TargetProcessId\":\"11780\",\"TargetImage\":\"C:\\\\Windows\\\\system32\\\\conhost.exe\",\"GrantedAccess\":\"0x1fffff\",\"CallTrace\":\"C:\\\\Windows\\\\SYSTEM32\\\\ntdll.dll+9de44|C:\\\\Windows\\\\SYSTEM32\\\\CSRSRV.dll+1451|C:\\\\Windows\\\\SYSTEM32\\\\CSRSRV.dll+69b7|C:\\\\Windows\\\\SYSTEM32\\\\ntdll.dll+5265f\",\"SourceUser\":\"NT AUTHORITY\\\\SYSTEM\",\"TargetUser\":\"NT AUTHORITY\\\\LOCAL SERVICE\"}","EventID":10,"EventOriginId":"29acc230-2f13-49db-9ef2-c9b20229a10c","ManagementGroupName":"AOI-redacted","Type":"WindowsEvent","_ResourceId":"/subscriptions/redacted/resourcegroups/redacted/providers/microsoft.compute/virtualmachines/workstation5"}
{"TenantId":"redacted","SourceSystem":"OpsManager","TimeGenerated":"2022-05-13T08:54:08.533Z","Provider":"Microsoft-Windows-Sysmon","Channel":"Microsoft-Windows-Sysmon/Operational","Computer":"WORKSTATION5","Task":1,"EventLevel":4,"EventLevelName":"Information","EventData":"{\"RuleName\":\"-\",\"UtcTime\":\"2022-05-13T08:54:08.5310000Z\",\"ProcessGuid\":\"{f3329a35-1cb0-627e-fa16-000000000600}\",\"ProcessId\":\"11780\",\"Image\":\"C:\\\\Windows\\\\System32\\\\conhost.exe\",\"User\":\"NT AUTHORITY\\\\LOCAL SERVICE\",\"ImageLoaded\":\"C:\\\\Windows\\\\System32\\\\msvcp_win.dll\",\"FileVersion\":\"10.0.19041.789 (WinBuild.160101.0800)\",\"Description\":\"Microsoft® C Runtime Library\",\"Product\":\"Microsoft® Windows® Operating System\",\"Company\":\"Microsoft Corporation\",\"OriginalFileName\":\"msvcp_win.dll\",\"Hashes\":\"SHA1=09C6A238C7B2936207F261562079A327AA9FF34E,MD5=34692D0BDE33641B576C32165FBAAF6D,SHA256=FD1D0CC8A5AC8BF20AF9E1A7EC360DD76DC022DFE992556948DF1C17F7A714D2,IMPHASH=6395B9FE9663F603C53213439199897E\",\"Signed\":\"true\",\"Signature\":\"Microsoft Windows\",\"SignatureStatus\":\"Valid\"}","EventID":7,"EventOriginId":"29acc230-2f13-49db-9ef2-c9b20229a10c","ManagementGroupName":"AOI-redacted","Type":"WindowsEvent","_ResourceId":"/subscriptions/redacted/resourcegroups/redacted/providers/microsoft.compute/virtualmachines/workstation5"}
{"TenantId":"redacted","SourceSystem":"OpsManager","TimeGenerated":"2022-05-13T08:54:08.533Z","Provider":"Microsoft-Windows-Sysmon","Channel":"Microsoft-Windows-Sysmon/Operational","Computer":"WORKSTATION5","Task":1,"EventLevel":4,"EventLevelName":"Information","EventData":"{\"RuleName\":\"-\",\"UtcTime\":\"2022-05-13T08:54:08.5310000Z\",\"ProcessGuid\":\"{f3329a35-1cb0-627e-fa16-000000000600}\",\"ProcessId\":\"11780\",\"Image\":\"C:\\\\Windows\\\\System32\\\\conhost.exe\",\"User\":\"NT AUTHORITY\\\\LOCAL SERVICE\",\"ImageLoaded\":\"C:\\\\Windows\\\\System32\\\\ucrtbase.dll\",\"FileVersion\":\"10.0.19041.789 (WinBuild.160101.0800)\",\"Description\":\"Microsoft® C Runtime Library\",\"Product\":\"Microsoft® Windows® Operating System\",\"Company\":\"Microsoft Corporation\",\"OriginalFileName\":\"ucrtbase.dll\",\"Hashes\":\"SHA1=E82945E3E63FFEF0974D6DD74F2AEF2BF6D0A908,MD5=2C8FE06966D5085A595FFA3C98FE3098,SHA256=DE8D08D01291DF93821314176381F3D1AE863E6C5584A7F8EA42F0B94B15EF65,IMPHASH=405CDE0FC80C30DCC3D783173DBD4143\",\"Signed\":\"true\",\"Signature\":\"Microsoft Windows\",\"SignatureStatus\":\"Valid\"}","EventID":7,"EventOriginId":"29acc230-2f13-49db-9ef2-c9b20229a10c","ManagementGroupName":"AOI-redacted","Type":"WindowsEvent","_ResourceId":"/subscriptions/redacted/resourcegroups/redacted/providers/microsoft.compute/virtualmachines/workstation5"}
{"TenantId":"redacted","SourceSystem":"OpsManager","TimeGenerated":"2022-05-13T08:54:08.537Z","Provider":"Microsoft-Windows-Sysmon","Channel":"Microsoft-Windows-Sysmon/Operational","Computer":"WORKSTATION5","Task":1,"EventLevel":4,"EventLevelName":"Information","EventData":"{\"RuleName\":\"-\",\"UtcTime\":\"2022-05-13T08:54:08.5310000Z\",\"ProcessGuid\":\"{f3329a35-1cb0-627e-fa16-000000000600}\",\"ProcessId\":\"11780\",\"Image\":\"C:\\\\Windows\\\\System32\\\\conhost.exe\",\"User\":\"NT AUTHORITY\\\\LOCAL SERVICE\",\"ImageLoaded\":\"C:\\\\Windows\\\\System32\\\\SHCore.dll\",\"FileVersion\":\"10.0.19041.1387 (WinBuild.160101.0800)\",\"Description\":\"SHCORE\",\"Product\":\"Microsoft® Windows® Operating System\",\"Company\":\"Microsoft Corporation\",\"OriginalFileName\":\"SHCORE.dll\",\"Hashes\":\"SHA1=74D2C7429799D38A8AC8528275050A6BC19BC150,MD5=92A58F317BCD8FE3891BDB9D1C0497D3,SHA256=84B1B10EBA9D78625A63F16AB6056B49672BC89BA6C5C3CFBF1066A674171EF6,IMPHASH=D9B433969ADEBDC1C4067380BB6D0D12\",\"Signed\":\"true\",\"Signature\":\"Microsoft Windows\",\"SignatureStatus\":\"Valid\"}","EventID":7,"EventOriginId":"29acc230-2f13-49db-9ef2-c9b20229a10c","ManagementGroupName":"AOI-redacted","Type":"WindowsEvent","_ResourceId":"/subscriptions/redacted/resourcegroups/redacted/providers/microsoft.compute/virtualmachines/workstation5"}
{"TenantId":"redacted","SourceSystem":"OpsManager","TimeGenerated":"2022-05-13T08:54:08.537Z","Provider":"Microsoft-Windows-Sysmon","Channel":"Microsoft-Windows-Sysmon/Operational","Computer":"WORKSTATION5","Task":1,"EventLevel":4,"EventLevelName":"Information","EventData":"{\"RuleName\":\"-\",\"UtcTime\":\"2022-05-13T08:54:08.5310000Z\",\"ProcessGuid\":\"{f3329a35-1cb0-627e-fa16-000000000600}\",\"ProcessId\":\"11780\",\"Image\":\"C:\\\\Windows\\\\System32\\\\conhost.exe\",\"User\":\"NT AUTHORITY\\\\LOCAL SERVICE\",\"ImageLoaded\":\"C:\\\\Windows\\\\System32\\\\msvcrt.dll\",\"FileVersion\":\"7.0.19041.546 (WinBuild.160101.0800)\",\"Description\":\"Windows NT CRT DLL\",\"Product\":\"Microsoft® Windows® Operating System\",\"Company\":\"Microsoft Corporation\",\"OriginalFileName\":\"msvcrt.dll\",\"Hashes\":\"SHA1=5AFF4CFDEE689F127DF3C555281DC629D4D62318,MD5=A4F2D5942FB447CD48A5CEE414983E85,SHA256=DD7C8BC34CDBE30EF921395E874909BBF6BE53803822164F75F7207E9F085650,IMPHASH=1273683626EBBA703979F188A1E64237\",\"Signed\":\"true\",\"Signature\":\"Microsoft Windows\",\"SignatureStatus\":\"Valid\"}","EventID":7,"EventOriginId":"29acc230-2f13-49db-9ef2-c9b20229a10c","ManagementGroupName":"AOI-redacted","Type":"WindowsEvent","_ResourceId":"/subscriptions/redacted/resourcegroups/redacted/providers/microsoft.compute/virtualmachines/workstation5"}
{"TenantId":"redacted","SourceSystem":"OpsManager","TimeGenerated":"2022-05-13T08:54:08.537Z","Provider":"Microsoft-Windows-Sysmon","Channel":"Microsoft-Windows-Sysmon/Operational","Computer":"WORKSTATION5","Task":1,"EventLevel":4,"EventLevelName":"Information","EventData":"{\"RuleName\":\"-\",\"UtcTime\":\"2022-05-13T08:54:08.5360000Z\",\"ProcessGuid\":\"{f3329a35-1cb0-627e-fa16-000000000600}\",\"ProcessId\":\"11780\",\"Image\":\"C:\\\\Windows\\\\System32\\\\conhost.exe\",\"User\":\"NT AUTHORITY\\\\LOCAL SERVICE\",\"ImageLoaded\":\"C:\\\\Windows\\\\System32\\\\combase.dll\",\"FileVersion\":\"10.0.19041.1348 (WinBuild.160101.0800)\",\"Description\":\"Microsoft COM for Windows\",\"Product\":\"Microsoft® Windows® Operating System\",\"Company\":\"Microsoft Corporation\",\"OriginalFileName\":\"COMBASE.DLL\",\"Hashes\":\"SHA1=236F2434690CD06104A1B10A3E8E1B5EE5B4149D,MD5=31F46DD8B1EA17C235600971FFAEAA4F,SHA256=1279EDEBE6AE859A5DB12B22AB0346E82E6FA95B7E640CD151F4DC6EE7A7B79E,IMPHASH=86D63FCC59A250884FAE714B325D53BF\",\"Signed\":\"true\",\"Signature\":\"Microsoft Windows\",\"SignatureStatus\":\"Valid\"}","EventID":7,"EventOriginId":"29acc230-2f13-49db-9ef2-c9b20229a10c","ManagementGroupName":"AOI-redacted","Type":"WindowsEvent","_ResourceId":"/subscriptions/redacted/resourcegroups/redacted/providers/microsoft.compute/virtualmachines/workstation5"}
{"TenantId":"redacted","SourceSystem":"OpsManager","TimeGenerated":"2022-05-13T08:54:08.54Z","Provider":"Microsoft-Windows-Sysmon","Channel":"Microsoft-Windows-Sysmon/Operational","Computer":"WORKSTATION5","Task":1,"EventLevel":4,"EventLevelName":"Information","EventData":"{\"RuleName\":\"-\",\"UtcTime\":\"2022-05-13T08:54:08.5360000Z\",\"ProcessGuid\":\"{f3329a35-1cb0-627e-fa16-000000000600}\",\"ProcessId\":\"11780\",\"Image\":\"C:\\\\Windows\\\\System32\\\\conhost.exe\",\"User\":\"NT AUTHORITY\\\\LOCAL SERVICE\",\"ImageLoaded\":\"C:\\\\Windows\\\\System32\\\\rpcrt4.dll\",\"FileVersion\":\"10.0.19041.1288 (WinBuild.160101.0800)\",\"Description\":\"Remote Procedure Call Runtime\",\"Product\":\"Microsoft® Windows® Operating System\",\"Company\":\"Microsoft Corporation\",\"OriginalFileName\":\"rpcrt4.dll\",\"Hashes\":\"SHA1=B35FDB8D452E39CDF4393C09530837EFF01D33C7,MD5=DC0B01C678D532758D2B1FAC1566F89B,SHA256=C84BBD6D2E4F0334D75D6199133515FCE3D44439062095F0DCFD1F8DF0F5183B,IMPHASH=B5747A3C3F4CC5FB5D074AD7CDFC7CF3\",\"Signed\":\"true\",\"Signature\":\"Microsoft Windows\",\"SignatureStatus\":\"Valid\"}","EventID":7,"EventOriginId":"29acc230-2f13-49db-9ef2-c9b20229a10c","ManagementGroupName":"AOI-redacted","Type":"WindowsEvent","_ResourceId":"/subscriptions/redacted/resourcegroups/redacted/providers/microsoft.compute/virtualmachines/workstation5"}
{"TenantId":"redacted","SourceSystem":"OpsManager","TimeGenerated":"2022-05-13T08:54:08.553Z","Provider":"Microsoft-Windows-Sysmon","Channel":"Microsoft-Windows-Sysmon/Operational","Computer":"WORKSTATION5","Task":1,"EventLevel":4,"EventLevelName":"Information","EventData":"{\"RuleName\":\"-\",\"UtcTime\":\"2022-05-13T08:54:08.5360000Z\",\"ProcessGuid\":\"{f3329a35-1cb0-627e-fa16-000000000600}\",\"ProcessId\":\"11780\",\"Image\":\"C:\\\\Windows\\\\System32\\\\conhost.exe\",\"User\":\"NT AUTHORITY\\\\LOCAL SERVICE\",\"ImageLoaded\":\"C:\\\\Windows\\\\System32\\\\advapi32.dll\",\"FileVersion\":\"10.0.19041.1052 (WinBuild.160101.0800)\",\"Description\":\"Advanced Windows 32 Base API\",\"Product\":\"Microsoft® Windows® Operating System\",\"Company\":\"Microsoft Corporation\",\"OriginalFileName\":\"advapi32.dll\",\"Hashes\":\"SHA1=6CC13F29C70B41326832B2145E134568E5D9A3A7,MD5=E70A1568A400E71A8E644652FCA4C925,SHA256=E92F9F71BA5A405C5D1A51BD03D6F830F004ACA05B80B5BCF525514ECA4480EF,IMPHASH=6AAF6F02EEA8BCA6277AB2AABDA3266D\",\"Signed\":\"true\",\"Signature\":\"Microsoft Windows\",\"SignatureStatus\":\"Valid\"}","EventID":7,"EventOriginId":"29acc230-2f13-49db-9ef2-c9b20229a10c","ManagementGroupName":"AOI-redacted","Type":"WindowsEvent","_ResourceId":"/subscriptions/redacted/resourcegroups/redacted/providers/microsoft.compute/virtualmachines/workstation5"}
{"TenantId":"redacted","SourceSystem":"OpsManager","TimeGenerated":"2022-05-13T08:54:08.557Z","Provider":"Microsoft-Windows-Sysmon","Channel":"Microsoft-Windows-Sysmon/Operational","Computer":"WORKSTATION5","Task":1,"EventLevel":4,"EventLevelName":"Information","EventData":"{\"RuleName\":\"-\",\"UtcTime\":\"2022-05-13T08:54:08.5510000Z\",\"ProcessGuid\":\"{f3329a35-1cb0-627e-fa16-000000000600}\",\"ProcessId\":\"11780\",\"Image\":\"C:\\\\Windows\\\\System32\\\\conhost.exe\",\"User\":\"NT AUTHORITY\\\\LOCAL SERVICE\",\"ImageLoaded\":\"C:\\\\Windows\\\\System32\\\\sechost.dll\",\"FileVersion\":\"10.0.19041.1415 (WinBuild.160101.0800)\",\"Description\":\"Host for SCM/SDDL/LSA Lookup APIs\",\"Product\":\"Microsoft® Windows® Operating System\",\"Company\":\"Microsoft Corporation\",\"OriginalFileName\":\"sechost.dll\",\"Hashes\":\"SHA1=4647DEDAEBC09D873BAC4D7BBEC4ACBCAFD8E2BE,MD5=E9E5EEF6EBA8F6D7D76BE4A9B23E6F23,SHA256=5E800F8C7DF2980B674A2CAA93506320B67FDDBA57E4776BBF812CE82628C598,IMPHASH=CE4BD072766253F6A267D0284CA82002\",\"Signed\":\"true\",\"Signature\":\"Microsoft Windows\",\"SignatureStatus\":\"Valid\"}","EventID":7,"EventOriginId":"29acc230-2f13-49db-9ef2-c9b20229a10c","ManagementGroupName":"AOI-redacted","Type":"WindowsEvent","_ResourceId":"/subscriptions/redacted/resourcegroups/redacted/providers/microsoft.compute/virtualmachines/workstation5"}
{"TenantId":"redacted","SourceSystem":"OpsManager","TimeGenerated":"2022-05-13T08:54:08.557Z","Provider":"Microsoft-Windows-Sysmon","Channel":"Microsoft-Windows-Sysmon/Operational","Computer":"WORKSTATION5","Task":1,"EventLevel":4,"EventLevelName":"Information","EventData":"{\"RuleName\":\"-\",\"UtcTime\":\"2022-05-13T08:54:08.5510000Z\",\"SourceProcessGUID\":\"{f3329a35-1cb0-627e-fa16-000000000600}\",\"SourceProcessId\":\"11780\",\"SourceThreadId\":\"3588\",\"SourceImage\":\"C:\\\\Windows\\\\system32\\\\conhost.exe\",\"TargetProcessGUID\":\"{f3329a35-1cb0-627e-f916-000000000600}\",\"TargetProcessId\":\"2084\",\"TargetImage\":\"C:\\\\Windows\\\\System32\\\\WindowsPowerShell\\\\v1.0\\\\powershell.exe\",\"GrantedAccess\":\"0x1fffff\",\"CallTrace\":\"C:\\\\Windows\\\\SYSTEM32\\\\ntdll.dll+9d234|C:\\\\Windows\\\\System32\\\\KERNELBASE.dll+2c0ce|C:\\\\Windows\\\\system32\\\\conhost.exe+b935|C:\\\\Windows\\\\system32\\\\conhost.exe+b831|C:\\\\Windows\\\\system32\\\\conhost.exe+16654|C:\\\\Windows\\\\system32\\\\conhost.exe+13cfc|C:\\\\Windows\\\\System32\\\\KERNEL32.DLL+17034|C:\\\\Windows\\\\SYSTEM32\\\\ntdll.dll+52651\",\"SourceUser\":\"NT AUTHORITY\\\\LOCAL SERVICE\",\"TargetUser\":\"NT AUTHORITY\\\\LOCAL SERVICE\"}","EventID":10,"EventOriginId":"29acc230-2f13-49db-9ef2-c9b20229a10c","ManagementGroupName":"AOI-redacted","Type":"WindowsEvent","_ResourceId":"/subscriptions/redacted/resourcegroups/redacted/providers/microsoft.compute/virtualmachines/workstation5"}
{"TenantId":"redacted","SourceSystem":"OpsManager","TimeGenerated":"2022-05-13T08:54:08.557Z","Provider":"Microsoft-Windows-Sysmon","Channel":"Microsoft-Windows-Sysmon/Operational","Computer":"WORKSTATION5","Task":1,"EventLevel":4,"EventLevelName":"Information","EventData":"{\"RuleName\":\"-\",\"UtcTime\":\"2022-05-13T08:54:08.5560000Z\",\"ProcessGuid\":\"{f3329a35-1cb0-627e-fa16-000000000600}\",\"ProcessId\":\"11780\",\"Image\":\"C:\\\\Windows\\\\System32\\\\conhost.exe\",\"User\":\"NT AUTHORITY\\\\LOCAL SERVICE\",\"ImageLoaded\":\"C:\\\\Windows\\\\System32\\\\user32.dll\",\"FileVersion\":\"10.0.19041.1202 (WinBuild.160101.0800)\",\"Description\":\"Multi-User Windows USER API Client DLL\",\"Product\":\"Microsoft® Windows® Operating System\",\"Company\":\"Microsoft Corporation\",\"OriginalFileName\":\"user32\",\"Hashes\":\"SHA1=96D48B58E741A33D6729D4D2AE57F7F52A0D4961,MD5=F804D60514EC31233E6DF99949B7FF1E,SHA256=A1331A9B4C8CCA6CCDDA97EFA7B57FE249CB1753B0EE9C212A41856866C21B23,IMPHASH=99067EC4D783A275E8470A80EE6A44E7\",\"Signed\":\"true\",\"Signature\":\"Microsoft Windows\",\"SignatureStatus\":\"Valid\"}","EventID":7,"EventOriginId":"29acc230-2f13-49db-9ef2-c9b20229a10c","ManagementGroupName":"AOI-redacted","Type":"WindowsEvent","_ResourceId":"/subscriptions/redacted/resourcegroups/redacted/providers/microsoft.compute/virtualmachines/workstation5"}
{"TenantId":"redacted","SourceSystem":"OpsManager","TimeGenerated":"2022-05-13T08:54:08.56Z","Provider":"Microsoft-Windows-Sysmon","Channel":"Microsoft-Windows-Sysmon/Operational","Computer":"WORKSTATION5","Task":1,"EventLevel":4,"EventLevelName":"Information","EventData":"{\"RuleName\":\"-\",\"UtcTime\":\"2022-05-13T08:54:08.5560000Z\",\"ProcessGuid\":\"{f3329a35-1cb0-627e-fa16-000000000600}\",\"ProcessId\":\"11780\",\"Image\":\"C:\\\\Windows\\\\System32\\\\conhost.exe\",\"User\":\"NT AUTHORITY\\\\LOCAL SERVICE\",\"ImageLoaded\":\"C:\\\\Windows\\\\System32\\\\win32u.dll\",\"FileVersion\":\"10.0.19041.1387 (WinBuild.160101.0800)\",\"Description\":\"Win32u\",\"Product\":\"Microsoft® Windows® Operating System\",\"Company\":\"Microsoft Corporation\",\"OriginalFileName\":\"Win32u.DLL\",\"Hashes\":\"SHA1=FA247D6CF6D067C196FB79A61A150B8C6ECF7296,MD5=1BEF2FC49504DD693DF4C867E5E52CCC,SHA256=96D0ABC6D2ECD2728B49D3CCD5898CB0ED11D38AAE46584982A2F33B8D4CD86A,IMPHASH=00000000000000000000000000000000\",\"Signed\":\"true\",\"Signature\":\"Microsoft Windows\",\"SignatureStatus\":\"Valid\"}","EventID":7,"EventOriginId":"29acc230-2f13-49db-9ef2-c9b20229a10c","ManagementGroupName":"AOI-redacted","Type":"WindowsEvent","_ResourceId":"/subscriptions/redacted/resourcegroups/redacted/providers/microsoft.compute/virtualmachines/workstation5"}
{"TenantId":"redacted","SourceSystem":"OpsManager","TimeGenerated":"2022-05-13T08:54:08.56Z","Provider":"Microsoft-Windows-Sysmon","Channel":"Microsoft-Windows-Sysmon/Operational","Computer":"WORKSTATION5","Task":1,"EventLevel":4,"EventLevelName":"Information","EventData":"{\"RuleName\":\"-\",\"UtcTime\":\"2022-05-13T08:54:08.5560000Z\",\"ProcessGuid\":\"{f3329a35-1cb0-627e-fa16-000000000600}\",\"ProcessId\":\"11780\",\"Image\":\"C:\\\\Windows\\\\System32\\\\conhost.exe\",\"User\":\"NT AUTHORITY\\\\LOCAL SERVICE\",\"ImageLoaded\":\"C:\\\\Windows\\\\System32\\\\gdi32.dll\",\"FileVersion\":\"10.0.19041.1202 (WinBuild.160101.0800)\",\"Description\":\"GDI Client DLL\",\"Product\":\"Microsoft® Windows® Operating System\",\"Company\":\"Microsoft Corporation\",\"OriginalFileName\":\"gdi32\",\"Hashes\":\"SHA1=9B3C7713828BDA35BB3E4F30A56D61A2C19811DC,MD5=F1590BDB1C95293CD3B487FFC97353E0,SHA256=DE75AEA74BF6453F42F02B949A6A3DC00ECEF4AE16310FC4A0ACB6D869E1FD2A,IMPHASH=C755BDD59358173DBE2F101E9344F039\",\"Signed\":\"true\",\"Signature\":\"Microsoft Windows\",\"SignatureStatus\":\"Valid\"}","EventID":7,"EventOriginId":"29acc230-2f13-49db-9ef2-c9b20229a10c","ManagementGroupName":"AOI-redacted","Type":"WindowsEvent","_ResourceId":"/subscriptions/redacted/resourcegroups/redacted/providers/microsoft.compute/virtualmachines/workstation5"}
{"TenantId":"redacted","SourceSystem":"OpsManager","TimeGenerated":"2022-05-13T08:54:08.56Z","Provider":"Microsoft-Windows-Sysmon","Channel":"Microsoft-Windows-Sysmon/Operational","Computer":"WORKSTATION5","Task":1,"EventLevel":4,"EventLevelName":"Information","EventData":"{\"RuleName\":\"-\",\"UtcTime\":\"2022-05-13T08:54:08.5560000Z\",\"ProcessGuid\":\"{f3329a35-1cb0-627e-fa16-000000000600}\",\"ProcessId\":\"11780\",\"Image\":\"C:\\\\Windows\\\\System32\\\\conhost.exe\",\"User\":\"NT AUTHORITY\\\\LOCAL SERVICE\",\"ImageLoaded\":\"C:\\\\Windows\\\\System32\\\\gdi32full.dll\",\"FileVersion\":\"10.0.19041.1387 (WinBuild.160101.0800)\",\"Description\":\"GDI Client DLL\",\"Product\":\"Microsoft® Windows® Operating System\",\"Company\":\"Microsoft Corporation\",\"OriginalFileName\":\"gdi32\",\"Hashes\":\"SHA1=4B65466981218222246DF975B667E3AC55B512E3,MD5=7B73F6BAB524DA95AAB83F487DDB5117,SHA256=9A977D61ECE63F18BEA79AE348CFB61484447FE21347E763764E81D4C7A3BF67,IMPHASH=46D0C5B9D3B1456A90C3FF92B6DA0B1A\",\"Signed\":\"true\",\"Signature\":\"Microsoft Windows\",\"SignatureStatus\":\"Valid\"}","EventID":7,"EventOriginId":"29acc230-2f13-49db-9ef2-c9b20229a10c","ManagementGroupName":"AOI-redacted","Type":"WindowsEvent","_ResourceId":"/subscriptions/redacted/resourcegroups/redacted/providers/microsoft.compute/virtualmachines/workstation5"}
{"TenantId":"redacted","SourceSystem":"OpsManager","TimeGenerated":"2022-05-13T08:54:08.58Z","Provider":"Microsoft-Windows-Sysmon","Channel":"Microsoft-Windows-Sysmon/Operational","Computer":"WORKSTATION5","Task":1,"EventLevel":4,"EventLevelName":"Information","EventData":"{\"RuleName\":\"-\",\"UtcTime\":\"2022-05-13T08:54:08.5760000Z\",\"ProcessGuid\":\"{f3329a35-1cb0-627e-f916-000000000600}\",\"ProcessId\":\"2084\",\"Image\":\"C:\\\\Windows\\\\System32\\\\WindowsPowerShell\\\\v1.0\\\\powershell.exe\",\"User\":\"NT AUTHORITY\\\\LOCAL SERVICE\",\"ImageLoaded\":\"C:\\\\Windows\\\\System32\\\\msvcrt.dll\",\"FileVersion\":\"7.0.19041.546 (WinBuild.160101.0800)\",\"Description\":\"Windows NT CRT DLL\",\"Product\":\"Microsoft® Windows® Operating System\",\"Company\":\"Microsoft Corporation\",\"OriginalFileName\":\"msvcrt.dll\",\"Hashes\":\"SHA1=5AFF4CFDEE689F127DF3C555281DC629D4D62318,MD5=A4F2D5942FB447CD48A5CEE414983E85,SHA256=DD7C8BC34CDBE30EF921395E874909BBF6BE53803822164F75F7207E9F085650,IMPHASH=1273683626EBBA703979F188A1E64237\",\"Signed\":\"true\",\"Signature\":\"Microsoft Windows\",\"SignatureStatus\":\"Valid\"}","EventID":7,"EventOriginId":"29acc230-2f13-49db-9ef2-c9b20229a10c","ManagementGroupName":"AOI-redacted","Type":"WindowsEvent","_ResourceId":"/subscriptions/redacted/resourcegroups/redacted/providers/microsoft.compute/virtualmachines/workstation5"}
{"TenantId":"redacted","SourceSystem":"OpsManager","TimeGenerated":"2022-05-13T08:54:08.58Z","Provider":"Microsoft-Windows-Sysmon","Channel":"Microsoft-Windows-Sysmon/Operational","Computer":"WORKSTATION5","Task":1,"EventLevel":4,"EventLevelName":"Information","EventData":"{\"RuleName\":\"-\",\"UtcTime\":\"2022-05-13T08:54:08.5760000Z\",\"ProcessGuid\":\"{f3329a35-1cb0-627e-f916-000000000600}\",\"ProcessId\":\"2084\",\"Image\":\"C:\\\\Windows\\\\System32\\\\WindowsPowerShell\\\\v1.0\\\\powershell.exe\",\"User\":\"NT AUTHORITY\\\\LOCAL SERVICE\",\"ImageLoaded\":\"C:\\\\Windows\\\\System32\\\\msvcp_win.dll\",\"FileVersion\":\"10.0.19041.789 (WinBuild.160101.0800)\",\"Description\":\"Microsoft® C Runtime Library\",\"Product\":\"Microsoft® Windows® Operating System\",\"Company\":\"Microsoft Corporation\",\"OriginalFileName\":\"msvcp_win.dll\",\"Hashes\":\"SHA1=09C6A238C7B2936207F261562079A327AA9FF34E,MD5=34692D0BDE33641B576C32165FBAAF6D,SHA256=FD1D0CC8A5AC8BF20AF9E1A7EC360DD76DC022DFE992556948DF1C17F7A714D2,IMPHASH=6395B9FE9663F603C53213439199897E\",\"Signed\":\"true\",\"Signature\":\"Microsoft Windows\",\"SignatureStatus\":\"Valid\"}","EventID":7,"EventOriginId":"29acc230-2f13-49db-9ef2-c9b20229a10c","ManagementGroupName":"AOI-redacted","Type":"WindowsEvent","_ResourceId":"/subscriptions/redacted/resourcegroups/redacted/providers/microsoft.compute/virtualmachines/workstation5"}
{"TenantId":"redacted","SourceSystem":"OpsManager","TimeGenerated":"2022-05-13T08:54:08.583Z","Provider":"Microsoft-Windows-Sysmon","Channel":"Microsoft-Windows-Sysmon/Operational","Computer":"WORKSTATION5","Task":1,"EventLevel":4,"EventLevelName":"Information","EventData":"{\"RuleName\":\"-\",\"UtcTime\":\"2022-05-13T08:54:08.5810000Z\",\"ProcessGuid\":\"{f3329a35-1cb0-627e-f916-000000000600}\",\"ProcessId\":\"2084\",\"Image\":\"C:\\\\Windows\\\\System32\\\\WindowsPowerShell\\\\v1.0\\\\powershell.exe\",\"User\":\"NT AUTHORITY\\\\LOCAL SERVICE\",\"ImageLoaded\":\"C:\\\\Windows\\\\System32\\\\ucrtbase.dll\",\"FileVersion\":\"10.0.19041.789 (WinBuild.160101.0800)\",\"Description\":\"Microsoft® C Runtime Library\",\"Product\":\"Microsoft® Windows® Operating System\",\"Company\":\"Microsoft Corporation\",\"OriginalFileName\":\"ucrtbase.dll\",\"Hashes\":\"SHA1=E82945E3E63FFEF0974D6DD74F2AEF2BF6D0A908,MD5=2C8FE06966D5085A595FFA3C98FE3098,SHA256=DE8D08D01291DF93821314176381F3D1AE863E6C5584A7F8EA42F0B94B15EF65,IMPHASH=405CDE0FC80C30DCC3D783173DBD4143\",\"Signed\":\"true\",\"Signature\":\"Microsoft Windows\",\"SignatureStatus\":\"Valid\"}","EventID":7,"EventOriginId":"29acc230-2f13-49db-9ef2-c9b20229a10c","ManagementGroupName":"AOI-redacted","Type":"WindowsEvent","_ResourceId":"/subscriptions/redacted/resourcegroups/redacted/providers/microsoft.compute/virtualmachines/workstation5"}
{"TenantId":"redacted","SourceSystem":"OpsManager","TimeGenerated":"2022-05-13T08:54:08.583Z","Provider":"Microsoft-Windows-Sysmon","Channel":"Microsoft-Windows-Sysmon/Operational","Computer":"WORKSTATION5","Task":1,"EventLevel":4,"EventLevelName":"Information","EventData":"{\"RuleName\":\"-\",\"UtcTime\":\"2022-05-13T08:54:08.5810000Z\",\"ProcessGuid\":\"{f3329a35-1cb0-627e-f916-000000000600}\",\"ProcessId\":\"2084\",\"Image\":\"C:\\\\Windows\\\\System32\\\\WindowsPowerShell\\\\v1.0\\\\powershell.exe\",\"User\":\"NT AUTHORITY\\\\LOCAL SERVICE\",\"ImageLoaded\":\"C:\\\\Windows\\\\System32\\\\combase.dll\",\"FileVersion\":\"10.0.19041.1348 (WinBuild.160101.0800)\",\"Description\":\"Microsoft COM for Windows\",\"Product\":\"Microsoft® Windows® Operating System\",\"Company\":\"Microsoft Corporation\",\"OriginalFileName\":\"COMBASE.DLL\",\"Hashes\":\"SHA1=236F2434690CD06104A1B10A3E8E1B5EE5B4149D,MD5=31F46DD8B1EA17C235600971FFAEAA4F,SHA256=1279EDEBE6AE859A5DB12B22AB0346E82E6FA95B7E640CD151F4DC6EE7A7B79E,IMPHASH=86D63FCC59A250884FAE714B325D53BF\",\"Signed\":\"true\",\"Signature\":\"Microsoft Windows\",\"SignatureStatus\":\"Valid\"}","EventID":7,"EventOriginId":"29acc230-2f13-49db-9ef2-c9b20229a10c","ManagementGroupName":"AOI-redacted","Type":"WindowsEvent","_ResourceId":"/subscriptions/redacted/resourcegroups/redacted/providers/microsoft.compute/virtualmachines/workstation5"}
{"TenantId":"redacted","SourceSystem":"OpsManager","TimeGenerated":"2022-05-13T08:54:08.583Z","Provider":"Microsoft-Windows-Sysmon","Channel":"Microsoft-Windows-Sysmon/Operational","Computer":"WORKSTATION5","Task":1,"EventLevel":4,"EventLevelName":"Information","EventData":"{\"RuleName\":\"-\",\"UtcTime\":\"2022-05-13T08:54:08.5810000Z\",\"ProcessGuid\":\"{f3329a35-1cb0-627e-f916-000000000600}\",\"ProcessId\":\"2084\",\"Image\":\"C:\\\\Windows\\\\System32\\\\WindowsPowerShell\\\\v1.0\\\\powershell.exe\",\"User\":\"NT AUTHORITY\\\\LOCAL SERVICE\",\"ImageLoaded\":\"C:\\\\Windows\\\\System32\\\\rpcrt4.dll\",\"FileVersion\":\"10.0.19041.1288 (WinBuild.160101.0800)\",\"Description\":\"Remote Procedure Call Runtime\",\"Product\":\"Microsoft® Windows® Operating System\",\"Company\":\"Microsoft Corporation\",\"OriginalFileName\":\"rpcrt4.dll\",\"Hashes\":\"SHA1=B35FDB8D452E39CDF4393C09530837EFF01D33C7,MD5=DC0B01C678D532758D2B1FAC1566F89B,SHA256=C84BBD6D2E4F0334D75D6199133515FCE3D44439062095F0DCFD1F8DF0F5183B,IMPHASH=B5747A3C3F4CC5FB5D074AD7CDFC7CF3\",\"Signed\":\"true\",\"Signature\":\"Microsoft Windows\",\"SignatureStatus\":\"Valid\"}","EventID":7,"EventOriginId":"29acc230-2f13-49db-9ef2-c9b20229a10c","ManagementGroupName":"AOI-redacted","Type":"WindowsEvent","_ResourceId":"/subscriptions/redacted/resourcegroups/redacted/providers/microsoft.compute/virtualmachines/workstation5"}
{"TenantId":"redacted","SourceSystem":"OpsManager","TimeGenerated":"2022-05-13T08:54:08.587Z","Provider":"Microsoft-Windows-Sysmon","Channel":"Microsoft-Windows-Sysmon/Operational","Computer":"WORKSTATION5","Task":1,"EventLevel":4,"EventLevelName":"Information","EventData":"{\"RuleName\":\"-\",\"UtcTime\":\"2022-05-13T08:54:08.5810000Z\",\"ProcessGuid\":\"{f3329a35-1cb0-627e-f916-000000000600}\",\"ProcessId\":\"2084\",\"Image\":\"C:\\\\Windows\\\\System32\\\\WindowsPowerShell\\\\v1.0\\\\powershell.exe\",\"User\":\"NT AUTHORITY\\\\LOCAL SERVICE\",\"ImageLoaded\":\"C:\\\\Windows\\\\System32\\\\atl.dll\",\"FileVersion\":\"3.05.2284\",\"Description\":\"ATL Module for Windows XP (Unicode)\",\"Product\":\"Microsoft (R) Visual C++\",\"Company\":\"Microsoft Corporation\",\"OriginalFileName\":\"ATL.DLL\",\"Hashes\":\"SHA1=A35A10228BE57E3CE54DFD3EA1F8FF696653CD34,MD5=C4E01EC19F24B292C25BD28B7A210CC4,SHA256=E201314E1BBD6B130BB52D3447384D188A3313B296A5E72C038E6D873FD53535,IMPHASH=75FE4D242CDB81C8FD19F8165A4D313D\",\"Signed\":\"true\",\"Signature\":\"Microsoft Windows\",\"SignatureStatus\":\"Valid\"}","EventID":7,"EventOriginId":"29acc230-2f13-49db-9ef2-c9b20229a10c","ManagementGroupName":"AOI-redacted","Type":"WindowsEvent","_ResourceId":"/subscriptions/redacted/resourcegroups/redacted/providers/microsoft.compute/virtualmachines/workstation5"}
{"TenantId":"redacted","SourceSystem":"OpsManager","TimeGenerated":"2022-05-13T08:54:08.587Z","Provider":"Microsoft-Windows-Sysmon","Channel":"Microsoft-Windows-Sysmon/Operational","Computer":"WORKSTATION5","Task":1,"EventLevel":4,"EventLevelName":"Information","EventData":"{\"RuleName\":\"-\",\"UtcTime\":\"2022-05-13T08:54:08.5860000Z\",\"ProcessGuid\":\"{f3329a35-1cb0-627e-f916-000000000600}\",\"ProcessId\":\"2084\",\"Image\":\"C:\\\\Windows\\\\System32\\\\WindowsPowerShell\\\\v1.0\\\\powershell.exe\",\"User\":\"NT AUTHORITY\\\\LOCAL SERVICE\",\"ImageLoaded\":\"C:\\\\Windows\\\\System32\\\\advapi32.dll\",\"FileVersion\":\"10.0.19041.1052 (WinBuild.160101.0800)\",\"Description\":\"Advanced Windows 32 Base API\",\"Product\":\"Microsoft® Windows® Operating System\",\"Company\":\"Microsoft Corporation\",\"OriginalFileName\":\"advapi32.dll\",\"Hashes\":\"SHA1=6CC13F29C70B41326832B2145E134568E5D9A3A7,MD5=E70A1568A400E71A8E644652FCA4C925,SHA256=E92F9F71BA5A405C5D1A51BD03D6F830F004ACA05B80B5BCF525514ECA4480EF,IMPHASH=6AAF6F02EEA8BCA6277AB2AABDA3266D\",\"Signed\":\"true\",\"Signature\":\"Microsoft Windows\",\"SignatureStatus\":\"Valid\"}","EventID":7,"EventOriginId":"29acc230-2f13-49db-9ef2-c9b20229a10c","ManagementGroupName":"AOI-redacted","Type":"WindowsEvent","_ResourceId":"/subscriptions/redacted/resourcegroups/redacted/providers/microsoft.compute/virtualmachines/workstation5"}
{"TenantId":"redacted","SourceSystem":"OpsManager","TimeGenerated":"2022-05-13T08:54:08.59Z","Provider":"Microsoft-Windows-Sysmon","Channel":"Microsoft-Windows-Sysmon/Operational","Computer":"WORKSTATION5","Task":1,"EventLevel":4,"EventLevelName":"Information","EventData":"{\"RuleName\":\"-\",\"UtcTime\":\"2022-05-13T08:54:08.5860000Z\",\"ProcessGuid\":\"{f3329a35-1cb0-627e-f916-000000000600}\",\"ProcessId\":\"2084\",\"Image\":\"C:\\\\Windows\\\\System32\\\\WindowsPowerShell\\\\v1.0\\\\powershell.exe\",\"User\":\"NT AUTHORITY\\\\LOCAL SERVICE\",\"ImageLoaded\":\"C:\\\\Windows\\\\System32\\\\user32.dll\",\"FileVersion\":\"10.0.19041.1202 (WinBuild.160101.0800)\",\"Description\":\"Multi-User Windows USER API Client DLL\",\"Product\":\"Microsoft® Windows® Operating System\",\"Company\":\"Microsoft Corporation\",\"OriginalFileName\":\"user32\",\"Hashes\":\"SHA1=96D48B58E741A33D6729D4D2AE57F7F52A0D4961,MD5=F804D60514EC31233E6DF99949B7FF1E,SHA256=A1331A9B4C8CCA6CCDDA97EFA7B57FE249CB1753B0EE9C212A41856866C21B23,IMPHASH=99067EC4D783A275E8470A80EE6A44E7\",\"Signed\":\"true\",\"Signature\":\"Microsoft Windows\",\"SignatureStatus\":\"Valid\"}","EventID":7,"EventOriginId":"29acc230-2f13-49db-9ef2-c9b20229a10c","ManagementGroupName":"AOI-redacted","Type":"WindowsEvent","_ResourceId":"/subscriptions/redacted/resourcegroups/redacted/providers/microsoft.compute/virtualmachines/workstation5"}
{"TenantId":"redacted","SourceSystem":"OpsManager","TimeGenerated":"2022-05-13T08:54:08.59Z","Provider":"Microsoft-Windows-Sysmon","Channel":"Microsoft-Windows-Sysmon/Operational","Computer":"WORKSTATION5","Task":1,"EventLevel":4,"EventLevelName":"Information","EventData":"{\"RuleName\":\"-\",\"UtcTime\":\"2022-05-13T08:54:08.5860000Z\",\"ProcessGuid\":\"{f3329a35-1cb0-627e-f916-000000000600}\",\"ProcessId\":\"2084\",\"Image\":\"C:\\\\Windows\\\\System32\\\\WindowsPowerShell\\\\v1.0\\\\powershell.exe\",\"User\":\"NT AUTHORITY\\\\LOCAL SERVICE\",\"ImageLoaded\":\"C:\\\\Windows\\\\System32\\\\sechost.dll\",\"FileVersion\":\"10.0.19041.1415 (WinBuild.160101.0800)\",\"Description\":\"Host for SCM/SDDL/LSA Lookup APIs\",\"Product\":\"Microsoft® Windows® Operating System\",\"Company\":\"Microsoft Corporation\",\"OriginalFileName\":\"sechost.dll\",\"Hashes\":\"SHA1=4647DEDAEBC09D873BAC4D7BBEC4ACBCAFD8E2BE,MD5=E9E5EEF6EBA8F6D7D76BE4A9B23E6F23,SHA256=5E800F8C7DF2980B674A2CAA93506320B67FDDBA57E4776BBF812CE82628C598,IMPHASH=CE4BD072766253F6A267D0284CA82002\",\"Signed\":\"true\",\"Signature\":\"Microsoft Windows\",\"SignatureStatus\":\"Valid\"}","EventID":7,"EventOriginId":"29acc230-2f13-49db-9ef2-c9b20229a10c","ManagementGroupName":"AOI-redacted","Type":"WindowsEvent","_ResourceId":"/subscriptions/redacted/resourcegroups/redacted/providers/microsoft.compute/virtualmachines/workstation5"}
{"TenantId":"redacted","SourceSystem":"OpsManager","TimeGenerated":"2022-05-13T08:54:08.647Z","Provider":"Microsoft-Windows-Sysmon","Channel":"Microsoft-Windows-Sysmon/Operational","Computer":"WORKSTATION5","Task":1,"EventLevel":4,"EventLevelName":"Information","EventData":"{\"RuleName\":\"-\",\"UtcTime\":\"2022-05-13T08:54:08.6210000Z\",\"ProcessGuid\":\"{f3329a35-1cb0-627e-f916-000000000600}\",\"ProcessId\":\"2084\",\"Image\":\"C:\\\\Windows\\\\System32\\\\WindowsPowerShell\\\\v1.0\\\\powershell.exe\",\"User\":\"NT AUTHORITY\\\\LOCAL SERVICE\",\"ImageLoaded\":\"C:\\\\Windows\\\\System32\\\\win32u.dll\",\"FileVersion\":\"10.0.19041.1387 (WinBuild.160101.0800)\",\"Description\":\"Win32u\",\"Product\":\"Microsoft® Windows® Operating System\",\"Company\":\"Microsoft Corporation\",\"OriginalFileName\":\"Win32u.DLL\",\"Hashes\":\"SHA1=FA247D6CF6D067C196FB79A61A150B8C6ECF7296,MD5=1BEF2FC49504DD693DF4C867E5E52CCC,SHA256=96D0ABC6D2ECD2728B49D3CCD5898CB0ED11D38AAE46584982A2F33B8D4CD86A,IMPHASH=00000000000000000000000000000000\",\"Signed\":\"true\",\"Signature\":\"Microsoft Windows\",\"SignatureStatus\":\"Valid\"}","EventID":7,"EventOriginId":"29acc230-2f13-49db-9ef2-c9b20229a10c","ManagementGroupName":"AOI-redacted","Type":"WindowsEvent","_ResourceId":"/subscriptions/redacted/resourcegroups/redacted/providers/microsoft.compute/virtualmachines/workstation5"}
{"TenantId":"redacted","SourceSystem":"OpsManager","TimeGenerated":"2022-05-13T08:54:08.657Z","Provider":"Microsoft-Windows-Sysmon","Channel":"Microsoft-Windows-Sysmon/Operational","Computer":"WORKSTATION5","Task":1,"EventLevel":4,"EventLevelName":"Information","EventData":"{\"RuleName\":\"-\",\"UtcTime\":\"2022-05-13T08:54:08.5610000Z\",\"ProcessGuid\":\"{f3329a35-1cb0-627e-fa16-000000000600}\",\"ProcessId\":\"11780\",\"Image\":\"C:\\\\Windows\\\\System32\\\\conhost.exe\",\"User\":\"NT AUTHORITY\\\\LOCAL SERVICE\",\"ImageLoaded\":\"C:\\\\Windows\\\\System32\\\\shell32.dll\",\"FileVersion\":\"10.0.19041.1387 (WinBuild.160101.0800)\",\"Description\":\"Windows Shell Common Dll\",\"Product\":\"Microsoft® Windows® Operating System\",\"Company\":\"Microsoft Corporation\",\"OriginalFileName\":\"SHELL32.DLL\",\"Hashes\":\"SHA1=E4FBC8896D969A0A6140B59BC4E708EE10E71632,MD5=4BDADD8FCD612ECD6B18CE75B673E204,SHA256=BE3ABFC607F353CE2ABFB39EDD1953D546478EFA2BB98D613F75555407A12DA1,IMPHASH=D3E68F8B7D5F70BDA2CFBEC7124BE33B\",\"Signed\":\"true\",\"Signature\":\"Microsoft Windows\",\"SignatureStatus\":\"Valid\"}","EventID":7,"EventOriginId":"29acc230-2f13-49db-9ef2-c9b20229a10c","ManagementGroupName":"AOI-redacted","Type":"WindowsEvent","_ResourceId":"/subscriptions/redacted/resourcegroups/redacted/providers/microsoft.compute/virtualmachines/workstation5"}
{"TenantId":"redacted","SourceSystem":"OpsManager","TimeGenerated":"2022-05-13T08:54:08.67Z","Provider":"Microsoft-Windows-Sysmon","Channel":"Microsoft-Windows-Sysmon/Operational","Computer":"WORKSTATION5","Task":1,"EventLevel":4,"EventLevelName":"Information","EventData":"{\"RuleName\":\"-\",\"UtcTime\":\"2022-05-13T08:54:08.6460000Z\",\"ProcessGuid\":\"{f3329a35-1cb0-627e-f916-000000000600}\",\"ProcessId\":\"2084\",\"Image\":\"C:\\\\Windows\\\\System32\\\\WindowsPowerShell\\\\v1.0\\\\powershell.exe\",\"User\":\"NT AUTHORITY\\\\LOCAL SERVICE\",\"ImageLoaded\":\"C:\\\\Windows\\\\System32\\\\gdi32.dll\",\"FileVersion\":\"10.0.19041.1202 (WinBuild.160101.0800)\",\"Description\":\"GDI Client DLL\",\"Product\":\"Microsoft® Windows® Operating System\",\"Company\":\"Microsoft Corporation\",\"OriginalFileName\":\"gdi32\",\"Hashes\":\"SHA1=9B3C7713828BDA35BB3E4F30A56D61A2C19811DC,MD5=F1590BDB1C95293CD3B487FFC97353E0,SHA256=DE75AEA74BF6453F42F02B949A6A3DC00ECEF4AE16310FC4A0ACB6D869E1FD2A,IMPHASH=C755BDD59358173DBE2F101E9344F039\",\"Signed\":\"true\",\"Signature\":\"Microsoft Windows\",\"SignatureStatus\":\"Valid\"}","EventID":7,"EventOriginId":"29acc230-2f13-49db-9ef2-c9b20229a10c","ManagementGroupName":"AOI-redacted","Type":"WindowsEvent","_ResourceId":"/subscriptions/redacted/resourcegroups/redacted/providers/microsoft.compute/virtualmachines/workstation5"}
{"TenantId":"redacted","SourceSystem":"OpsManager","TimeGenerated":"2022-05-13T08:54:08.67Z","Provider":"Microsoft-Windows-Sysmon","Channel":"Microsoft-Windows-Sysmon/Operational","Computer":"WORKSTATION5","Task":1,"EventLevel":4,"EventLevelName":"Information","EventData":"{\"RuleName\":\"-\",\"UtcTime\":\"2022-05-13T08:54:08.6460000Z\",\"ProcessGuid\":\"{f3329a35-1cb0-627e-f916-000000000600}\",\"ProcessId\":\"2084\",\"Image\":\"C:\\\\Windows\\\\System32\\\\WindowsPowerShell\\\\v1.0\\\\powershell.exe\",\"User\":\"NT AUTHORITY\\\\LOCAL SERVICE\",\"ImageLoaded\":\"C:\\\\Windows\\\\System32\\\\gdi32.dll\",\"FileVersion\":\"10.0.19041.1202 (WinBuild.160101.0800)\",\"Description\":\"GDI Client DLL\",\"Product\":\"Microsoft® Windows® Operating System\",\"Company\":\"Microsoft Corporation\",\"OriginalFileName\":\"gdi32\",\"Hashes\":\"SHA1=9B3C7713828BDA35BB3E4F30A56D61A2C19811DC,MD5=F1590BDB1C95293CD3B487FFC97353E0,SHA256=DE75AEA74BF6453F42F02B949A6A3DC00ECEF4AE16310FC4A0ACB6D869E1FD2A,IMPHASH=C755BDD59358173DBE2F101E9344F039\",\"Signed\":\"true\",\"Signature\":\"Microsoft Windows\",\"SignatureStatus\":\"Valid\"}","EventID":7,"EventOriginId":"29acc230-2f13-49db-9ef2-c9b20229a10c","ManagementGroupName":"AOI-redacted","Type":"WindowsEvent","_ResourceId":"/subscriptions/redacted/resourcegroups/redacted/providers/microsoft.compute/virtualmachines/workstation5"}
{"TenantId":"redacted","SourceSystem":"OpsManager","TimeGenerated":"2022-05-13T08:54:08.673Z","Provider":"Microsoft-Windows-Sysmon","Channel":"Microsoft-Windows-Sysmon/Operational","Computer":"WORKSTATION5","Task":1,"EventLevel":4,"EventLevelName":"Information","EventData":"{\"RuleName\":\"-\",\"UtcTime\":\"2022-05-13T08:54:08.5760000Z\",\"ProcessGuid\":\"{f3329a35-1cb0-627e-f916-000000000600}\",\"ProcessId\":\"2084\",\"Image\":\"C:\\\\Windows\\\\System32\\\\WindowsPowerShell\\\\v1.0\\\\powershell.exe\",\"User\":\"NT AUTHORITY\\\\LOCAL SERVICE\",\"ImageLoaded\":\"C:\\\\Windows\\\\System32\\\\oleaut32.dll\",\"FileVersion\":\"10.0.19041.985 (WinBuild.160101.0800)\",\"Description\":\"OLEAUT32.DLL\",\"Product\":\"Microsoft® Windows® Operating System\",\"Company\":\"Microsoft Corporation\",\"OriginalFileName\":\"OLEAUT32.DLL\",\"Hashes\":\"SHA1=D9D46F3BE08DD8B988B873C4E034C622BC0FB119,MD5=EAB5ADED2242FEAEE371ED5CAB6EA919,SHA256=BBE70836E44BA71555906D37011EC2AA3F86BD1314F5431406BBA8F305DFB570,IMPHASH=88D04AF7498CEDC8E8B296BF84CBDB16\",\"Signed\":\"true\",\"Signature\":\"Microsoft Windows\",\"SignatureStatus\":\"Valid\"}","EventID":7,"EventOriginId":"29acc230-2f13-49db-9ef2-c9b20229a10c","ManagementGroupName":"AOI-redacted","Type":"WindowsEvent","_ResourceId":"/subscriptions/redacted/resourcegroups/redacted/providers/microsoft.compute/virtualmachines/workstation5"}
{"TenantId":"redacted","SourceSystem":"OpsManager","TimeGenerated":"2022-05-13T08:54:08.677Z","Provider":"Microsoft-Windows-Sysmon","Channel":"Microsoft-Windows-Sysmon/Operational","Computer":"WORKSTATION5","Task":1,"EventLevel":4,"EventLevelName":"Information","EventData":"{\"RuleName\":\"-\",\"UtcTime\":\"2022-05-13T08:54:08.6660000Z\",\"ProcessGuid\":\"{f3329a35-1cb0-627e-f916-000000000600}\",\"ProcessId\":\"2084\",\"Image\":\"C:\\\\Windows\\\\System32\\\\WindowsPowerShell\\\\v1.0\\\\powershell.exe\",\"User\":\"NT AUTHORITY\\\\LOCAL SERVICE\",\"ImageLoaded\":\"C:\\\\Windows\\\\System32\\\\gdi32full.dll\",\"FileVersion\":\"10.0.19041.1387 (WinBuild.160101.0800)\",\"Description\":\"GDI Client DLL\",\"Product\":\"Microsoft® Windows® Operating System\",\"Company\":\"Microsoft Corporation\",\"OriginalFileName\":\"gdi32\",\"Hashes\":\"SHA1=4B65466981218222246DF975B667E3AC55B512E3,MD5=7B73F6BAB524DA95AAB83F487DDB5117,SHA256=9A977D61ECE63F18BEA79AE348CFB61484447FE21347E763764E81D4C7A3BF67,IMPHASH=46D0C5B9D3B1456A90C3FF92B6DA0B1A\",\"Signed\":\"true\",\"Signature\":\"Microsoft Windows\",\"SignatureStatus\":\"Valid\"}","EventID":7,"EventOriginId":"29acc230-2f13-49db-9ef2-c9b20229a10c","ManagementGroupName":"AOI-redacted","Type":"WindowsEvent","_ResourceId":"/subscriptions/redacted/resourcegroups/redacted/providers/microsoft.compute/virtualmachines/workstation5"}
{"TenantId":"redacted","SourceSystem":"OpsManager","TimeGenerated":"2022-05-13T08:54:08.677Z","Provider":"Microsoft-Windows-Sysmon","Channel":"Microsoft-Windows-Sysmon/Operational","Computer":"WORKSTATION5","Task":1,"EventLevel":4,"EventLevelName":"Information","EventData":"{\"RuleName\":\"-\",\"UtcTime\":\"2022-05-13T08:54:08.6710000Z\",\"ProcessGuid\":\"{f3329a35-1cb0-627e-f916-000000000600}\",\"ProcessId\":\"2084\",\"Image\":\"C:\\\\Windows\\\\System32\\\\WindowsPowerShell\\\\v1.0\\\\powershell.exe\",\"User\":\"NT AUTHORITY\\\\LOCAL SERVICE\",\"ImageLoaded\":\"C:\\\\Windows\\\\System32\\\\mscoree.dll\",\"FileVersion\":\"10.0.19041.1 (WinBuild.160101.0800)\",\"Description\":\"Microsoft .NET Runtime Execution Engine\",\"Product\":\"Microsoft® Windows® Operating System\",\"Company\":\"Microsoft Corporation\",\"OriginalFileName\":\"mscoree.dll\",\"Hashes\":\"SHA1=CFEF8F0BA040939B87B74F101970A6BBEB5DA15F,MD5=D5971EF71DE1BDD46D537203ABFCC756,SHA256=8828DE042D008783BA5B31C82935A3ED38D5996927C3399B3E1FC6FE723FC84E,IMPHASH=65F23EFA1EB51A5DAAB399BFAA840074\",\"Signed\":\"true\",\"Signature\":\"Microsoft Windows\",\"SignatureStatus\":\"Valid\"}","EventID":7,"EventOriginId":"29acc230-2f13-49db-9ef2-c9b20229a10c","ManagementGroupName":"AOI-redacted","Type":"WindowsEvent","_ResourceId":"/subscriptions/redacted/resourcegroups/redacted/providers/microsoft.compute/virtualmachines/workstation5"}
{"TenantId":"redacted","SourceSystem":"OpsManager","TimeGenerated":"2022-05-13T08:54:08.69Z","Provider":"Microsoft-Windows-Sysmon","Channel":"Microsoft-Windows-Sysmon/Operational","Computer":"WORKSTATION5","Task":1,"EventLevel":4,"EventLevelName":"Information","EventData":"{\"RuleName\":\"-\",\"UtcTime\":\"2022-05-13T08:54:08.6810000Z\",\"ProcessGuid\":\"{f3329a35-1cb0-627e-f916-000000000600}\",\"ProcessId\":\"2084\",\"Image\":\"C:\\\\Windows\\\\System32\\\\WindowsPowerShell\\\\v1.0\\\\powershell.exe\",\"User\":\"NT AUTHORITY\\\\LOCAL SERVICE\",\"ImageLoaded\":\"C:\\\\Windows\\\\Microsoft.NET\\\\Framework64\\\\v4.0.30319\\\\mscoreei.dll\",\"FileVersion\":\"4.8.4180.0 built by: NET48REL1LAST_B\",\"Description\":\"Microsoft .NET Runtime Execution Engine\",\"Product\":\"Microsoft® .NET Framework\",\"Company\":\"Microsoft Corporation\",\"OriginalFileName\":\"mscoreei.dll\",\"Hashes\":\"SHA1=1283EF637FA53D571118F269F9B8C0A5CCA2BF01,MD5=899A8B655E52A061B33571D97C5C06ED,SHA256=DE05B03E37FB9BA5D74CF8FA36A6F0B15AB61705285B738BC90D14FDE580A45E,IMPHASH=005299FA213F652A596AC31760C5340B\",\"Signed\":\"true\",\"Signature\":\"Microsoft Corporation\",\"SignatureStatus\":\"Valid\"}","EventID":7,"EventOriginId":"29acc230-2f13-49db-9ef2-c9b20229a10c","ManagementGroupName":"AOI-redacted","Type":"WindowsEvent","_ResourceId":"/subscriptions/redacted/resourcegroups/redacted/providers/microsoft.compute/virtualmachines/workstation5"}
{"TenantId":"redacted","SourceSystem":"OpsManager","TimeGenerated":"2022-05-13T08:54:08.69Z","Provider":"Microsoft-Windows-Sysmon","Channel":"Microsoft-Windows-Sysmon/Operational","Computer":"WORKSTATION5","Task":1,"EventLevel":4,"EventLevelName":"Information","EventData":"{\"RuleName\":\"-\",\"UtcTime\":\"2022-05-13T08:54:08.6860000Z\",\"ProcessGuid\":\"{f3329a35-1cb0-627e-f916-000000000600}\",\"ProcessId\":\"2084\",\"Image\":\"C:\\\\Windows\\\\System32\\\\WindowsPowerShell\\\\v1.0\\\\powershell.exe\",\"User\":\"NT AUTHORITY\\\\LOCAL SERVICE\",\"ImageLoaded\":\"C:\\\\Windows\\\\System32\\\\kernel.appcore.dll\",\"FileVersion\":\"10.0.19041.546 (WinBuild.160101.0800)\",\"Description\":\"AppModel API Host\",\"Product\":\"Microsoft® Windows® Operating System\",\"Company\":\"Microsoft Corporation\",\"OriginalFileName\":\"kernel.appcore.dll\",\"Hashes\":\"SHA1=CDBA1CC8FD390B4F8101B5A22B0AA0BA5605C7DB,MD5=AF68FDDB20DF61ECE812B542176949E4,SHA256=7D6C60195DFB05EEC27377AE25D9AD259D7FDF85FA71D2AA855FD4129C2AADC2,IMPHASH=C24B24FA5FB3285D15231007B6E54465\",\"Signed\":\"true\",\"Signature\":\"Microsoft Windows\",\"SignatureStatus\":\"Valid\"}","EventID":7,"EventOriginId":"29acc230-2f13-49db-9ef2-c9b20229a10c","ManagementGroupName":"AOI-redacted","Type":"WindowsEvent","_ResourceId":"/subscriptions/redacted/resourcegroups/redacted/providers/microsoft.compute/virtualmachines/workstation5"}
